1471
0 1454
1 1949
2 2120
3 1331
4 2291
5 1967
6 1442
7 1365
8 1712
9 2123
10 2212
11 1970
12 1725
13 1854
14 1444
15 1436
16 2001
17 1815
18 1632
19 2124
20 1388
21 2282
22 2128
23 2409
24 2105
25 1260
26 2116
27 1993
28 1281
29 1517
30 1713
31 1526
32 1624
33 1742
34 2321
35 1773
36 1712
37 2012
38 1687
39 2041
40 1400
41 1731
42 2345
43 2010
44 1863
45 2450
46 1711
47 1778
48 2386
49 1625
50 2331
51 1433
52 2228
53 2099
54 2049
55 2266
56 1397
57 1905
58 2045
59 1832
60 1852
61 1955
62 2385
63 2275
64 2213
65 1429
66 1591
67 2046
68 2315
69 1777
70 1949
71 1919
72 1532
73 2193
74 1303
75 1451
76 1916
77 1724
78 2201
79 2142
80 1964
81 1422
82 2437
83 2357
84 2360
85 1519
86 2276
87 1798
88 2484
89 2098
90 1756
91 1751
92 1873
93 2163
94 2042
95 2424
96 1381
97 1675
98 1584
99 1316
100 1545
101 1934
102 2048
103 1824
104 1493
105 2362
106 1477
107 1719
108 1335
109 1886
110 1615
111 2078
112 2202
113 1666
114 2336
115 2193
116 2159
117 1373
118 1490
119 1680
120 1981
121 2260
122 2413
123 2149
124 2369
125 2373
126 1593
127 2143
128 2348
129 1301
130 2306
131 1372
132 2435
133 1577
134 1842
135 1793
136 2304
137 2464
138 2292
139 2475
140 2253
141 2238
142 2286
143 1952
144 2389
145 2240
146 1888
147 2486
148 2346
149 1365
150 2374
151 2024
152 1991
153 2122
154 2192
155 1571
156 1910
157 1607
158 1556
159 1683
160 1324
161 1500
162 1955
163 2366
164 1276
165 1830
166 1301
167 1602
168 2048
169 1717
170 2242
171 1987
172 1811
173 1698
174 1565
175 2096
176 1668
177 1384
178 1820
179 2230
180 2364
181 1669
182 2195
183 2034
184 2382
185 1851
186 1496
187 1452
188 2335
189 2036
190 1320
191 1950
192 2343
193 1413
194 1897
195 2058
196 1844
197 1269
198 2436
199 1977
200 1665
201 2497
202 2325
203 1878
204 2254
205 2484
206 1419
207 2416
208 2252
209 1494
210 1592
211 1453
212 2018
213 1962
214 2154
215 1482
216 1461
217 2448
218 1618
219 2255
220 1656
221 1483
222 2425
223 2193
224 1722
225 2110
226 1816
227 1856
228 2463
229 1670
230 1823
231 2034
232 2146
233 1480
234 1337
235 1559
236 2310
237 1976
238 1262
239 2367
240 2459
241 1469
242 2066
243 1843
244 1773
245 1476
246 1817
247 1553
248 1877
249 1758
250 2074
251 1362
252 1518
253 2066
254 2002
255 1610
256 2196
257 1734
258 2210
259 2297
260 2000
261 2179
262 1299
263 1703
264 2453
265 2249
266 2070
267 2403
268 1706
269 1915
270 2414
271 2493
272 1640
273 1949
274 1977
275 2271
276 1793
277 1280
278 1669
279 1555
280 1718
281 1547
282 2435
283 2301
284 2190
285 1504
286 1635
287 2133
288 2365
289 1300
290 2408
291 1606
292 1776
293 2021
294 1994
295 2207
296 1834
297 2077
298 2085
299 2462
300 2166
301 1392
302 1563
303 1357
304 1865
305 1590
306 1618
307 1562
308 2204
309 2287
310 1794
311 1979
312 2126
313 2420
314 1460
315 1641
316 1779
317 2187
318 1286
319 2391
320 1863
321 1739
322 1931
323 1531
324 2014
325 1507
326 2159
327 1458
328 2418
329 1339
330 1328
331 2194
332 2455
333 1667
334 2296
335 1480
336 2380
337 1357
338 1374
339 1302
340 2452
341 1624
342 1749
343 1721
344 1755
345 1709
346 1521
347 2445
348 1958
349 1717
350 1650
351 2356
352 2467
353 1421
354 1715
355 1550
356 1296
357 1597
358 2074
359 2145
360 2423
361 2208
362 1714
363 2273
364 1489
365 2485
366 2316
367 1609
368 1353
369 1795
370 1502
371 1596
372 2216
373 1484
374 2480
375 2044
376 2011
377 1498
378 2479
379 1987
380 2253
381 1774
382 2196
383 2189
384 2153
385 1642
386 1644
387 1912
388 2267
389 2489
390 1733
391 2181
392 2499
393 1759
394 1519
395 1997
396 2018
397 1630
398 2475
399 2375
400 1425
401 2333
402 1652
403 1554
404 2026
405 2440
406 1899
407 2127
408 1754
409 2247
410 1330
411 1595
412 2344
413 1947
414 1808
415 1398
416 1327
417 1692
418 2231
419 1537
420 1576
421 1276
422 1540
423 2364
424 1645
425 1769
426 1857
427 2419
428 1845
429 2149
430 1987
431 2158
432 2183
433 2190
434 1401
435 1570
436 1783
437 2096
438 2395
439 2462
440 1445
441 1932
442 1801
443 2378
444 1566
445 1596
446 2259
447 1342
448 2001
449 1613
450 2438
451 1946
452 2480
453 2352
454 2041
455 1945
456 1272
457 2209
458 2228
459 1340
460 1599
461 2223
462 2495
463 2249
464 2171
465 2384
466 1313
467 2041
468 1889
469 1276
470 1391
471 2471
472 2184
473 1729
474 1944
475 1617
476 1616
477 2390
478 2129
479 2415
480 2226
481 2476
482 1844
483 1678
484 2319
485 1568
486 2234
487 1881
488 1259
489 1402
490 2470
491 2030
492 2470
493 2405
494 1639
495 2396
496 1300
497 2385
498 2003
499 2491
500 1767
501 1252
502 2389
503 2228
504 1929
505 1830
506 1968
507 2051
508 1480
509 2138
510 1579
511 1368
512 2481
513 2174
514 1677
515 2006
516 2439
517 1811
518 1525
519 2136
520 1963
521 2015
522 1762
523 1512
524 1908
525 2415
526 2290
527 1717
528 1338
529 1449
530 1720
531 2108
532 2399
533 1417
534 1474
535 2372
536 2131
537 1603
538 1326
539 1988
540 2371
541 1885
542 1557
543 1773
544 1626
545 1310
546 2117
547 2035
548 2268
549 2312
550 1306
551 1973
552 2065
553 1551
554 2007
555 1898
556 2478
557 1957
558 2213
559 1693
560 2167
561 2040
562 2351
563 1923
564 2397
565 2458
566 1723
567 1354
568 1401
569 1895
570 2246
571 1811
572 1351
573 1987
574 2465
575 1985
576 1837
577 2040
578 1382
579 2219
580 2106
581 1682
582 2277
583 1257
584 2103
585 1253
586 2298
587 1516
588 1903
589 1773
590 1513
591 1409
592 2328
593 2034
594 1954
595 1933
596 1478
597 1691
598 2001
599 2364
600 2480
601 1431
602 1283
603 1922
604 2029
605 2113
606 2081
607 1750
608 2053
609 1913
610 1797
611 2466
612 1874
613 2432
614 1736
615 2144
616 1541
617 2178
618 2171
619 1876
620 1455
621 1517
622 1983
623 2150
624 2228
625 1506
626 1950
627 2089
628 1347
629 2317
630 2167
631 2332
632 2302
633 1826
634 1337
635 2031
636 2232
637 2202
638 1267
639 1357
640 1544
641 1768
642 1254
643 1757
644 2162
645 2041
646 1770
647 1623
648 2456
649 1375
650 1674
651 2031
652 1352
653 2274
654 1786
655 1580
656 1448
657 2496
658 2224
659 1861
660 1305
661 1406
662 1765
663 1560
664 1690
665 2019
666 1589
667 2034
668 1803
669 1871
670 2152
671 1984
672 2160
673 2379
674 1894
675 1450
676 1670
677 2039
678 1876
679 1955
680 1518
681 1746
682 2006
683 1705
684 2385
685 2473
686 1264
687 2041
688 1831
689 1967
690 1520
691 1846
692 2115
693 2018
694 1377
695 2008
696 1316
697 1462
698 1807
699 2130
700 1748
701 1453
702 2114
703 2279
704 1741
705 1819
706 1574
707 2368
708 1456
709 1949
710 1495
711 1305
712 1293
713 2130
714 1536
715 1870
716 1256
717 2314
718 1268
719 1647
720 1524
721 1669
722 1624
723 2222
724 2237
725 1829
726 1940
727 1846
728 1925
729 1622
730 2037
731 1793
732 2330
733 1928
734 2421
735 1302
736 2246
737 2447
738 2410
739 1322
740 2243
741 1480
742 2198
743 2089
744 2402
745 2340
746 2307
747 2055
748 1667
749 1730
750 1336
751 1867
752 1499
753 1753
754 2033
755 2082
756 2245
757 1464
758 1349
759 2305
760 2442
761 1859
762 2469
763 1530
764 1518
765 1284
766 1389
767 1605
768 1524
769 1487
770 1965
771 1588
772 2165
773 2241
774 1787
775 1974
776 1407
777 2139
778 2332
779 1258
780 2354
781 1917
782 2404
783 2250
784 1380
785 1998
786 2039
787 1590
788 2475
789 1364
790 2048
791 1250
792 1966
793 2284
794 2076
795 1918
796 1250
797 2251
798 1323
799 1316
800 1793
801 2229
802 2353
803 1357
804 2457
805 2488
806 2041
807 1812
808 1425
809 1879
810 1824
811 1892
812 2434
813 2167
814 1255
815 1904
816 1868
817 2405
818 1363
819 1791
820 2041
821 1707
822 1376
823 1346
824 1737
825 2371
826 2358
827 1309
828 1653
829 2474
830 1541
831 1567
832 1628
833 2004
834 2417
835 1701
836 2094
837 1344
838 1387
839 2064
840 1366
841 2332
842 1264
843 2168
844 1489
845 1780
846 1763
847 2460
848 1481
849 2428
850 2285
851 1418
852 2001
853 1901
854 1404
855 2460
856 1348
857 2377
858 1902
859 1950
860 2444
861 2086
862 1809
863 1289
864 2449
865 2180
866 2239
867 1274
868 2214
869 2272
870 2151
871 2342
872 2090
873 1651
874 2147
875 1278
876 2186
877 1586
878 1663
879 2196
880 1405
881 1452
882 1471
883 2412
884 2139
885 1345
886 1538
887 2341
888 2339
889 2145
890 1282
891 1765
892 1669
893 1840
894 1648
895 2262
896 1866
897 2200
898 1583
899 1578
900 2283
901 2452
902 1524
903 1671
904 2091
905 1911
906 1426
907 2080
908 2040
909 1318
910 1463
911 2024
912 2324
913 1752
914 1772
915 2047
916 2018
917 2118
918 2093
919 1343
920 1807
921 1806
922 1452
923 1285
924 1479
925 1810
926 1430
927 2092
928 1561
929 2493
930 1896
931 2429
932 1523
933 2215
934 1312
935 2303
936 2041
937 1670
938 1649
939 1549
940 1367
941 1782
942 1395
943 2400
944 2333
945 1563
946 2376
947 1379
948 2457
949 2280
950 1992
951 2257
952 2075
953 2281
954 1446
955 1833
956 1637
957 2333
958 1822
959 1301
960 2097
961 1893
962 1943
963 1334
964 2358
965 1424
966 1317
967 1443
968 1271
969 1505
970 2079
971 1276
972 1411
973 1300
974 2274
975 1466
976 2069
977 1686
978 1479
979 2109
980 1927
981 2332
982 1294
983 1637
984 2105
985 2243
986 2197
987 2161
988 1643
989 2101
990 1510
991 2263
992 1907
993 2468
994 1777
995 1582
996 2149
997 1727
998 1558
999 2440
1000 1329
1001 1995
1002 2494
1003 1543
1004 1350
1005 2074
1006 2325
1007 1664
1008 1423
1009 1447
1010 1747
1011 1975
1012 1319
1013 1339
1014 1369
1015 1744
1016 1524
1017 2300
1018 1977
1019 1847
1020 2061
1021 1565
1022 1428
1023 2326
1024 2430
1025 1563
1026 2347
1027 1304
1028 1414
1029 1383
1030 2107
1031 1411
1032 1689
1033 1799
1034 1681
1035 2205
1036 1967
1037 2028
1038 1488
1039 1542
1040 1377
1041 1796
1042 2243
1043 2477
1044 2137
1045 1459
1046 2498
1047 2248
1048 2258
1049 2174
1050 1547
1051 2407
1052 2170
1053 1561
1054 2083
1055 1684
1056 1259
1057 1679
1058 1969
1059 1934
1060 2431
1061 2033
1062 1853
1063 2493
1064 2087
1065 1825
1066 2104
1067 2174
1068 2454
1069 2309
1070 1703
1071 2265
1072 1410
1073 2318
1074 1457
1075 1311
1076 1804
1077 1467
1078 1855
1079 1371
1080 2052
1081 1573
1082 1905
1083 1535
1084 1745
1085 2021
1086 1685
1087 2364
1088 2427
1089 2121
1090 1337
1091 1920
1092 1887
1093 1996
1094 1465
1095 1909
1096 2349
1097 1726
1098 1736
1099 1440
1100 1288
1101 1977
1102 1292
1103 1587
1104 2206
1105 1511
1106 1290
1107 2261
1108 2313
1109 2009
1110 2071
1111 2338
1112 2125
1113 2404
1114 1439
1115 1655
1116 1273
1117 2063
1118 1629
1119 2102
1120 1959
1121 1548
1122 2218
1123 1534
1124 1935
1125 1660
1126 1699
1127 2003
1128 1438
1129 1802
1130 2293
1131 1654
1132 1386
1133 1572
1134 1468
1135 2066
1136 1412
1137 2252
1138 2059
1139 2056
1140 1272
1141 1619
1142 2227
1143 2068
1144 1926
1145 2228
1146 1914
1147 2072
1148 1420
1149 1533
1150 1308
1151 2446
1152 2392
1153 1514
1154 1660
1155 1828
1156 1921
1157 1636
1158 1642
1159 1522
1160 2399
1161 1259
1162 1672
1163 2363
1164 2016
1165 1971
1166 1884
1167 2404
1168 1767
1169 2322
1170 1712
1171 1595
1172 2038
1173 1766
1174 1437
1175 2355
1176 1627
1177 1835
1178 2225
1179 2088
1180 1390
1181 1547
1182 1657
1183 2181
1184 1387
1185 1608
1186 1435
1187 2041
1188 1662
1189 1601
1190 1452
1191 1298
1192 1473
1193 1924
1194 2308
1195 1501
1196 1789
1197 1881
1198 1491
1199 1849
1200 1385
1201 2398
1202 2404
1203 2040
1204 2172
1205 1568
1206 1259
1207 2201
1208 1818
1209 2451
1210 2350
1211 1359
1212 1305
1213 2203
1214 1760
1215 1688
1216 1332
1217 1728
1218 1811
1219 2483
1220 1695
1221 1427
1222 2211
1223 1596
1224 1790
1225 1860
1226 1811
1227 1585
1228 2035
1229 2264
1230 2350
1231 1646
1232 1773
1233 1575
1234 1360
1235 1858
1236 2482
1237 2191
1238 2406
1239 2148
1240 2288
1241 1700
1242 1504
1243 1702
1244 1800
1245 1552
1246 2050
1247 1832
1248 1813
1249 2035
1251 1002
1261 176
1263 1057
1265 1138
1266 861
1270 197
1275 296
1277 864
1279 1176
1287 655
1291 442
1295 866
1297 716
1307 837
1314 1057
1315 251
1321 1217
1325 1217
1333 15
1341 368
1355 672
1356 55
1358 1081
1361 410
1370 74
1378 900
1393 141
1394 921
1396 853
1399 650
1403 442
1408 1107
1415 900
1416 351
1432 316
1434 107
1441 537
1470 43
1472 455
1475 1248
1485 126
1486 407
1492 31
1497 870
1503 188
1508 1131
1509 167
1515 644
1527 108
1528 461
1529 548
1539 338
1546 204
1564 407
1569 716
1581 749
1594 426
1598 882
1600 863
1604 903
1611 83
1612 150
1614 1081
1620 1022
1621 31
1631 107
1633 413
1634 673
1638 552
1658 1114
1659 386
1661 1229
1673 1236
1676 534
1694 647
1696 514
1697 259
1704 898
1708 473
1710 141
1716 612
1732 224
1735 1248
1738 12
1740 369
1743 478
1761 251
1764 746
1771 758
1775 1131
1781 549
1784 259
1785 716
1788 447
1792 455
1805 1131
1814 1209
1821 357
1827 472
1836 215
1838 386
1839 725
1841 80
1848 742
1850 1215
1862 80
1864 296
1869 21
1872 315
1875 528
1880 351
1882 20
1883 650
1890 552
1891 655
1900 1015
1906 861
1930 136
1936 12
1937 20
1938 837
1939 87
1941 548
1942 951
1948 546
1951 932
1953 940
1956 556
1960 442
1961 369
1972 136
1978 910
1980 201
1982 849
1986 407
1989 1045
1990 447
1999 910
2005 153
2013 300
2017 864
2020 87
2022 338
2023 612
2025 457
2027 1178
2032 296
2043 20
2054 122
2057 105
2060 40
2062 20
2067 21
2073 415
2084 415
2095 507
2100 539
2111 107
2112 729
2119 1110
2132 347
2134 1128
2135 864
2140 1104
2141 939
2155 512
2156 261
2157 386
2164 43
2169 201
2173 494
2175 455
2176 399
2177 413
2182 1172
2185 80
2188 372
2199 611
2217 1065
2220 216
2221 712
2233 481
2235 462
2236 779
2244 1057
2256 386
2269 875
2270 1244
2278 153
2289 74
2294 576
2295 1237
2299 136
2311 426
2320 575
2323 1045
2327 108
2329 991
2334 1131
2337 1024
2359 809
2361 404
2370 275
2381 55
2383 866
2387 157
2388 122
2393 323
2394 1110
2401 906
2411 261
2422 30
2426 473
2433 1132
2441 1217
2443 900
2461 991
2472 538
2487 43
2490 1057
2492 494
3091.880832141
