1251
0 1363
1 2013
2 1880
3 1794
4 1530
5 1764
6 1876
7 2236
8 1854
9 1771
10 1796
11 2075
12 1976
13 1683
14 1554
15 1718
16 2497
17 1844
18 2226
19 2457
20 2058
21 1782
22 2372
23 2317
24 2176
25 1810
26 1839
27 2160
28 1318
29 1604
30 1704
31 2122
32 1682
33 1643
34 2216
35 1670
36 2187
37 1590
38 1482
39 1716
40 1768
41 2432
42 2030
43 1986
44 1278
45 2145
46 2150
47 2207
48 1979
49 1426
50 1625
51 1951
52 1323
53 1586
54 1341
55 1376
56 2235
57 1609
58 2245
59 2106
60 2314
61 2152
62 2399
63 2288
64 2271
65 1478
66 2474
67 2309
68 1418
69 2021
70 1930
71 2244
72 2089
73 2436
74 2129
75 1661
76 1838
77 1535
78 1937
79 1580
80 2041
81 2415
82 1687
83 2473
84 1313
85 1386
86 1783
87 2379
88 1506
89 2251
90 2133
91 2185
92 1522
93 2103
94 2269
95 2424
96 2069
97 2398
98 2177
99 1281
100 1282
101 2099
102 2470
103 1328
104 1261
105 2039
106 2255
107 2102
108 2248
109 1877
110 1508
111 1700
112 2377
113 1616
114 2336
115 2390
116 1379
117 1824
118 1316
119 2262
120 1633
121 1927
122 1800
123 2149
124 2141
125 1850
126 1537
127 1723
128 1929
129 2168
130 1338
131 1712
132 1863
133 2104
134 1919
135 1280
136 2266
137 1807
138 1548
139 2143
140 1725
141 2393
142 2282
143 2312
144 1405
145 1757
146 1309
147 2002
148 2038
149 2121
150 1632
151 2049
152 1510
153 2428
154 1456
155 1422
156 2181
157 1636
158 2184
159 2302
160 2163
161 2268
162 1655
163 1351
164 2009
165 1697
166 1428
167 1747
168 2048
169 1649
170 1396
171 1291
172 1732
173 2414
174 2423
175 2076
176 1401
177 2071
178 1848
179 1832
180 1711
181 2043
182 1752
183 2034
184 2105
185 1582
186 1709
187 1917
188 2275
189 2325
190 1275
191 1497
192 2280
193 1271
194 1924
195 2344
196 1423
197 1970
198 2228
199 1438
200 1897
201 2219
202 1457
203 2350
204 2254
205 1626
206 1743
207 2096
208 2225
209 1494
210 2281
211 2417
212 1532
213 1761
214 2050
215 1932
216 1391
217 1408
218 1699
219 1980
220 1909
221 1547
222 1447
223 2481
224 2220
225 2167
226 1450
227 2042
228 2022
229 2231
230 2289
231 2198
232 1691
233 1717
234 1905
235 2491
236 1950
237 2209
238 1420
239 1306
240 1359
241 1343
242 1681
243 1360
244 1303
245 1869
246 2445
247 1388
248 1411
249 2023
250 1577
251 2196
252 2448
253 1406
254 2443
255 2486
256 1381
257 1370
258 1538
259 1375
260 1755
261 1414
262 2202
263 2416
264 1541
265 1407
266 2014
267 2192
268 2193
269 1915
270 2321
271 1645
272 1859
273 1789
274 1977
275 1886
276 1637
277 1504
278 1786
279 1790
280 1722
281 2297
282 2086
283 1608
284 2242
285 2433
286 2260
287 2465
288 2380
289 2067
290 1947
291 2366
292 1744
293 1605
294 2469
295 1347
296 2356
297 1678
298 1562
299 2078
300 2467
301 1867
302 1965
303 1556
304 1439
305 2357
306 1349
307 1855
308 2330
309 1612
310 2020
311 2386
312 2221
313 1973
314 2054
315 1908
316 1469
317 2410
318 2162
319 1265
320 1449
321 2215
322 1474
323 1852
324 2370
325 2468
326 2290
327 2396
328 2274
329 1677
330 1814
331 2476
332 1475
333 1686
334 2437
335 1353
336 2155
337 1490
338 1780
339 2306
340 2368
341 1573
342 1816
343 1453
344 1331
345 1901
346 2246
347 1673
348 2331
349 1467
350 1564
351 1325
352 1935
353 1813
354 1621
355 1543
356 1968
357 2147
358 1703
359 1350
360 1583
361 1829
362 2072
363 1702
364 2212
365 2485
366 2343
367 2305
368 2454
369 1468
370 1857
371 2080
372 1470
373 1685
374 1602
375 2172
376 2265
377 1631
378 1994
379 1749
380 2180
381 1394
382 2347
383 1525
384 1308
385 2323
386 1598
387 1311
388 1505
389 2419
390 1843
391 1815
392 2367
393 2293
394 1793
395 2444
396 2068
397 1611
398 1618
399 2077
400 2462
401 1666
402 1914
403 1389
404 2439
405 2322
406 2383
407 1486
408 1667
409 2490
410 1640
411 2429
412 1728
413 1267
414 2091
415 1593
416 2286
417 1925
418 1339
419 1485
420 1398
421 2040
422 1811
423 1769
424 1397
425 2421
426 1990
427 1664
428 2110
429 1729
430 2455
431 2092
432 1585
433 1288
434 2492
435 2373
436 1748
437 2019
438 1802
439 1991
440 1845
441 1957
442 2055
443 2082
444 1695
445 1629
446 2327
447 1594
448 2434
449 2363
450 1335
451 1507
452 1900
453 1933
454 1514
455 1834
456 1987
457 1792
458 2496
459 1479
460 2006
461 1487
462 2466
463 1828
464 1675
465 1387
466 2292
467 1841
468 2154
469 2057
470 2175
471 2061
472 2381
473 1660
474 1473
475 2313
476 2480
477 1570
478 1949
479 2498
480 2425
481 2120
482 1499
483 1639
484 2256
485 1797
486 1948
487 2074
488 1413
489 1300
490 1589
491 2345
492 1985
493 1622
494 1830
495 1942
496 1441
497 1778
498 1795
499 1599
500 2435
501 1736
502 1415
503 2045
504 2348
505 1784
506 1430
507 2335
508 2310
509 1898
510 1962
511 1481
512 1509
513 1759
514 1365
515 1417
516 2008
517 1895
518 2273
519 1595
520 1253
521 2126
522 1836
523 1460
524 1946
525 1337
526 1527
527 2232
528 2214
529 2453
530 1714
531 1820
532 2385
533 1996
534 1931
535 1516
536 1576
537 1847
538 2472
539 1998
540 2243
541 1773
542 2277
543 2308
544 1502
545 2442
546 1289
547 2066
548 2182
549 1260
550 2227
551 1954
552 1620
553 2059
554 2478
555 1437
556 2204
557 1372
558 2351
559 1310
560 2062
561 1540
562 1707
563 1304
564 1495
565 2365
566 1721
567 1745
568 1559
569 1846
570 1521
571 1772
572 1471
573 1403
574 1588
575 1872
576 1523
577 1750
578 2404
579 2097
580 1788
581 1923
582 1875
583 2087
584 1273
585 2166
586 2028
587 2010
588 2190
589 2151
590 2352
591 1690
592 2328
593 1610
594 2127
595 2482
596 1334
597 1436
598 1329
599 1904
600 1785
601 1662
602 1533
603 1826
604 1753
605 1879
606 1776
607 1669
608 1956
609 1866
610 1943
611 2438
612 1578
613 1646
614 1806
615 2407
616 2234
617 2016
618 2171
619 2338
620 1672
621 2452
622 2046
623 1881
624 1827
625 1546
626 2164
627 1568
628 1448
629 1791
630 1705
631 1346
632 1404
633 2334
634 1296
635 1362
636 2211
637 2027
638 1294
639 1526
640 1557
641 2090
642 1842
643 1958
644 1701
645 2047
646 1891
647 1653
648 2142
649 1400
650 1936
651 2033
652 1777
653 2408
654 1989
655 2261
656 1648
657 2252
658 1255
659 1731
660 1464
661 1799
662 2375
663 2319
664 2083
665 1458
666 1641
667 2391
668 2036
669 2119
670 1279
671 2299
672 1332
673 2188
674 2364
675 1735
676 1480
677 1558
678 1751
679 2337
680 1567
681 2169
682 1692
683 1425
684 2389
685 1392
686 1708
687 2464
688 1545
689 2459
690 1512
691 1592
692 1531
693 1966
694 2458
695 2138
696 1984
697 1922
698 1921
699 2402
700 2115
701 1297
702 1274
703 1319
704 2223
705 2301
706 1741
707 1591
708 2463
709 2489
710 2005
711 1488
712 2015
713 2447
714 1563
715 2125
716 2394
717 1727
718 2004
719 1357
720 1730
721 1596
722 1272
723 2388
724 2250
725 2340
726 2495
727 2316
728 1476
729 2107
730 1964
731 2279
732 2007
733 1756
734 1971
735 1307
736 1290
737 2100
738 2183
739 1740
740 2195
741 1894
742 1421
743 1292
744 2191
745 1737
746 1818
747 1373
748 1342
749 2441
750 1424
751 1544
752 1849
753 2206
754 2035
755 2341
756 2085
757 2240
758 2483
759 2461
760 2355
761 2012
762 2401
763 2148
764 1518
765 1733
766 1805
767 1983
768 1283
769 1860
770 1330
771 1603
771 2451
772 1607
773 1975
774 1787
775 1974
776 1853
777 1519
778 2405
779 1258
780 2132
781 2051
782 1429
783 2205
784 2359
785 1262
786 2001
787 1529
788 1465
789 1534
790 1571
791 2118
792 1688
793 2079
794 1369
795 2060
796 2276
797 2272
798 2197
799 1715
800 2285
801 1326
802 1693
803 2449
804 1835
805 2382
806 2174
807 2064
808 1263
809 1738
810 1896
811 1364
812 2427
813 1642
814 1742
815 1463
816 1804
817 2294
818 1606
819 2278
820 2395
821 2095
822 2320
823 2063
824 1967
825 1358
826 2109
827 1443
828 1833
829 2112
830 1765
831 2157
832 2194
833 1259
834 2116
835 2156
836 2026
837 1627
838 1953
839 1801
840 1889
841 1445
842 1293
843 1647
844 1322
845 1539
846 1763
847 2213
848 2339
849 2376
850 2499
851 1301
852 1367
853 2161
854 2488
855 1899
856 2315
857 2230
858 1902
859 1515
860 1734
861 2374
862 1257
863 2369
864 2397
865 1614
866 1893
867 1858
868 2346
869 2253
870 1885
871 1822
872 1395
873 2114
874 1587
875 2484
876 2017
877 1981
878 1402
879 2384
880 2283
881 1477
882 1803
883 1251
884 1298
885 1345
886 1861
887 1553
888 1442
889 1493
890 2264
891 2446
892 1665
893 1366
894 1779
895 2153
896 1781
897 1978
898 1432
899 1597
900 2131
901 1671
902 1674
903 1472
904 1264
905 1256
906 1374
907 1887
908 1276
909 1638
910 1726
911 2411
912 1758
913 1354
914 1760
915 1569
916 1997
917 1710
918 1550
919 1719
920 1295
921 2159
922 2239
923 2224
924 1340
925 2387
926 2287
927 1462
928 2300
929 2029
930 2392
931 2201
932 2032
933 1739
934 1617
935 1939
936 2426
937 1286
938 1903
939 1434
940 1524
941 2084
942 1713
943 1483
944 1419
945 2108
946 2258
947 2217
948 2093
949 1864
950 1270
951 1561
952 1628
953 2139
954 1868
955 1412
956 2284
957 1650
958 2456
959 2418
960 1658
961 1575
962 1446
963 1870
964 1600
965 2493
966 1941
967 1884
968 1993
969 1451
970 1615
971 1572
972 1385
973 1551
974 1871
975 1466
976 1574
977 2422
978 2200
979 2412
980 2296
981 2146
982 1798
983 1517
984 2238
985 1492
986 2135
987 2409
988 2218
989 1284
990 1945
991 2298
992 1378
993 1851
994 1754
995 1972
996 2037
997 1918
998 1992
999 1634
1000 2031
1001 2173
1002 1907
1003 1268
1004 1995
1005 2360
1006 1938
1007 1982
1008 1910
1009 1766
1010 1489
1011 2203
1012 2247
1013 1696
1014 1913
1015 1890
1016 1581
1017 1285
1018 1955
1019 2295
1020 1324
1021 1831
1022 2081
1023 1684
1024 2158
1025 1882
1026 1312
1027 2170
1028 2460
1029 2361
1030 1883
1031 2000
1032 1454
1033 1433
1034 1314
1035 2450
1036 1383
1037 1906
1038 2210
1039 1934
1040 1368
1041 2044
1042 2208
1043 1390
1044 1461
1045 1320
1046 2406
1047 2140
1048 2304
1049 2024
1050 2400
1051 2487
1052 1344
1053 2257
1054 1679
1055 2326
1056 2403
1057 1459
1058 2130
1059 1496
1060 2431
1061 1865
1062 1269
1063 2342
1064 1959
1065 1988
1066 1808
1067 1377
1068 2128
1069 2237
1070 2101
1071 1380
1072 1549
1073 2318
1074 2098
1075 1912
1076 2065
1077 1823
1078 1724
1079 2477
1080 1961
1081 1659
1082 1762
1083 1566
1084 2186
1085 1299
1086 1720
1087 1999
1088 1315
1089 1911
1090 1767
1091 1399
1092 1410
1093 2241
1094 2475
1095 2479
1096 2420
1097 1840
1098 1302
1099 1440
1100 2144
1101 2134
1102 1706
1103 1382
1104 2259
1105 2362
1106 1511
1107 1416
1108 1336
1109 2136
1110 1384
1111 2371
1112 2430
1113 2199
1114 2249
1115 1928
1116 2117
1117 1619
1118 2229
1119 2111
1120 1321
1121 1503
1122 1435
1123 1698
1124 2052
1125 1874
1126 1821
1127 2003
1128 1944
1129 1920
1130 1969
1131 1654
1132 2025
1133 2011
1134 2094
1135 1555
1136 1252
1137 2311
1138 2073
1139 1596
1140 1819
1141 1560
1142 1651
1143 1427
1144 2018
1145 1277
1146 1652
1147 1305
1148 1775
1149 1663
1150 1601
1151 1371
1152 2222
1153 2070
1154 2324
1155 2378
1156 2332
1157 2113
1158 2053
1159 2123
1160 1812
1161 2267
1162 2137
1163 1878
1164 2178
1165 2349
1166 1287
1167 1837
1168 2329
1169 1584
1170 2471
1171 1431
1172 1317
1173 2307
1174 1657
1175 1528
1176 1520
1177 1552
1178 2354
1179 2088
1180 1656
1181 1498
1182 1393
1183 1500
1184 1452
1185 1624
1186 1623
1187 1862
1188 1916
1189 1565
1190 1873
1191 1361
1192 1774
1193 1254
1194 1542
1195 1355
1196 1484
1197 2440
1198 1952
1199 1630
1200 1892
1201 1668
1202 1455
1203 2233
1204 1963
1205 1348
1206 2124
1207 1409
1208 1266
1209 1825
1210 1888
1211 2263
1212 1817
1213 1501
1214 1809
1215 1635
1216 2413
1217 1644
1218 1333
1219 1579
1220 1356
1221 2333
1222 1926
1223 1960
1224 1770
1225 2056
1226 1536
1227 1352
1228 2165
1229 2358
1230 1940
1231 1250
1232 2303
1233 2353
1234 1613
1235 1689
1236 1680
1237 2291
1238 1856
1239 2270
1240 1746
1241 1444
1242 1694
1243 2189
1244 1327
1245 1676
1246 2179
1247 1513
1248 2494
1249 1491
89260.339427306
