1881
0 1454
1 2467
2 2359
3 1696
4 1373
5 1967
6 2460
7 1365
8 1605
9 1699
10 2212
11 1924
12 1274
13 2187
14 1460
15 1436
16 2001
17 1272
18 1632
19 2124
20 1388
21 1869
22 2128
23 1616
24 2105
25 1980
26 2116
27 1993
28 1281
29 1517
30 1410
31 1827
32 1624
33 1742
34 2321
35 1726
36 1712
37 2012
38 2425
39 2460
40 1656
41 1731
42 2345
43 2315
44 1863
45 1667
46 2149
47 1820
48 2028
49 1483
50 1550
51 1330
52 2228
53 1798
54 2200
55 2381
56 1519
57 1905
58 2045
59 1832
60 1852
61 1955
62 2385
63 2275
64 2213
65 1884
66 1591
67 1967
68 1496
69 1777
70 2496
71 2083
72 1532
73 2193
74 1419
75 1648
76 2301
77 2470
78 2201
79 1760
80 2185
81 2042
82 2410
83 1611
84 2360
85 1519
86 2276
87 1939
88 1305
89 2098
90 1756
91 1751
92 2362
93 2163
94 2042
95 2424
96 1381
97 1513
98 1584
99 1316
100 1545
101 1934
102 2048
103 1824
104 2205
105 2057
106 2196
107 2111
108 2327
109 1411
110 1615
111 1833
112 1430
113 2315
114 2465
115 1542
116 2159
117 1847
118 1490
119 1680
120 2380
121 2365
122 2413
123 1711
124 2369
125 2188
126 1593
127 2143
128 2322
129 1301
130 2181
131 1372
132 2026
133 1577
134 1842
135 1793
136 2299
137 2464
138 2070
139 2475
140 2253
141 1710
142 1824
143 1445
144 2389
145 2484
146 1888
147 2389
148 2346
149 1365
150 1612
151 2364
152 1991
153 2278
154 1505
155 1571
156 1910
157 1750
158 2228
159 2187
160 1546
161 2182
162 1955
163 1272
164 1276
165 1830
166 1301
167 2144
168 2048
169 1823
170 2242
171 2078
172 2345
173 1698
174 1565
175 2096
176 2393
177 1384
178 1749
179 1754
180 2303
181 2167
182 2195
183 2034
184 2105
185 1851
186 1496
187 2273
188 1503
189 2036
190 1320
191 1950
192 1859
193 1787
194 1895
195 2058
196 1844
197 1658
198 2208
199 1977
200 1665
201 1980
202 2325
203 1878
204 2254
205 2496
206 2089
207 2219
208 2252
209 1494
210 2429
211 1927
212 2018
213 1962
214 2154
215 1836
216 1461
217 1799
218 1618
219 2255
220 1656
221 1483
222 1905
223 2193
224 1722
225 2110
226 1816
227 1856
228 2463
229 1670
230 1823
231 2034
232 2146
233 1726
234 1337
235 2205
236 1479
237 2247
238 2222
239 2175
240 2459
241 1469
242 2066
243 2136
244 2231
245 2336
246 1898
247 1553
248 1877
249 1808
250 1442
251 2257
252 1518
253 2066
254 1735
255 1610
256 2196
257 1734
258 1324
259 2297
260 1286
261 1755
262 2237
263 2404
264 2484
265 2249
266 1917
267 1931
268 1706
269 1699
270 2414
271 1553
272 1478
273 1949
274 1977
275 2271
276 1793
277 1280
278 2167
279 1555
280 1563
281 1547
282 2435
283 2301
284 2190
285 2075
286 1954
287 2133
288 2379
289 1300
290 2408
291 1606
292 1776
293 2302
294 2102
295 2207
296 1275
297 2077
298 2208
299 2462
300 2013
301 2346
302 1563
303 1664
304 1865
305 1590
306 1618
307 1562
308 1408
309 2298
310 1794
311 1979
312 2200
313 2321
314 1824
315 1253
316 2463
317 2187
318 1286
319 1417
320 1863
321 1900
322 1469
323 2393
324 1807
325 2003
326 2430
327 1458
328 1868
329 1339
330 2392
331 1842
332 2455
333 1667
334 2296
335 2421
336 2349
337 1664
338 2022
339 1302
340 2462
341 2301
342 1778
343 1721
344 1264
345 1602
346 1521
347 1983
348 1498
349 1823
350 1798
351 1880
352 1484
353 2006
354 1281
355 1550
356 1296
357 1821
358 2074
359 2145
360 2423
361 2085
362 2042
363 2288
364 2243
365 2485
366 2316
367 1609
368 1353
369 1795
370 2103
371 1927
372 2216
373 2085
374 2480
375 1507
376 1895
377 1498
378 1543
379 1927
380 2253
381 1373
382 2196
383 2189
384 2153
385 1642
386 1659
387 1912
388 2124
389 2081
390 1853
391 2181
392 1523
393 2460
394 1519
395 1734
396 2018
397 1630
398 2475
399 2176
400 1888
401 2333
402 1567
403 1554
404 2026
405 2440
406 1899
407 2127
408 2250
409 2247
410 1361
411 1733
412 1510
413 2177
414 1808
415 1398
416 2109
417 1782
418 2231
419 1800
420 1576
421 1276
422 1540
423 2364
424 1431
425 1721
426 1502
427 2480
428 1360
429 2149
430 2496
431 2158
432 2086
433 2190
434 2250
435 1365
436 2163
437 1917
438 2395
439 2462
440 1445
441 1979
442 1501
443 1455
444 1566
445 1524
446 2181
447 1342
448 2001
449 1613
450 1833
451 1946
452 2480
453 2276
454 2041
455 1792
456 1272
457 2209
458 2228
459 2231
460 2064
461 2223
462 2235
463 2249
464 1817
465 2384
466 1577
467 2041
468 1889
469 1276
470 1391
471 2471
472 2184
473 1729
474 2214
475 1445
476 2418
477 2390
478 1743
479 2415
480 2226
481 2233
482 1844
483 1345
484 2343
485 1568
486 2153
487 1881
488 1259
489 1402
490 2470
491 1924
492 2470
493 1431
494 1639
495 1439
496 1300
497 2385
498 2003
499 1710
500 1767
501 1252
502 1474
503 2245
504 1900
505 1625
506 1968
507 2095
508 1480
509 2138
510 1579
511 1368
512 2481
513 2174
514 1677
515 2006
516 2439
517 2345
518 1525
519 1860
520 1571
521 1480
522 1762
523 1512
524 2431
525 2415
526 2152
527 1717
528 1338
529 1449
530 2245
531 1453
532 1778
533 1996
534 1474
535 1696
536 2391
537 2451
538 1326
539 1462
540 2371
541 1885
542 1944
543 1726
544 2491
545 1310
546 2117
547 2035
548 2268
549 2312
550 1306
551 1973
552 1638
553 2385
554 2007
555 1898
556 2478
557 1605
558 2213
559 2051
560 1669
561 2063
562 1729
563 2227
564 2299
565 2458
566 1873
567 1354
568 1401
569 1895
570 2246
571 2137
572 2012
573 1379
574 2465
575 2320
576 1837
577 1336
578 1702
579 2384
580 2106
581 1682
582 2277
583 1257
584 2352
585 1253
586 2298
587 1516
588 1903
589 1726
590 1513
591 1519
592 1682
593 2297
594 2333
595 2115
596 1478
597 1669
598 2001
599 2364
600 2480
601 1431
602 1922
603 1922
604 2139
605 1750
606 1974
607 1750
608 1959
609 1913
610 1797
611 2466
612 1716
613 2432
614 1736
615 1288
616 1308
617 2195
618 2171
619 1876
620 1455
621 1888
622 2042
623 1708
624 2245
625 1995
626 1950
627 2089
628 2463
629 2317
630 2167
631 2332
632 2302
633 1896
634 1337
635 1853
636 2232
637 2202
638 1634
639 1357
640 1844
641 1550
642 1254
643 1483
644 1515
645 2460
646 1770
647 1694
648 1705
649 1918
650 1730
651 2031
652 1352
653 2274
654 1786
655 1891
656 1779
657 2496
658 2224
659 2276
660 1305
661 1406
662 1727
663 1859
664 1690
665 2223
666 2320
667 2034
668 1803
669 2071
670 2152
671 2381
672 1473
673 2379
674 1479
675 2241
676 1670
677 2039
678 1876
679 1512
680 1790
681 2001
682 2006
683 1705
684 2385
685 2473
686 1481
687 2041
688 1601
689 1967
690 1520
691 1846
692 1757
693 2018
694 1377
695 2435
696 2228
697 1462
698 2074
699 2047
700 2103
701 1911
702 2114
703 1793
704 2069
705 1819
706 1574
707 2368
708 1787
709 1949
710 2258
711 1305
712 2221
713 2047
714 1563
715 1870
716 1569
717 2453
718 1545
719 2195
720 1524
721 1691
722 1624
723 1326
724 2471
725 1829
726 1940
727 1846
728 2451
729 1334
730 1578
731 1878
732 1560
733 1736
734 1480
735 1302
736 2246
737 1588
738 2410
739 2048
740 2243
741 1480
742 2131
743 1734
744 1302
745 1484
746 1764
747 1473
748 2450
749 1730
750 1595
751 1867
752 1608
753 1833
754 2033
755 1750
756 2228
757 1712
758 1771
759 1266
760 1522
761 1859
762 1308
763 2306
764 1518
765 1491
766 1922
767 1605
768 1524
769 1487
770 1431
771 2455
772 1285
773 2241
774 1787
775 1974
776 2096
777 1628
778 1255
779 2236
780 2354
781 1917
782 1524
783 2163
784 1380
785 2159
786 2039
787 1614
788 2143
789 1364
790 1855
791 1506
792 1966
793 2284
794 2076
795 1918
796 1250
797 2007
798 1323
799 1316
800 1793
801 2229
802 1917
803 1602
804 2457
805 1957
806 2460
807 1812
808 1309
809 1879
810 1824
811 2231
812 2434
813 1519
814 2332
815 2154
816 1868
817 2066
818 2346
819 2449
820 2041
821 2246
822 1695
823 1540
824 1737
825 2047
826 2358
827 1637
828 1435
829 1591
830 1308
831 1870
832 1628
833 2004
834 2417
835 1904
836 2094
837 1307
838 1329
839 1975
840 2179
841 1255
842 1264
843 1357
844 2243
845 1780
846 1763
847 2460
848 1481
849 1982
850 2285
851 1301
852 1587
853 1396
854 1766
855 2460
856 1348
857 1777
858 1902
859 1950
860 1294
861 2086
862 1809
863 1289
864 2449
865 2180
866 1295
867 1454
868 2214
869 2272
870 2151
871 1750
872 1469
873 2214
874 1477
875 1278
876 1316
877 1934
878 1663
879 2196
880 1395
881 1452
882 1598
883 2412
884 2139
885 1345
886 1995
887 1540
888 2339
889 2432
890 1610
891 1727
892 2167
893 2339
894 1648
895 1308
896 1828
897 1377
898 1583
899 1578
900 1378
901 2363
902 1524
903 1671
904 2023
905 2321
906 2401
907 2080
908 2063
909 1900
910 1999
911 2024
912 2324
913 1752
914 1613
915 2047
916 2414
917 2118
918 1610
919 1343
920 1807
921 1806
922 1452
923 2069
924 1877
925 1810
926 2488
927 1627
928 1561
929 2424
930 1896
931 2429
932 1523
933 1323
934 1312
935 2303
936 2041
937 1670
938 1797
939 1780
940 1367
941 1782
942 1887
943 2153
944 2333
945 2424
946 1322
947 2248
948 2457
949 1991
950 1458
951 2257
952 1254
953 2281
954 1446
955 1833
956 1425
957 2333
958 2424
959 1301
960 1445
961 1521
962 2390
963 1435
964 1686
965 1572
966 1944
967 1443
968 1398
969 1576
970 1373
971 1276
972 2213
973 1450
974 1496
975 1331
976 2069
977 1686
978 1479
979 2109
980 1949
981 2378
982 1294
983 1637
984 2105
985 2243
986 2197
987 1288
988 2201
989 2219
990 2478
991 2461
992 1907
993 1566
994 1777
995 2381
996 1711
997 1713
998 2434
999 2440
1000 1329
1001 1250
1002 1251
1003 1545
1004 2276
1005 2074
1006 2325
1007 2081
1008 1611
1009 1372
1010 1949
1011 1975
1012 1319
1013 1339
1014 2196
1015 1900
1016 1524
1017 2219
1018 1977
1019 2392
1020 2061
1021 1565
1022 1428
1023 1830
1024 2159
1025 2063
1026 2035
1027 1304
1028 1881
1029 1905
1030 2107
1031 2213
1032 1689
1033 1380
1034 1397
1035 2205
1036 1967
1037 2028
1038 1393
1039 2414
1040 1264
1041 1796
1042 2243
1043 2477
1044 2075
1045 2323
1046 1968
1047 1833
1048 1495
1049 2174
1050 1547
1051 2407
1052 2346
1053 1445
1054 1555
1055 2375
1056 1259
1057 1314
1058 2426
1059 1934
1060 2431
1061 2033
1062 1853
1063 1553
1064 2087
1065 2402
1066 2104
1067 2174
1068 2454
1069 1430
1070 2404
1071 2011
1072 1410
1073 2318
1074 1457
1075 2427
1076 1868
1077 1467
1078 1855
1079 1410
1080 1905
1081 1573
1082 1766
1083 1535
1084 1490
1085 2021
1086 1507
1087 2364
1088 2039
1089 2373
1090 1337
1091 1920
1092 1887
1093 1996
1094 1465
1095 2457
1096 2121
1097 2179
1098 1736
1099 2103
1100 1929
1101 1977
1102 1292
1103 1587
1104 2140
1105 1511
1106 1290
1107 2261
1108 2082
1109 2056
1110 2071
1111 1503
1112 1252
1113 1524
1114 1658
1115 1655
1116 1273
1117 2424
1118 1629
1119 1343
1120 2367
1121 1521
1122 2218
1123 1534
1124 1935
1125 1660
1126 1699
1127 2003
1128 1438
1129 1802
1130 2293
1131 1508
1132 1694
1133 1772
1134 2166
1135 2066
1136 1700
1137 2252
1138 2124
1139 2345
1140 1272
1141 1619
1142 2367
1143 2068
1144 1926
1145 2228
1146 2466
1147 2072
1148 2447
1149 1533
1150 1390
1151 1552
1152 2392
1153 1514
1154 1660
1155 1828
1156 2404
1157 1636
1158 1642
1159 1522
1160 2399
1161 1259
1162 2146
1163 1842
1164 2186
1165 1966
1166 1662
1167 2404
1168 1767
1169 2322
1170 2406
1171 1733
1172 2182
1173 1766
1174 1278
1175 2355
1176 1279
1177 1835
1178 2027
1179 2328
1180 1625
1181 2477
1182 2105
1183 2181
1184 1387
1185 2343
1186 2462
1187 2041
1188 1555
1189 1830
1190 1452
1191 1298
1192 2181
1193 2265
1194 2068
1195 1993
1196 1535
1197 1881
1198 1491
1199 1457
1200 1385
1201 2398
1202 2404
1203 2063
1204 2172
1205 1568
1206 1259
1207 2201
1208 1957
1209 2451
1210 1924
1211 2415
1212 1863
1213 1327
1214 1760
1215 2365
1216 1476
1217 1321
1218 1811
1219 2483
1220 1695
1221 1427
1222 1677
1223 2047
1224 1790
1225 1860
1226 2165
1227 1585
1228 2035
1229 1282
1230 2265
1231 1646
1232 2231
1233 2288
1234 2011
1235 2098
1236 2482
1237 2191
1238 1712
1239 2392
1240 2288
1241 1922
1242 1504
1243 1382
1244 1800
1245 2385
1246 2050
1247 2302
1248 1813
1249 2035
1255 721
1256 716
1258 779
1260 1175
1261 323
1262 690
1263 1057
1265 675
1267 853
1268 1003
1269 197
1270 197
1271 968
1273 1182
1277 864
1281 1076
1282 267
1283 737
1284 772
1287 66
1288 1100
1291 442
1293 712
1297 389
1299 262
1303 74
1311 197
1312 951
1313 80
1315 704
1317 542
1318 846
1319 862
1325 1217
1328 330
1332 900
1333 15
1334 963
1335 17
1336 925
1339 789
1340 261
1341 368
1344 837
1346 422
1347 906
1348 435
1349 578
1350 659
1351 548
1354 946
1355 489
1356 55
1358 869
1359 479
1362 251
1363 291
1366 261
1369 1014
1370 74
1371 1177
1374 30
1375 872
1376 1041
1383 759
1386 1132
1387 1000
1389 442
1391 385
1392 90
1394 921
1399 749
1400 40
1403 442
1404 854
1405 226
1407 658
1408 190
1409 591
1412 108
1413 773
1414 173
1415 267
1416 351
1417 533
1418 407
1420 442
1421 992
1422 26
1423 837
1424 965
1426 906
1429 1188
1432 316
1433 963
1434 107
1437 104
1439 1114
1440 613
1441 537
1444 1131
1446 374
1447 282
1448 656
1451 255
1453 34
1456 708
1459 1045
1463 910
1464 805
1466 975
1468 209
1470 43
1471 189
1472 484
1475 1248
1477 545
1479 924
1481 261
1482 215
1485 126
1486 407
1487 658
1488 208
1489 1196
1492 472
1493 104
1497 870
1499 1235
1500 702
1507 479
1509 843
1516 610
1522 1094
1526 472
1527 1104
1528 265
1529 548
1530 839
1531 323
1533 672
1536 302
1537 419
1538 1038
1539 534
1541 830
1544 61
1548 1153
1549 348
1551 1248
1552 906
1556 846
1557 1074
1558 219
1559 104
1562 986
1564 407
1570 435
1572 1133
1575 1233
1579 518
1580 655
1581 749
1582 1204
1584 629
1585 994
1586 877
1589 575
1592 210
1594 426
1596 654
1597 357
1598 1081
1599 826
1600 1177
1601 165
1603 537
1604 903
1606 751
1607 157
1608 89
1616 962
1617 951
1620 1022
1621 31
1622 410
1623 647
1626 1038
1630 685
1631 107
1633 512
1634 673
1635 962
1637 808
1640 351
1641 315
1643 1034
1644 386
1645 770
1647 166
1649 938
1650 87
1651 550
1652 402
1653 439
1654 1131
1657 590
1661 1229
1664 389
1666 1221
1668 176
1672 15
1673 1236
1674 749
1675 590
1676 534
1678 885
1679 1057
1680 1151
1681 611
1683 317
1684 124
1685 1060
1687 176
1688 1215
1692 883
1693 1094
1695 725
1697 259
1701 897
1702 1243
1703 438
1704 399
1706 877
1707 821
1708 473
1709 843
1711 269
1714 1204
1715 913
1718 302
1719 107
1720 185
1723 507
1724 444
1725 12
1728 296
1732 224
1733 549
1735 1248
1738 12
1739 118
1740 369
1741 923
1744 629
1745 118
1746 9
1747 413
1748 613
1753 1141
1757 643
1758 758
1759 1005
1761 251
1762 1211
1765 997
1768 641
1769 626
1771 578
1773 693
1774 4
1775 1131
1779 40
1781 925
1783 895
1784 259
1785 843
1788 1178
1789 834
1791 31
1798 87
1801 1148
1804 1022
1805 1131
1814 1209
1815 156
1818 1238
1819 202
1820 342
1822 276
1823 565
1825 1118
1826 1209
1831 1180
1834 296
1838 386
1839 1041
1840 173
1841 80
1843 164
1845 428
1847 289
1848 979
1849 1199
1850 1215
1854 13
1856 13
1857 1004
1858 1235
1861 86
1862 80
1864 296
1866 1114
1867 1115
1871 669
1872 315
1873 92
1874 612
1875 528
1879 410
1882 20
1883 869
1886 1154
1888 1224
1890 552
1892 261
1893 578
1894 644
1897 648
1899 678
1901 853
1906 861
1908 1060
1909 1245
1914 1045
1915 91
1916 1199
1919 1034
1921 137
1923 563
1924 1193
1925 728
1928 90
1930 1164
1932 441
1933 748
1936 12
1937 1132
1938 837
1941 548
1942 251
1943 962
1944 403
1945 455
1947 413
1948 795
1951 932
1952 428
1953 609
1956 556
1958 377
1960 1148
1961 369
1963 991
1964 80
1965 1057
1969 1066
1970 983
1971 1165
1972 575
1976 439
1978 910
1981 120
1984 671
1985 575
1986 407
1987 839
1988 539
1989 1045
1990 447
1992 635
1994 154
1995 141
1997 627
1998 330
2000 335
2002 254
2005 118
2008 282
2009 428
2010 43
2012 1091
2014 566
2015 335
2016 564
2017 864
2019 1026
2020 87
2023 612
2025 457
2029 777
2030 1157
2032 296
2037 133
2038 1128
2039 545
2040 750
2043 20
2044 946
2046 67
2047 438
2049 54
2050 229
2051 507
2052 369
2053 608
2054 21
2055 1149
2056 1157
2057 92
2059 675
2060 40
2062 20
2064 1011
2065 552
2067 21
2073 415
2076 207
2079 4
2082 823
2083 661
2084 415
2087 402
2088 1179
2090 1229
2091 904
2092 110
2093 1180
2097 928
2099 514
2100 539
2101 631
2102 1119
2108 654
2110 931
2112 410
2113 20
2115 1023
2119 1110
2120 809
2121 336
2122 153
2123 306
2125 1112
2126 54
2129 478
2130 540
2132 347
2134 1172
2135 864
2136 365
2139 777
2141 348
2142 850
2147 866
2148 1239
2150 473
2155 512
2156 261
2157 386
2160 1149
2161 98
2162 644
2164 177
2168 843
2169 201
2170 1176
2173 447
2178 58
2183 104
2189 510
2192 154
2194 331
2198 742
2199 1146
2203 900
2204 190
2206 108
2210 176
2211 1102
2215 933
2217 1118
2220 216
2223 265
2225 1178
2226 632
2230 580
2232 7
2234 399
2237 44
2238 499
2239 866
2240 717
2244 1057
2251 797
2256 296
2258 1048
2259 446
2260 853
2262 41
2263 991
2264 1229
2266 55
2267 992
2269 104
2270 1244
2273 881
2274 290
2279 276
2280 949
2282 21
2283 1213
2286 538
2287 5
2289 74
2290 921
2291 117
2292 1105
2293 678
2294 576
2295 1237
2300 207
2304 136
2305 759
2307 746
2308 1077
2309 746
2310 644
2311 1004
2313 197
2314 964
2315 68
2316 385
2319 608
2326 221
2329 991
2330 732
2331 898
2334 1131
2335 188
2336 1213
2337 339
2338 188
2340 745
2341 887
2342 871
2344 646
2347 390
2348 819
2350 29
2351 1066
2352 426
2353 84
2356 351
2357 582
2361 725
2363 1163
2366 1104
2370 275
2372 535
2374 215
2376 946
2377 176
2378 631
2382 184
2383 866
2386 1134
2387 157
2388 21
2394 1110
2396 197
2397 575
2400 943
2402 735
2403 267
2405 33
2406 1147
2409 959
2411 261
2413 1131
2416 940
2419 198
2420 905
2422 997
2426 473
2427 1088
2428 849
2430 116
2433 1132
2436 413
2437 875
2438 1091
2441 1217
2442 1243
2443 900
2444 53
2445 347
2446 917
2448 217
2452 134
2456 648
2467 506
2468 369
2469 890
2472 538
2474 829
2476 481
2477 281
2479 483
2483 1103
2486 534
2487 177
2489 303
2490 1141
2492 494
2493 271
2494 419
2495 462
2497 201
2498 1046
2499 392
4437.297328237
