1770
2499 392
2498 1046
2497 201
2496 205
2495 462
2494 419
2493 271
2492 494
2491 544
2490 1141
2489 303
2488 926
2487 177
2486 534
2485 365
2484 264
2483 1103
2482 1236
2481 512
2480 600
2479 483
2478 556
2477 281
2476 481
2475 398
2474 829
2473 685
2472 538
2471 724
2470 492
2469 890
2468 369
2467 506
2466 611
2465 574
2464 137
2463 228
2462 439
2461 991
2460 6
2459 240
2458 565
2457 948
2456 648
2455 332
2454 1068
2453 717
2452 134
2451 1209
2450 748
2449 864
2448 217
2447 1148
2446 917
2445 347
2444 53
2443 900
2442 1243
2441 1217
2440 999
2439 516
2438 1091
2437 875
2436 413
2435 282
2434 812
2433 1132
2432 889
2431 1060
2430 116
2429 210
2428 849
2427 1088
2426 473
2425 38
2424 958
2423 360
2422 997
2421 335
2420 905
2419 198
2418 476
2417 834
2416 940
2415 525
2414 1039
2413 1131
2412 883
2411 261
2410 738
2409 959
2408 290
2407 1051
2406 1147
2405 33
2404 1167
2403 267
2402 735
2401 906
2400 943
2399 1160
2398 1201
2397 575
2396 197
2395 438
2394 1110
2393 323
2392 1152
2391 536
2390 477
2389 147
2388 21
2387 157
2386 1134
2385 684
2384 465
2383 866
2382 184
2381 55
2380 120
2379 673
2378 631
2377 176
2376 946
2375 1055
2374 215
2373 1089
2372 535
2371 540
2370 275
2369 124
2368 707
2367 1142
2366 1104
2365 1215
2364 599
2363 1163
2362 92
2361 725
2360 84
2359 2
2358 826
2357 582
2356 351
2355 1175
2354 780
2353 84
2352 426
2351 1066
2350 29
2349 336
2348 819
2347 390
2346 148
2345 42
2344 646
2343 484
2342 871
2341 887
2340 745
2339 888
2338 188
2337 339
2336 1213
2335 188
2334 1131
2333 957
2332 631
2331 898
2330 732
2329 991
2328 1179
2327 108
2326 221
2325 202
2324 912
2323 1045
2322 1169
2321 905
2320 575
2319 608
2318 1073
2317 629
2316 385
2315 68
2314 964
2313 197
2312 549
2311 1004
2310 644
2309 746
2308 1077
2307 746
2306 763
2305 759
2304 136
2303 935
2302 632
2301 76
2300 207
2299 136
2298 586
2297 259
2296 334
2295 1237
2294 576
2293 678
2292 1105
2291 117
2290 921
2289 74
2288 1240
2287 5
2286 538
2285 850
2284 793
2283 1213
2282 21
2281 953
2280 949
2279 276
2278 153
2277 582
2276 86
2275 63
2274 290
2273 881
2272 869
2271 275
2270 1244
2269 104
2268 548
2267 992
2266 55
2265 1193
2264 1229
2263 991
2262 41
2261 1107
2260 853
2259 446
2258 1048
2257 951
2256 296
2255 219
2254 204
2253 140
2252 208
2251 797
2250 434
2249 265
2248 947
2247 409
2246 821
2245 624
2244 1057
2243 1042
2242 170
2241 675
2240 717
2239 866
2238 499
2237 44
2236 779
2235 462
2234 399
2233 481
2232 7
2231 418
2230 580
2229 801
2228 1145
2227 563
2226 632
2225 1178
2224 658
2223 265
2222 238
2221 712
2220 216
2219 207
2218 1122
2217 1118
2216 372
2215 933
2214 474
2213 1031
2212 10
2211 1102
2210 176
2209 457
2208 298
2207 295
2206 108
2205 1035
2204 190
2203 900
2202 637
2201 1207
2200 54
2199 1146
2198 742
2197 986
2196 1014
2195 617
2194 331
2193 223
2192 154
2191 1237
2190 284
2189 510
2188 125
2187 13
2186 1164
2185 80
2184 472
2183 104
2182 1172
2181 446
2180 865
2179 1097
2178 58
2177 413
2176 399
2175 239
2174 1067
2173 447
2172 1204
2171 618
2170 1176
2169 201
2168 843
2167 278
2166 1134
2165 1226
2164 177
2163 93
2162 644
2161 98
2160 1149
2159 785
2158 431
2157 386
2156 261
2155 512
2154 214
2153 486
2152 670
2151 870
2150 473
2149 46
2148 1239
2147 866
2146 1162
2145 359
2144 167
2143 127
2142 850
2141 348
2140 1104
2139 777
2138 509
2137 571
2136 365
2135 864
2134 1172
2133 287
2132 347
2131 742
2130 540
2129 478
2128 22
2127 407
2126 54
2125 1112
2124 1138
2123 306
2122 153
2121 336
2120 809
2119 1110
2118 917
2117 546
2116 26
2115 1023
2114 702
2113 20
2112 410
2111 107
2110 931
2109 416
2108 654
2107 1030
2106 580
2105 984
2104 1066
2103 370
2102 1119
2101 631
2100 539
2099 514
2098 89
2097 928
2096 175
2095 507
2094 836
2093 1180
2092 110
2091 904
2090 1229
2089 627
2088 1179
2087 402
2086 861
2085 361
2084 415
2083 661
2082 823
2081 389
2080 907
2079 4
2078 171
2077 297
2076 207
2075 1044
2074 1005
2073 415
2072 1147
2071 1110
2070 138
2069 704
2068 1194
2067 21
2066 253
2065 552
2064 1011
2063 908
2062 20
2061 1020
2060 40
2059 675
2058 195
2057 92
2056 1157
2055 1149
2054 21
2053 608
2052 369
2051 507
2050 229
2049 54
2048 739
2047 438
2046 67
2045 58
2044 946
2043 20
2042 94
2041 467
2040 750
2039 545
2038 1128
2037 133
2036 189
2035 1249
2034 183
2033 1061
2032 296
2031 651
2030 1157
2029 777
2028 1037
2027 1178
2026 404
2025 457
2024 911
2023 612
2022 338
2021 1085
2020 87
2019 1026
2018 396
2017 864
2016 564
2015 335
2014 566
2013 300
2012 1091
2011 1234
2010 43
2009 428
2008 282
2007 797
2006 515
2005 118
2004 833
2003 1127
2002 254
2001 448
2000 335
1999 910
1998 330
1997 627
1996 533
1995 141
1994 154
1993 27
1992 635
1991 152
1990 447
1989 1045
1988 539
1987 839
1986 407
1985 575
1984 671
1983 347
1982 849
1981 120
1980 201
1979 441
1978 910
1977 1018
1976 439
1975 1011
1974 775
1973 551
1972 575
1971 1165
1970 983
1969 1066
1968 506
1967 5
1966 1165
1965 1057
1964 80
1963 991
1962 213
1961 369
1960 1148
1959 608
1958 377
1957 805
1956 556
1955 61
1954 286
1953 609
1952 428
1951 932
1950 626
1949 273
1948 795
1947 413
1946 451
1945 455
1944 403
1943 962
1942 251
1941 548
1940 726
1939 87
1938 837
1937 1132
1936 12
1935 1124
1934 1059
1933 748
1932 441
1931 267
1930 1164
1929 1100
1928 90
1927 211
1926 1144
1925 728
1924 1193
1923 563
1922 1241
1921 137
1920 1091
1919 1034
1918 795
1917 781
1916 1199
1915 91
1914 1045
1913 609
1912 387
1911 701
1910 156
1909 1245
1908 1060
1907 992
1906 861
1905 57
1904 835
1903 588
1902 858
1901 853
1900 909
1899 678
1898 246
1897 648
1896 930
1895 569
1894 644
1893 578
1892 261
1891 655
1890 552
1889 468
1888 1224
1887 1092
1886 1154
1885 541
1884 65
1883 869
1882 20
1881 1197
1880 351
1879 410
1878 203
1877 248
1876 678
1875 528
1874 612
1873 92
1872 315
1871 669
1870 715
1869 21
1868 1076
1867 1115
1866 1114
1865 304
1864 296
1863 44
1862 80
1861 86
1860 1225
1859 761
1858 1235
1857 1004
1856 13
1855 1078
1854 13
1853 1062
1852 60
1851 185
1850 1215
1849 1199
1848 979
1847 289
1846 691
1845 428
1844 196
1843 164
1842 134
1841 80
1840 173
1839 1041
1838 386
1837 576
1836 215
1835 1177
1834 296
1833 955
1832 59
1831 1180
1830 165
1829 725
1828 896
1827 31
1826 1209
1825 1118
1824 314
1823 565
1822 276
1821 357
1820 342
1819 202
1818 1238
1817 464
1816 226
1815 156
1814 1209
1813 1248
1812 807
1811 1218
1810 925
1809 862
1808 249
1807 920
1806 921
1805 1131
1804 1022
1803 668
1802 1129
1801 1148
1800 1244
1799 217
1798 87
1797 610
1796 1041
1795 369
1794 310
1793 703
1792 455
1791 31
1790 1224
1789 834
1788 1178
1787 708
1786 654
1785 843
1784 259
1783 895
1782 941
1781 925
1780 939
1779 40
1778 532
1777 857
1776 292
1775 1131
1774 4
1773 693
1772 1133
1771 578
1770 646
1769 626
1768 641
1767 1168
1766 854
1765 997
1764 746
1763 846
1762 1211
1761 251
1760 1214
1759 1005
1758 758
1757 643
1756 90
1755 261
1754 179
1753 1141
1752 913
1751 91
1750 871
1749 178
1748 613
1747 413
1746 9
1745 118
1744 629
1743 478
1742 33
1741 923
1740 369
1739 118
1738 12
1737 824
1736 1098
1735 1248
1734 743
1733 549
1732 224
1731 41
1730 749
1729 473
1728 296
1727 891
1726 35
1725 12
1724 444
1723 507
1722 224
1721 343
1720 185
1719 107
1718 302
1717 527
1716 612
1715 913
1714 1204
1713 997
1712 36
1711 269
1710 141
1709 843
1708 473
1707 821
1706 877
1705 683
1704 399
1703 438
1702 1243
1701 897
1700 1136
1699 1126
1698 173
1697 259
1696 535
1695 725
1694 647
1693 1094
1692 883
1691 721
1690 664
1689 1032
1688 1215
1687 176
1686 977
1685 1060
1684 124
1683 317
1682 581
1681 611
1680 1151
1679 1057
1678 885
1677 514
1676 534
1675 590
1674 749
1673 1236
1672 15
1671 903
1670 229
1669 560
1668 176
1667 45
1666 1221
1665 200
1664 389
1663 878
1662 1166
1661 1229
1660 1154
1659 386
1658 1114
1657 590
1656 40
1655 1115
1654 1131
1653 439
1652 402
1651 550
1650 87
1649 938
1648 75
1647 166
1646 1231
1645 770
1644 386
1643 1034
1642 385
1641 315
1640 351
1639 494
1638 552
1637 808
1636 1157
1635 962
1634 673
1633 512
1632 18
1631 107
1630 685
1629 1118
1628 832
1627 927
1626 1038
1625 1180
1624 722
1623 647
1622 410
1621 31
1620 1022
1619 1141
1618 218
1617 951
1616 962
1615 110
1614 787
1613 449
1612 150
1611 83
1610 255
1609 367
1608 89
1607 157
1606 751
1605 8
1604 903
1603 537
1602 345
1601 165
1600 1177
1599 826
1598 1081
1597 357
1596 654
1595 750
1594 426
1593 126
1592 210
1591 66
1590 305
1589 575
1588 737
1587 1103
1586 877
1585 994
1584 629
1583 898
1582 1204
1581 749
1580 655
1579 518
1578 899
1577 133
1576 420
1575 1233
1574 706
1573 1081
1572 1133
1571 155
1570 435
1569 716
1568 1205
1567 402
1566 993
1565 1021
1564 407
1563 302
1562 986
1561 928
1560 732
1559 104
1558 219
1557 1074
1556 846
1555 1054
1554 403
1553 247
1552 906
1551 1248
1550 641
1549 348
1548 1153
1547 281
1546 160
1545 1003
1544 61
1543 378
1542 115
1541 830
1540 422
1539 534
1538 1038
1537 419
1536 302
1535 1196
1534 1123
1533 672
1532 72
1531 323
1530 839
1529 548
1528 265
1527 1104
1526 472
1525 518
1524 720
1523 932
1522 1094
1521 346
1520 690
1519 85
1518 252
1517 29
1516 610
1515 644
1514 1153
1513 590
1512 679
1511 1105
1510 412
1509 843
1508 1131
1507 479
1506 791
1505 154
1504 1242
1503 188
1502 426
1501 442
1500 702
1499 1235
1498 377
1497 870
1496 68
1495 1048
1494 209
1493 104
1492 472
1491 1198
1490 118
1489 1196
1488 208
1487 658
1486 407
1485 126
1484 745
1483 643
1482 215
1481 261
1480 508
1479 924
1478 596
1477 545
1476 1216
1475 1248
1474 534
1473 672
1472 484
1471 189
1470 43
1469 872
1468 209
1467 1077
1466 975
1465 1094
1464 805
1463 910
1462 539
1461 216
1460 14
1459 1045
1458 327
1457 1199
1456 708
1455 620
1454 0
1453 34
1452 881
1451 255
1450 973
1449 529
1448 656
1447 282
1446 374
1445 440
1444 1131
1443 967
1442 250
1441 537
1440 613
1439 1114
1438 1128
1437 104
1436 15
1435 963
1434 107
1433 963
1432 316
1431 601
1430 1069
1429 1188
1428 1022
1427 1221
1426 906
1425 956
1424 965
1423 837
1422 26
1421 992
1420 442
1419 74
1418 407
1417 533
1416 351
1415 267
1414 173
1413 773
1412 108
1411 109
1410 1072
1409 591
1408 190
1407 658
1406 661
1405 226
1404 854
1403 442
1402 489
1401 568
1400 40
1399 749
1398 968
1397 1034
1396 853
1395 880
1394 921
1393 1038
1392 90
1391 385
1390 1150
1389 442
1388 20
1387 1000
1386 1132
1385 1200
1384 177
1383 759
1382 1243
1381 96
1380 784
1379 573
1378 900
1377 694
1376 1041
1375 872
1374 30
1373 4
1372 131
1371 1177
1370 74
1369 1014
1368 511
1367 940
1366 261
1365 435
1364 789
1363 291
1362 251
1361 410
1360 428
1359 479
1358 869
1357 843
1356 55
1355 489
1354 946
1353 368
1352 652
1351 548
1350 659
1349 578
1348 435
1347 906
1346 422
1345 885
1344 837
1343 1119
1342 447
1341 368
1340 261
1339 789
1338 528
1337 634
1336 925
1335 17
1334 963
1333 15
1332 900
1331 975
1330 51
1329 1000
1328 330
1327 1213
1326 538
1325 1217
1324 258
1323 798
1322 946
1321 1217
1320 190
1319 862
1318 846
1317 542
1316 799
1315 704
1314 1057
1313 80
1312 951
1311 197
1310 545
1309 808
1308 830
1307 837
1306 550
1305 711
1304 1027
1303 74
1302 735
1301 166
1300 496
1299 262
1298 1191
1297 389
1296 356
1295 866
1294 860
1293 712
1292 1102
1291 442
1290 1106
1289 863
1288 1100
1287 66
1286 318
1285 772
1284 772
1283 737
1282 267
1281 1076
1280 277
1279 1176
1278 875
1277 864
1276 469
1275 296
1274 12
1273 1182
1272 456
1271 968
1270 197
1269 197
1268 1003
1267 853
1266 759
1265 675
1264 842
1263 1057
1262 690
1261 323
1260 1175
1259 1161
1258 779
1257 583
1256 716
1255 721
1254 642
1253 315
1252 1112
1251 1002
1250 796
1247 2302
1246 2050
1232 2231
1230 2265
1228 2035
1227 1585
1223 2047
1222 1677
1220 1695
1219 2483
1212 1863
1210 1924
1208 1957
1206 1259
1203 2063
1202 2404
1195 1993
1192 2181
1190 1452
1189 1830
1187 2041
1186 2462
1185 2343
1184 1387
1183 2181
1181 2477
1174 1278
1173 1766
1171 1733
1170 2406
1159 1522
1158 1642
1156 2404
1155 1828
1143 2068
1140 1272
1139 2345
1137 2252
1135 2066
1130 2293
1125 1660
1121 1521
1120 2367
1117 2424
1116 1273
1113 1524
1111 1503
1109 2056
1108 2082
1101 1977
1099 2103
1096 2121
1095 2457
1093 1996
1090 1337
1087 2364
1086 1507
1084 1490
1083 1535
1082 1766
1080 1905
1079 1410
1075 2427
1071 2011
1070 2404
1065 2402
1064 2087
1063 1553
1058 2426
1056 1259
1053 1445
1052 2346
1050 1547
1049 2174
1047 1833
1043 2477
1040 1264
1036 1967
1033 1380
1029 1905
1028 1881
1025 2063
1024 2159
1019 2392
1017 2219
1016 1524
1015 1900
1013 1339
1012 1319
1010 1949
1009 1372
1008 1611
1007 2081
1006 2325
1001 1250
998 2434
996 1711
995 2381
990 2478
989 2219
988 2201
987 1288
985 2243
982 1294
981 2378
980 1949
978 1479
976 2069
974 1496
972 2213
971 1276
970 1373
969 1576
966 1944
961 1521
960 1445
954 1446
952 1254
950 1458
945 2424
944 2333
942 1887
937 1670
936 2041
934 1312
929 2424
922 1452
919 1343
918 1610
916 2414
915 2047
914 1613
902 1524
901 2363
894 1648
893 2339
892 2167
886 1995
884 2139
882 1598
879 2196
876 1316
874 1477
873 2214
868 2214
867 1454
859 1950
856 1348
855 2460
852 1587
851 1301
848 1481
847 2460
845 1780
844 2243
841 1255
840 2179
838 1329
831 1870
828 1435
827 1637
825 2047
822 1695
820 2041
818 2346
817 2066
816 1868
815 2154
814 2332
813 1519
811 2231
810 1824
806 2460
804 2457
803 1602
802 1917
800 1793
794 2076
792 1966
790 1855
788 2143
786 2039
783 2163
782 1524
778 1255
776 2096
774 1787
771 2455
769 1487
768 1524
767 1605
766 1922
765 1491
764 1518
762 1308
760 1522
757 1712
756 2228
755 1750
754 2033
753 1833
752 1608
747 1473
744 1302
741 1480
740 2243
736 2246
734 1480
733 1736
731 1878
730 1578
729 1334
727 1846
723 1326
719 2195
718 1545
714 1563
713 2047
710 2258
709 1949
705 1819
700 2103
699 2047
698 2074
697 1462
696 2228
695 2435
692 1757
689 1967
688 1601
687 2041
686 1481
682 2006
681 2001
680 1790
677 2039
676 1670
674 1479
667 2034
666 2320
665 2223
663 1859
662 1727
660 1305
657 2496
653 2274
650 1730
649 1918
645 2460
640 1844
639 1357
638 1634
636 2232
633 1896
630 2167
628 2463
625 1995
623 1708
622 2042
621 1888
619 1876
616 1308
615 1288
614 1736
607 1750
606 1974
605 1750
604 2139
603 1922
602 1922
598 2001
597 1669
595 2115
594 2333
593 2297
592 1682
589 1726
587 1516
585 1253
584 2352
579 2384
577 1336
572 2012
570 2246
567 1354
562 1729
561 2063
559 2051
558 2213
557 1605
555 1898
554 2007
553 2385
547 2035
543 1726
531 1453
530 2245
526 2152
524 2431
523 1512
522 1762
521 1480
520 1571
519 1860
517 2345
513 2174
505 1625
504 1900
503 2245
502 1474
501 1252
500 1767
498 2003
497 2385
495 1439
493 1431
491 1924
490 2470
488 1259
487 1881
485 1568
482 1844
480 2226
475 1445
471 2471
470 1391
466 1577
463 2249
461 2223
460 2064
459 2231
458 2228
454 2041
453 2276
452 2480
450 1833
445 1524
443 1455
437 1917
436 2163
433 2190
432 2086
430 2496
429 2149
427 2480
425 1721
424 1431
423 2364
421 1276
417 1782
414 1808
411 1733
408 2250
406 1899
405 2440
401 2333
400 1888
397 1630
395 1734
394 1519
393 2460
391 2181
388 2124
384 2153
383 2189
382 2196
381 1373
380 2253
379 1927
376 1895
375 1507
373 2085
371 1927
366 2316
364 2243
363 2288
362 2042
358 2074
355 1550
354 1281
353 2006
352 1484
350 1798
349 1823
344 1264
341 2301
340 2462
337 1664
333 1667
329 1339
328 1868
326 2430
325 2003
324 1807
322 1469
321 1900
320 1863
319 1417
313 2321
312 2200
311 1979
309 2298
308 1408
307 1562
301 2346
299 2462
294 2102
293 2302
288 2379
285 2075
283 2301
280 1563
279 1555
274 1977
272 1478
270 2414
268 1706
266 1917
263 2404
260 1286
257 1734
256 2196
245 2336
244 2231
243 2136
242 2066
241 1469
237 2247
236 1479
235 2205
234 1337
233 1726
232 2146
231 2034
230 1823
227 1856
225 2110
222 1905
220 1656
212 2018
206 2089
199 1977
194 1895
193 1787
192 1859
191 1950
187 2273
186 1496
182 2195
181 2167
180 2303
174 1565
172 2345
169 1823
168 2048
163 1272
162 1955
161 2182
159 2187
158 2228
151 2364
149 1365
146 1888
145 2484
144 2389
143 1445
142 1824
139 2475
135 1793
132 2026
130 2181
129 1301
128 2322
123 1711
122 2413
121 2365
119 1680
114 2465
113 2315
112 1430
111 1833
106 2196
105 2057
103 1824
102 2048
101 1934
100 1545
99 1316
97 1513
95 2424
88 1305
82 2410
81 2042
79 1760
78 2201
77 2470
73 2193
71 2083
70 2496
69 1777
64 2213
62 2385
56 1519
52 2228
50 1550
49 1483
48 2028
47 1820
39 2460
37 2012
32 1624
28 1281
25 1980
24 2105
23 1616
19 2124
16 2001
11 1924
3 1696
1 2467
4194.323278308
