2490
0 1987
1 2496
2 2078
3 1453
4 1987
5 1305
6 2047
7 1927
8 2453
9 2130
10 2496
11 1596
12 2078
13 2453
14 1987
15 1596
16 1524
17 2248
18 2484
19 2064
20 1596
21 1987
22 1453
23 1927
24 2314
25 1596
26 2496
27 2064
28 2496
29 2284
30 1599
31 2496
32 1833
33 1596
34 1927
35 1453
36 2453
37 1987
38 2453
39 2130
40 2314
41 2484
42 1596
43 1927
44 2484
45 2484
46 2130
47 2064
48 1305
49 1599
50 1599
51 2284
52 2496
53 1927
54 1453
55 2496
56 2284
57 1305
58 2496
59 2484
60 2314
61 1379
62 2064
63 2130
64 2130
65 2078
66 2078
67 1305
68 1927
69 2453
70 2496
71 2284
72 1453
73 1927
74 1927
75 2064
76 1833
77 2496
78 1786
79 2284
80 2130
81 1305
82 2484
83 1379
84 2130
85 1786
86 2484
87 1927
88 2484
89 2248
90 1379
91 2130
92 2130
93 2484
94 2484
95 1596
96 1524
97 2484
98 1927
99 2496
100 2064
101 1927
102 2496
103 1987
104 2484
105 2130
106 2130
107 1599
108 1379
109 2047
110 1987
111 1987
112 2453
113 1927
114 1987
115 1927
116 1987
117 1987
118 2496
119 2484
120 1927
121 1927
122 1987
123 2130
124 2314
125 1927
126 2064
127 2130
128 1927
129 1927
130 1987
131 2453
132 1305
133 2130
134 2284
135 2284
136 2496
137 2130
138 2130
139 2130
140 2248
141 2484
142 1987
143 2108
144 2064
145 2484
146 2284
147 2064
148 1379
149 1927
150 1305
151 1453
152 2078
153 2496
154 2064
155 2496
156 2248
157 1596
158 2496
159 2453
160 2484
161 2248
162 1379
163 2248
164 1596
165 2314
166 1927
167 1927
168 2496
169 1453
170 1927
171 1987
172 1596
173 2130
174 2314
175 2130
176 2484
177 1927
178 2064
179 2484
180 1453
181 1596
182 2496
183 2064
184 2484
185 2467
186 1927
187 2130
188 2130
189 2248
190 1833
191 1453
192 1833
193 2064
194 1596
195 2078
196 2248
197 1524
198 2496
199 1379
200 1596
201 1524
202 2248
203 2284
204 2314
205 2484
206 1927
207 1524
208 2484
209 2467
210 1596
211 1927
212 1453
213 1524
214 1453
215 1305
216 1596
217 2284
218 2130
219 1524
220 2314
221 2314
222 2453
223 1927
224 1596
225 1596
226 2064
227 2453
228 2064
229 1453
230 1927
231 2064
232 1596
233 1453
234 1305
235 2484
236 1453
237 2078
238 1987
239 1833
240 1305
241 2064
242 1596
243 2108
244 1453
245 1987
246 2484
247 1596
248 2130
249 2130
250 2130
251 1524
252 2284
253 1596
254 2064
255 2064
256 1524
257 1453
258 2484
259 2314
260 1453
261 1453
262 2484
263 2130
264 2484
265 2108
266 2130
267 2064
268 1453
269 2130
270 1453
271 1596
272 2078
273 2496
274 1379
275 2130
276 2284
277 2284
278 1596
279 2284
280 2108
281 2314
282 1305
283 1833
284 1927
285 2284
286 1927
287 1987
288 1927
289 1987
290 1927
291 2248
292 2496
293 2453
294 2314
295 2064
296 1833
297 2314
298 2496
299 2284
300 1305
301 2248
302 1596
303 2496
304 1524
305 2248
306 2130
307 2496
308 1833
309 1305
310 1453
311 1305
312 1453
313 1927
314 1987
315 2496
316 2064
317 2453
318 1453
319 2064
320 2484
321 2496
322 2064
323 2314
324 2130
325 2496
326 1987
327 1524
328 1927
329 1453
330 1987
331 1596
332 2064
333 2484
334 2453
335 1453
336 1927
337 2496
338 1599
339 1987
340 2284
341 1833
342 2064
343 1453
344 2047
345 1927
346 2130
347 2484
348 2314
349 1453
350 1927
351 1833
352 2496
353 2064
354 2496
355 2064
356 1305
357 2130
358 2130
359 2484
360 1599
361 2496
362 2453
363 1524
364 2496
365 2108
366 1596
367 1305
368 1453
369 1305
370 2484
371 1596
372 1927
373 2496
374 1927
375 2496
376 1596
377 2314
378 1599
379 1987
380 2248
381 1379
382 1524
383 2130
384 2314
385 1596
386 1833
387 1524
388 2064
389 2496
390 1524
391 1987
392 2078
393 2047
394 1786
395 1453
396 1453
397 2248
398 2130
399 2314
400 2284
401 1927
402 2078
403 1987
404 1305
405 1927
406 2130
407 1927
408 2484
409 2284
410 2078
411 2108
412 2078
413 1927
414 2130
415 2064
416 1987
417 2064
418 1453
419 1987
420 2064
421 1596
422 1596
423 1453
424 1596
425 1453
426 2484
427 2496
428 2108
429 2130
430 1987
431 1987
432 2453
433 1927
434 2484
435 1927
436 2484
437 2130
438 2130
439 2078
440 2108
441 2453
442 1987
443 2108
444 2496
445 1596
446 1987
447 2484
448 1524
449 1596
450 2078
451 1305
452 2496
453 2484
454 2130
455 1833
456 2248
457 2078
458 2496
459 1453
460 1987
461 1524
462 2078
463 2108
464 2484
465 1524
466 2130
467 2130
468 1453
469 1596
470 1596
471 2484
472 2496
473 2130
474 1379
475 1524
476 1927
477 1927
478 1927
479 1305
480 2453
481 2078
482 2248
483 2314
484 1833
485 1927
486 2314
487 2130
488 2064
489 1987
490 2496
491 1596
492 2496
493 1596
494 2314
495 1524
496 1987
497 2064
498 1305
499 2484
500 1305
501 1987
502 2064
503 2496
504 1927
505 2314
506 2484
507 2130
508 1453
509 2484
510 2130
511 2130
512 1927
513 2130
514 1453
515 2064
516 1305
517 1596
518 2130
519 2108
520 2467
521 1453
522 1305
523 1987
524 2496
525 1305
526 1987
527 1453
528 2248
529 2484
530 2496
531 1596
532 2064
533 2064
534 2064
535 1453
536 2064
537 1987
538 1987
539 1987
540 2130
541 1453
542 1379
543 1453
544 2484
545 2130
546 2314
547 2108
548 1987
549 1524
550 1833
551 1927
552 2496
553 2064
554 2078
555 2453
556 1833
557 2453
558 2130
559 2130
560 1596
561 2108
562 2130
563 1833
564 2496
565 1927
566 2130
567 2496
568 2484
569 1596
570 2130
571 1596
572 2078
573 1987
574 1987
575 2496
576 2078
577 1596
578 2130
579 1524
580 2484
581 1833
582 1987
583 2078
584 2484
585 1305
586 1305
587 1927
588 1927
589 1453
590 2484
591 2284
592 1833
593 2064
594 1927
595 2484
596 2078
597 2108
598 1524
599 1453
600 1927
601 1596
602 1987
603 1987
604 1596
605 1596
606 2496
607 1596
608 1833
609 2108
610 1927
611 2078
612 2130
613 2314
614 1987
615 1927
616 2314
617 2496
618 2484
619 2130
620 2108
621 2284
622 2484
623 2130
624 2496
625 2314
626 1453
627 1927
628 2064
629 1927
630 1596
631 2108
632 2453
633 1987
634 1305
635 1524
636 1453
637 2453
638 1927
639 2496
640 2248
641 1599
642 2284
643 2314
644 1453
645 2130
646 2078
647 2284
648 1596
649 1599
650 1833
651 1524
652 2453
653 1927
654 1596
655 2078
656 2064
657 2484
658 1596
659 2314
660 2484
661 2284
662 2314
663 1833
664 2284
665 1524
666 2496
667 2064
668 1833
669 1927
670 1987
671 2496
672 1987
673 1927
674 1453
675 2064
676 1453
677 2130
678 2130
679 1379
680 2284
681 1524
682 2064
683 1596
684 2064
685 2248
686 2130
687 2130
688 1599
689 1305
690 1987
691 1596
692 2314
693 1453
694 2047
695 1305
696 2496
697 1987
698 2130
699 1596
700 2314
701 1927
702 2248
703 2284
704 1524
705 2248
706 1524
707 2078
708 2064
709 1927
710 2496
711 2484
712 2130
713 2130
714 1596
715 2078
716 1927
717 2484
718 2064
719 2496
720 1596
721 1596
722 1833
723 1987
724 2484
725 2496
726 2284
727 1596
728 1987
729 1833
730 2130
731 2284
732 1833
733 1379
734 1453
735 1987
736 2130
737 1987
738 2484
739 2496
740 2496
741 1453
742 2064
743 1453
744 1987
745 2496
746 1305
747 1987
748 2484
749 1833
750 2108
751 2248
752 2248
753 2078
754 1524
755 1596
756 2496
757 2484
758 2130
759 1305
760 1524
761 1833
762 1599
763 1987
764 2284
765 2108
766 1987
767 2453
768 1596
769 1596
770 1596
771 1987
772 2108
773 2064
774 2064
775 1949
776 2130
777 1596
778 2108
779 1927
780 2484
781 2130
782 1596
783 2484
784 1596
785 1987
786 2130
787 2248
788 2130
789 1453
790 2496
791 2314
792 1927
793 1596
794 2108
795 1599
796 2314
797 1833
798 2496
799 2496
800 2284
801 1987
802 2130
803 2496
804 2314
805 2453
806 2130
807 2064
808 2284
809 2078
810 1987
811 1453
812 1524
813 1596
814 2108
815 1453
816 1927
817 1596
818 2248
819 2496
820 2130
821 2130
822 2496
823 1596
824 1305
825 2130
826 2314
827 2284
828 2078
829 2078
830 2314
831 2078
832 1596
833 2064
834 2496
835 1453
836 2453
837 1987
838 2130
839 1987
840 2047
841 2108
842 2130
843 2496
844 2496
845 2064
846 2496
847 2047
848 2047
849 2496
850 2284
851 1927
852 1524
853 1927
854 2484
855 2047
856 1927
857 2484
858 1596
859 1453
860 1453
861 1305
862 2284
863 2314
864 2496
865 2078
866 2130
867 1987
868 1379
869 1833
870 1453
871 1596
872 1599
873 2248
874 2130
875 2484
876 2496
877 1927
878 1987
879 1524
880 2064
881 2130
882 1833
883 1987
884 1596
885 2314
886 2314
887 1596
888 2130
889 2484
890 2064
891 2314
892 1596
893 2130
894 2064
895 2314
896 2108
897 1453
898 2314
899 2130
900 2064
901 2284
902 1596
903 1596
904 2130
905 1927
906 2064
907 2314
908 1596
909 2496
910 1453
911 1453
912 2130
913 2496
914 1596
915 2130
916 1453
917 2484
918 1599
919 2064
920 2130
921 1987
922 2130
923 1524
924 1453
925 2108
926 1305
927 1987
928 1524
929 1596
930 1987
931 1596
932 2078
933 2496
934 1524
935 1453
936 2130
937 1453
938 1927
939 2314
940 1524
941 2064
942 2314
943 2314
944 1927
945 1596
946 2496
947 1987
948 2314
949 1833
950 1524
951 1524
952 1596
953 1596
954 1927
955 1596
956 2284
957 1927
958 1596
959 1927
960 1524
961 2130
962 1927
963 2078
964 2314
965 1596
966 1379
967 2078
968 2064
969 2064
970 1987
971 1596
972 1453
973 1987
974 1927
975 1453
976 1524
977 2314
978 1453
979 1987
980 1927
981 2108
982 1453
983 2284
984 2484
985 2496
986 2496
987 1927
988 2284
989 1524
990 1833
991 1305
992 2064
993 2496
994 2453
995 2496
996 2130
997 1599
998 1524
999 1927
1000 2130
1001 2484
1002 1987
1003 2064
1004 2484
1005 2130
1006 1379
1007 2496
1008 1987
1009 1305
1010 2496
1011 1987
1012 2284
1013 1453
1014 1524
1015 2496
1016 1596
1017 2108
1018 1379
1019 1987
1020 2484
1021 2314
1022 1927
1023 2314
1024 1379
1025 1596
1026 1524
1027 1379
1028 2130
1029 1305
1030 1833
1031 1453
1032 2248
1033 2284
1034 2284
1035 2484
1036 1305
1037 1305
1038 2484
1039 1927
1040 2047
1041 2496
1042 2496
1043 2314
1044 1596
1045 1833
1046 2484
1047 2078
1048 2496
1049 1453
1050 2314
1051 1927
1052 1379
1053 1524
1054 2078
1055 2314
1056 2064
1057 2078
1058 2130
1059 1927
1060 1305
1061 1524
1062 1524
1063 1596
1064 2078
1065 1987
1066 2130
1067 2130
1068 1453
1069 1305
1070 2130
1071 1596
1072 1599
1073 1305
1074 2248
1075 1524
1076 2496
1077 1453
1078 2496
1079 2314
1080 2496
1081 1833
1082 1305
1083 2496
1084 2496
1085 2484
1086 2496
1087 1453
1088 1524
1089 1927
1090 1305
1091 2078
1092 2314
1093 2064
1094 2130
1095 2314
1096 1453
1097 1453
1098 1987
1099 2314
1100 1927
1101 1379
1102 1453
1103 2130
1104 2248
1105 2130
1106 2130
1107 2078
1108 2108
1109 1596
1110 1927
1111 2130
1112 1987
1113 1596
1114 1524
1115 1379
1116 2314
1117 1596
1118 1987
1119 2064
1120 1833
1121 2130
1122 2284
1123 1453
1124 2467
1125 2130
1126 2130
1127 1305
1128 1379
1129 2078
1130 2130
1131 1987
1132 2284
1133 1596
1134 1305
1135 1596
1136 1379
1137 2484
1138 2064
1139 1596
1140 2248
1141 2078
1142 1833
1143 1453
1144 1453
1145 2496
1146 2078
1147 1305
1148 1987
1149 1987
1150 2314
1151 2314
1152 1987
1153 2130
1154 2130
1155 2108
1156 2130
1157 1596
1158 1596
1159 2130
1160 2064
1161 2064
1162 1596
1163 2284
1164 2496
1165 1927
1166 2078
1167 2130
1168 1305
1169 1927
1170 2453
1171 2108
1172 2248
1173 1305
1174 2484
1175 1596
1176 1379
1177 1599
1178 2484
1179 1833
1180 1599
1181 2314
1182 2484
1183 1987
1184 2130
1185 1833
1186 2284
1187 2130
1188 2078
1189 2314
1190 2130
1191 1596
1192 1987
1193 1596
1194 1453
1195 1987
1196 2496
1197 2130
1198 2108
1199 1379
1200 1453
1201 2484
1202 2130
1203 1596
1204 2496
1205 1927
1206 2064
1207 1786
1208 1305
1209 1987
1210 2284
1211 1305
1212 2484
1213 1987
1214 1596
1215 1927
1216 1987
1217 1833
1218 1596
1219 1524
1220 2496
1221 1927
1222 1453
1223 1596
1224 2078
1225 1596
1226 1596
1227 2453
1228 2108
1229 2064
1230 1596
1231 2314
1232 1453
1233 2130
1234 1596
1235 2248
1236 2484
1237 1987
1238 1305
1239 1987
1240 1524
1241 1379
1242 2284
1243 1524
1244 1987
1245 2064
1246 1453
1247 2484
1248 2064
1249 2108
1250 1137
1251 771
1252 766
1253 356
1254 1207
1255 892
1256 775
1257 1129
1258 115
1259 47
1260 609
1261 1137
1262 766
1263 1129
1264 1005
1265 47
1266 746
1267 775
1268 47
1269 609
1270 609
1271 47
1272 17
1273 1137
1274 17
1275 1129
1276 892
1277 834
1278 1137
1279 766
1280 78
1281 606
1282 47
1283 771
1284 609
1285 981
1286 335
1287 1129
1288 999
1289 997
1290 698
1291 771
1292 115
1293 1005
1294 115
1295 698
1296 356
1297 775
1298 78
1299 1137
1300 771
1301 775
1302 766
1303 115
1304 766
1305 334
1306 749
1307 766
1308 997
1309 1129
1310 698
1311 609
1312 609
1313 698
1314 1129
1315 609
1316 606
1317 766
1318 606
1319 988
1320 1129
1321 1140
1322 834
1323 834
1324 1137
1325 1140
1326 771
1327 771
1328 771
1329 698
1330 1129
1331 335
1332 771
1333 892
1334 1129
1335 766
1336 981
1337 356
1338 766
1339 335
1340 335
1341 335
1342 1137
1343 47
1344 766
1345 997
1346 981
1347 47
1348 115
1349 698
1350 1137
1351 17
1352 1137
1353 335
1354 834
1355 771
1356 834
1357 606
1358 1140
1359 356
1360 981
1361 1129
1362 609
1363 17
1364 335
1365 115
1366 335
1367 609
1368 1005
1369 981
1370 115
1371 997
1372 1137
1373 771
1374 997
1375 997
1376 834
1377 335
1378 47
1379 766
1380 892
1381 609
1382 698
1383 356
1384 999
1385 335
1386 892
1387 698
1388 892
1389 766
1390 997
1391 892
1392 766
1393 1137
1394 766
1395 997
1396 999
1397 988
1398 47
1399 1140
1400 997
1401 1137
1402 771
1403 771
1404 1137
1405 47
1406 1129
1407 609
1408 1129
1409 1207
1410 997
1411 1005
1412 766
1413 47
1414 335
1415 47
1416 1129
1417 332
1418 999
1419 115
1420 771
1421 47
1422 834
1423 17
1424 981
1425 988
1426 997
1427 115
1428 775
1429 1129
1430 334
1431 892
1432 997
1433 1129
1434 47
1435 1129
1436 892
1437 1137
1438 766
1439 609
1440 997
1441 771
1442 1005
1443 1129
1444 766
1445 981
1446 999
1447 746
1448 47
1449 1137
1450 771
1451 47
1452 698
1454 17
1455 892
1456 47
1457 17
1458 609
1459 1129
1460 771
1461 892
1462 766
1463 335
1464 1137
1465 698
1466 335
1467 115
1468 356
1469 997
1470 115
1471 17
1472 1129
1473 771
1474 47
1475 771
1476 771
1477 698
1478 1129
1479 335
1480 335
1481 1005
1482 334
1483 997
1484 834
1485 47
1486 999
1487 609
1488 1137
1489 834
1490 606
1491 981
1492 834
1493 1137
1494 356
1495 834
1496 999
1497 335
1498 997
1499 17
1500 766
1501 771
1502 1137
1503 698
1504 78
1505 47
1506 997
1507 356
1508 766
1509 775
1510 1129
1511 698
1512 766
1513 1137
1514 698
1515 335
1516 115
1517 78
1518 988
1519 1207
1520 766
1521 698
1522 698
1523 1129
1524 609
1525 698
1526 606
1527 766
1528 609
1529 17
1530 771
1531 997
1532 115
1533 771
1534 335
1535 834
1536 892
1537 332
1538 1137
1539 997
1540 892
1541 997
1542 115
1543 47
1544 17
1545 997
1546 997
1547 997
1548 698
1549 997
1550 997
1551 47
1552 997
1553 892
1554 766
1555 1129
1556 606
1557 17
1558 609
1559 1137
1560 749
1561 609
1562 834
1563 892
1564 115
1565 997
1566 834
1567 1129
1568 115
1569 999
1570 115
1571 834
1572 892
1573 1140
1574 609
1575 698
1576 47
1577 698
1578 698
1579 698
1580 1129
1581 749
1582 356
1583 997
1584 775
1585 334
1586 115
1587 698
1588 771
1589 356
1590 17
1591 1129
1592 892
1593 332
1594 1137
1595 981
1597 698
1598 17
1600 997
1601 997
1602 775
1603 771
1604 988
1605 1137
1606 17
1607 981
1608 17
1609 356
1610 47
1611 17
1612 746
1613 892
1614 1140
1615 766
1616 115
1617 609
1618 698
1619 1129
1620 775
1621 834
1622 1129
1623 1129
1624 1140
1625 997
1626 1137
1627 766
1628 892
1629 771
1630 17
1631 997
1632 746
1633 999
1634 115
1635 115
1636 892
1637 78
1638 606
1639 997
1640 1129
1641 834
1642 892
1643 78
1644 17
1645 892
1646 997
1647 606
1648 47
1649 115
1650 115
1651 1140
1652 1129
1653 1129
1654 766
1655 766
1656 997
1657 1137
1658 609
1659 1140
1660 1005
1661 47
1662 1129
1663 771
1664 606
1665 892
1666 115
1667 1137
1668 1137
1669 892
1670 335
1671 988
1672 892
1673 1137
1674 1140
1675 1137
1676 47
1677 115
1678 997
1679 1129
1680 997
1681 1129
1682 17
1683 1137
1684 997
1685 356
1686 997
1687 1137
1688 115
1689 17
1690 78
1691 892
1692 771
1693 698
1694 1129
1695 834
1696 115
1697 997
1698 335
1699 698
1700 766
1701 335
1702 698
1703 698
1704 997
1705 892
1706 115
1707 698
1708 1005
1709 999
1710 1137
1711 698
1712 1137
1713 997
1714 356
1715 834
1716 1005
1717 335
1718 892
1719 47
1720 356
1721 335
1722 981
1723 698
1724 834
1725 1140
1726 335
1727 997
1728 749
1729 1005
1730 1129
1731 997
1732 892
1733 981
1734 115
1735 47
1736 766
1737 356
1738 1129
1739 606
1740 356
1741 609
1742 981
1743 115
1744 775
1745 834
1746 698
1747 775
1748 1137
1749 47
1750 892
1751 1005
1752 834
1753 1129
1754 1137
1755 335
1756 766
1757 997
1758 698
1759 1005
1760 892
1761 609
1762 746
1763 606
1764 356
1765 997
1766 746
1767 356
1768 997
1769 335
1770 1129
1771 698
1772 892
1773 335
1774 766
1775 766
1776 606
1777 1137
1778 47
1779 47
1780 47
1781 981
1782 771
1783 1137
1784 997
1785 775
1786 892
1787 47
1788 1137
1789 834
1790 1129
1791 775
1792 1129
1793 1207
1794 115
1795 356
1796 834
1797 115
1798 115
1799 1129
1800 771
1801 771
1802 1129
1803 1140
1804 775
1805 766
1806 766
1807 698
1808 1005
1809 1129
1810 981
1811 892
1812 47
1813 47
1814 771
1815 17
1816 47
1817 1137
1818 356
1819 17
1820 47
1821 698
1822 892
1823 115
1824 766
1825 771
1826 771
1827 834
1828 981
1829 834
1830 997
1831 997
1832 1137
1833 1129
1834 1129
1835 997
1836 334
1837 1129
1838 1140
1839 356
1840 335
1841 1005
1842 78
1843 981
1844 17
1845 981
1846 892
1847 771
1848 47
1849 17
1850 115
1851 834
1852 997
1853 609
1854 1137
1855 834
1856 334
1857 1137
1858 17
1859 1129
1860 892
1861 997
1862 1005
1863 746
1864 749
1865 609
1866 981
1867 766
1868 775
1869 771
1870 1129
1871 775
1872 834
1873 698
1874 698
1875 766
1876 1005
1877 1005
1878 78
1879 1129
1880 749
1881 1005
1882 892
1883 1140
1884 1129
1885 335
1886 1005
1887 997
1888 1129
1889 1005
1890 606
1891 1129
1892 335
1893 698
1894 335
1895 892
1896 766
1897 892
1898 1137
1899 1005
1900 775
1901 999
1902 892
1903 115
1904 335
1905 356
1906 746
1907 47
1908 356
1909 997
1910 17
1911 115
1912 609
1913 609
1914 1129
1915 698
1916 17
1917 698
1918 997
1919 988
1920 1129
1921 698
1922 766
1923 17
1924 892
1925 332
1926 115
1928 766
1929 775
1930 834
1931 47
1932 1137
1933 1137
1934 115
1935 356
1936 749
1937 1207
1938 766
1939 115
1940 78
1941 766
1942 609
1943 115
1944 766
1945 1129
1946 356
1947 775
1948 997
1949 606
1950 335
1951 1129
1952 981
1953 609
1954 115
1955 766
1956 749
1957 1137
1958 997
1959 1140
1960 771
1961 356
1962 609
1963 356
1964 1005
1965 892
1966 335
1967 356
1968 356
1969 698
1970 892
1971 335
1972 834
1973 115
1974 775
1975 332
1976 1129
1977 766
1978 335
1979 746
1980 609
1981 115
1982 834
1983 1137
1984 834
1985 834
1986 999
1988 771
1989 1129
1990 1137
1991 1129
1992 609
1993 47
1994 997
1995 1137
1996 332
1997 115
1998 766
1999 335
2000 335
2001 609
2002 47
2003 356
2004 47
2005 834
2006 771
2007 1140
2008 356
2009 981
2010 115
2011 892
2012 1129
2013 356
2014 698
2015 335
2016 834
2017 834
2018 335
2019 609
2020 115
2021 1137
2022 47
2023 698
2024 335
2025 1129
2026 356
2027 1137
2028 746
2029 892
2030 892
2031 609
2032 1129
2033 609
2034 47
2035 609
2036 17
2037 1005
2038 766
2039 698
2040 892
2041 698
2042 334
2043 892
2044 834
2045 834
2046 1137
2047 1005
2048 834
2049 335
2050 335
2051 698
2052 834
2053 749
2054 771
2055 771
2056 892
2057 698
2058 1129
2059 47
2060 997
2061 1137
2062 892
2063 892
2065 775
2066 609
2067 771
2068 115
2069 609
2070 698
2071 999
2072 746
2073 47
2074 698
2075 892
2076 609
2077 997
2079 766
2080 997
2081 775
2082 981
2083 1129
2084 332
2085 834
2086 746
2087 1129
2088 17
2089 115
2090 997
2091 698
2092 766
2093 997
2094 356
2095 698
2096 609
2097 609
2098 17
2099 115
2100 771
2101 609
2102 997
2103 1137
2104 698
2105 1137
2106 1137
2107 1129
2108 892
2109 332
2110 981
2111 47
2112 1129
2113 892
2114 17
2115 907
2116 834
2117 997
2118 1137
2119 775
2120 1129
2121 115
2122 834
2123 698
2124 47
2125 766
2126 335
2127 999
2128 335
2129 115
2131 47
2132 1137
2133 766
2134 766
2135 834
2136 892
2137 892
2138 356
2139 892
2140 766
2141 997
2142 78
2143 698
2144 775
2145 1137
2146 981
2147 698
2148 771
2149 1005
2150 1005
2151 335
2152 766
2153 997
2154 335
2155 115
2156 335
2157 1140
2158 766
2159 766
2160 771
2161 999
2162 335
2163 1137
2164 115
2165 981
2166 356
2167 892
2168 775
2169 698
2170 766
2171 1137
2172 356
2173 1137
2174 1005
2175 1129
2176 997
2177 775
2178 834
2179 335
2180 1140
2181 17
2182 766
2183 1137
2184 834
2185 1005
2186 834
2187 1137
2188 115
2189 698
2190 999
2191 766
2192 47
2193 115
2194 892
2195 834
2196 609
2197 834
2198 47
2199 1129
2200 335
2201 892
2202 1137
2203 771
2204 1129
2205 1137
2206 17
2207 47
2208 834
2209 1129
2210 1137
2211 115
2212 834
2213 1005
2214 17
2215 606
2216 115
2217 766
2218 78
2219 609
2220 892
2221 335
2222 771
2223 609
2224 609
2225 1137
2226 1137
2227 1140
2228 834
2229 771
2230 1137
2231 335
2232 115
2233 1129
2234 997
2235 1129
2236 115
2237 746
2238 1137
2239 698
2240 1137
2241 47
2242 999
2243 834
2244 1129
2245 834
2246 698
2247 1129
2248 766
2249 981
2250 1137
2251 1140
2252 1137
2253 17
2254 1137
2255 609
2256 749
2257 609
2258 834
2259 766
2260 115
2261 1129
2262 997
2263 356
2264 47
2265 892
2266 834
2267 47
2268 17
2269 1137
2270 771
2271 1005
2272 17
2273 698
2274 775
2275 698
2276 1137
2277 17
2278 834
2279 78
2280 749
2281 892
2282 771
2283 332
2284 1129
2285 78
2286 771
2287 334
2288 698
2289 115
2290 766
2291 771
2292 698
2293 1005
2294 1129
2295 771
2296 1137
2297 997
2298 746
2299 834
2300 609
2301 17
2302 1137
2303 335
2304 834
2305 356
2306 766
2307 746
2308 335
2309 746
2310 335
2311 1137
2312 609
2313 609
2314 997
2315 999
2316 892
2317 775
2318 746
2319 1140
2320 834
2321 115
2322 115
2323 1129
2324 698
2325 17
2326 997
2327 766
2328 17
2329 356
2330 1140
2331 997
2332 981
2333 115
2334 766
2335 698
2336 771
2337 766
2338 698
2339 1005
2340 834
2341 892
2342 892
2343 1129
2344 1129
2345 892
2346 766
2347 609
2348 775
2349 115
2350 892
2351 1005
2352 1137
2353 698
2354 1137
2355 609
2356 1129
2357 17
2358 997
2359 1129
2360 698
2361 356
2362 698
2363 1207
2364 335
2365 115
2366 17
2367 749
2368 1129
2369 997
2370 1005
2371 698
2372 115
2373 115
2374 746
2375 997
2376 834
2377 1137
2378 981
2379 115
2380 115
2381 834
2382 1137
2383 698
2384 609
2385 47
2386 746
2387 981
2388 771
2389 47
2390 115
2391 47
2392 771
2393 1137
2394 775
2395 698
2396 609
2397 834
2398 1137
2399 47
2400 997
2401 997
2402 766
2403 47
2404 698
2405 981
2406 746
2407 775
2408 775
2409 999
2410 1137
2411 335
2412 771
2413 771
2414 115
2415 356
2416 609
2417 834
2418 775
2419 606
2420 115
2421 335
2422 997
2423 997
2424 892
2425 1137
2426 1005
2427 609
2428 834
2429 981
2430 766
2431 356
2432 1137
2433 988
2434 609
2435 356
2436 775
2437 1137
2438 1129
2439 356
2440 115
2441 749
2442 698
2443 47
2444 115
2445 1137
2446 997
2447 771
2448 1129
2449 834
2450 1137
2451 771
2452 988
2453 1137
2454 115
2455 771
2456 892
2457 997
2458 115
2459 356
2460 1005
2461 356
2462 1129
2463 47
2464 698
2465 766
2466 1129
2467 356
2468 356
2469 997
2470 834
2471 1137
2472 771
2473 17
2474 1129
2475 698
2476 1129
2477 997
2478 749
2479 997
2480 775
2481 115
2482 1137
2483 698
2485 981
2486 47
2487 999
2488 1137
2489 775
2490 1129
2491 1137
2492 1137
2493 892
2494 332
2495 1129
2497 609
2498 356
2499 1129
173367.389023385
