1250
0 2114
1 2243
2 1880
3 1885
4 1975
5 1754
6 1881
7 1823
8 2225
9 2275
10 2228
11 2011
12 2227
13 2183
14 1756
15 2249
16 1761
17 1272
18 1957
19 1400
20 2424
21 1332
22 1331
23 1616
24 1817
25 1718
26 1985
27 2100
28 1804
29 1790
30 1958
31 2016
32 1304
33 2281
34 2440
35 1971
36 1687
37 1291
38 1836
39 2353
40 2326
41 1684
42 1772
43 1418
44 1835
45 2393
46 2271
47 1820
48 1632
49 2060
50 2117
51 2058
52 1982
53 2089
54 2162
55 1494
56 1619
57 2304
58 2278
59 1324
60 1498
61 1544
62 1993
63 1452
64 1578
65 2235
66 1591
67 1372
68 1954
69 2374
70 1535
71 2244
72 2211
73 1649
74 1384
75 1576
76 1608
77 1752
78 1643
79 1976
80 1915
81 1305
82 2450
83 1379
84 1807
85 1679
86 2352
87 1926
88 1393
89 2277
90 2054
91 1841
92 2292
93 2254
94 2329
95 2113
96 1561
97 1352
98 2260
99 1621
100 2391
101 2242
102 1507
103 1593
104 2145
105 1917
106 2347
107 2401
108 1462
109 2047
110 1775
111 1590
112 1513
113 2333
114 1782
115 1542
116 1307
117 2451
118 1495
119 1757
120 2190
121 1584
122 1627
123 1577
124 1948
125 2155
126 2286
127 2434
128 1316
129 2315
130 1420
131 1437
132 1967
133 1711
134 1809
135 1951
136 1740
137 2130
138 1873
139 1514
140 2204
141 2105
142 2109
143 1952
144 1813
145 1801
146 1287
147 1735
148 1317
149 1981
150 1585
151 1721
152 1499
153 2045
154 1378
155 1872
156 2306
157 2493
158 2135
159 1979
160 1541
161 2152
162 1955
163 1941
164 2345
165 1547
166 2274
167 1791
168 1946
169 1894
170 2348
171 1749
172 1276
173 2216
174 2059
175 2101
176 1667
177 1986
178 1405
179 2046
180 2024
181 2316
182 2044
183 2403
184 1464
185 2340
186 1428
187 1503
188 1575
189 1454
190 1622
191 2303
192 1870
193 2073
194 1970
195 1834
196 1325
197 1336
198 2197
199 1838
200 1705
201 1524
202 1606
203 1671
204 2262
205 2484
206 1677
207 1407
208 1657
209 1714
210 2466
211 2013
212 1365
213 1458
214 1463
215 1777
216 1860
217 2284
218 1313
219 1574
220 2124
221 1656
222 2021
223 2481
224 1536
225 1919
226 2064
227 2287
228 2004
229 1773
230 1634
231 1661
232 2083
233 1797
234 1796
235 1748
236 2349
237 2087
238 1512
239 1738
240 2361
241 1583
242 1455
243 1491
244 2068
245 2282
246 2445
247 1386
248 2126
249 1969
250 2464
251 2123
252 1309
253 1459
254 2207
255 1271
256 1853
257 2372
258 1783
259 2264
260 2221
261 2050
262 1898
263 2416
264 1410
265 2033
266 2300
267 1768
268 2018
269 2185
270 2420
271 2341
272 1361
273 2496
274 2465
275 1751
276 1604
277 1433
278 1645
279 2495
280 2146
281 1413
282 1906
283 2473
284 1900
285 2233
286 1939
287 2182
288 2161
289 1826
290 1486
291 2214
292 1763
293 2410
294 1456
295 1551
296 2356
297 1545
298 1562
299 2476
300 1863
301 2388
302 2043
303 2428
304 2097
305 2181
306 1964
307 1582
308 2330
309 1856
310 1794
311 1932
312 1515
313 2193
314 1262
315 1930
316 1450
317 2311
318 1353
319 1485
320 2238
321 2215
322 1259
323 1625
324 1921
325 1322
326 1806
327 1962
328 1650
329 2411
330 1896
331 1280
332 2283
333 1990
334 1430
335 2015
336 1348
337 1947
338 1780
339 2125
340 2025
341 2098
342 1816
343 1696
344 2324
345 1446
346 2039
347 1818
348 1995
349 2308
350 1734
351 1659
352 1609
353 1925
354 2376
355 1918
356 1296
357 1893
358 2371
359 1350
360 1426
361 1720
362 2320
363 2143
364 2381
365 2056
366 1837
367 2138
368 1453
369 1376
370 1857
371 1764
372 1911
373 2386
374 1509
375 2431
376 1924
377 1501
378 2479
379 1987
380 1320
381 1394
382 1992
383 1702
384 1601
385 2272
386 1651
387 1270
388 1779
389 2480
390 1311
391 1403
392 2053
393 2339
394 1786
395 1427
396 1706
397 1557
398 1771
399 2163
400 1891
401 2164
402 1662
403 2336
404 1337
405 2177
406 1290
407 2408
408 2269
409 1652
410 1478
411 1658
412 1728
413 1256
414 2426
415 1615
416 2412
417 1931
418 2310
419 2148
420 2203
421 1461
422 1733
423 1997
424 2279
425 2444
426 1594
427 1357
428 2009
429 1862
430 1374
431 2337
432 1447
433 1929
434 2369
435 1288
436 2375
437 1669
438 2000
439 2209
440 1942
441 1683
442 1402
443 2066
444 1695
445 1922
446 2134
447 2072
448 1746
449 2194
450 2366
451 1686
452 2168
453 1861
454 1707
455 2251
456 1351
457 1859
458 2449
459 1877
460 1283
461 1369
462 1429
463 1436
464 1788
465 2355
466 1699
467 2174
468 2149
469 2220
470 1914
471 1371
472 1745
473 1377
474 1363
475 1312
476 2409
477 2236
478 1303
479 1908
480 2437
481 2247
482 2328
483 2077
484 2007
485 2365
486 1308
487 2421
488 2469
489 2079
490 2026
491 1360
492 1855
493 1409
494 2061
495 1865
496 1814
497 1907
498 1854
499 1273
500 2471
501 2217
502 1355
503 1827
504 1871
505 1531
506 1851
507 2169
508 1414
509 1449
510 1781
511 1886
512 1297
513 1340
514 1370
515 1347
516 2435
517 2456
518 1558
519 2030
520 2467
521 1698
522 2298
523 2222
524 2003
525 1762
526 2291
527 1467
528 2357
529 1299
530 1422
531 2398
532 1395
533 1848
534 2457
535 1419
536 1417
537 1847
538 1326
539 1373
540 1538
541 1466
542 1644
543 1516
544 2482
545 2442
546 2297
547 2082
548 2175
549 1439
550 2256
551 1396
552 1647
553 2006
554 1945
555 1983
556 1321
557 2425
558 2037
559 1387
560 1742
561 2139
562 1534
563 1423
564 1961
565 1570
566 2070
567 1281
568 1646
569 1637
570 2095
571 1760
572 1471
573 2399
574 1869
575 2052
576 2490
577 1613
578 2383
579 2497
580 1493
581 1682
582 1338
583 1864
584 2276
585 1972
586 2187
587 2414
588 2322
589 1966
590 1250
591 1314
592 2478
593 2198
594 2010
595 2173
596 2112
597 2429
598 2257
599 1769
600 1785
601 1255
602 2160
603 1533
604 2075
605 1553
606 1664
607 1940
608 1936
609 1953
610 2188
611 2448
612 1521
613 1697
614 1977
615 2394
616 2400
617 1354
618 2354
619 2460
620 2110
621 1888
622 2263
623 1411
624 1277
625 1680
626 2020
627 2487
628 1300
629 2127
630 1391
631 2405
632 1266
633 1302
634 2008
635 2427
636 2458
637 1675
638 1744
639 1949
640 1867
641 1599
642 1443
643 1432
644 1701
645 2395
646 2120
647 1555
648 1879
649 1550
650 1920
651 1295
652 2382
653 1301
654 1358
655 2032
656 2241
657 1626
658 2384
659 2103
660 2022
661 1642
662 2358
663 1624
664 1959
665 1329
666 1641
667 2090
668 2088
669 1739
670 2038
671 1767
672 1527
673 2129
674 2231
675 1537
676 2380
677 1912
678 1726
679 1655
680 2474
681 1618
682 1603
683 2363
684 1663
685 1849
686 1716
687 2293
688 2153
689 2230
690 1554
691 2285
692 1639
693 1670
694 1729
695 2086
696 1776
697 1438
698 2074
699 1727
700 1345
701 1927
702 1938
703 1799
704 2001
705 1275
706 2255
707 1334
708 2192
709 1935
710 1890
711 1474
712 1286
713 2252
714 1672
715 1792
716 1747
717 1852
718 2131
719 1715
720 1399
721 1732
722 1630
723 2472
724 2202
725 1795
726 1694
727 1298
728 1328
729 1408
730 2213
731 1690
732 2280
733 1819
734 1840
735 1508
736 1522
737 1530
738 1933
739 2470
740 2419
741 1341
742 1996
743 2099
744 1252
745 2166
746 2307
747 1389
748 1261
749 1581
750 1424
751 1844
752 1611
753 2078
754 1563
755 2063
756 2212
757 1342
758 2104
759 2302
760 2196
761 2107
762 1994
763 2447
764 1425
765 1937
766 1335
767 2027
768 1596
769 2219
770 2294
771 2455
772 1828
773 1448
774 1343
775 1974
776 1691
777 2137
778 1260
779 1635
780 1605
781 2076
782 1730
783 2205
784 1793
785 1344
786 1382
787 2268
788 1758
789 2179
790 2258
791 2446
792 1709
793 1910
794 2224
795 1784
796 2118
797 1833
798 2005
799 2119
800 1388
801 2402
802 1367
803 2017
804 1719
805 1404
806 1703
807 1610
808 2344
809 1306
810 1736
811 1479
812 1579
813 1965
814 1431
815 1999
816 1868
817 1614
818 1944
819 1318
820 2246
821 2051
822 1566
823 1846
824 2305
825 2422
826 2314
827 1640
828 1991
829 1510
830 2176
831 1875
832 1504
833 2463
834 1789
835 1385
836 2453
837 2430
838 1528
839 1588
840 1293
841 1722
842 1821
843 2407
844 2266
845 1434
846 1526
847 1876
848 2023
849 2397
850 1653
851 1470
852 1741
853 1973
854 2461
855 2360
856 1556
857 1482
858 1380
859 2364
860 1950
861 2226
862 1330
863 1552
864 2186
865 2036
866 1548
867 1923
868 1928
869 1529
870 1292
871 1254
872 2331
873 2157
874 1693
875 2250
876 2184
877 1602
878 1441
879 2019
880 1600
881 2335
882 2012
883 1476
884 1665
885 1543
886 1909
887 2040
888 2057
889 1559
890 1812
891 1887
892 2201
893 1442
894 1704
895 1546
896 1285
897 2151
898 1375
899 1808
900 1398
901 2218
902 1815
903 1989
904 1465
905 1489
906 1483
907 2115
908 2029
909 1267
910 2154
911 2370
912 2049
913 2178
914 1842
915 2417
916 1339
917 1712
918 1505
919 1787
920 2404
921 1500
922 1587
923 1445
924 2200
925 1866
926 2042
927 1805
928 1381
929 2062
930 2092
931 1681
932 2319
933 2065
934 1617
935 1943
936 1899
937 1755
938 2489
939 1289
940 2096
941 1327
942 2389
943 1390
944 1798
945 1333
946 2195
947 1960
948 2111
949 1858
950 2396
951 1362
952 1628
953 1592
954 2245
955 1883
956 1518
957 1666
958 1882
959 1496
960 2069
961 2147
962 1258
963 2261
964 1539
965 1811
966 2253
967 1472
968 1629
969 1451
970 1988
971 2165
972 1368
973 1251
974 1620
975 1532
976 1845
977 2486
978 1892
979 1692
980 2309
981 2378
982 2390
983 1770
984 2488
985 1984
986 1356
987 2379
988 1397
989 1980
990 2441
991 1383
992 1475
993 1829
994 1612
995 2028
996 1889
997 1765
998 2189
999 1569
1000 1723
1001 2132
1002 2392
1003 1268
1004 1502
1005 1759
1006 1689
1007 2436
1008 2159
1009 2459
1010 2081
1011 1700
1012 1435
1013 1903
1014 2035
1015 1901
1016 1778
1017 1487
1018 1520
1019 2229
1020 2492
1021 1265
1022 1638
1023 2477
1024 2158
1025 2342
1026 1346
1027 1444
1028 1480
1029 1737
1030 2343
1031 1978
1032 2325
1033 1406
1034 2438
1035 1440
1036 2106
1037 2172
1038 2240
1039 1633
1040 2351
1041 2468
1042 2208
1043 2093
1044 2142
1045 1753
1046 1468
1047 2327
1048 2122
1049 1481
1050 1831
1051 2144
1052 2334
1053 1315
1054 2499
1055 1731
1056 1469
1057 2367
1058 1349
1059 2121
1060 1359
1061 2223
1062 2313
1063 2433
1064 1884
1065 2084
1066 1264
1067 1366
1068 2321
1069 2498
1070 2332
1071 1517
1072 2141
1073 1766
1074 2248
1075 2312
1076 2418
1077 1743
1078 1724
1079 1549
1080 2299
1081 2180
1082 1589
1083 1484
1084 1323
1085 2210
1086 1685
1087 2128
1088 2031
1089 1586
1090 1839
1091 2199
1092 1676
1093 1415
1094 1874
1095 1631
1096 1934
1097 1364
1098 1460
1099 1678
1100 2071
1101 1392
1102 1688
1103 2288
1104 2259
1105 2362
1106 1511
1107 1560
1108 2108
1109 2485
1110 1490
1111 1660
1112 1279
1113 2167
1114 1810
1115 1824
1116 1506
1117 1750
1118 2413
1119 2443
1120 1274
1121 1310
1122 2359
1123 1497
1124 2237
1125 2150
1126 2338
1127 2048
1128 2290
1129 1802
1130 2041
1131 2346
1132 1878
1133 2452
1134 1968
1135 2323
1136 2191
1137 1488
1138 2494
1139 1897
1140 1674
1141 1573
1142 1725
1143 1717
1144 1294
1145 2116
1146 1263
1147 2377
1148 1473
1149 1412
1150 2234
1151 2423
1152 1800
1153 1597
1154 1708
1155 1284
1156 1913
1157 1895
1158 2206
1159 1477
1160 2002
1161 1282
1162 1822
1163 2368
1164 1492
1165 2373
1166 1623
1167 1713
1168 2094
1169 1571
1170 1668
1171 1269
1172 2133
1173 1963
1174 1401
1175 1902
1176 1457
1177 2385
1178 2406
1179 1803
1180 1565
1181 1830
1182 2171
1183 1598
1184 2014
1185 1916
1186 1319
1187 2091
1188 1523
1189 2102
1190 2483
1191 1595
1192 2140
1193 2350
1194 1568
1195 2295
1196 2085
1197 2454
1198 2136
1199 2170
1200 1904
1201 1673
1202 2080
1203 1540
1204 2318
1205 1850
1206 1648
1207 1519
1208 1253
1209 1998
1210 1257
1211 2415
1212 2491
1213 2067
1214 2462
1215 2317
1216 1654
1217 1956
1218 1572
1219 2273
1220 2439
1221 1564
1222 2289
1223 2296
1224 1416
1225 1636
1226 1843
1227 1832
1228 2387
1229 2034
1230 1580
1231 2432
1232 2232
1233 2475
1234 2265
1235 2301
1236 1710
1237 1774
1238 1905
1239 2270
1240 1525
1241 2055
1242 1567
1243 2239
1244 1825
1245 1421
1246 2156
1247 1278
1248 2267
1249 1607
89208.349162697
