1467
0 1454
1 2467
2 2359
3 1677
4 2079
5 1967
6 2460
7 1365
8 1605
9 2123
10 2212
11 1924
12 1274
13 2187
14 1460
15 1436
16 2001
17 1335
18 1632
19 2124
20 1388
21 1869
22 2128
23 1616
24 2105
25 1260
26 2116
27 1993
28 1281
29 1517
30 1374
31 1621
32 1624
33 1742
34 2321
35 1726
36 1712
37 2012
38 1687
39 2460
40 1656
41 1731
42 2345
43 2010
44 2237
45 1933
46 2149
47 2422
48 2028
49 1483
50 2369
51 1330
52 2228
53 2372
54 2200
55 2381
56 1519
57 1905
58 2045
59 1832
60 1852
61 1955
62 2385
63 2275
64 2213
65 1884
66 1591
67 2046
68 2315
69 2377
70 2496
71 2279
72 1532
73 2193
74 1370
75 1648
76 2301
77 2178
78 2201
79 2142
80 1313
81 1422
82 2410
83 1611
84 2360
85 1519
86 2276
87 1939
88 1305
89 2098
90 1756
91 1751
92 2362
93 2163
94 2042
95 2424
96 1381
97 1675
98 1584
99 1316
100 1545
101 1934
102 1322
103 1824
104 1493
105 2057
106 2196
107 1631
108 1412
109 1411
110 1615
111 1833
112 1430
113 1666
114 1262
115 1542
116 2430
117 2291
118 1739
119 2446
120 1981
121 1688
122 2413
123 1711
124 1684
125 2188
126 1485
127 2143
128 2348
129 1301
130 2181
131 1372
132 2230
133 1577
134 2452
135 1793
136 2299
137 2464
138 2070
139 2475
140 2253
141 1710
142 1824
143 1952
144 2389
145 1673
146 1790
147 2486
148 2346
149 1365
150 1612
151 2364
152 1991
153 2122
154 1505
155 1571
156 1910
157 1607
158 1602
159 1856
160 1546
161 1471
162 1955
163 1815
164 1276
165 1830
166 1647
167 2144
168 2048
169 2349
170 2242
171 2078
172 2345
173 1698
174 1565
175 2096
176 1668
177 2164
178 1749
179 1754
180 2303
181 2167
182 2195
183 2034
184 2382
185 1851
186 1496
187 2273
188 1503
189 2036
190 1320
191 1950
192 1859
193 1413
194 1895
195 2058
196 1844
197 1270
198 2419
199 1977
200 1665
201 1980
202 2325
203 1878
204 2254
205 2496
206 2089
207 2416
208 1488
209 1494
210 1592
211 1927
212 2018
213 1962
214 2154
215 1836
216 1461
217 2448
218 1915
219 2255
220 1400
221 2326
222 2425
223 2193
224 1722
225 2110
226 1816
227 1854
228 2463
229 1670
230 1823
231 2034
232 2146
233 1726
234 1337
235 1437
236 1479
237 2247
238 2222
239 2175
240 2459
241 1469
242 2066
243 2136
244 2231
245 2336
246 1898
247 1553
248 1877
249 1758
250 1442
251 1362
252 1518
253 2066
254 2002
255 1610
256 2196
257 1734
258 1324
259 1784
260 2179
261 1366
262 1299
263 1703
264 2484
265 1528
266 2292
267 1931
268 1706
269 1699
270 2414
271 1553
272 1478
273 1949
274 1977
275 2271
276 1822
277 1280
278 2167
279 1555
280 1536
281 2477
282 2435
283 2301
284 2190
285 2075
286 1954
287 2133
288 1634
289 1847
290 2408
291 1363
292 2135
293 1482
294 2102
295 2207
296 1275
297 2077
298 2208
299 1653
300 2013
301 1928
302 1563
303 1785
304 1865
305 1590
306 1618
307 1562
308 1408
309 2183
310 1794
311 1979
312 2126
313 2420
314 1824
315 1253
316 1432
317 1683
318 1286
319 1417
320 1863
321 1900
322 1415
323 1531
324 1807
325 2003
326 1500
327 1458
328 1635
329 1339
330 1998
331 2194
332 2455
333 1667
334 2296
335 2421
336 2380
337 2489
338 2022
339 1302
340 2462
341 2301
342 1820
343 1721
344 2049
345 1709
346 1893
347 2445
348 2141
349 1823
350 1798
351 2356
352 1484
353 1421
354 1354
355 1550
356 1296
357 1597
358 2074
359 2145
360 2423
361 2266
362 1714
363 2288
364 2243
365 2485
366 1604
367 1609
368 1341
369 1740
370 2103
371 1927
372 2216
373 2085
374 2480
375 1507
376 1895
377 1498
378 1543
379 1927
380 2253
381 2038
382 2196
383 2189
384 2153
385 2316
386 1644
387 1912
388 2124
389 1297
390 2347
391 1351
392 2499
393 2460
394 1519
395 1997
396 2018
397 1630
398 2475
399 2176
400 1888
401 2333
402 1652
403 1554
404 2026
405 2440
406 1899
407 1564
408 2250
409 2247
410 1361
411 2040
412 1510
413 1947
414 1808
415 2084
416 2109
417 1692
418 2231
419 1537
420 1576
421 1276
422 1540
423 2364
424 1645
425 1769
426 1502
427 1776
428 1845
429 2149
430 2496
431 2158
432 2437
433 1791
434 2250
435 1570
436 2262
437 1917
438 2395
439 1976
440 1445
441 1932
442 1389
443 2378
444 1724
445 1596
446 2259
447 1342
448 2001
449 1613
450 2438
451 1946
452 2480
453 1594
454 2041
455 1792
456 1272
457 2209
458 2228
459 2231
460 2064
461 2223
462 2235
463 2249
464 1817
465 1290
466 1862
467 2041
468 1889
469 2456
470 1391
471 2240
472 1492
473 1708
474 2214
475 1445
476 2418
477 2390
478 2129
479 1359
480 1447
481 2233
482 2088
483 1861
484 2343
485 1568
486 2234
487 1881
488 1704
489 1355
490 2470
491 2009
492 2470
493 1431
494 1639
495 2396
496 1300
497 2385
498 2003
499 2238
500 1468
501 1252
502 1960
503 2245
504 2161
505 1625
506 1968
507 2095
508 1480
509 2138
510 1579
511 1368
512 2155
513 2174
514 2099
515 2006
516 2439
517 2345
518 1525
519 1860
520 2329
521 2000
522 1762
523 1512
524 2431
525 2415
526 1529
527 1717
528 1338
529 1449
530 2245
531 1453
532 1778
533 1996
534 1676
535 1696
536 2391
537 1603
538 1326
539 1988
540 1921
541 1885
542 1444
543 1726
544 2491
545 1310
546 2117
547 2035
548 1941
549 2312
550 1651
551 1973
552 2065
553 1347
554 2007
555 1898
556 2478
557 1605
558 2213
559 2051
560 1669
561 2063
562 1729
563 1923
564 2016
565 2458
566 1873
567 2376
568 1401
569 1895
570 2246
571 2137
572 2180
573 1379
574 2465
575 2320
576 1837
577 1336
578 1349
579 2384
580 2106
581 1682
582 2277
583 1257
584 2352
585 1872
586 2298
587 1516
588 1903
589 1726
590 1513
591 1409
592 1321
593 1678
594 1418
595 2115
596 1478
597 1669
598 2001
599 2364
600 2480
601 1965
602 1283
603 1922
604 1424
605 2113
606 1974
607 2387
608 2053
609 1913
610 1797
611 1681
612 1716
613 1748
614 1736
615 1318
616 1308
617 2195
618 2171
619 1876
620 1455
621 1888
622 1983
623 2150
624 2245
625 1995
626 1950
627 2089
628 1426
629 2317
630 2167
631 2332
632 2302
633 1826
634 1337
635 1992
636 2232
637 2202
638 1871
639 1357
640 1844
641 1768
642 1254
643 1483
644 1894
645 2460
646 1770
647 1694
648 1897
649 1948
650 1674
651 2031
652 1352
653 2274
654 1786
655 1891
656 1779
657 2496
658 1487
659 1350
660 1305
661 1406
662 1727
663 1560
664 1690
665 2019
666 1963
667 2034
668 1803
669 2071
670 2152
671 1984
672 1533
673 2379
674 1479
675 2059
676 2310
677 1477
678 1876
679 1544
680 1287
681 2001
682 2006
683 1705
684 2385
685 2473
686 1340
687 2014
688 1831
689 1967
690 1520
691 1846
692 1757
693 1773
694 1377
695 2008
696 2228
697 1462
698 2074
699 2371
700 2103
701 1911
702 2114
703 1793
704 1315
705 1819
706 1574
707 2368
708 1787
709 1949
710 2258
711 1305
712 2221
713 2047
714 1563
715 1870
716 1569
717 2453
718 2479
719 1804
720 1524
721 1718
722 1624
723 2286
724 2471
725 1829
726 1940
727 1846
728 1925
729 1622
730 2037
731 1878
732 2330
733 1867
734 1480
735 1302
736 2246
737 1588
738 2410
739 1752
740 2243
741 2015
742 2198
743 1734
744 2402
745 2340
746 2307
747 1473
748 2450
749 1730
750 1595
751 1606
752 1875
753 1753
754 2033
755 1750
756 2228
757 1712
758 1771
759 2305
760 1693
761 1859
762 1308
763 2306
764 1518
765 2069
766 1922
767 1464
768 1524
769 1407
770 1431
771 2455
772 1285
773 1265
774 1787
775 1974
776 2169
777 2029
778 1255
779 1258
780 2354
781 1917
782 1524
783 2163
784 1380
785 2159
786 2039
787 1614
788 2143
789 1364
790 1855
791 1506
792 1966
793 2284
794 2076
795 1918
796 1250
797 2251
798 1323
799 1316
800 1793
801 2229
802 2353
803 1509
804 1549
805 1957
806 2460
807 1812
808 1309
809 2120
810 1824
811 1892
812 1558
813 1519
814 2101
815 1466
816 1868
817 2405
818 2346
819 2017
820 2041
821 1707
822 1695
823 2082
824 1737
825 2047
826 1599
827 1637
828 1433
829 2032
830 1541
831 1567
832 1628
833 2004
834 1789
835 1904
836 2094
837 1307
838 1329
839 1530
840 2411
841 1691
842 1264
843 2168
844 2243
845 1780
846 1763
847 2460
848 1481
849 2428
850 2285
851 1301
852 1587
853 1396
854 1404
855 2460
856 1348
857 1777
858 1902
859 1950
860 1294
861 1906
862 1809
863 1289
864 1277
865 1738
866 1295
867 1454
868 2214
869 1358
870 1497
871 2342
872 1375
873 1317
874 2091
875 1278
876 1556
877 1586
878 1663
879 2196
880 1395
881 1452
882 1598
883 2412
884 2139
885 1345
886 1371
887 2341
888 2339
889 2432
890 2469
891 1765
892 2167
893 1840
894 2283
895 1783
896 1866
897 1701
898 1583
899 1578
900 2443
901 2363
902 2108
903 1671
904 2023
905 2321
906 2401
907 2080
908 2063
909 1900
910 1999
911 2024
912 2324
913 1715
914 1613
915 2047
916 2414
917 2118
918 1456
919 1448
920 1807
921 1394
922 1452
923 1741
924 1877
925 1810
926 2488
927 1627
928 2097
929 2424
930 1896
931 2429
932 1523
933 2215
934 1312
935 2303
936 2041
937 1670
938 1649
939 1780
940 1367
941 1782
942 1958
943 2400
944 2333
945 2424
946 2044
947 2248
948 2457
949 2280
950 1458
951 1617
952 1254
953 2281
954 1446
955 1833
956 1425
957 2333
958 2424
959 2409
960 1445
961 1521
962 1943
963 1334
964 2314
965 1572
966 1944
967 1443
968 1398
969 1994
970 1373
971 1843
972 2213
973 1450
974 1638
975 1331
976 1761
977 1686
978 1479
979 1848
980 1949
981 1953
982 2020
983 1970
984 2105
985 1664
986 2197
987 1288
988 2201
989 2219
990 1956
991 2461
992 1907
993 1566
994 1585
995 1356
996 1711
997 1713
998 2434
999 2440
1000 1329
1001 1250
1002 1251
1003 1268
1004 2311
1005 1759
1006 2325
1007 2081
1008 1423
1009 1372
1010 2436
1011 1975
1012 1319
1013 1339
1014 1369
1015 1744
1016 1524
1017 2300
1018 1977
1019 1328
1020 2061
1021 1565
1022 1620
1023 1830
1024 2337
1025 2493
1026 2035
1027 1304
1028 1414
1029 1383
1030 2107
1031 2213
1032 1689
1033 1799
1034 1397
1035 2205
1036 2287
1037 2028
1038 1393
1039 2414
1040 1264
1041 1796
1042 2243
1043 1261
1044 2075
1045 1459
1046 2498
1047 1833
1048 1495
1049 2174
1050 1547
1051 2407
1052 2170
1053 1561
1054 1555
1055 2375
1056 2331
1057 1263
1058 2426
1059 1934
1060 1908
1061 2033
1062 1853
1063 1553
1064 1623
1065 2217
1066 2104
1067 2174
1068 2454
1069 2386
1070 2404
1071 2011
1072 1410
1073 2318
1074 1557
1075 1311
1076 1868
1077 1467
1078 1855
1079 1410
1080 1827
1081 1573
1082 1641
1083 1535
1084 2005
1085 2021
1086 1685
1087 2444
1088 2427
1089 2373
1090 1337
1091 1920
1092 1887
1093 1996
1094 1465
1095 1909
1096 2121
1097 2156
1098 1736
1099 1440
1100 1929
1101 1977
1102 1292
1103 2335
1104 1527
1105 1511
1106 1723
1107 2261
1108 1346
1109 2056
1110 2119
1111 2338
1112 2125
1113 1524
1114 1658
1115 1655
1116 1273
1117 2424
1118 1629
1119 1343
1120 1959
1121 1521
1122 2218
1123 1534
1124 1935
1125 1660
1126 1699
1127 2003
1128 1438
1129 1802
1130 2293
1131 1508
1132 1386
1133 1772
1134 2166
1135 2066
1136 1700
1137 2252
1138 2124
1139 2165
1140 1272
1141 1619
1142 2367
1143 2068
1144 1926
1145 2228
1146 2199
1147 2072
1148 1801
1149 2055
1150 1390
1151 1680
1152 2392
1153 1548
1154 1886
1155 1828
1156 2404
1157 1636
1158 1642
1159 1522
1160 2399
1161 1259
1162 2146
1163 1842
1164 2186
1165 1971
1166 1662
1167 2404
1168 1767
1169 2322
1170 2406
1171 1733
1172 2134
1173 1766
1174 1278
1175 2355
1176 1279
1177 1835
1178 1788
1179 2328
1180 2093
1181 2210
1182 1657
1183 2181
1184 1387
1185 1472
1186 1435
1187 2041
1188 1429
1189 1601
1190 1746
1191 1298
1192 2181
1193 2265
1194 2068
1195 1403
1196 1489
1197 1881
1198 1491
1199 1849
1200 1385
1201 2398
1202 2404
1203 2063
1204 2172
1205 1568
1206 1259
1207 2201
1208 1957
1209 1814
1210 1924
1211 2415
1212 1863
1213 1327
1214 1760
1215 1850
1216 1476
1217 1325
1218 1811
1219 2483
1220 2361
1221 1427
1222 2211
1223 2130
1224 2474
1225 1860
1226 1284
1227 1266
1228 2035
1229 2090
1230 2350
1231 1646
1232 2231
1233 1575
1234 1360
1235 1499
1236 2482
1237 2191
1238 1818
1239 2148
1240 2288
1241 1922
1242 1504
1243 1382
1244 1800
1245 1552
1246 2050
1247 2226
1248 1475
1249 2035
1256 716
1267 853
1269 197
1271 968
1282 267
1291 442
1293 712
1303 74
1306 550
1314 1057
1332 900
1333 15
1344 837
1353 368
1376 1041
1378 900
1384 177
1392 90
1399 749
1402 489
1405 226
1416 351
1419 74
1420 442
1428 1022
1434 107
1439 1114
1441 537
1451 255
1457 1199
1463 910
1470 43
1474 534
1486 407
1490 118
1501 442
1514 1153
1515 644
1526 472
1538 1038
1539 534
1551 1248
1559 104
1580 655
1581 749
1582 1204
1589 575
1593 126
1600 1177
1608 89
1626 1038
1633 512
1640 351
1643 1034
1650 87
1654 1131
1659 386
1661 1229
1672 15
1679 1057
1697 259
1702 1243
1719 107
1720 185
1725 12
1728 296
1732 224
1735 1248
1743 478
1745 118
1747 413
1755 261
1764 746
1774 4
1775 1131
1781 925
1795 369
1805 1131
1806 921
1813 1248
1821 357
1825 1118
1834 296
1838 386
1839 1041
1841 80
1857 1004
1858 1235
1864 296
1874 612
1879 410
1880 351
1882 20
1883 869
1890 552
1901 853
1914 1045
1916 1199
1919 1034
1930 1164
1936 12
1937 1132
1938 837
1942 251
1945 455
1951 932
1961 369
1964 80
1969 1066
1972 575
1978 910
1982 849
1985 575
1986 407
1987 839
1989 1045
1990 447
2025 457
2027 1178
2030 1157
2043 20
2052 369
2054 21
2060 40
2062 20
2067 21
2073 415
2083 661
2086 861
2087 402
2092 110
2100 539
2111 107
2112 410
2127 407
2131 742
2132 347
2140 1104
2147 866
2151 870
2157 386
2160 1149
2162 644
2173 447
2177 413
2182 1172
2184 472
2185 80
2192 154
2203 900
2204 190
2206 108
2220 216
2224 658
2225 1178
2227 563
2236 779
2239 866
2241 675
2244 1057
2256 296
2257 951
2260 853
2263 991
2264 1229
2267 992
2268 548
2269 104
2270 1244
2272 869
2278 153
2282 21
2289 74
2290 921
2294 576
2295 1237
2297 259
2304 136
2308 1077
2309 746
2313 197
2319 608
2323 1045
2327 108
2334 1131
2344 646
2351 1066
2357 582
2358 826
2365 1215
2366 1104
2370 275
2374 215
2383 866
2388 21
2393 323
2394 1110
2397 575
2403 267
2417 834
2433 1132
2441 1217
2442 1243
2447 1148
2449 864
2451 1209
2466 611
2468 369
2472 538
2476 481
2481 512
2487 177
2490 1141
2492 494
2494 419
2495 462
2497 201
3688.377816879
