1465
0 1454
1 2467
2 2359
3 1696
4 1291
4 1774
4 2079
5 2287
6 2460
7 1348
8 1957
9 1746
10 2212
11 1970
12 1274
12 1738
12 1936
13 1854
14 1460
15 1333
15 1436
15 1672
16 2001
17 1335
18 1632
19 2124
20 1388
20 2043
20 2062
21 1869
21 2054
21 2067
21 2282
21 2388
22 2128
23 1616
24 1657
25 1980
26 2116
27 1993
28 1281
29 1517
30 1374
31 1621
31 1791
31 1827
32 1624
33 1742
34 1453
35 1726
36 1712
37 2012
38 2425
39 2460
40 1400
41 1731
42 2345
43 2010
44 2237
45 1667
46 2149
47 2422
48 2028
49 1483
50 2369
51 1330
52 2228
53 1798
54 2126
55 1356
56 1519
57 1905
58 2045
59 1832
60 1852
61 1544
62 2385
63 2275
64 2213
65 1884
66 1287
67 2046
68 2315
69 2377
70 2208
71 2083
72 1532
73 2193
74 1303
74 1370
74 1419
74 2289
75 2283
76 2301
77 2178
78 2201
79 2142
80 1313
80 1841
80 1964
80 2185
81 1422
82 2410
83 1611
84 2360
85 1519
86 1861
87 1939
88 1305
89 1608
90 1392
90 1756
91 1751
92 2362
93 2163
94 2042
95 2424
96 1381
97 1513
98 1584
99 1316
100 1678
101 1934
102 1322
103 1824
104 1493
104 1559
105 2057
106 2196
107 1434
107 1631
107 1719
107 2111
108 1412
108 2206
108 2327
109 1411
110 1615
110 2092
111 1833
112 1430
113 1470
114 2465
115 1542
116 1500
117 2291
118 1739
118 1745
118 2005
119 1680
120 1981
120 2380
121 2365
122 2413
123 1711
124 1684
125 2188
126 1485
126 1593
127 2143
128 2322
129 1301
130 2181
131 1372
132 2026
133 1862
134 2452
135 1793
136 2304
137 2464
138 2070
139 2475
140 2253
141 1995
142 1824
143 1617
144 2389
145 1673
146 1888
147 2389
148 2346
149 1365
150 1612
151 2364
152 1991
153 2122
153 2278
154 1505
155 1571
156 1910
157 1607
158 1509
159 2187
160 1546
161 2182
162 1955
163 1815
164 1843
165 1601
166 1647
167 2144
168 2048
169 1823
170 2242
171 2078
172 2345
173 1698
173 1840
174 1565
175 2096
176 1342
176 1668
176 1687
176 2210
177 1384
177 2164
177 2487
178 1749
179 1754
180 2303
181 2167
182 2195
183 2034
184 2382
185 1720
185 1851
186 1496
187 2273
188 2335
189 1471
189 2036
190 1320
190 2204
191 1950
192 1859
193 1413
194 1895
195 2058
196 1844
197 1269
197 1270
197 1658
197 2313
197 2396
198 2419
199 1977
200 1665
201 2169
201 2497
202 1819
203 1878
204 2254
205 2496
206 2089
207 2300
208 1488
209 1494
210 1592
211 1927
212 2018
213 1962
214 1466
215 1836
215 2374
216 2220
217 1799
217 2448
218 1915
219 2255
220 1656
221 2326
222 2225
223 2193
224 1722
225 2110
226 1405
226 1816
227 1856
228 2463
229 1670
230 1823
231 2034
232 1732
233 1726
234 1337
235 1437
236 1479
237 1472
238 2222
239 2175
240 2459
241 1469
242 2066
243 2136
244 2231
245 2336
246 1898
247 1553
248 1877
249 1758
250 1442
251 1362
252 1518
253 2066
254 2002
255 1451
256 2196
257 1734
258 1324
259 1697
259 1784
260 1286
261 1366
261 1755
261 2156
262 1299
263 2404
264 2484
265 1528
266 2353
267 1931
267 2403
268 1706
269 1711
270 2414
271 2493
272 1478
273 1949
274 1977
275 2271
275 2370
276 2279
277 1280
278 2167
279 1555
280 1718
281 2477
282 2008
283 2301
284 2348
285 2075
286 1954
287 2133
288 2379
289 1847
290 2408
291 1363
292 1776
293 1482
294 2102
295 2207
296 1275
296 1728
296 1834
296 1864
296 2032
296 2256
297 2077
298 1984
299 1976
300 2013
301 1928
302 1536
303 2489
304 1865
305 1590
306 1618
307 1562
308 1408
309 2183
310 1794
311 1979
312 2200
313 2321
314 1824
315 1872
316 1432
317 1683
318 1286
319 1417
320 2467
321 1900
322 1415
323 1531
324 1807
325 2003
326 2430
327 1458
328 1635
329 1339
330 1328
331 2194
332 2455
333 1667
334 2296
335 2421
336 2349
337 1664
338 2022
339 2337
340 2462
341 2301
342 1820
343 1721
344 1264
345 1709
346 1893
347 2132
347 2445
348 1549
349 1823
350 1650
351 1416
351 1640
351 1880
351 2356
352 1484
353 2006
354 2376
355 1550
356 1296
357 1597
357 1821
358 2074
359 2145
360 2423
361 2266
362 1714
363 1761
364 2243
365 2485
366 2316
367 1609
368 1341
368 1353
369 1740
369 1795
369 1961
369 2052
369 2468
370 2103
371 1927
372 2216
373 2085
374 1446
375 1685
376 1895
377 1958
378 1543
379 1927
380 2253
381 1438
382 2196
383 2189
384 2153
385 1642
386 1644
386 1659
386 1838
386 2157
387 1912
388 2124
389 1297
390 2347
391 1351
392 1523
392 2499
393 2460
394 1519
395 1734
396 2018
397 1630
398 2475
399 2176
400 1888
401 2333
402 1652
403 1554
404 2026
405 2440
406 1899
407 1486
407 1564
407 1986
407 2127
408 2250
409 2247
410 1361
410 1622
410 2112
411 1733
412 1510
413 1747
413 1947
413 2177
414 1808
415 2073
415 2084
416 2109
417 1782
418 2231
419 1537
419 1800
419 2494
420 1576
421 1276
422 1540
423 2444
424 1431
425 1721
426 1502
427 2480
428 1360
428 1952
429 2149
430 2496
431 2158
432 2086
433 2190
434 2250
435 1570
436 2262
437 1407
438 2395
439 1653
440 2136
441 1932
442 1389
442 1420
442 1501
443 1455
444 1724
445 1596
446 2259
447 1990
447 2173
448 2001
449 1613
450 2438
451 1946
452 2480
453 1594
454 1723
455 1792
455 1945
456 1272
457 2025
457 2209
458 2228
459 2231
460 2064
461 2223
462 2235
462 2495
463 2249
464 1817
465 2384
466 1577
467 2041
468 1889
469 1897
470 1391
471 2240
472 1492
472 1526
472 2184
473 2150
474 2214
475 1445
476 2418
477 2390
478 1743
478 2129
479 1359
480 1447
481 2233
481 2476
482 2088
483 2479
484 2343
485 1568
486 2234
487 1703
488 1704
489 1355
489 1402
490 2470
491 2009
492 2470
493 1431
494 1639
494 2492
495 1439
496 1300
497 1735
498 2003
499 2238
500 1468
501 1252
502 1474
503 2245
504 2161
505 1625
506 1968
507 2095
508 2000
509 2138
510 1579
511 1368
512 1633
512 2155
512 2481
513 2023
514 1427
514 2099
515 1421
516 2439
517 2345
518 1525
519 1860
520 1571
521 1480
522 1762
523 2286
524 2431
525 2415
526 1806
527 1717
528 1338
528 1875
529 1449
530 2245
531 1453
532 1778
533 1996
534 1539
534 1676
534 2486
535 2372
536 2391
537 1441
537 1603
537 2451
538 2472
539 1988
539 2100
540 2130
541 1885
542 1317
543 1726
544 2491
545 1310
546 2117
547 2035
548 1529
548 1941
548 2268
549 2312
550 1306
550 1651
551 1973
552 1890
552 2065
553 1551
554 2007
555 1898
556 1956
557 1605
558 2213
559 2051
560 1669
561 2040
562 1729
563 1923
563 2227
564 2016
564 2299
565 2458
566 1873
567 1354
568 1401
569 1895
570 2246
571 2137
572 1725
573 1379
574 2465
575 1589
575 1972
575 1985
575 2397
576 1837
576 2294
577 1336
578 1349
578 1702
579 2384
580 2106
581 1682
582 2277
582 2357
583 1257
584 2352
585 1253
586 2298
587 1516
588 1903
589 1726
590 1675
591 1409
592 1325
593 2297
594 1418
595 2115
596 1478
597 1669
598 2001
599 2364
600 2480
601 1965
602 1588
603 1922
604 2139
605 2113
606 1974
607 2387
608 2053
608 2319
609 1913
609 1953
610 1797
611 1681
612 1716
612 1874
613 1440
614 1736
615 1318
616 1308
617 2195
618 2171
619 1876
620 1455
621 1888
622 1983
623 1708
624 2245
625 1600
626 1769
627 1997
628 1347
629 2317
630 2167
631 2101
632 2226
633 1826
634 1337
635 1992
636 2232
637 2202
638 1850
639 1357
640 1844
641 1768
642 1254
643 1757
644 1515
644 1894
644 2162
645 2460
646 1770
646 2344
647 1623
647 1694
648 2456
649 1918
650 1883
651 2031
652 1352
653 2274
654 1786
655 1580
655 1891
656 1448
656 1779
657 2496
658 2224
659 1350
659 2276
660 1305
661 1406
662 1727
663 1560
664 1690
665 2223
666 2320
667 2034
668 1803
669 1871
669 2071
670 2152
671 2381
672 2160
673 1634
674 1479
675 1265
675 2059
676 1670
677 2039
678 2293
679 1512
680 1790
681 2123
682 2006
683 1705
684 2385
685 2473
686 1340
687 2014
688 1831
689 1967
690 1520
691 1846
692 1757
693 1773
694 1377
695 2435
696 2228
697 1462
698 2074
699 2047
700 2103
701 1911
702 2114
703 1793
704 2069
705 1819
706 1574
707 2368
708 1456
709 1949
710 2258
711 1305
712 1293
713 2047
714 1563
715 1870
716 1256
716 1569
717 2453
718 1545
719 2195
720 1524
721 1691
722 1624
723 1326
724 2471
725 1829
726 1940
727 1846
728 1925
729 1334
730 2037
731 1878
732 2330
733 1867
734 1480
735 2402
736 2246
737 1283
738 2410
739 1752
740 2243
741 2015
742 2131
742 2198
743 1734
744 1302
745 2340
746 1764
746 2307
746 2309
747 1473
748 1933
748 2450
749 1399
749 1581
749 1674
749 1730
750 1595
751 1606
752 2098
753 1753
754 2033
755 1750
756 2228
757 1712
758 1771
759 1266
760 1522
761 1859
762 1308
763 2306
764 1518
765 1315
766 1922
767 1605
768 1524
769 1487
770 1645
771 2455
772 1285
773 2241
774 1787
775 1974
776 2355
777 2029
778 1255
779 1258
779 2236
780 2354
781 2292
782 1524
783 2163
784 1882
785 1998
786 2039
787 1614
788 2143
789 1364
790 1855
791 1506
792 1966
793 2284
794 2076
795 1948
796 1250
797 2251
798 1323
799 1316
800 1822
801 2229
802 1917
803 1602
804 2457
805 1464
806 2460
807 1812
808 1309
809 2120
810 1824
811 1892
812 1558
813 1519
814 2332
815 2154
816 1868
817 2405
818 2346
819 2449
820 2041
821 1707
822 2361
823 2082
824 1737
825 2047
826 1599
826 2358
827 1879
828 1435
829 1591
830 1541
831 1567
832 1628
833 2004
834 1789
834 2417
835 1904
836 2094
837 1307
837 1344
837 1938
838 1329
839 1530
839 1987
840 2411
841 1255
842 1264
843 2168
844 2243
845 1780
846 1763
847 2460
848 1481
849 1982
850 2285
851 1301
852 1587
853 1267
853 1396
853 1901
853 2260
854 1404
855 2460
856 1348
857 1777
858 1902
859 1950
860 1294
861 1906
862 1809
863 1289
864 1277
864 2017
864 2135
865 2180
866 1295
866 2147
866 2239
866 2383
867 1454
868 2214
869 1358
869 2272
870 1497
870 2151
871 2342
872 1375
873 1557
874 1477
875 2437
876 1556
877 1586
878 1663
879 2196
880 1395
881 2273
882 1598
883 1692
884 2139
885 1345
886 1710
887 2341
888 2339
889 2432
890 2469
891 1765
892 2167
893 2221
894 1648
895 1783
896 2097
897 1701
898 1583
899 1578
900 1332
900 1378
900 2203
900 2443
901 1461
902 2108
903 1604
903 1671
904 2091
905 2420
906 1426
907 2080
908 2063
909 1900
910 1463
910 1978
910 1999
911 2024
912 2324
913 1715
914 1424
915 2047
916 2414
917 2118
918 1610
919 2192
920 1807
921 1394
921 2290
922 1452
923 1741
924 1479
925 1781
925 1810
926 2488
927 1627
928 1561
929 2424
930 1896
931 2429
932 1951
933 2215
934 1312
935 2303
936 2041
937 1670
938 1649
939 2141
940 1367
940 2416
941 2412
942 1498
943 2400
944 2333
945 2424
946 2044
947 2248
948 2457
949 2280
950 1458
951 2257
952 1254
953 2281
954 1446
955 1833
956 1425
957 2333
958 2424
959 2409
960 1445
961 1521
962 1943
963 1433
964 2314
965 1572
966 1944
967 1443
968 1271
968 1398
969 1994
970 1373
971 1276
972 2213
973 1450
974 1638
975 1331
976 1942
977 1686
978 1479
979 1848
980 1949
981 2378
982 2020
983 1637
984 2105
985 1785
986 2197
987 1288
988 2201
989 2219
990 2478
991 1963
991 2263
991 2461
992 1907
992 2267
993 1566
994 1585
995 2428
996 1711
997 1713
998 2434
999 2440
1000 1329
1001 1250
1002 1251
1003 1268
1004 1857
1004 2311
1005 1759
1006 2325
1007 2081
1008 1423
1009 2230
1010 2436
1011 1975
1012 1319
1013 1339
1014 1369
1015 1744
1016 1524
1017 2076
1018 1977
1019 2392
1020 2061
1021 2060
1022 1428
1022 1620
1023 2115
1024 2159
1025 2063
1026 2019
1027 1304
1028 1414
1029 1383
1030 2107
1031 2213
1032 1689
1033 1380
1034 1397
1034 1643
1034 1919
1035 2205
1036 2269
1037 2028
1038 1393
1038 1538
1038 1626
1039 2414
1040 2049
1041 1376
1041 1796
1041 1839
1042 2243
1043 2393
1044 2075
1045 1459
1045 1914
1045 1989
1045 2323
1046 2498
1047 1833
1048 1495
1049 2174
1050 1547
1051 2407
1052 2170
1053 1445
1054 1555
1055 2375
1056 2331
1057 1263
1057 1314
1057 1679
1057 2244
1058 2426
1059 1706
1060 1908
1061 2033
1062 1853
1063 1553
1064 2087
1065 1825
1066 1969
1066 2104
1066 2351
1067 2174
1068 2454
1069 2386
1070 1921
1071 2011
1072 1410
1073 2318
1074 1457
1075 1311
1076 1804
1077 1467
1077 2308
1078 1855
1079 1371
1080 1641
1081 1573
1082 1766
1083 1535
1084 1490
1085 2021
1086 1507
1087 2364
1088 2427
1089 2373
1090 1337
1091 1920
1092 1887
1093 1996
1094 1465
1095 2401
1096 2121
1097 2179
1098 1262
1099 1748
1100 1929
1101 1977
1102 1292
1102 2211
1103 2338
1104 1527
1104 2140
1104 2366
1105 1511
1106 1290
1107 2261
1108 1346
1109 2056
1110 2119
1110 2394
1111 1503
1112 2125
1113 1524
1114 1866
1115 1655
1116 2446
1117 2424
1118 1629
1118 2217
1119 1343
1120 1959
1121 1693
1122 2218
1123 1534
1124 1935
1125 1660
1126 1699
1127 2003
1128 2038
1129 1802
1130 2293
1131 1444
1131 1508
1131 1654
1131 1775
1131 1805
1131 2334
1132 1386
1132 1937
1132 2433
1133 1772
1134 2166
1135 2066
1136 1700
1137 2252
1138 2124
1139 1284
1140 1272
1141 1619
1141 2490
1142 2367
1143 2310
1144 1926
1145 2228
1146 2199
1146 2466
1147 2072
1148 1801
1148 1960
1148 2447
1149 1533
1149 2055
1150 1390
1151 1552
1152 2392
1153 1514
1153 1548
1154 1886
1155 1828
1156 2404
1157 1636
1157 2030
1158 1642
1159 1522
1160 2399
1161 1259
1162 2146
1163 2363
1164 1930
1164 2186
1165 1971
1166 1662
1167 2371
1168 1767
1169 2322
1170 2406
1171 1733
1172 2134
1173 1766
1174 1278
1175 1260
1176 1279
1177 1835
1178 1788
1178 2027
1179 2328
1180 2093
1181 1261
1182 1273
1183 2181
1184 1387
1185 2343
1186 1842
1187 2041
1188 1429
1189 1830
1190 1452
1191 1298
1192 2181
1193 2350
1194 2068
1195 1403
1196 1489
1197 1881
1198 1491
1199 1849
1199 1916
1200 1385
1201 2398
1202 2404
1203 2063
1204 1582
1204 2172
1205 1568
1206 1259
1207 2201
1208 2329
1209 1814
1210 1924
1211 1762
1212 1863
1213 1327
1214 1760
1215 1688
1216 1476
1217 1321
1217 2441
1218 1811
1219 2483
1220 1695
1221 1666
1222 1677
1223 2047
1224 2474
1225 1860
1226 2165
1227 2305
1228 2035
1229 1282
1229 1661
1229 2090
1229 2264
1230 2265
1231 1646
1232 2231
1233 1575
1234 1845
1235 1499
1235 1858
1236 2482
1237 2191
1237 2295
1238 1818
1239 2148
1240 2288
1241 1922
1242 1504
1243 1382
1243 2442
1244 2270
1245 1909
1246 2050
1247 2302
1248 1475
1248 1813
1249 2035
3820.666102758
