1250
0 1529
1 1737
2 1870
3 1532
4 1987
5 2086
6 2271
7 2379
8 1712
9 2335
10 1972
11 1846
12 1725
13 1404
14 1262
15 2378
16 2434
17 1457
18 1683
19 2399
20 1681
21 1501
22 1467
23 2177
24 2176
25 1284
26 1356
27 1551
28 1739
29 1397
30 2479
31 2135
32 2272
33 1523
34 1747
35 1971
36 1983
37 2473
38 1430
39 2150
40 1994
41 2432
42 2456
43 1418
44 2027
45 2103
46 1862
47 2207
48 1762
49 2457
50 1426
51 1443
52 2122
53 2236
54 2411
55 1582
56 1309
57 2415
58 2197
59 2106
60 1541
61 1307
62 1778
63 1511
64 2149
65 1884
66 2112
67 2072
68 2190
69 2187
70 1253
71 2284
72 1939
73 1419
74 2440
75 2385
76 1923
77 1872
78 2142
79 1435
80 1711
81 2298
82 2445
83 1544
84 1578
85 1409
86 2254
87 1303
88 1680
89 1858
90 1944
91 1808
92 2275
93 1350
94 2230
95 1553
96 1311
97 1278
98 2407
99 1621
100 2463
101 1903
102 1829
103 2392
104 2491
105 1525
106 2396
107 1831
108 1344
109 1877
110 2191
111 2402
112 1299
113 1616
114 2336
115 1688
116 2159
117 1998
118 1984
119 2326
120 2487
121 1901
122 1326
123 2037
124 1410
125 1666
126 2494
127 1723
128 1709
129 1785
130 2140
131 1605
132 1863
133 1874
134 1518
135 2285
136 2304
137 2338
138 1699
139 1618
140 1471
141 2482
142 2222
143 1285
144 1820
145 1308
146 1652
147 1648
148 1438
149 2333
150 2406
151 2221
152 1834
153 2278
154 2264
155 1422
156 2268
157 1436
158 1776
159 1957
160 1393
161 1557
162 1806
163 1844
164 2136
165 2446
166 1929
167 2119
168 1376
169 2232
170 1496
171 1332
172 2056
173 2121
174 1545
175 2347
176 1488
177 2480
178 1265
179 1832
180 1885
181 1665
182 2045
183 2034
184 2352
185 1839
186 1256
187 1917
188 1587
189 2325
190 2343
191 1497
192 1956
193 2124
194 1965
195 1753
196 1363
197 1269
198 2212
199 2327
200 1388
201 1942
202 2181
203 1643
204 1531
205 2369
206 1850
207 1381
208 2132
209 1494
210 2350
211 1323
212 1734
213 2001
214 1286
215 1856
216 2201
217 1622
218 2130
219 2196
220 2469
221 1547
222 1612
223 2129
224 1645
225 1555
226 1398
227 1932
228 1780
229 1950
230 1348
231 2002
232 2009
233 1773
234 1296
235 1933
236 1894
237 1580
238 1420
239 2441
240 2008
241 2022
242 2025
243 2082
244 1717
245 1476
246 1513
247 1391
248 1755
249 2324
250 2023
251 1558
252 1679
253 2368
254 1735
255 2192
256 2096
257 2193
258 2118
259 1599
260 1385
261 2200
262 2240
263 2255
264 1631
265 1369
266 1807
267 1456
268 2289
269 1915
270 2372
271 1902
272 1859
273 1720
274 1627
275 2351
276 1878
277 2495
278 1786
279 2078
280 1722
281 2141
282 1906
283 2301
284 1384
285 2433
286 1564
287 1922
288 1954
289 2282
290 1791
291 1454
292 1357
293 2410
294 2400
295 1448
296 2204
297 1727
298 1796
299 2058
300 1468
301 2346
302 2063
303 1763
304 2219
305 2036
306 2246
307 1562
308 2367
309 1632
310 1797
311 1979
312 2162
313 1986
314 1588
315 1589
316 1395
317 1898
318 1364
319 1907
320 2269
321 1890
322 1474
323 2153
324 1758
325 1935
326 1389
327 1367
328 2408
329 1542
330 1826
331 1690
332 2109
333 1857
334 2437
335 2310
336 2155
337 1316
338 1434
339 1700
340 2476
341 2227
342 1816
343 2308
344 1293
345 1486
346 2404
347 1449
348 1400
349 1677
350 2260
351 2256
352 2361
353 1813
354 2208
355 2111
356 1905
357 1821
358 1703
359 2210
360 1432
361 2172
362 1585
363 2169
364 2417
365 1742
366 1730
367 1337
368 1798
369 2026
370 1594
371 1417
372 2315
373 1714
374 2317
375 2340
376 1924
377 2102
378 2331
379 1450
380 1608
381 1379
382 1270
383 1290
384 1600
385 2280
386 2251
387 1487
388 1812
389 1664
390 1528
391 2259
392 1880
393 1368
394 1254
395 2211
396 1926
397 1611
398 2475
399 2375
400 1623
401 1258
402 1472
403 1805
404 2439
405 1943
406 1921
407 1288
408 2311
409 1951
410 1591
411 1595
412 1945
413 2489
414 2464
415 1593
416 2286
417 1993
418 1534
419 2412
420 2283
421 1455
422 2493
423 1341
424 2209
425 1331
426 2105
427 1949
428 2040
429 2293
430 1692
431 2079
432 2226
433 2161
434 2450
435 2216
436 1250
437 1980
438 2292
439 1976
440 2110
441 1777
442 2295
443 1360
444 1851
445 1441
446 2337
447 1342
448 2031
449 1628
450 1335
451 2003
452 1647
453 2173
454 2091
455 2356
456 2098
457 1914
458 2005
459 1892
460 2084
461 2035
462 2120
463 2146
464 2354
465 1761
466 1969
467 2047
468 1479
469 2113
470 2175
471 1710
472 1930
473 1442
474 1527
475 2076
476 1584
477 2099
478 1634
479 2459
480 2382
481 1361
482 2366
483 2234
484 1399
485 1743
486 1830
487 2339
488 2403
489 2270
490 1961
491 2424
492 2048
493 2474
494 1601
495 1561
496 1869
497 1347
498 2013
499 2145
500 1818
501 1394
502 1415
503 2178
504 2436
505 2477
506 1352
507 2483
508 1480
509 2296
510 1702
511 1411
512 2274
513 2024
514 1823
515 1475
516 1609
517 2029
518 1746
519 1255
520 1946
521 1463
522 2042
523 2217
524 1963
525 1383
526 1977
527 2089
528 1815
529 1667
530 1685
531 2203
532 2267
533 1996
534 1661
535 1706
536 1271
537 1825
538 2447
539 1824
540 2032
541 2454
542 1910
543 2303
544 2484
545 1310
546 1784
547 1866
548 2182
549 2066
550 1659
551 1635
552 1744
553 1848
554 1325
555 1687
556 1275
557 2302
558 1481
559 2057
560 1897
561 1718
562 2370
563 1598
564 2245
565 1570
566 2383
567 2017
568 2061
569 1970
570 1452
571 2345
572 1351
573 1402
574 1533
575 1724
576 2359
577 1431
578 2288
579 1617
580 1675
581 1803
582 1317
583 1429
584 2492
585 2431
586 2307
587 2409
588 1446
589 2128
590 1261
591 1604
592 1644
593 2004
594 2242
595 1324
596 1802
597 1540
598 2427
599 1999
600 1974
601 2466
602 1530
603 1373
604 1705
605 1461
606 1526
607 1333
608 1560
609 1607
610 1470
611 2344
612 1660
613 2115
614 1252
615 1871
616 1697
617 2184
618 1502
619 1313
620 1672
621 1799
622 2488
623 1729
624 1827
625 1852
626 1466
627 2458
628 1413
629 1804
630 2137
631 2405
632 1854
633 1896
634 1767
635 2384
636 1294
637 2202
638 1569
639 1281
640 2214
641 2093
642 1842
643 1289
644 2231
645 1964
646 1478
647 1287
648 1937
649 1713
650 2319
651 1953
652 2046
653 2348
654 1306
655 1792
656 2064
657 2238
658 2485
659 1646
660 2163
661 1406
662 1765
663 2330
664 1837
665 2355
666 2052
667 1451
668 1272
669 1301
670 2306
671 2044
672 2067
673 1633
674 1339
675 1537
676 2068
677 1962
678 1881
679 2170
680 1433
681 2497
682 2006
683 1940
684 2198
685 1867
686 1708
687 2353
688 1552
689 2094
690 2092
691 1760
692 1861
693 2321
694 1759
695 2263
696 1745
697 1508
698 2143
699 1283
700 1546
701 2381
702 1689
703 1298
704 1865
705 2277
706 1315
707 1770
708 1779
709 2299
710 1489
711 1887
712 1904
713 1473
714 1536
715 2478
716 2144
717 2131
718 1676
719 1715
720 2157
721 1772
722 2088
723 1629
724 2205
725 1695
726 1425
727 2265
728 2055
729 2323
730 2185
731 1280
732 2180
733 1756
734 1453
735 1444
736 1522
737 2100
738 2183
739 2266
740 2496
741 1769
742 1378
743 1568
744 1554
745 1795
746 1266
747 1814
748 1673
749 1883
750 1424
751 2206
752 1606
753 1392
754 2097
755 1596
756 2397
757 2252
758 1503
759 1967
760 2442
761 2012
762 1656
763 2472
764 1694
765 1843
766 2290
767 2471
768 1728
769 2043
770 2199
771 1603
772 1810
773 1485
774 1610
775 2081
776 1992
777 1386
778 1828
779 1586
780 1990
781 2239
782 1257
783 2250
784 2490
785 2334
786 1579
787 2328
788 2095
789 1649
790 1484
791 2276
792 2322
793 1775
794 1491
795 1583
796 1783
797 1573
798 1982
799 1490
800 1517
801 2148
802 1295
803 1638
804 1909
805 2453
806 2426
807 1576
808 2462
809 2261
810 2465
811 1701
812 1458
813 2281
814 2429
815 1515
816 1428
817 1640
818 1849
819 2186
820 2360
821 1548
822 2320
823 2062
824 1359
825 1620
826 2073
827 1888
828 1334
829 1833
830 1684
831 1936
832 2279
833 1259
834 2116
835 2050
836 2498
837 2133
838 2039
839 1782
840 1889
841 2332
842 1841
843 2419
844 1495
845 1405
846 1492
847 1886
848 2460
849 2376
850 2448
851 1509
852 1524
853 2071
854 2021
855 2213
856 1396
857 1754
858 2139
859 1721
860 2420
861 2237
862 2233
863 1958
864 1855
865 1651
866 2014
867 1630
868 2248
869 1682
870 1997
871 1380
872 2090
873 1819
874 1873
875 1657
876 2016
877 1973
878 1663
879 2033
880 1539
881 1477
882 1274
883 2160
884 1519
885 1345
886 1440
887 2167
888 1366
889 1559
890 1343
891 2077
892 2011
893 2049
894 1282
895 1686
896 1445
897 2015
898 1835
899 1514
900 2241
901 1809
902 1674
903 1320
904 1899
905 1602
906 1469
907 2117
908 1732
909 2215
910 1726
911 2154
912 1264
913 2428
914 2220
915 2188
916 2444
917 1273
918 1550
919 2486
920 1465
921 2158
922 1693
923 1658
924 2156
925 1346
926 1482
927 1302
928 1407
929 1882
930 2413
931 2247
932 1738
933 2243
934 2101
935 1696
936 1751
937 1353
938 2010
939 1768
940 1362
941 1925
942 2060
943 1483
944 2373
945 1895
946 2085
947 1988
948 1565
949 1864
950 1741
951 1912
952 1642
953 2075
954 1297
955 1338
956 1314
957 2481
958 1822
959 1947
960 1312
961 1575
962 1981
963 1920
964 2423
965 2108
966 2152
967 1567
968 1749
969 2389
970 1462
971 1691
972 2000
973 1960
974 1868
975 2421
976 2223
977 2422
978 2179
979 1355
980 1464
981 2165
982 1292
983 1504
984 1995
985 2195
986 1752
987 2164
988 1319
989 2312
990 1989
991 2329
992 2059
993 2468
994 2425
995 1571
996 1876
997 1390
998 2019
999 2380
1000 2123
1001 1626
1002 1327
1003 1543
1004 1538
1005 2041
1006 1941
1007 1556
1008 1938
1009 2309
1010 1322
1011 2455
1012 1619
1013 2020
1014 1853
1015 1318
1016 2007
1017 1733
1018 1655
1019 1291
1020 1401
1021 1625
1022 2065
1023 2314
1024 1279
1025 1563
1026 1913
1027 1928
1028 1698
1029 1507
1030 1321
1031 1377
1032 2357
1033 1662
1034 1263
1035 2393
1036 2461
1037 2386
1038 1493
1039 1370
1040 2174
1041 1535
1042 2449
1043 1498
1044 2194
1045 1510
1046 1836
1047 1500
1048 1985
1049 1840
1050 2297
1051 1267
1052 1955
1053 2069
1054 1330
1055 2080
1056 1931
1057 2107
1058 2070
1059 1927
1060 2166
1061 2257
1062 2300
1063 2342
1064 1459
1065 1328
1066 2074
1067 1340
1068 2018
1069 1766
1070 2416
1071 2316
1072 1918
1073 2318
1074 1499
1075 1260
1076 1900
1077 1934
1078 2258
1079 1371
1080 1740
1081 1358
1082 2028
1083 1566
1084 1354
1085 2377
1086 1908
1087 2364
1088 1574
1089 2390
1090 2435
1091 1959
1092 2358
1093 2443
1094 1893
1095 2401
1096 1516
1097 1670
1098 1736
1099 2262
1100 2168
1101 2134
1102 1911
1103 2189
1104 1875
1105 2051
1106 2273
1107 1416
1108 2249
1109 1572
1110 2394
1111 1707
1112 1520
1113 2499
1114 2313
1115 1304
1116 1506
1117 1811
1118 2451
1119 1374
1120 1614
1121 1349
1122 2235
1123 2151
1124 1641
1125 1577
1126 2371
1127 1968
1128 1412
1129 1891
1130 2104
1131 1654
1132 1790
1133 2030
1134 2305
1135 1879
1136 1512
1137 1788
1138 1421
1139 1860
1140 1916
1141 1581
1142 1624
1143 1365
1144 2414
1145 1277
1146 1408
1147 2287
1148 2054
1149 1403
1150 1948
1151 1639
1152 1847
1153 1597
1154 2395
1155 1845
1156 1439
1157 1592
1158 2053
1159 2362
1160 1505
1161 1787
1162 2341
1163 2218
1164 2228
1165 2365
1166 2438
1167 1991
1168 2138
1169 2418
1170 2225
1171 1336
1172 2125
1173 2374
1174 2171
1175 2224
1176 2430
1177 1704
1178 1668
1179 2253
1180 1375
1181 1678
1182 1748
1183 2038
1184 1521
1185 1590
1186 2083
1187 1716
1188 1653
1189 1549
1190 1771
1191 2244
1192 1774
1193 2363
1194 1427
1195 1300
1196 1789
1197 1414
1198 1952
1199 1423
1200 1978
1201 2398
1202 2294
1203 1750
1204 2467
1205 1650
1206 2391
1207 1793
1208 1447
1209 2291
1210 2452
1211 1764
1212 1437
1213 1800
1214 1919
1215 2127
1216 1460
1217 1838
1218 1669
1219 1387
1220 2470
1221 2349
1222 1794
1223 1251
1224 2087
1225 1636
1226 1276
1227 1372
1228 2387
1229 1719
1230 1637
1231 1731
1232 1966
1233 2147
1234 1613
1235 2114
1236 1757
1237 2388
1238 1305
1239 2229
1240 1382
1241 1615
1242 1671
1243 1329
1244 1801
1245 1268
1246 2126
1247 1817
1248 1975
1249 1781
89184.724149267
