1891
0 1454
1 1949
2 2120
3 2444
4 2291
5 1967
6 2460
7 1365
8 1712
9 1452
10 2212
11 2011
12 1274
13 1856
14 1554
15 1436
16 2001
17 2366
18 1632
19 2124
20 1388
21 1869
22 2128
23 2409
24 2105
25 1980
26 2116
27 1993
28 1281
29 1517
30 1713
31 1621
32 1624
33 1742
34 2420
35 1773
36 1712
37 2012
38 2425
39 2041
40 1656
41 2432
42 2345
43 2315
44 1863
45 2450
46 2149
47 2399
48 2318
49 2423
50 2331
51 2452
52 2228
53 1666
54 2049
55 2381
56 1397
57 1905
58 2045
59 1832
60 1765
61 1955
62 2385
63 2275
64 2213
65 1884
66 1591
67 2086
68 1496
69 1777
70 1949
71 1919
72 2128
73 2193
74 1419
75 1610
76 2301
77 2470
78 2201
79 1319
80 1964
81 2042
82 2410
83 1611
84 1881
85 1519
86 2276
87 2020
88 2484
89 2098
90 1756
91 1751
92 1873
93 2163
94 2042
95 2424
96 2069
97 1675
98 1584
99 1316
100 1268
101 1934
102 2048
103 1824
104 2205
105 2057
106 1477
107 1631
108 2327
109 1411
110 1615
111 2078
112 2202
113 1666
114 2336
115 2193
116 2159
117 1998
118 1490
119 1680
120 1981
121 1634
122 2413
123 2149
124 2369
125 2373
126 1485
127 2143
128 2322
129 1301
130 2248
131 1372
132 2435
133 1577
134 1842
135 1793
136 2304
137 2395
138 2070
139 2475
140 2253
141 1710
142 1824
143 1445
144 2389
145 2240
146 1888
147 2389
148 2346
149 1365
150 2374
151 2024
152 1991
153 2122
154 2192
155 2320
156 2366
157 2387
158 1357
159 1856
160 1324
161 2038
162 1955
163 2366
164 1276
165 1830
166 1301
167 1288
168 2048
169 1717
170 2242
171 1987
172 1811
173 1698
174 1565
175 2096
176 1342
177 1384
178 1820
179 2106
180 2364
181 1669
182 2195
183 2034
184 2382
185 1851
186 1496
187 1452
188 1503
189 2114
190 1320
191 1950
192 1560
193 1413
194 1897
195 2058
196 1844
197 1658
198 2208
199 1977
200 1665
201 1980
202 2325
203 1793
204 2254
205 2484
206 2333
207 2384
208 2252
209 1494
210 2429
211 1453
212 2018
213 2189
214 2154
215 1482
216 1461
217 2448
218 1618
219 2255
220 1656
221 1483
222 1766
223 2193
224 1722
225 1487
226 1816
227 1856
228 2463
229 1670
230 1823
231 2034
232 2146
233 1480
234 1337
235 2205
236 1479
237 1662
238 2222
239 2367
240 2439
241 1469
242 2066
243 2485
244 1773
245 2336
246 1898
247 1553
248 1877
249 1808
250 2074
251 1362
252 1518
253 2066
254 1735
255 1610
256 2196
257 1734
258 1324
259 2297
260 1366
261 2411
262 1299
263 1703
264 1599
265 2249
266 2353
267 1931
268 1706
269 1711
270 2414
271 2493
272 1478
273 1949
274 1977
275 2370
276 1793
277 1280
278 1669
279 1555
280 1718
281 1547
282 2435
283 2301
284 2190
285 1504
286 2333
287 2133
288 2379
289 1300
290 2408
291 1689
292 1776
293 2021
294 2102
295 2207
296 1275
297 2077
298 2208
299 2462
300 2013
301 2346
302 1563
303 1357
304 1558
305 1590
306 1618
307 2197
308 1320
309 2298
310 1794
311 1979
312 2200
313 2420
314 1460
315 1253
316 2463
317 2187
318 1286
319 2391
320 1863
321 1318
322 1931
323 1531
324 1807
325 1685
326 2159
327 1458
328 1301
329 1339
330 1998
331 2363
332 2455
333 1667
334 2296
335 1480
336 2380
337 1357
338 2022
339 1302
340 2452
341 1624
342 1749
343 1721
344 1377
345 2242
346 1521
347 2445
348 1498
349 1717
350 1650
351 1880
352 2467
353 1421
354 2195
355 1550
356 1296
357 1821
358 2074
359 2145
360 2423
361 2208
362 1632
363 2273
364 1489
365 1445
366 2316
367 1296
368 1353
369 1795
370 1502
371 1596
372 2216
373 2208
374 2480
375 2470
376 2011
377 1498
378 1543
379 1987
380 2253
381 1774
382 2196
383 2189
384 2153
385 1642
386 1838
387 1912
388 2124
389 1664
390 2035
391 2181
392 1523
393 2460
394 1519
395 2128
396 2018
397 1630
398 2475
399 2176
400 1425
401 2333
402 1567
403 1554
404 2026
405 2440
406 1899
407 2127
408 1832
409 2247
410 1361
411 1595
412 2344
413 1947
414 1808
415 1398
416 1327
417 1996
418 2231
419 1800
420 1576
421 1276
422 1540
423 2364
424 1645
425 1769
426 1502
427 2480
428 1360
429 2149
430 1987
431 2158
432 1906
433 2190
434 1401
435 1365
436 2163
437 2096
438 2395
439 2462
440 1445
441 1932
442 1291
443 2378
444 1566
445 1596
446 2259
447 1342
448 2001
449 1613
450 2248
451 1946
452 2480
453 2276
454 2041
455 1945
456 1272
457 2209
458 2228
459 1892
460 1599
461 2223
462 2235
463 2249
464 2171
465 2384
466 1577
467 2041
468 1889
469 1276
470 1391
471 2471
472 2184
473 1708
474 1977
475 1445
476 1496
477 2390
478 1743
479 2415
480 2226
481 2233
482 1844
483 1345
484 2319
485 1568
486 2153
487 1881
488 1259
489 1402
490 2470
491 2011
492 2470
493 2405
494 1639
495 1439
496 1300
497 2385
498 2003
499 2491
500 1767
501 1252
502 2389
503 2228
504 1929
505 1830
506 1968
507 2051
508 1480
509 2138
510 1579
511 1368
512 2481
513 2174
514 1677
515 2006
516 2439
517 1811
518 1579
519 2136
520 1494
521 2015
522 1762
523 1824
524 1908
525 2415
526 2152
527 1717
528 1338
529 1449
530 1851
531 1596
532 2399
533 1996
534 1474
535 2372
536 2391
537 2451
538 1326
539 1462
540 2371
541 1885
542 1317
543 1773
544 2171
545 1310
546 1948
547 2035
548 2268
549 2312
550 1306
551 1973
552 2065
553 2385
554 2007
555 1898
556 2478
557 1957
558 2213
559 2051
560 2167
561 2040
562 1729
563 1923
564 2299
565 2458
566 1723
567 1354
568 1401
569 1895
570 2246
571 1811
572 2012
573 1987
574 2336
575 2320
576 1837
577 2040
578 1382
579 2219
580 2106
581 1682
582 2277
583 1257
584 2276
585 1253
586 2298
587 1516
588 1903
589 1773
590 1513
591 1409
592 1682
593 2034
594 1954
595 1667
596 1478
597 1691
598 2001
599 2364
600 2480
601 1431
602 1588
603 1922
604 2029
605 1750
606 1664
607 1750
608 2053
609 2332
610 1797
611 2466
612 1716
613 1748
614 1736
615 1929
616 1541
617 2178
618 2171
619 1876
620 2378
621 1517
622 2042
623 1708
624 2228
625 1250
626 1950
627 2089
628 2463
629 2317
630 2167
631 2332
632 2302
633 1896
634 1337
635 2031
636 2232
637 2202
638 2379
639 1357
640 1544
641 1768
642 1254
643 1483
644 1515
645 2041
646 1257
647 1694
648 1705
649 1918
650 1883
651 2031
652 1352
653 2274
654 1786
655 1891
656 1448
657 2496
658 2224
659 2276
660 1305
661 1406
662 1765
663 1560
664 1690
665 2442
666 2320
667 2034
668 1803
669 2071
670 2152
671 2381
672 2160
673 2379
674 1479
675 2241
676 1670
677 2039
678 1876
679 1955
680 1518
681 2001
682 2006
683 1705
684 2385
685 2473
686 1264
687 2041
688 1390
689 1967
690 1520
691 1846
692 2326
693 2018
694 1377
695 2435
696 1316
697 1462
698 1807
699 2130
700 1748
701 1453
702 2114
703 1793
704 2069
705 1819
706 1574
707 2368
708 1787
709 1949
710 1323
711 1305
712 2221
713 2130
714 1536
715 1870
716 1256
717 2484
718 1268
719 2195
720 1524
721 1669
722 1624
723 1326
724 2471
725 1695
726 1504
727 1846
728 2451
729 1622
730 2037
731 1793
732 2330
733 1655
734 2421
735 1302
736 2246
737 2447
738 2410
739 1322
740 2243
741 1480
742 2391
743 2089
744 1302
745 2467
746 1764
747 1473
748 1667
749 1883
750 1595
751 1606
752 1499
753 2248
754 2033
755 1750
756 1562
757 1817
758 1349
759 2305
760 2442
761 1859
762 2469
763 1530
764 1518
765 1491
766 1922
767 1712
768 1524
769 1407
770 1431
771 1588
772 2165
773 2241
774 1787
775 1974
776 1917
777 2139
778 2332
779 2236
780 2354
781 1917
782 2404
783 2250
784 1380
785 1998
786 2039
787 1590
788 2475
789 1364
790 2048
791 1250
792 1966
793 2284
794 2332
795 1918
796 1250
797 2007
798 1323
799 1316
800 1793
801 2229
802 2353
803 1357
804 2457
805 2488
806 2041
807 1812
808 1425
809 2120
810 1824
811 1892
812 2434
813 2167
814 2378
815 1904
816 1868
817 2405
818 1630
819 2449
820 2041
821 2246
822 1796
823 1540
824 2008
825 2371
826 2358
827 1425
828 1653
829 1591
830 1541
831 1870
832 1628
833 2004
834 2417
835 2154
836 2094
837 1307
838 1387
839 2064
840 1481
841 2332
842 1264
843 1664
844 1489
845 1780
846 1763
847 2460
848 1481
849 1982
850 2285
851 1301
852 2001
853 1396
854 1766
855 2460
856 1348
857 1777
858 1902
859 1950
860 1294
861 1906
862 1319
863 1289
864 2449
865 1351
866 1295
867 1454
868 2214
869 2272
870 2151
871 1750
872 1469
873 1651
874 1477
875 1278
876 2186
877 1934
878 1663
879 2196
880 1395
881 1452
882 1598
883 2412
884 2139
885 1345
886 1852
887 2341
888 2339
889 2145
890 1469
891 1765
892 1669
893 2339
894 1282
895 1541
896 1843
897 2049
898 1583
899 1578
900 1378
901 2452
902 1524
903 1671
904 2023
905 2420
906 2401
907 2080
908 2040
909 1318
910 1999
911 2024
912 2324
913 1715
914 1613
915 2047
916 2018
917 2118
918 1469
919 1343
920 1807
921 1806
922 1452
923 2069
924 1479
925 1810
926 1957
927 2092
928 1561
929 2493
930 1896
931 2429
932 1523
933 1323
934 1312
935 2303
936 2041
937 1670
938 1797
939 1780
940 1367
941 1782
942 1887
943 2234
944 2333
945 1563
946 1322
947 1379
948 2457
949 1991
950 2031
951 2257
952 1846
953 2281
954 1446
955 1833
956 1637
957 2333
958 2424
959 1301
960 1561
961 1893
962 1258
963 1334
964 2358
965 1572
966 2214
967 1443
968 1271
969 1505
970 2079
971 1276
972 1411
973 1300
974 2274
975 1466
976 1312
977 1686
978 1479
979 1327
980 1927
981 2332
982 1294
983 1637
984 2105
985 2243
986 2197
987 1981
988 1643
989 2076
990 1591
991 2263
992 1907
993 1566
994 1777
995 2381
996 2149
997 1727
998 1558
999 2440
1000 1329
1001 2171
1002 1251
1003 1268
1004 2276
1005 2074
1006 2325
1007 1357
1008 1611
1009 1447
1010 1949
1011 1530
1012 1280
1013 1339
1014 2196
1015 1900
1016 1524
1017 2076
1018 1977
1019 2148
1020 2061
1021 1565
1022 1428
1023 1830
1024 2430
1025 1563
1026 2223
1027 1304
1028 1881
1029 1905
1030 2107
1031 1411
1032 1689
1033 1380
1034 1397
1035 2205
1036 1967
1037 2028
1038 1488
1039 2414
1040 1377
1041 1796
1042 2243
1043 2477
1044 2075
1045 2323
1046 1968
1047 2248
1048 2258
1049 2174
1050 1547
1051 2407
1052 2346
1053 1561
1054 1555
1055 2176
1056 1259
1057 1679
1058 2143
1059 1934
1060 2431
1061 2033
1062 2035
1063 2493
1064 2087
1065 1825
1066 2324
1067 2174
1068 2421
1069 2386
1070 1703
1071 2011
1072 1410
1073 2318
1074 1457
1075 1311
1076 1868
1077 1467
1078 1855
1079 1410
1080 1905
1081 1573
1082 1905
1083 1535
1084 1745
1085 2021
1086 1685
1087 2364
1088 2427
1089 2373
1090 1337
1091 1920
1092 1887
1093 1996
1094 1465
1095 2457
1096 2349
1097 1726
1098 1736
1099 1861
1100 1288
1101 1977
1102 1292
1103 1525
1104 2140
1105 2292
1106 1290
1107 2261
1108 2082
1109 2056
1110 2071
1111 1578
1112 1252
1113 2404
1114 1658
1115 1655
1116 2105
1117 1563
1118 1825
1119 1343
1120 2227
1121 1465
1122 2218
1123 1534
1124 1935
1125 1660
1126 1699
1127 2003
1128 1438
1129 1837
1130 2293
1131 1508
1132 1694
1133 1572
1134 1609
1135 2066
1136 1412
1137 2252
1138 2059
1139 1811
1140 1272
1141 1619
1142 1573
1143 2068
1144 1926
1145 2228
1146 2466
1147 2072
1148 1283
1149 1533
1150 1308
1151 1909
1152 2392
1153 1514
1154 1660
1155 1828
1156 2404
1157 2056
1158 1642
1159 1522
1160 2399
1161 1259
1162 2146
1163 2363
1164 2186
1165 1966
1166 1662
1167 2404
1168 1767
1169 2322
1170 1712
1171 1595
1172 2182
1173 1766
1174 1278
1175 2355
1176 1279
1177 1835
1178 2027
1179 2328
1180 1483
1181 1547
1182 2105
1183 2181
1184 1387
1185 2098
1186 2462
1187 2041
1188 1662
1189 1601
1190 1452
1191 1628
1192 2181
1193 2265
1194 2068
1195 1663
1196 1789
1197 1881
1198 1491
1199 1457
1200 1385
1201 2398
1202 2404
1203 2040
1204 2172
1205 1568
1206 1259
1207 2201
1208 2318
1209 2451
1210 2350
1211 1359
1212 1305
1213 1327
1214 1760
1215 1634
1216 2336
1217 1321
1218 1811
1219 2001
1220 2048
1221 1427
1222 2211
1223 1596
1224 1790
1225 1860
1226 1811
1227 1585
1228 2035
1229 1282
1230 2350
1231 2254
1232 1773
1233 1699
1234 2011
1235 1499
1236 2482
1237 2191
1238 2406
1239 2148
1240 2288
1241 1700
1242 1504
1243 1702
1244 1800
1245 2385
1246 2050
1247 1832
1248 1813
1249 2035
1255 597
1257 655
1258 779
1260 1175
1261 176
1262 1098
1263 1057
1265 1138
1266 861
1267 1110
1269 197
1270 197
1272 787
1273 1182
1277 864
1284 765
1285 765
1287 655
1293 712
1297 716
1298 1191
1303 74
1309 808
1311 197
1313 80
1314 1057
1315 251
1317 966
1325 1217
1328 330
1330 410
1331 975
1332 1118
1333 15
1335 108
1336 750
1339 789
1340 261
1341 368
1344 837
1346 823
1347 906
1348 435
1350 1004
1351 548
1355 672
1356 55
1358 1081
1359 525
1363 291
1366 261
1369 157
1370 74
1371 1079
1373 4
1374 338
1375 649
1376 725
1381 96
1382 1243
1383 759
1386 1132
1387 1000
1389 970
1390 1189
1391 385
1392 301
1393 141
1394 921
1399 650
1400 40
1403 442
1404 854
1405 880
1406 1054
1408 1107
1409 85
1414 173
1415 900
1416 351
1417 533
1418 407
1420 1148
1422 26
1423 1008
1424 965
1426 906
1429 65
1430 652
1432 316
1433 828
1434 107
1435 439
1437 875
1439 1114
1440 1099
1441 537
1442 6
1444 1131
1446 374
1447 150
1450 515
1451 255
1455 620
1456 774
1459 1045
1463 910
1464 246
1468 209
1470 43
1471 882
1472 455
1475 1248
1476 245
1477 545
1484 361
1486 407
1487 658
1492 31
1493 104
1495 1048
1497 870
1500 1172
1501 1195
1505 154
1506 643
1507 479
1509 167
1510 412
1511 1105
1512 162
1516 610
1522 346
1525 518
1526 31
1527 108
1528 461
1529 548
1532 627
1533 747
1535 1196
1536 302
1537 419
1538 1038
1539 338
1542 73
1543 1003
1544 751
1545 1003
1546 204
1548 961
1549 939
1550 641
1551 1248
1552 906
1556 799
1557 1074
1559 104
1562 307
1564 407
1569 716
1570 435
1571 575
1575 758
1580 655
1581 749
1582 1204
1585 994
1586 877
1587 188
1589 666
1592 210
1593 126
1594 426
1597 357
1600 863
1601 165
1602 167
1603 537
1604 903
1605 767
1607 157
1608 89
1609 300
1612 150
1614 1081
1616 962
1617 951
1620 1022
1623 647
1624 283
1625 49
1626 1038
1627 1176
1629 1065
1630 685
1633 413
1634 673
1635 962
1636 1157
1638 552
1640 351
1641 315
1643 591
1644 386
1646 1055
1647 1022
1648 255
1649 938
1651 550
1652 402
1654 1131
1657 97
1659 386
1661 1229
1668 176
1672 15
1673 1236
1674 650
1675 590
1676 534
1678 259
1680 1151
1681 1054
1683 13
1684 124
1687 857
1688 1215
1692 941
1693 346
1696 514
1697 259
1701 214
1703 438
1704 898
1705 914
1706 877
1707 821
1709 345
1711 1125
1714 1204
1718 714
1719 107
1720 209
1721 910
1723 507
1724 444
1725 12
1728 1217
1729 473
1730 749
1731 613
1732 224
1733 549
1734 743
1735 1248
1737 824
1738 12
1739 321
1740 369
1741 219
1744 1015
1746 881
1747 413
1752 153
1753 903
1754 131
1755 261
1757 643
1758 1153
1759 393
1761 251
1762 311
1769 626
1770 583
1771 758
1772 1133
1773 693
1775 1131
1778 47
1779 316
1781 549
1783 436
1784 259
1785 716
1788 447
1791 31
1792 455
1798 87
1799 217
1801 442
1802 1045
1804 1022
1805 1131
1808 1154
1809 862
1810 750
1814 1209
1815 1104
1817 246
1818 1208
1822 858
1826 1209
1827 472
1829 725
1831 688
1834 296
1836 215
1839 725
1840 368
1841 80
1845 428
1847 1019
1848 742
1849 1199
1850 1215
1852 907
1853 387
1854 13
1857 426
1858 1235
1861 659
1862 80
1864 296
1865 549
1866 896
1867 751
1871 1110
1872 315
1874 612
1875 528
1878 135
1879 809
1882 20
1884 1166
1886 109
1890 552
1894 644
1895 1225
1897 648
1899 678
1901 853
1904 214
1909 1245
1910 156
1911 905
1913 579
1914 1146
1915 269
1916 76
1921 137
1924 1193
1925 728
1926 310
1928 90
1930 136
1933 93
1936 12
1937 20
1938 837
1939 87
1940 642
1941 548
1942 951
1943 962
1944 403
1951 932
1952 143
1953 940
1956 556
1958 348
1959 1120
1960 442
1961 369
1962 213
1963 666
1965 1057
1969 1058
1970 1193
1971 1165
1972 136
1975 1011
1976 828
1978 910
1983 347
1984 671
1985 575
1986 407
1988 539
1989 1045
1990 447
1992 635
1994 294
1995 141
1997 395
2000 393
2002 880
2005 153
2009 428
2010 43
2012 391
2014 507
2016 1164
2017 864
2019 635
2023 612
2025 457
2030 1157
2032 296
2036 563
2038 1172
2039 545
2043 20
2044 946
2046 432
2050 229
2052 369
2054 122
2055 672
2060 40
2062 20
2063 945
2064 573
2067 21
2073 415
2077 885
2078 793
2079 381
2081 389
2082 823
2083 1054
2084 415
2085 361
2086 861
2087 402
2088 1179
2090 1229
2091 612
2093 49
2095 507
2097 928
2099 478
2100 539
2101 579
2102 1119
2103 584
2104 1066
2108 445
2109 126
2110 931
2111 107
2112 729
2113 605
2115 692
2117 546
2119 1110
2121 336
2123 63
2124 1138
2125 1112
2126 312
2129 478
2131 536
2132 347
2134 1128
2135 864
2137 1044
2141 939
2142 850
2144 615
2147 866
2150 473
2155 512
2156 261
2157 386
2161 98
2162 644
2164 43
2166 300
2168 716
2169 201
2170 1052
2173 494
2175 455
2177 413
2178 58
2179 261
2180 865
2183 875
2185 80
2188 372
2189 510
2194 331
2198 742
2199 611
2200 54
2203 1213
2204 190
2206 1104
2210 176
2211 1102
2215 933
2217 1065
2220 216
2222 538
2225 1178
2226 632
2227 563
2230 317
2232 7
2237 724
2238 141
2239 866
2240 711
2244 1057
2245 624
2248 1149
2250 434
2251 797
2252 1201
2256 386
2260 121
2262 830
2264 1229
2266 55
2267 295
2269 875
2270 1244
2271 275
2273 881
2277 83
2278 153
2279 703
2280 341
2281 813
2282 21
2283 900
2286 538
2287 309
2289 74
2290 921
2293 678
2294 576
2295 1237
2299 136
2300 989
2306 1149
2307 746
2308 1194
2309 1069
2310 644
2311 426
2313 197
2314 460
2318 1037
2319 608
2321 34
2324 357
2329 991
2331 641
2334 1131
2335 188
2337 1024
2338 188
2340 1046
2342 871
2343 455
2347 387
2348 819
2349 336
2351 562
2352 426
2353 84
2356 351
2357 83
2359 809
2360 84
2361 404
2362 105
2365 673
2371 1016
2375 399
2376 946
2377 857
2383 866
2388 122
2392 1065
2393 323
2394 1110
2396 495
2397 564
2400 294
2402 330
2403 267
2406 1147
2416 207
2418 816
2419 198
2421 335
2422 30
2426 473
2428 849
2432 613
2433 1132
2436 413
2437 82
2438 1141
2441 1217
2442 1243
2443 900
2444 860
2446 494
2452 134
2453 264
2454 1068
2456 648
2457 845
2459 516
2461 991
2464 137
2465 574
2468 369
2471 44
2472 538
2474 829
2476 481
2477 281
2479 259
2483 188
2485 365
2486 534
2487 43
2489 389
2490 1057
2491 141
2492 494
2494 1002
2495 462
2497 201
2498 1046
2499 217
3720.075344221
