2472
2499 1129
2498 356
2497 609
2496 834
2495 1129
2494 332
2493 892
2492 1137
2491 1137
2490 1129
2489 775
2488 1137
2487 999
2486 47
2485 981
2484 1137
2483 698
2482 1137
2481 115
2480 775
2479 997
2478 749
2477 997
2476 1129
2475 698
2474 1129
2473 17
2472 771
2471 1137
2470 834
2469 997
2468 356
2467 356
2466 1129
2465 766
2464 698
2463 47
2462 1129
2461 356
2460 1005
2459 356
2458 115
2457 997
2456 892
2455 771
2454 115
2453 1137
2452 988
2451 771
2450 1137
2449 834
2448 1129
2447 771
2446 997
2445 1137
2444 115
2443 47
2442 698
2441 749
2440 115
2439 356
2438 1129
2437 1137
2436 775
2435 356
2434 609
2433 988
2432 1137
2431 356
2430 766
2429 981
2428 834
2427 609
2426 1005
2425 1137
2424 892
2423 997
2422 997
2421 335
2420 115
2419 606
2418 775
2417 834
2416 609
2415 356
2414 115
2413 771
2412 771
2411 335
2410 1137
2409 999
2408 775
2407 775
2406 746
2405 981
2404 698
2403 47
2402 766
2401 997
2400 997
2399 47
2398 1137
2397 834
2396 609
2395 698
2394 775
2393 1137
2392 771
2391 47
2390 115
2389 47
2388 771
2387 981
2386 746
2385 47
2384 609
2383 698
2382 1137
2381 834
2380 115
2379 115
2378 981
2377 1137
2376 834
2375 997
2374 746
2373 115
2372 115
2371 698
2370 1005
2369 997
2368 1129
2367 749
2366 17
2365 115
2364 335
2363 1207
2362 698
2361 356
2360 698
2359 1129
2358 997
2357 17
2356 1129
2355 609
2354 1137
2353 698
2352 1137
2351 1005
2350 892
2349 115
2348 775
2347 609
2346 766
2345 892
2344 1129
2343 1129
2342 892
2341 892
2340 834
2339 1005
2338 698
2337 766
2336 771
2335 698
2334 766
2333 115
2332 981
2331 997
2330 1140
2329 356
2328 17
2327 766
2326 997
2325 17
2324 698
2323 1129
2322 115
2321 115
2320 834
2319 1140
2318 746
2317 775
2316 892
2315 999
2314 997
2313 609
2312 609
2311 1137
2310 335
2309 746
2308 335
2307 746
2306 766
2305 356
2304 834
2303 335
2302 1137
2301 17
2300 609
2299 834
2298 746
2297 997
2296 1137
2295 771
2294 1129
2293 1005
2292 698
2291 771
2290 766
2289 115
2288 698
2287 334
2286 771
2285 78
2284 1129
2283 332
2282 771
2281 892
2280 749
2279 78
2278 834
2277 17
2276 1137
2275 698
2274 775
2273 698
2272 17
2271 1005
2270 771
2269 1137
2268 17
2267 47
2266 834
2265 892
2264 47
2263 356
2262 997
2261 1129
2260 115
2259 766
2258 834
2257 609
2256 749
2255 609
2254 1137
2253 17
2252 1137
2251 1140
2250 1137
2249 981
2248 766
2247 1129
2246 698
2245 834
2244 1129
2243 834
2242 999
2241 47
2240 1137
2239 698
2238 1137
2237 746
2236 115
2235 1129
2234 997
2233 1129
2232 115
2231 335
2230 1137
2229 771
2228 834
2227 1140
2226 1137
2225 1137
2224 609
2223 609
2222 771
2221 335
2220 892
2219 609
2218 78
2217 766
2216 115
2215 606
2214 17
2213 1005
2212 834
2211 115
2210 1137
2209 1129
2208 834
2207 47
2206 17
2205 1137
2204 1129
2203 771
2202 1137
2201 892
2200 335
2199 1129
2198 47
2197 834
2196 609
2195 834
2194 892
2193 115
2192 47
2191 766
2190 999
2189 698
2188 115
2187 1137
2186 834
2185 1005
2184 834
2183 1137
2182 766
2181 17
2180 1140
2179 335
2178 834
2177 775
2176 997
2175 1129
2174 1005
2173 1137
2172 356
2171 1137
2170 766
2169 698
2168 775
2167 892
2166 356
2165 981
2164 115
2163 1137
2162 335
2161 999
2160 771
2159 766
2158 766
2157 1140
2156 335
2155 115
2154 335
2153 997
2152 766
2151 335
2150 1005
2149 1005
2148 771
2147 698
2146 981
2145 1137
2144 775
2143 698
2142 78
2141 997
2140 766
2139 892
2138 356
2137 892
2136 892
2135 834
2134 766
2133 766
2132 1137
2131 47
2130 698
2129 115
2128 335
2127 999
2126 335
2125 766
2124 47
2123 698
2122 834
2121 115
2120 1129
2119 775
2118 1137
2117 997
2116 834
2115 907
2114 17
2113 892
2112 1129
2111 47
2110 981
2109 332
2108 892
2107 1129
2106 1137
2105 1137
2104 698
2103 1137
2102 997
2101 609
2100 771
2099 115
2098 17
2097 609
2096 609
2095 698
2094 356
2093 997
2092 766
2091 698
2090 997
2089 115
2088 17
2087 1129
2086 746
2085 834
2084 332
2083 1129
2082 981
2081 775
2080 997
2079 766
2078 1129
2077 997
2076 609
2075 892
2074 698
2073 47
2072 746
2071 999
2070 698
2069 609
2068 115
2067 771
2066 609
2065 775
2064 47
2063 892
2062 892
2061 1137
2060 997
2059 47
2058 1129
2057 698
2056 892
2055 771
2054 771
2053 749
2052 834
2051 698
2050 335
2049 335
2048 834
2047 1005
2046 1137
2045 834
2044 834
2043 892
2042 334
2041 698
2040 892
2039 698
2038 766
2037 1005
2036 17
2035 609
2034 47
2033 609
2032 1129
2031 609
2030 892
2029 892
2028 746
2027 1137
2026 356
2025 1129
2024 335
2023 698
2022 47
2021 1137
2020 115
2019 609
2018 335
2017 834
2016 834
2015 335
2014 698
2013 356
2012 1129
2011 892
2010 115
2009 981
2008 356
2007 1140
2006 771
2005 834
2004 47
2003 356
2002 47
2001 609
2000 335
1999 335
1998 766
1997 115
1996 332
1995 1137
1994 997
1993 47
1992 609
1991 1129
1990 1137
1989 1129
1988 771
1987 771
1986 999
1985 834
1984 834
1983 1137
1982 834
1981 115
1980 609
1979 746
1978 335
1977 766
1976 1129
1975 332
1974 775
1973 115
1972 834
1971 335
1970 892
1969 698
1968 356
1967 356
1966 335
1965 892
1964 1005
1963 356
1962 609
1961 356
1960 771
1959 1140
1958 997
1957 1137
1956 749
1955 766
1954 115
1953 609
1952 981
1951 1129
1950 335
1949 606
1948 997
1947 775
1946 356
1945 1129
1944 766
1943 115
1942 609
1941 766
1940 78
1939 115
1938 766
1937 1207
1936 749
1935 356
1934 115
1933 1137
1932 1137
1931 47
1930 834
1929 775
1928 766
1927 115
1926 115
1925 332
1924 892
1923 17
1922 766
1921 698
1920 1129
1919 988
1918 997
1917 698
1916 17
1915 698
1914 1129
1913 609
1912 609
1911 115
1910 17
1909 997
1908 356
1907 47
1906 746
1905 356
1904 335
1903 115
1902 892
1901 999
1900 775
1899 1005
1898 1137
1897 892
1896 766
1895 892
1894 335
1893 698
1892 335
1891 1129
1890 606
1889 1005
1888 1129
1887 997
1886 1005
1885 335
1884 1129
1883 1140
1882 892
1881 1005
1880 749
1879 1129
1878 78
1877 1005
1876 1005
1875 766
1874 698
1873 698
1872 834
1871 775
1870 1129
1869 771
1868 775
1867 766
1866 981
1865 609
1864 749
1863 746
1862 1005
1861 997
1860 892
1859 1129
1858 17
1857 1137
1856 334
1855 834
1854 1137
1853 609
1852 997
1851 834
1850 115
1849 17
1848 47
1847 771
1846 892
1845 981
1844 17
1843 981
1842 78
1841 1005
1840 335
1839 356
1838 1140
1837 1129
1836 334
1835 997
1834 1129
1833 1129
1832 1137
1831 997
1830 997
1829 834
1828 981
1827 834
1826 771
1825 771
1824 766
1823 115
1822 892
1821 698
1820 47
1819 17
1818 356
1817 1137
1816 47
1815 17
1814 771
1813 47
1812 47
1811 892
1810 981
1809 1129
1808 1005
1807 698
1806 766
1805 766
1804 775
1803 1140
1802 1129
1801 771
1800 771
1799 1129
1798 115
1797 115
1796 834
1795 356
1794 115
1793 1207
1792 1129
1791 775
1790 1129
1789 834
1788 1137
1787 47
1786 892
1785 775
1784 997
1783 1137
1782 771
1781 981
1780 47
1779 47
1778 47
1777 1137
1776 606
1775 766
1774 766
1773 335
1772 892
1771 698
1770 1129
1769 335
1768 997
1767 356
1766 746
1765 997
1764 356
1763 606
1762 746
1761 609
1760 892
1759 1005
1758 698
1757 997
1756 766
1755 335
1754 1137
1753 1129
1752 834
1751 1005
1750 892
1749 47
1748 1137
1747 775
1746 698
1745 834
1744 775
1743 115
1742 981
1741 609
1740 356
1739 606
1738 1129
1737 356
1736 766
1735 47
1734 115
1733 981
1732 892
1731 997
1730 1129
1729 1005
1728 749
1727 997
1726 335
1725 1140
1724 834
1723 698
1722 981
1721 335
1720 356
1719 47
1718 892
1717 335
1716 1005
1715 834
1714 356
1713 997
1712 1137
1711 698
1710 1137
1709 999
1708 1005
1707 698
1706 115
1705 892
1704 997
1703 698
1702 698
1701 335
1700 766
1699 698
1698 335
1697 997
1696 115
1695 834
1694 1129
1693 698
1692 771
1691 892
1690 78
1689 17
1688 115
1687 1137
1686 997
1685 356
1684 997
1683 1137
1682 17
1681 1129
1680 997
1679 1129
1678 997
1677 115
1676 47
1675 1137
1674 1140
1673 1137
1672 892
1671 988
1670 335
1669 892
1668 1137
1667 1137
1666 115
1665 892
1664 606
1663 771
1662 1129
1661 47
1660 1005
1659 1140
1658 609
1657 1137
1656 997
1655 766
1654 766
1653 1129
1652 1129
1651 1140
1650 115
1649 115
1648 47
1647 606
1646 997
1645 892
1644 17
1643 78
1642 892
1641 834
1640 1129
1639 997
1638 606
1637 78
1636 892
1635 115
1634 115
1633 999
1632 746
1631 997
1630 17
1629 771
1628 892
1627 766
1626 1137
1625 997
1624 1140
1623 1129
1622 1129
1621 834
1620 775
1619 1129
1618 698
1617 609
1616 115
1615 766
1614 1140
1613 892
1612 746
1611 17
1610 47
1609 356
1608 17
1607 981
1606 17
1605 1137
1604 988
1603 771
1602 775
1601 997
1600 997
1599 997
1598 17
1597 698
1596 892
1595 981
1594 1137
1593 332
1592 892
1591 1129
1590 17
1589 356
1588 771
1587 698
1586 115
1585 334
1584 775
1583 997
1582 356
1581 749
1580 1129
1579 698
1578 698
1577 698
1576 47
1575 698
1574 609
1573 1140
1572 892
1571 834
1570 115
1569 999
1568 115
1567 1129
1566 834
1565 997
1564 115
1563 892
1562 834
1561 609
1560 749
1559 1137
1558 609
1557 17
1556 606
1555 1129
1554 766
1553 892
1552 997
1551 47
1550 997
1549 997
1548 698
1547 997
1546 997
1545 997
1544 17
1543 47
1542 115
1541 997
1540 892
1539 997
1538 1137
1537 332
1536 892
1535 834
1534 335
1533 771
1532 115
1531 997
1530 771
1529 17
1528 609
1527 766
1526 606
1525 698
1524 609
1523 1129
1522 698
1521 698
1520 766
1519 1207
1518 988
1517 78
1516 115
1515 335
1514 698
1513 1137
1512 766
1511 698
1510 1129
1509 775
1508 766
1507 356
1506 997
1505 47
1504 78
1503 698
1502 1137
1501 771
1500 766
1499 17
1498 997
1497 335
1496 999
1495 834
1494 356
1493 1137
1492 834
1491 981
1490 606
1489 834
1488 1137
1487 609
1486 999
1485 47
1484 834
1483 997
1482 334
1481 1005
1480 335
1479 335
1478 1129
1477 698
1476 771
1475 771
1474 47
1473 771
1472 1129
1471 17
1470 115
1469 997
1468 356
1467 115
1466 335
1465 698
1464 1137
1463 335
1462 766
1461 892
1460 771
1459 1129
1458 609
1457 17
1456 47
1455 892
1454 17
1453 335
1452 698
1451 47
1450 771
1449 1137
1448 47
1447 746
1446 999
1445 981
1444 766
1443 1129
1442 1005
1441 771
1440 997
1439 609
1438 766
1437 1137
1436 892
1435 1129
1434 47
1433 1129
1432 997
1431 892
1430 334
1429 1129
1428 775
1427 115
1426 997
1425 988
1424 981
1423 17
1422 834
1421 47
1420 771
1419 115
1418 999
1417 332
1416 1129
1415 47
1414 335
1413 47
1412 766
1411 1005
1410 997
1409 1207
1408 1129
1407 609
1406 1129
1405 47
1404 1137
1403 771
1402 771
1401 1137
1400 997
1399 1140
1398 47
1397 988
1396 999
1395 997
1394 766
1393 1137
1392 766
1391 892
1390 997
1389 766
1388 892
1387 698
1386 892
1385 335
1384 999
1383 356
1382 698
1381 609
1380 892
1379 766
1378 47
1377 335
1376 834
1375 997
1374 997
1373 771
1372 1137
1371 997
1370 115
1369 981
1368 1005
1367 609
1366 335
1365 115
1364 335
1363 17
1362 609
1361 1129
1360 981
1359 356
1358 1140
1357 606
1356 834
1355 771
1354 834
1353 335
1352 1137
1351 17
1350 1137
1349 698
1348 115
1347 47
1346 981
1345 997
1344 766
1343 47
1342 1137
1341 335
1340 335
1339 335
1338 766
1337 356
1336 981
1335 766
1334 1129
1333 892
1332 771
1331 335
1330 1129
1329 698
1328 771
1327 771
1326 771
1325 1140
1324 1137
1323 834
1322 834
1321 1140
1320 1129
1319 988
1318 606
1317 766
1316 606
1315 609
1314 1129
1313 698
1312 609
1311 609
1310 698
1309 1129
1308 997
1307 766
1306 749
1305 334
1304 766
1303 115
1302 766
1301 775
1300 771
1299 1137
1298 78
1297 775
1296 356
1295 698
1294 115
1293 1005
1292 115
1291 771
1290 698
1289 997
1288 999
1287 1129
1286 335
1285 981
1284 609
1283 771
1282 47
1281 606
1280 78
1279 766
1278 1137
1277 834
1276 892
1275 1129
1274 17
1273 1137
1272 17
1271 47
1270 609
1269 609
1268 47
1267 775
1266 746
1265 47
1264 1005
1263 1129
1262 766
1261 1137
1260 609
1259 47
1258 115
1257 1129
1256 775
1255 892
1254 1207
1253 356
1252 766
1251 771
1250 1137
1249 2108
1248 2064
1247 2484
1246 1453
1245 2064
1244 1987
1243 1524
1242 2284
1241 1379
1240 1524
1239 1987
1238 1305
1237 1987
1236 2484
1235 2248
1234 1596
1233 2130
1232 1453
1231 2314
1230 1596
1229 2064
1228 2108
1227 2453
1226 1596
1225 1596
1224 2078
1223 1596
1222 1453
1221 1927
1220 2496
1219 1524
1218 1596
1217 1833
1216 1987
1215 1927
1214 1596
1213 1987
1212 2484
1211 1305
1210 2284
1209 1987
1208 1305
1206 2064
1205 1927
1204 2496
1203 1596
1202 2130
1201 2484
1200 1453
1199 1379
1198 2108
1197 2130
1196 2496
1195 1987
1194 1453
1193 1596
1192 1987
1191 1596
1190 2130
1189 2314
1188 2078
1187 2130
1186 2284
1185 1833
1184 2130
1183 1987
1182 2484
1181 2314
1180 1599
1179 1833
1178 2484
1177 1599
1176 1379
1175 1596
1174 2484
1173 1305
1172 2248
1171 2108
1170 2453
1169 1927
1168 1305
1167 2130
1166 2078
1165 1927
1164 2496
1163 2284
1162 1596
1161 2064
1160 2064
1159 2130
1158 1596
1157 1596
1156 2130
1155 2108
1154 2130
1153 2130
1152 1987
1151 2314
1150 2314
1149 1987
1148 1987
1147 1305
1146 2078
1145 2496
1144 1453
1143 1453
1142 1833
1141 2078
1139 1596
1138 2064
1136 1379
1135 1596
1134 1305
1133 1596
1132 2284
1131 1987
1130 2130
1128 1379
1127 1305
1126 2130
1125 2130
1124 2467
1123 1453
1122 2284
1121 2130
1120 1833
1119 2064
1118 1987
1117 1596
1116 2314
1115 1379
1114 1524
1113 1596
1112 1987
1111 2130
1110 1927
1109 1596
1108 2108
1107 2078
1106 2130
1105 2130
1104 2248
1103 2130
1102 1453
1101 1379
1100 1927
1099 2314
1098 1987
1097 1453
1096 1453
1095 2314
1094 2130
1093 2064
1092 2314
1091 2078
1090 1305
1089 1927
1088 1524
1087 1453
1086 2496
1085 2484
1084 2496
1083 2496
1082 1305
1081 1833
1080 2496
1079 2314
1078 2496
1077 1453
1076 2496
1075 1524
1074 2248
1073 1305
1072 1599
1071 1596
1070 2130
1069 1305
1068 1453
1067 2130
1066 2130
1065 1987
1064 2078
1063 1596
1062 1524
1061 1524
1060 1305
1059 1927
1058 2130
1057 2078
1056 2064
1055 2314
1054 2078
1053 1524
1052 1379
1051 1927
1050 2314
1049 1453
1048 2496
1047 2078
1046 2484
1045 1833
1044 1596
1043 2314
1042 2496
1041 2496
1040 2047
1039 1927
1038 2484
1037 1305
1036 1305
1035 2484
1034 2284
1033 2284
1032 2248
1031 1453
1030 1833
1029 1305
1028 2130
1027 1379
1026 1524
1025 1596
1024 1379
1023 2314
1022 1927
1021 2314
1020 2484
1019 1987
1018 1379
1017 2108
1016 1596
1015 2496
1014 1524
1013 1453
1012 2284
1011 1987
1010 2496
1009 1305
1008 1987
1007 2496
1006 1379
1004 2484
1003 2064
1002 1987
1001 2484
1000 2130
998 1524
996 2130
995 2496
994 2453
993 2496
992 2064
991 1305
990 1833
989 1524
987 1927
986 2496
985 2496
984 2484
983 2284
982 1453
980 1927
979 1987
978 1453
977 2314
976 1524
975 1453
974 1927
973 1987
972 1453
971 1596
970 1987
969 2064
968 2064
967 2078
966 1379
965 1596
964 2314
963 2078
962 1927
961 2130
960 1524
959 1927
958 1596
957 1927
956 2284
955 1596
954 1927
953 1596
952 1596
951 1524
950 1524
949 1833
948 2314
947 1987
946 2496
945 1596
944 1927
943 2314
942 2314
941 2064
940 1524
939 2314
938 1927
937 1453
936 2130
935 1453
934 1524
933 2496
932 2078
931 1596
930 1987
929 1596
928 1524
927 1987
926 1305
925 2108
924 1453
923 1524
922 2130
921 1987
920 2130
919 2064
918 1599
917 2484
916 1453
915 2130
914 1596
913 2496
912 2130
911 1453
910 1453
909 2496
908 1596
906 2064
905 1927
904 2130
903 1596
902 1596
901 2284
900 2064
899 2130
898 2314
897 1453
896 2108
895 2314
894 2064
893 2130
891 2314
890 2064
889 2484
888 2130
887 1596
886 2314
885 2314
884 1596
883 1987
882 1833
881 2130
880 2064
879 1524
878 1987
877 1927
876 2496
875 2484
874 2130
873 2248
872 1599
871 1596
870 1453
869 1833
868 1379
867 1987
866 2130
865 2078
864 2496
863 2314
862 2284
861 1305
860 1453
859 1453
858 1596
857 2484
856 1927
855 2047
854 2484
853 1927
852 1524
851 1927
850 2284
849 2496
848 2047
847 2047
846 2496
845 2064
844 2496
843 2496
842 2130
841 2108
840 2047
839 1987
838 2130
837 1987
836 2453
835 1453
833 2064
832 1596
831 2078
830 2314
829 2078
828 2078
827 2284
826 2314
825 2130
824 1305
823 1596
822 2496
821 2130
820 2130
819 2496
818 2248
817 1596
816 1927
815 1453
814 2108
813 1596
812 1524
811 1453
810 1987
809 2078
808 2284
807 2064
806 2130
805 2453
804 2314
803 2496
802 2130
801 1987
800 2284
799 2496
798 2496
797 1833
796 2314
795 1599
794 2108
793 1596
792 1927
791 2314
790 2496
789 1453
788 2130
787 2248
786 2130
785 1987
784 1596
783 2484
782 1596
781 2130
780 2484
779 1927
778 2108
777 1596
776 2130
774 2064
773 2064
772 2108
770 1596
769 1596
768 1596
767 2453
765 2108
764 2284
763 1987
762 1599
761 1833
760 1524
759 1305
758 2130
757 2484
756 2496
755 1596
754 1524
753 2078
752 2248
751 2248
750 2108
748 2484
747 1987
745 2496
744 1987
743 1453
742 2064
741 1453
740 2496
739 2496
738 2484
737 1987
736 2130
735 1987
734 1453
733 1379
732 1833
731 2284
730 2130
729 1833
728 1987
727 1596
726 2284
725 2496
724 2484
723 1987
722 1833
721 1596
720 1596
719 2496
718 2064
717 2484
716 1927
715 2078
714 1596
713 2130
712 2130
711 2484
710 2496
709 1927
708 2064
707 2078
706 1524
705 2248
704 1524
703 2284
702 2248
701 1927
700 2314
699 1596
697 1987
696 2496
695 1305
694 2047
693 1453
692 2314
691 1596
690 1987
689 1305
688 1599
687 2130
686 2130
685 2248
684 2064
683 1596
682 2064
681 1524
680 2284
679 1379
678 2130
677 2130
676 1453
675 2064
674 1453
673 1927
672 1987
671 2496
670 1987
669 1927
668 1833
667 2064
666 2496
665 1524
664 2284
663 1833
662 2314
661 2284
660 2484
659 2314
658 1596
657 2484
656 2064
655 2078
654 1596
653 1927
652 2453
651 1524
650 1833
649 1599
648 1596
647 2284
646 2078
645 2130
644 1453
643 2314
642 2284
641 1599
640 2248
639 2496
638 1927
637 2453
636 1453
635 1524
634 1305
633 1987
632 2453
631 2108
630 1596
629 1927
628 2064
627 1927
626 1453
625 2314
624 2496
623 2130
622 2484
621 2284
620 2108
619 2130
618 2484
617 2496
616 2314
615 1927
614 1987
613 2314
612 2130
611 2078
610 1927
608 1833
607 1596
605 1596
604 1596
603 1987
602 1987
601 1596
600 1927
599 1453
598 1524
597 2108
596 2078
595 2484
594 1927
593 2064
592 1833
591 2284
590 2484
589 1453
588 1927
587 1927
586 1305
585 1305
584 2484
583 2078
582 1987
581 1833
580 2484
579 1524
578 2130
577 1596
576 2078
575 2496
574 1987
573 1987
572 2078
571 1596
570 2130
569 1596
568 2484
567 2496
566 2130
565 1927
564 2496
563 1833
562 2130
561 2108
560 1596
559 2130
558 2130
557 2453
556 1833
555 2453
554 2078
553 2064
552 2496
551 1927
550 1833
549 1524
548 1987
547 2108
546 2314
545 2130
544 2484
543 1453
542 1379
541 1453
540 2130
539 1987
538 1987
537 1987
536 2064
535 1453
534 2064
533 2064
532 2064
531 1596
530 2496
529 2484
528 2248
527 1453
526 1987
525 1305
524 2496
523 1987
522 1305
521 1453
520 2467
519 2108
518 2130
517 1596
516 1305
515 2064
514 1453
513 2130
512 1927
511 2130
510 2130
509 2484
508 1453
507 2130
506 2484
505 2314
504 1927
503 2496
502 2064
501 1987
500 1305
499 2484
498 1305
497 2064
496 1987
495 1524
494 2314
493 1596
492 2496
491 1596
490 2496
489 1987
488 2064
487 2130
486 2314
485 1927
484 1833
483 2314
482 2248
481 2078
480 2453
479 1305
478 1927
477 1927
476 1927
475 1524
474 1379
473 2130
472 2496
471 2484
470 1596
469 1596
468 1453
467 2130
466 2130
465 1524
464 2484
463 2108
462 2078
461 1524
460 1987
459 1453
458 2496
457 2078
456 2248
455 1833
454 2130
453 2484
452 2496
451 1305
450 2078
449 1596
448 1524
447 2484
446 1987
445 1596
444 2496
443 2108
442 1987
441 2453
440 2108
439 2078
438 2130
437 2130
436 2484
435 1927
434 2484
433 1927
432 2453
431 1987
430 1987
429 2130
428 2108
427 2496
426 2484
425 1453
424 1596
423 1453
422 1596
421 1596
420 2064
419 1987
418 1453
417 2064
416 1987
415 2064
414 2130
413 1927
412 2078
411 2108
410 2078
409 2284
408 2484
407 1927
406 2130
405 1927
404 1305
403 1987
402 2078
401 1927
400 2284
399 2314
398 2130
397 2248
396 1453
395 1453
394 1786
393 2047
392 2078
391 1987
390 1524
389 2496
388 2064
387 1524
386 1833
385 1596
384 2314
383 2130
382 1524
381 1379
380 2248
379 1987
378 1599
377 2314
376 1596
375 2496
374 1927
373 2496
372 1927
371 1596
370 2484
369 1305
368 1453
367 1305
366 1596
365 2108
364 2496
363 1524
362 2453
361 2496
360 1599
359 2484
358 2130
357 2130
355 2064
354 2496
353 2064
352 2496
351 1833
350 1927
349 1453
348 2314
347 2484
346 2130
345 1927
344 2047
343 1453
342 2064
341 1833
340 2284
339 1987
338 1599
337 2496
336 1927
333 2484
331 1596
330 1987
329 1453
328 1927
327 1524
326 1987
325 2496
324 2130
323 2314
322 2064
321 2496
320 2484
319 2064
318 1453
317 2453
316 2064
315 2496
314 1987
313 1927
312 1453
311 1305
310 1453
309 1305
308 1833
307 2496
306 2130
305 2248
304 1524
303 2496
302 1596
301 2248
300 1305
299 2284
298 2496
297 2314
296 1833
295 2064
294 2314
293 2453
292 2496
291 2248
290 1927
289 1987
288 1927
287 1987
286 1927
285 2284
284 1927
283 1833
282 1305
281 2314
280 2108
279 2284
278 1596
277 2284
276 2284
275 2130
274 1379
273 2496
272 2078
271 1596
270 1453
269 2130
268 1453
267 2064
266 2130
265 2108
264 2484
263 2130
262 2484
261 1453
260 1453
259 2314
258 2484
257 1453
256 1524
255 2064
254 2064
253 1596
252 2284
251 1524
250 2130
249 2130
248 2130
247 1596
246 2484
245 1987
244 1453
243 2108
242 1596
241 2064
240 1305
239 1833
238 1987
237 2078
236 1453
235 2484
234 1305
233 1453
232 1596
231 2064
230 1927
229 1453
228 2064
227 2453
226 2064
225 1596
224 1596
223 1927
222 2453
221 2314
220 2314
219 1524
218 2130
217 2284
216 1596
215 1305
214 1453
213 1524
212 1453
211 1927
210 1596
209 2467
208 2484
207 1524
206 1927
205 2484
204 2314
203 2284
202 2248
201 1524
200 1596
199 1379
198 2496
197 1524
196 2248
195 2078
194 1596
193 2064
192 1833
191 1453
190 1833
189 2248
188 2130
187 2130
186 1927
185 2467
184 2484
183 2064
182 2496
181 1596
180 1453
179 2484
178 2064
177 1927
176 2484
175 2130
174 2314
173 2130
172 1596
171 1987
170 1927
169 1453
168 2496
167 1927
166 1927
165 2314
164 1596
163 2248
162 1379
161 2248
160 2484
159 2453
158 2496
157 1596
156 2248
155 2496
154 2064
153 2496
152 2078
151 1453
150 1305
149 1927
148 1379
147 2064
146 2284
145 2484
144 2064
143 2108
142 1987
141 2484
140 2248
139 2130
138 2130
137 2130
136 2496
135 2284
134 2284
133 2130
132 1305
131 2453
130 1987
129 1927
128 1927
127 2130
126 2064
125 1927
124 2314
123 2130
122 1987
121 1927
120 1927
119 2484
118 2496
117 1987
116 1987
114 1987
113 1927
112 2453
111 1987
110 1987
109 2047
108 1379
107 1599
106 2130
105 2130
104 2484
103 1987
102 2496
101 1927
100 2064
99 2496
98 1927
97 2484
96 1524
95 1596
94 2484
93 2484
92 2130
91 2130
90 1379
89 2248
88 2484
87 1927
86 2484
85 1786
84 2130
83 1379
82 2484
81 1305
80 2130
79 2284
77 2496
76 1833
75 2064
74 1927
73 1927
72 1453
71 2284
70 2496
69 2453
68 1927
67 1305
66 2078
65 2078
64 2130
63 2130
62 2064
61 1379
60 2314
59 2484
58 2496
57 1305
56 2284
55 2496
54 1453
53 1927
52 2496
51 2284
50 1599
49 1599
48 1305
46 2130
45 2484
44 2484
43 1927
42 1596
41 2484
40 2314
39 2130
38 2453
37 1987
36 2453
35 1453
34 1927
33 1596
32 1833
31 2496
30 1599
29 2284
28 2496
27 2064
26 2496
25 1596
24 2314
23 1927
22 1453
21 1987
20 1596
19 2064
18 2484
16 1524
15 1596
14 1987
13 2453
12 2078
11 1596
10 2496
9 2130
8 2453
7 1927
6 2047
5 1305
4 1987
3 1453
2 2078
1 2496
0 1987
172144.397246491
