4979
0 4585
1 4699
2 4127
3 3595
4 3113
5 4699
6 4339
7 3595
8 4209
9 2698
10 4197
11 2803
12 4561
13 4699
14 3113
15 3849
16 2698
17 4585
18 4699
19 4323
20 2803
21 3223
22 3595
23 4748
24 3444
25 2698
26 4988
27 3223
28 4197
29 2803
30 4606
31 4197
32 4561
33 2698
34 3595
35 3595
36 4209
37 4585
38 4699
39 4339
40 4606
41 3444
42 2685
43 3468
44 4699
45 3444
46 4339
47 4323
48 4699
49 4606
50 4606
51 2803
52 4197
53 3468
54 3878
55 4988
56 2803
57 4699
58 4988
59 3444
60 2775
61 4585
62 4606
63 2698
64 4339
65 4127
66 4127
67 4699
68 4201
69 4699
70 4197
71 2803
72 3595
73 3468
74 3595
75 4606
76 4561
77 4988
78 2803
79 2803
80 4339
81 4699
82 3444
83 4585
84 4339
85 2803
86 3444
87 3595
88 4699
89 4561
90 4585
91 4339
92 2698
93 3444
94 4699
95 2685
96 3249
97 4699
98 4748
99 4197
100 4606
101 3595
102 4988
103 3113
104 3444
105 2698
106 2698
107 4606
108 4585
109 3878
110 3113
111 2803
112 4209
113 3468
114 3113
115 3468
116 3113
117 3113
118 4197
119 3444
120 3468
121 3468
122 3113
123 4339
124 4606
125 3468
126 3223
127 4339
128 3595
129 4197
130 4585
131 4209
132 4699
133 4339
134 2803
135 2803
136 4988
137 4339
138 4339
139 4339
140 4561
141 3444
142 3113
143 3849
144 4323
145 3444
146 2803
147 4323
148 4585
149 3595
150 4699
151 3878
152 4127
153 4197
154 4606
155 4988
156 4585
157 3849
158 4197
159 4699
160 3444
161 4585
162 4585
163 4585
164 3849
165 2775
166 4197
167 4748
168 4988
169 3595
170 4201
171 2803
172 2685
173 3595
174 4606
175 2698
176 3444
177 4201
178 4323
179 3444
180 3595
181 2685
182 4197
183 4606
184 3444
185 2809
186 4201
187 2698
188 2698
189 4585
190 4127
191 3595
192 4596
193 4323
194 2803
195 2803
196 4585
197 2698
198 4197
199 4585
200 2803
201 2698
202 4585
203 2803
204 3207
205 3595
206 3595
207 2698
208 3444
209 2809
210 2803
211 3595
212 3595
213 2698
214 3878
215 4699
216 2803
217 2803
218 4339
219 2698
220 4606
221 4606
222 4699
223 3468
224 3849
225 2698
226 4606
227 4699
228 4606
229 3595
230 3595
231 3223
232 3849
233 3595
234 4699
235 3444
236 3595
237 2803
238 3113
239 4596
240 4699
241 4606
242 2698
243 3849
244 3595
245 3223
246 4209
247 2803
248 4339
249 4339
250 4339
251 2698
252 2803
253 2698
254 3223
255 4606
256 2698
257 3595
258 3444
259 4606
260 3878
261 3878
262 4699
263 2698
264 3444
265 3849
266 4339
267 4606
268 3595
269 4339
270 3595
271 2685
272 4127
273 4197
274 4585
275 4339
276 2803
277 2803
278 2685
279 2803
280 3849
281 4606
282 4699
283 4561
284 3468
285 2803
286 3468
287 4585
288 3595
289 3223
290 4197
291 4585
292 4197
293 4209
294 4606
295 4323
296 4127
297 4606
298 4197
299 2803
300 4699
301 4585
302 2685
303 4197
304 2698
305 4561
306 2698
307 4988
308 4561
309 4699
310 3595
311 4699
312 3878
313 3595
314 3113
315 4699
316 4606
317 4209
318 3878
319 3223
320 4699
321 4197
322 4606
323 3207
324 4339
325 2809
326 3113
327 2698
328 4197
329 3595
330 3113
331 2803
332 3223
333 3444
334 4209
335 3595
336 3468
337 4197
338 4606
339 2697
340 2803
341 4561
342 3223
343 3595
344 3878
345 4201
346 2698
347 3444
348 4606
349 3595
350 3468
351 4561
352 4699
353 3223
354 4197
355 4606
356 4699
357 4339
358 4339
359 3444
360 4606
361 4197
362 4699
363 2698
364 4988
365 3849
366 2803
367 4699
368 3595
369 4699
370 3444
371 3595
372 3468
373 4197
374 4197
375 4988
376 2803
377 4606
378 4606
379 3595
380 4561
381 2697
382 2698
383 2698
384 4606
385 2803
386 4561
387 3249
388 4323
389 4197
390 3849
391 4585
392 2803
393 3878
394 2803
395 3595
396 3595
397 4585
398 2698
399 3207
400 2803
401 3595
402 2803
403 3113
404 4699
405 3468
406 4339
407 3468
408 3444
409 2803
410 4127
411 3849
412 4127
413 4197
414 4339
415 3223
416 3223
417 3223
418 3595
419 3223
420 3223
421 3849
422 3849
423 3595
424 2803
425 3595
426 3444
427 4197
428 3849
429 4339
430 3595
431 4585
432 4699
433 3595
434 3444
435 3595
436 3444
437 2698
438 4339
439 2803
440 3849
441 4699
442 3113
443 3849
444 4988
445 2803
446 4585
447 3444
448 2698
449 2803
450 4585
451 4699
452 4197
453 3444
454 4339
455 4127
456 4561
457 2803
458 4197
459 3878
460 3444
461 3849
462 2803
463 3849
464 3444
465 2698
466 4339
467 4339
468 3878
469 2685
470 2803
471 3444
472 4988
473 4339
474 4585
475 3849
476 4201
477 3595
478 3468
479 4699
480 4209
481 2803
482 4585
483 4606
484 4561
485 3595
486 3207
487 4339
488 4606
489 3223
490 2809
491 2685
492 4988
493 2803
494 3207
495 2698
496 3223
497 4606
498 4699
499 3444
500 4699
501 4585
502 3223
503 4988
504 4197
505 4606
506 4699
507 2698
508 3595
509 4699
510 2698
511 3878
512 3595
513 4339
514 3595
515 3223
516 4699
517 2685
518 2698
519 3849
520 2809
521 3878
522 4699
523 3113
524 2809
525 4699
526 4585
527 3595
528 4585
529 3444
530 2809
531 3595
532 4800
533 3223
534 4606
535 3595
536 3223
537 3223
538 3113
539 4585
540 4339
541 3595
542 4585
543 3595
544 3444
545 2698
546 4606
547 3849
548 4585
549 3849
550 4561
551 3468
552 4197
553 4606
554 4561
555 4209
556 4127
557 4209
558 3878
559 2698
560 2685
561 2685
562 4339
563 4561
564 4988
565 3468
566 4339
567 4197
568 3444
569 2803
570 2698
571 2685
572 4585
573 2803
574 3113
575 4988
576 4127
577 2685
578 2698
579 3249
580 3444
581 4561
582 4585
583 2803
584 3444
585 4699
586 4699
587 3595
588 3468
589 3595
590 3444
591 2803
592 4561
593 4606
594 3468
595 3444
596 4127
597 2685
598 2698
599 3878
600 4197
601 2803
602 3113
603 3113
604 2685
605 2803
606 4197
607 3849
608 4596
609 3849
610 3595
611 4127
612 4339
613 3207
614 4585
615 4197
616 2775
617 4197
618 3444
619 4339
620 2685
621 2803
622 4699
623 4339
624 4988
625 3207
626 3595
627 3595
628 4606
629 4197
630 2685
631 3849
632 4209
633 3113
634 4699
635 2698
636 3595
637 4209
638 3468
639 4197
640 4585
641 4606
642 2803
643 4606
644 3595
645 4339
646 2803
647 2803
648 2803
649 4606
650 4596
651 2698
652 4209
653 4197
654 2803
655 4127
656 4606
657 4699
658 2698
659 3207
660 4699
661 2803
662 2775
663 4561
664 2803
665 2698
666 4988
667 4606
668 4561
669 4197
670 4585
671 4197
672 3223
673 3595
674 3595
675 3223
676 3595
677 2698
678 4339
679 4585
680 2803
681 2698
682 3223
683 2803
684 4606
685 4585
686 4339
687 4339
688 4606
689 4699
690 4585
691 2803
692 3207
693 3595
694 3878
695 4699
696 4197
697 4585
698 4339
699 4339
700 3207
701 3595
702 4585
703 2803
704 3249
705 4585
706 2698
707 2803
708 4606
709 4197
710 4197
711 3444
712 4339
713 4339
714 2685
715 4127
716 4748
717 3444
718 4606
719 4197
720 2698
721 2685
722 4561
723 3113
724 4699
725 4988
726 2803
727 2803
728 3223
729 4127
730 4339
731 2803
732 4561
733 4585
734 3595
735 2697
736 2698
737 3113
738 4699
739 4988
740 4197
741 3595
742 3223
743 3595
744 2697
745 4699
746 4699
747 4585
748 3444
749 4596
750 3849
751 4585
752 4585
753 2803
754 2698
755 3849
756 4988
757 3444
758 4985
759 4699
760 2698
761 4127
762 4606
763 4585
764 2803
765 3849
766 2697
767 4209
768 2698
769 2698
770 2803
771 3113
772 3849
773 3223
774 4606
775 4197
776 2698
777 2803
778 3849
779 3468
780 3444
781 2698
782 2698
783 3444
784 2803
785 3113
786 2698
787 4561
788 2698
789 3595
790 4988
791 3207
792 3595
793 2803
794 3849
795 4606
796 3207
797 4561
798 4197
799 4197
800 2803
801 3223
802 4339
803 4197
804 4606
805 4209
806 4339
807 3223
808 2803
809 4127
810 3113
811 3878
812 2698
813 4884
814 3849
815 3595
816 4197
817 2698
818 4585
819 4197
820 4339
821 4339
822 4988
823 3849
824 4699
825 4339
826 3444
827 2803
828 4127
829 4127
830 3207
831 4127
832 2803
833 4606
834 4988
835 3878
836 4699
837 4585
838 2698
839 3444
840 3878
841 3849
842 4339
843 4197
844 4988
845 4606
846 4197
847 4339
848 4339
849 4197
850 2803
851 4197
852 2698
853 3468
854 4699
855 4339
856 3595
857 4699
858 2685
859 3595
860 3595
861 4699
862 2803
863 2775
864 4197
865 4561
866 2698
867 4585
868 4585
869 4561
870 3595
871 2803
872 4606
873 4585
874 2698
875 3444
876 4197
877 3595
878 3223
879 2698
880 4606
881 2698
882 4561
883 3223
884 2803
885 2775
886 3207
887 2803
888 4339
889 3444
890 4606
891 2775
892 2685
893 4339
894 4606
895 3207
896 3849
897 3878
898 4606
899 4339
900 3223
901 2803
902 2698
903 2803
904 4339
905 3595
906 4606
907 3207
908 2685
909 4197
910 3595
911 3878
912 4339
913 4197
914 2803
915 4339
916 3595
917 3444
918 4606
919 4606
920 4985
921 4585
922 2698
923 3249
924 3878
925 3849
926 4699
927 2697
928 2698
929 2685
930 3113
931 2803
932 2803
933 4197
934 3249
935 3595
936 4339
937 3595
938 3595
939 4606
940 2698
941 3223
942 3444
943 4606
944 3595
945 2685
946 4988
947 4585
948 4606
949 4127
950 2698
951 2698
952 2803
953 4884
954 4197
955 2803
956 2803
957 3468
958 2685
959 4197
960 3249
961 4985
962 3468
963 4127
964 3444
965 3849
966 4585
967 2803
968 3223
969 4606
970 2697
971 3849
972 3878
973 3223
974 4197
975 3595
976 3849
977 3444
978 3878
979 3223
980 4197
981 3849
982 3595
983 2803
984 3444
985 4197
986 4197
987 3468
988 2803
989 3849
990 4127
991 4699
992 4323
993 4988
994 4699
995 4988
996 4339
997 4606
998 2698
999 3468
1000 2698
1001 3444
1002 3223
1003 4606
1004 3444
1005 4339
1006 4585
1007 4197
1008 4585
1009 4699
1010 4197
1011 4606
1012 2803
1013 3595
1014 2698
1015 4197
1016 2698
1017 3849
1018 4585
1019 3113
1020 3444
1021 4606
1022 4197
1023 3207
1024 4585
1025 2685
1026 3249
1027 4585
1028 4339
1029 4699
1030 4561
1031 3878
1032 4585
1033 2803
1034 2803
1035 3444
1036 4699
1037 4699
1038 3444
1039 3595
1040 3878
1041 4988
1042 4197
1043 4606
1044 2803
1045 4127
1046 4699
1047 4585
1048 4988
1049 3878
1050 4606
1051 4197
1052 4585
1053 2698
1054 2803
1055 3207
1056 4606
1057 2803
1058 4339
1059 3595
1060 4699
1061 2698
1062 3849
1063 2685
1064 2803
1065 3113
1066 4339
1067 4339
1068 3595
1069 4699
1070 2698
1071 2803
1072 4606
1073 4699
1074 4585
1075 2698
1076 4197
1077 3595
1078 4988
1079 4606
1080 4699
1081 4561
1082 4699
1083 4988
1084 4197
1085 4209
1086 2809
1087 3595
1088 2698
1089 3468
1090 4699
1091 2803
1092 3444
1093 3223
1094 4985
1095 4606
1096 3595
1097 3595
1098 4585
1099 3207
1100 4748
1101 4585
1102 3595
1103 2698
1104 4585
1105 2698
1106 2698
1107 4127
1108 3849
1109 2685
1110 4197
1111 4339
1112 4585
1113 2698
1114 2698
1115 4585
1116 3207
1117 2685
1118 3113
1119 4606
1120 4561
1121 4985
1122 2803
1123 3595
1124 2809
1125 4339
1126 4339
1127 4699
1128 4585
1129 4127
1130 4339
1131 3113
1132 2803
1133 2685
1134 4699
1135 2698
1136 3521
1137 3444
1138 3223
1139 2685
1140 4561
1141 2803
1142 4561
1143 3595
1144 3595
1145 4988
1146 4127
1147 4699
1148 3113
1149 3223
1150 2775
1151 3207
1152 3113
1153 4339
1154 4339
1155 3849
1156 2698
1157 2685
1158 2803
1159 2698
1160 4800
1161 4606
1162 3849
1163 2803
1164 4988
1165 3595
1166 4127
1167 2698
1168 4699
1169 4197
1170 4209
1171 3849
1172 4585
1173 4699
1174 3444
1175 2698
1176 4585
1177 4606
1178 3444
1179 4561
1180 4606
1181 4606
1182 3444
1183 4585
1184 2698
1185 4561
1186 2803
1187 4339
1188 2803
1189 4606
1190 2698
1191 2803
1192 4585
1193 2803
1194 3595
1195 3223
1196 4988
1197 4339
1198 3849
1199 4585
1200 3878
1201 4718
1202 2698
1203 2685
1204 4699
1205 3468
1206 3223
1207 2803
1208 4699
1209 3223
1210 2803
1211 4699
1212 4699
1213 3223
1214 2803
1215 3468
1216 3113
1217 4561
1218 2685
1219 2698
1220 4988
1221 3595
1222 3595
1223 3595
1224 4127
1225 2685
1226 2685
1227 4699
1228 3849
1229 4606
1230 2803
1231 3207
1232 3595
1233 4339
1234 2685
1235 4585
1236 3444
1237 3223
1238 4699
1239 3113
1240 2698
1241 2697
1242 2803
1243 2698
1244 3223
1245 4606
1246 3878
1247 4209
1248 3223
1249 3849
1250 3207
1251 3223
1252 4585
1253 4699
1254 2803
1255 2685
1256 4748
1257 4127
1258 3468
1259 4606
1260 2698
1261 3444
1262 3113
1263 2803
1264 4339
1265 3223
1266 4699
1267 4197
1268 4606
1269 2698
1270 2698
1271 3223
1272 4561
1273 3444
1274 4585
1275 4127
1276 2685
1277 4197
1278 3444
1279 3521
1280 2803
1281 4197
1282 4606
1283 3113
1284 3849
1285 3849
1286 3878
1287 4127
1288 4748
1289 4606
1290 2698
1291 3113
1292 3595
1293 4339
1294 3595
1295 2698
1296 4699
1297 4748
1298 2803
1299 3444
1300 3223
1301 4197
1302 2697
1303 3595
1304 4585
1305 4699
1306 4561
1307 4585
1308 4606
1309 2803
1310 2698
1311 2698
1312 3249
1313 4339
1314 2803
1315 2698
1316 4197
1317 4585
1318 4197
1319 2803
1320 4127
1321 4561
1322 4988
1323 4197
1324 3444
1325 4561
1326 3113
1327 3223
1328 3113
1329 2698
1330 4127
1331 3595
1332 3223
1333 2803
1334 4127
1335 4585
1336 3849
1337 4699
1338 4585
1339 3595
1340 3878
1341 3595
1342 3444
1343 4606
1344 4585
1345 4606
1346 3849
1347 3223
1348 3595
1349 4985
1350 3444
1351 4585
1352 4209
1353 3595
1354 4197
1355 3223
1356 4699
1357 4197
1358 4561
1359 4699
1360 3849
1361 4127
1362 2698
1363 4585
1364 3595
1365 3595
1366 3878
1367 2698
1368 4339
1369 3849
1370 3595
1371 4606
1372 4209
1373 3113
1374 4606
1375 4606
1376 4988
1377 3878
1378 3223
1379 4585
1380 2803
1381 2698
1382 2698
1383 4699
1384 4748
1385 3878
1386 2803
1387 2698
1388 2803
1389 3113
1390 4606
1391 2803
1392 4585
1393 3444
1394 4585
1395 4606
1396 3468
1397 2803
1398 3223
1399 4561
1400 4606
1401 3444
1402 3223
1403 3223
1404 4699
1405 4606
1406 2803
1407 2698
1408 4127
1409 2803
1410 4606
1411 3878
1412 4585
1413 4323
1414 4339
1415 3223
1416 4127
1417 3223
1418 3468
1419 3595
1420 3113
1421 3223
1422 4988
1423 4585
1424 3849
1425 2803
1426 4606
1427 3595
1428 4197
1429 4127
1430 4699
1431 2803
1432 4606
1433 2803
1434 4606
1435 2803
1436 3849
1437 3444
1438 4585
1439 2698
1440 3207
1441 3223
1442 4339
1443 2803
1444 3113
1445 3849
1446 3595
1447 4699
1448 3223
1449 3444
1450 3223
1451 4323
1452 2698
1453 3595
1454 4585
1455 2685
1456 4606
1457 4585
1458 2698
1459 4127
1460 3113
1461 2803
1462 4585
1463 3595
1464 4209
1465 4985
1466 3595
1467 3595
1468 4699
1469 4606
1470 3468
1471 4561
1472 4127
1473 4585
1474 3909
1475 3223
1476 3223
1477 2698
1478 4127
1479 3878
1480 3595
1481 3878
1482 4699
1483 4606
1484 4988
1485 3223
1486 4197
1487 2698
1488 3444
1489 4988
1490 4197
1491 3849
1492 4197
1493 3444
1494 2809
1495 4988
1496 4201
1497 3595
1498 4606
1499 4585
1500 4585
1501 3223
1502 3444
1503 2698
1504 2803
1505 4606
1506 2775
1507 4699
1508 3113
1509 4748
1510 4127
1511 2698
1512 4585
1513 3444
1514 4339
1515 3595
1516 3595
1517 2803
1518 2803
1519 2803
1520 4585
1521 2698
1522 2698
1523 2803
1524 2698
1525 2698
1526 4197
1527 4585
1528 3849
1529 4585
1530 4585
1531 3207
1532 3595
1533 4585
1534 3595
1535 4988
1536 2685
1537 3223
1538 3444
1539 4606
1540 3849
1541 3207
1542 3595
1543 4606
1544 4585
1545 4606
1546 3207
1547 4606
1548 4985
1549 4606
1550 4606
1551 3223
1552 4606
1553 2803
1554 3113
1555 2803
1556 4197
1557 4585
1558 2698
1559 3444
1560 4561
1561 2698
1562 4988
1563 2685
1564 3468
1565 4606
1566 4988
1567 4127
1568 3468
1569 4748
1570 3595
1571 4988
1572 2685
1573 4561
1574 2698
1575 2698
1576 3223
1577 4339
1578 4339
1579 2698
1580 4127
1581 4596
1582 4699
1583 4606
1584 4748
1585 4699
1586 3595
1587 2698
1588 3113
1589 2809
1590 4561
1591 4127
1592 2803
1593 3223
1594 3444
1595 3849
1596 2803
1597 4339
1598 4561
1599 3444
1600 4606
1601 2775
1602 4748
1603 3223
1604 2803
1605 4209
1606 4585
1607 3849
1608 4561
1609 4699
1610 4606
1611 4585
1612 4699
1613 2803
1614 4561
1615 2697
1616 3468
1617 3249
1618 4339
1619 2803
1620 4197
1621 4197
1622 4127
1623 2803
1624 4561
1625 4606
1626 3444
1627 4585
1628 2803
1629 3113
1630 4585
1631 4606
1632 4699
1633 3595
1634 3595
1635 3468
1636 2685
1637 2803
1638 4197
1639 4606
1640 4127
1641 4699
1642 2803
1643 2803
1644 4561
1645 2803
1646 3207
1647 4197
1648 3223
1649 3595
1650 3468
1651 4561
1652 2803
1653 4127
1654 3113
1655 4585
1656 4606
1657 3444
1658 2698
1659 4561
1660 4339
1661 4606
1662 4127
1663 3223
1664 4197
1665 2685
1666 3468
1667 3444
1668 3444
1669 2685
1670 3595
1671 2803
1672 3849
1673 3444
1674 4561
1675 3444
1676 4606
1677 3595
1678 4606
1679 2803
1680 3207
1681 2803
1682 4561
1683 4209
1684 3207
1685 2809
1686 3444
1687 3444
1688 3595
1689 4585
1690 2803
1691 2685
1692 3223
1693 2698
1694 2803
1695 4988
1696 3595
1697 3207
1698 3595
1699 4339
1700 2697
1701 3878
1702 2698
1703 4339
1704 4606
1705 2803
1706 3595
1707 4339
1708 4339
1709 4748
1710 3444
1711 4339
1712 4209
1713 4606
1714 4699
1715 4197
1716 4339
1717 3595
1718 2685
1719 4606
1720 2809
1721 3595
1722 3849
1723 4985
1724 4988
1725 4585
1726 3595
1727 4606
1728 4561
1729 4339
1730 4127
1731 3207
1732 2803
1733 3849
1734 3595
1735 3223
1736 2697
1737 4699
1738 2803
1739 4197
1740 4699
1741 2698
1742 2698
1743 3468
1744 4197
1745 4197
1746 2698
1747 4197
1748 3207
1749 3223
1750 2803
1751 4339
1752 4197
1753 2803
1754 4209
1755 3878
1756 4585
1757 3207
1758 4339
1759 3878
1760 2803
1761 2698
1762 4699
1763 4197
1764 4699
1765 2775
1766 4699
1767 4699
1768 4606
1769 3595
1770 4127
1771 2698
1772 2685
1773 3595
1774 2697
1775 3113
1776 4197
1777 4699
1778 4323
1779 4606
1780 4606
1781 3849
1782 3223
1783 3207
1784 4606
1785 4748
1786 2803
1787 4606
1788 3444
1789 4988
1790 2803
1791 4197
1792 4127
1793 2803
1794 3595
1795 4699
1796 4988
1797 3595
1798 3595
1799 2803
1800 3223
1801 3223
1802 4127
1803 4561
1804 4197
1805 3113
1806 4585
1807 4985
1808 4339
1809 2803
1810 3849
1811 2685
1812 3223
1813 3223
1814 3113
1815 4585
1816 4606
1817 4209
1818 4699
1819 4585
1820 4323
1821 4339
1822 2803
1823 3595
1824 3113
1825 3113
1826 3113
1827 4988
1828 3849
1829 2809
1830 2775
1831 4606
1832 3444
1833 2803
1834 4127
1835 4606
1836 4699
1837 4127
1838 4561
1839 2809
1840 3595
1841 4339
1842 2803
1843 3849
1844 4585
1845 3849
1846 2803
1847 3113
1848 3223
1849 4585
1850 3595
1851 2809
1852 3207
1853 3249
1854 4209
1855 4988
1856 4699
1857 3444
1858 4585
1859 4127
1860 2685
1861 3207
1862 4339
1863 4699
1864 4561
1865 3849
1866 3849
1867 4585
1868 4197
1869 3223
1870 4127
1871 4197
1872 4988
1873 4985
1874 4339
1875 4585
1876 4339
1877 4339
1878 2803
1879 4127
1880 4561
1881 4339
1882 2803
1883 4596
1884 4127
1885 3595
1886 4339
1887 3444
1888 2803
1889 3878
1890 4197
1891 4127
1892 3878
1893 4985
1894 3595
1895 2685
1896 3113
1897 2803
1898 4209
1899 4339
1900 4197
1901 3468
1902 2803
1903 3468
1904 3595
1905 4699
1906 4699
1907 3223
1908 2809
1909 4606
1910 4585
1911 3595
1912 3249
1913 3249
1914 4127
1915 4339
1916 4585
1917 2698
1918 4606
1919 2803
1920 2803
1921 4339
1922 3113
1923 4561
1924 2803
1925 3223
1926 3595
1927 3595
1928 4585
1929 4197
1930 4988
1931 4606
1932 4699
1933 3444
1934 3595
1935 2809
1936 4561
1937 2803
1938 4585
1939 3595
1940 2803
1941 4585
1942 2698
1943 3468
1944 4585
1945 4127
1946 4699
1947 4197
1948 2775
1949 4197
1950 3595
1951 2803
1952 3849
1953 2698
1954 3468
1955 4585
1956 4561
1957 4209
1958 4606
1959 4561
1960 3223
1961 4699
1962 2698
1963 2809
1964 4339
1965 2803
1966 3595
1967 4699
1968 4699
1969 4339
1970 2803
1971 3595
1972 4988
1973 3468
1974 4197
1975 4606
1976 2803
1977 4585
1978 3878
1979 4699
1980 2698
1981 3468
1982 4197
1983 4699
1984 4197
1985 4988
1986 3468
1987 3444
1988 3113
1989 4127
1990 3444
1991 4127
1992 2698
1993 3223
1994 4606
1995 3444
1996 3223
1997 3595
1998 3113
1999 3595
2000 3878
2001 2698
2002 4606
2003 4699
2004 4606
2005 4197
2006 3223
2007 4561
2008 4699
2009 3849
2010 3468
2011 2803
2012 2803
2013 4699
2014 4985
2015 3878
2016 4197
2017 4197
2018 3595
2019 2698
2020 3595
2021 4209
2022 4606
2023 4339
2024 3878
2025 2803
2026 4699
2027 3444
2028 4699
2029 2803
2030 2685
2031 2698
2032 4127
2033 2698
2034 4606
2035 3849
2036 4561
2037 4339
2038 4585
2039 2698
2040 2685
2041 4339
2042 4699
2043 2803
2044 4988
2045 4197
2046 4699
2047 4339
2048 4988
2049 3878
2050 3595
2051 2698
2052 4988
2053 4596
2054 3113
2055 3223
2056 2685
2057 2698
2058 2803
2059 3223
2060 4606
2061 3444
2062 2803
2063 2685
2064 3444
2065 4197
2066 2698
2067 3223
2068 3595
2069 3249
2070 4339
2071 4197
2072 4699
2073 3223
2074 4339
2075 2803
2076 3849
2077 2775
2078 2803
2079 2697
2080 3207
2081 4197
2082 3849
2083 2803
2084 3223
2085 4988
2086 4699
2087 4127
2088 4561
2089 3595
2090 4606
2091 4339
2092 2697
2093 4606
2094 4699
2095 4985
2096 2698
2097 2698
2098 4561
2099 3468
2100 3223
2101 3249
2102 4606
2103 3444
2104 4339
2105 3444
2106 3444
2107 4127
2108 2803
2109 3223
2110 2698
2111 4606
2112 4127
2113 2803
2114 4585
2115 3207
2116 4988
2117 3207
2118 3444
2119 4197
2120 4127
2121 3468
2122 4197
2123 2698
2124 4323
2125 4585
2126 3878
2127 3468
2128 3595
2129 3468
2130 4339
2131 3223
2132 3444
2133 4585
2134 4585
2135 4197
2136 3849
2137 2803
2138 4699
2139 2803
2140 4585
2141 4606
2142 2803
2143 4339
2144 4748
2145 3444
2146 3849
2147 4339
2148 3223
2149 4339
2150 4339
2151 3595
2152 4585
2153 3207
2154 3878
2155 3595
2156 3878
2157 4561
2158 4585
2159 3113
2160 3223
2161 4201
2162 3878
2163 3444
2164 3468
2165 3849
2166 4699
2167 4884
2168 4748
2169 2698
2170 4585
2171 3444
2172 4699
2173 3444
2174 4339
2175 4127
2176 3207
2177 4197
2178 4988
2179 3878
2180 4585
2181 4585
2182 4585
2183 4209
2184 4197
2185 4339
2186 4197
2187 4209
2188 3468
2189 2698
2190 4197
2191 4585
2192 4606
2193 3468
2194 2803
2195 4197
2196 2698
2197 4988
2198 3223
2199 4127
2200 3878
2201 2803
2202 4209
2203 3223
2204 4127
2205 3444
2206 4585
2207 4323
2208 4197
2209 2803
2210 3444
2211 3595
2212 4197
2213 4339
2214 4585
2215 4197
2216 3468
2217 3113
2218 2803
2219 3249
2220 2803
2221 4339
2222 3113
2223 3849
2224 2698
2225 3444
2226 4209
2227 4561
2228 4988
2229 3223
2230 4209
2231 3595
2232 3595
2233 2803
2234 4606
2235 2803
2236 3468
2237 4699
2238 3444
2239 2698
2240 3444
2241 3223
2242 4201
2243 4197
2244 2803
2245 4988
2246 2698
2247 2803
2248 4585
2249 3849
2250 3444
2251 4585
2252 3444
2253 4561
2254 3444
2255 2698
2256 4561
2257 2698
2258 4988
2259 4585
2260 3468
2261 4127
2262 3207
2263 4699
2264 4606
2265 2803
2266 4988
2267 4323
2268 4585
2269 3444
2270 3223
2271 4339
2272 4561
2273 2698
2274 4197
2275 2698
2276 3207
2277 4585
2278 4988
2279 2803
2280 4561
2281 2803
2282 3223
2283 3223
2284 2803
2285 2803
2286 3223
2287 4699
2288 2698
2289 3595
2290 4585
2291 3113
2292 4339
2293 4339
2294 4127
2295 3223
2296 4209
2297 4606
2298 4699
2299 4988
2300 3849
2301 4585
2302 4209
2303 3595
2304 4988
2305 4699
2306 4585
2307 4699
2308 3595
2309 4699
2310 3595
2311 3444
2312 3849
2313 2698
2314 3444
2315 3468
2316 2803
2317 4197
2318 4699
2319 4561
2320 4988
2321 3595
2322 3595
2323 4127
2324 4339
2325 4585
2326 3207
2327 4585
2328 4561
2329 4699
2330 4561
2331 4606
2332 3849
2333 3595
2334 3113
2335 2698
2336 3223
2337 4585
2338 4339
2339 4339
2340 4699
2341 2685
2342 2803
2343 4596
2344 4127
2345 2685
2346 4585
2347 3249
2348 4197
2349 3468
2350 2803
2351 4339
2352 3444
2353 4339
2354 3444
2355 2698
2356 4127
2357 4585
2358 3444
2359 4127
2360 4339
2361 2809
2362 2698
2363 2803
2364 3595
2365 3595
2366 4585
2367 4596
2368 2803
2369 4606
2370 4339
2371 4339
2372 3595
2373 3468
2374 4699
2375 3207
2376 4988
2377 3444
2378 3849
2379 3595
2380 3468
2381 4988
2382 4699
2383 4339
2384 2698
2385 4606
2386 4699
2387 3849
2388 3113
2389 4323
2390 3595
2391 3223
2392 3113
2393 3444
2394 4197
2395 4339
2396 2698
2397 4988
2398 3444
2399 4323
2400 4606
2401 4606
2402 3113
2403 3223
2404 2698
2405 2698
2406 4699
2407 4197
2408 4197
2409 3468
2410 3444
2411 3878
2412 3223
2413 3113
2414 3595
2415 4699
2416 2698
2417 4988
2418 4197
2419 4197
2420 3595
2421 3595
2422 4606
2423 4606
2424 2803
2425 3444
2426 4339
2427 2698
2428 4197
2429 3849
2430 4585
2431 4699
2432 3444
2433 2803
2434 2698
2435 4699
2436 4197
2437 4209
2438 2803
2439 4699
2440 3468
2441 4561
2442 2698
2443 3223
2444 3595
2445 3444
2446 3207
2447 3113
2448 2803
2449 4197
2450 3444
2451 3223
2452 2803
2453 3444
2454 3595
2455 3223
2456 2803
2457 4606
2458 3468
2459 4699
2460 4339
2461 4699
2462 2803
2463 4606
2464 4339
2465 3113
2466 4127
2467 4699
2468 2809
2469 4606
2470 4988
2471 3444
2472 3223
2473 4585
2474 4127
2475 2698
2476 2803
2477 4606
2478 4561
2479 4606
2480 4197
2481 3595
2482 3444
2483 2698
2484 3444
2485 3849
2486 4800
2487 3468
2488 4209
2489 4197
2490 2803
2491 3444
2492 3444
2493 2685
2494 3223
2495 2803
2496 4197
2497 2698
2498 4699
2499 2803
2500 834
2501 997
2502 1674
2503 2455
2504 2421
2505 698
2506 771
2507 892
2508 834
2509 17
2510 892
2511 1802
2512 2201
2513 1296
2514 47
2515 1137
2516 2080
2517 2307
2518 1296
2519 17
2520 2201
2521 834
2522 606
2523 2378
2524 1488
2525 834
2526 17
2527 2455
2528 834
2529 834
2530 17
2531 997
2532 606
2533 997
2534 2201
2535 2455
2536 115
2537 115
2538 1765
2539 1759
2540 2307
2541 1335
2542 2378
2543 1137
2544 1296
2545 2307
2546 2074
2547 2440
2548 892
2549 892
2550 1953
2551 2015
2552 1129
2553 2307
2554 997
2555 892
2556 2440
2557 115
2558 698
2559 115
2560 1581
2561 2015
2562 609
2563 1674
2564 892
2565 2201
2566 2421
2567 1674
2568 2074
2569 1137
2570 1581
2571 1789
2572 1137
2573 2074
2574 2074
2575 1335
2576 2307
2577 1974
2578 766
2579 115
2580 834
2581 1674
2582 1674
2583 2421
2584 1129
2585 698
2586 2307
2587 609
2588 1137
2589 997
2590 1953
2591 2015
2592 1542
2593 1974
2594 1129
2595 1137
2596 2421
2597 1974
2598 1129
2599 1759
2600 2455
2601 1137
2602 2015
2603 1953
2604 1296
2605 47
2606 834
2607 2015
2608 1802
2609 47
2610 1974
2611 2080
2612 115
2613 1488
2614 997
2615 2455
2616 2421
2617 1581
2618 115
2619 1765
2620 1137
2621 2421
2622 2201
2623 1765
2624 834
2625 1488
2626 2201
2627 47
2628 892
2629 981
2630 2307
2631 2378
2632 1488
2633 698
2634 698
2635 1488
2636 1953
2637 1974
2638 2074
2639 1129
2640 1953
2641 834
2642 834
2643 2201
2644 892
2645 1129
2646 766
2647 981
2648 2378
2649 1953
2650 698
2651 834
2652 2307
2653 1953
2654 766
2655 1759
2656 981
2657 997
2658 1759
2659 1137
2660 1953
2661 1674
2662 2307
2663 1974
2664 2455
2665 1488
2666 2378
2667 834
2668 1674
2669 698
2670 1953
2671 2378
2672 2378
2673 2015
2674 2307
2675 2307
2676 2201
2677 834
2678 1674
2679 115
2680 2080
2681 2421
2682 981
2683 1129
2684 834
2686 1129
2687 766
2688 1296
2689 1137
2690 834
2691 2440
2692 766
2693 2080
2694 766
2695 2378
2696 2074
2699 1488
2700 2440
2701 766
2702 997
2703 2201
2704 2440
2705 47
2706 1974
2707 115
2708 771
2709 1674
2710 1974
2711 2421
2712 2307
2713 1674
2714 1953
2715 1137
2716 2201
2717 606
2718 981
2719 997
2720 606
2721 609
2722 771
2723 2015
2724 47
2725 1974
2726 1789
2727 2421
2728 1802
2729 2201
2730 834
2731 997
2732 2074
2733 1488
2734 771
2735 2015
2736 834
2737 1953
2738 1789
2739 2307
2740 834
2741 606
2742 834
2743 1674
2744 766
2745 2378
2746 2307
2747 2307
2748 1974
2749 1581
2750 2015
2751 1974
2752 1974
2753 2015
2754 47
2755 771
2756 892
2757 1137
2758 1974
2759 1581
2760 2307
2761 1802
2762 2421
2763 1129
2764 766
2765 2000
2766 609
2767 1129
2768 2015
2769 1789
2770 2455
2771 2080
2772 1953
2773 115
2774 1802
2776 834
2777 47
2778 1759
2779 2201
2780 2440
2781 1137
2782 771
2783 2378
2784 115
2785 1674
2786 47
2787 2378
2788 1765
2789 1137
2790 2080
2791 766
2792 1542
2793 892
2794 1765
2795 1765
2796 2074
2797 2015
2798 981
2799 1953
2800 2307
2801 1674
2802 1488
2804 1765
2805 2455
2806 115
2807 47
2808 698
2809 1296
2810 115
2811 1335
2812 1974
2813 1137
2814 2015
2815 47
2816 2000
2817 2074
2818 47
2819 1802
2820 892
2821 834
2822 2440
2823 17
2824 834
2825 2455
2826 2201
2827 1581
2828 834
2829 2074
2830 2307
2831 115
2832 1137
2833 834
2834 1296
2835 698
2836 1335
2837 1974
2838 1953
2839 609
2840 1129
2841 981
2842 834
2843 1488
2844 47
2845 2307
2846 1802
2847 47
2848 2378
2849 1137
2850 1953
2851 766
2852 47
2853 1802
2854 2307
2855 1765
2856 698
2857 2015
2858 2015
2859 2440
2860 1953
2861 609
2862 1335
2863 1802
2864 2015
2865 1129
2866 834
2867 2378
2868 2015
2869 834
2870 2074
2871 2421
2872 1802
2873 1759
2874 47
2875 2440
2876 1129
2877 1674
2878 1488
2879 997
2880 2201
2881 698
2882 698
2883 606
2884 997
2885 834
2886 698
2887 1974
2888 766
2889 1974
2890 1129
2891 2074
2892 2421
2893 1137
2894 834
2895 1296
2896 834
2897 2421
2898 1137
2899 2000
2900 1581
2901 834
2902 766
2903 2015
2904 1674
2905 17
2906 1953
2907 771
2908 2440
2909 997
2910 1953
2911 2074
2912 1581
2913 766
2914 1129
2915 2378
2916 1789
2917 2307
2918 1488
2919 1974
2920 892
2921 2015
2922 1137
2923 2015
2924 2440
2925 997
2926 1335
2927 997
2928 2201
2929 997
2930 1953
2931 2307
2932 997
2933 1488
2934 1137
2935 1974
2936 1129
2937 2378
2938 115
2939 834
2940 1953
2941 1296
2942 1542
2943 1581
2944 2378
2945 892
2946 2074
2947 1335
2948 606
2949 1488
2950 997
2951 1802
2952 606
2953 115
2954 2378
2955 17
2956 2307
2957 1674
2958 1488
2959 771
2960 1399
2961 115
2962 115
2963 2000
2964 1137
2965 2455
2966 1674
2967 892
2968 2201
2969 1974
2970 1974
2971 2421
2972 47
2973 2015
2974 1953
2975 981
2976 2378
2977 2074
2978 892
2979 609
2980 1488
2981 771
2982 2455
2983 1802
2984 1974
2985 115
2986 1335
2987 1137
2988 2421
2989 1953
2990 1129
2991 892
2992 1581
2993 1488
2994 698
2995 1802
2996 47
2997 2307
2998 1953
2999 766
3000 766
3001 1581
3002 2455
3003 2378
3004 834
3005 2307
3006 1129
3007 2378
3008 1953
3009 2201
3010 834
3011 1974
3012 2307
3013 2307
3014 2421
3015 892
3016 834
3017 1802
3018 47
3019 47
3020 2015
3021 1953
3022 698
3023 47
3024 1335
3025 115
3026 834
3027 766
3028 766
3029 17
3030 609
3031 698
3032 47
3033 2201
3034 2201
3035 2440
3036 606
3037 47
3038 698
3039 834
3040 1953
3041 766
3042 1581
3043 1953
3044 2440
3045 609
3046 1974
3047 2421
3048 1789
3049 997
3050 892
3051 2421
3052 1789
3053 47
3054 2307
3055 766
3056 47
3057 2307
3058 1488
3059 2378
3060 2307
3061 1802
3062 834
3063 1953
3064 2015
3065 771
3066 2307
3067 1953
3068 1488
3069 609
3070 2440
3071 2455
3072 981
3073 1581
3074 1296
3075 2074
3076 2080
3077 1129
3078 2201
3079 2421
3080 47
3081 997
3082 2307
3083 1953
3084 834
3085 1974
3086 2015
3087 1974
3088 2307
3089 766
3090 834
3091 834
3092 1974
3093 2201
3094 2307
3095 1953
3096 1789
3097 1953
3098 2378
3099 47
3100 997
3101 1129
3102 766
3103 1296
3104 766
3105 2307
3106 892
3107 1137
3108 997
3109 698
3110 1129
3111 1759
3112 2015
3114 1296
3115 2455
3116 2378
3117 1802
3118 1137
3119 1759
3120 2074
3121 2378
3122 892
3123 1953
3124 17
3125 2455
3126 1953
3127 1488
3128 606
3129 1581
3130 115
3131 766
3132 1953
3133 1953
3134 1974
3135 2440
3136 2015
3137 892
3138 2074
3139 834
3140 2074
3141 1953
3142 2378
3143 771
3144 1974
3145 1335
3146 2015
3147 2201
3148 1802
3149 609
3150 771
3151 1789
3152 766
3153 1953
3154 892
3155 115
3156 1674
3157 1542
3158 606
3159 1129
3160 2074
3161 834
3162 47
3163 892
3164 1129
3165 1335
3166 2074
3167 698
3168 698
3169 1137
3170 2201
3171 1488
3172 115
3173 698
3174 2015
3175 1674
3176 2307
3177 997
3178 2015
3179 834
3180 892
3181 1974
3182 1296
3183 17
3184 771
3185 771
3186 2421
3187 1137
3188 1674
3189 2307
3190 2074
3191 2421
3192 2074
3193 766
3194 1335
3195 997
3196 47
3197 2201
3198 2307
3199 2080
3200 2455
3201 834
3202 766
3203 115
3204 2421
3205 1953
3206 1581
3208 1137
3209 2074
3210 766
3211 2307
3212 771
3213 771
3214 2455
3215 609
3216 1974
3217 834
3218 1953
3219 1953
3220 1953
3221 834
3222 997
3224 771
3225 2201
3226 1129
3227 1542
3228 698
3229 47
3230 47
3231 2201
3232 47
3233 1759
3234 1802
3235 2421
3236 771
3237 2421
3238 115
3239 834
3240 2201
3241 771
3242 834
3243 2307
3244 1674
3245 1759
3246 2201
3247 892
3248 771
3249 1953
3250 1802
3251 115
3252 2000
3253 1674
3254 2074
3255 766
3256 1137
3257 1765
3258 1974
3259 892
3260 1137
3261 2201
3262 1974
3263 892
3264 1129
3265 1129
3266 2015
3267 2074
3268 1953
3269 1953
3270 47
3271 834
3272 1953
3273 698
3274 2440
3275 698
3276 1953
3277 115
3278 698
3279 115
3280 2074
3281 1953
3282 997
3283 47
3284 115
3285 47
3286 1674
3287 2307
3288 1674
3289 1674
3290 1789
3291 2201
3292 766
3293 1759
3294 771
3295 1488
3296 1137
3297 698
3298 47
3299 981
3300 834
3301 2378
3302 2440
3303 2421
3304 1137
3305 2421
3306 2307
3307 766
3308 2201
3309 2378
3310 1488
3311 1759
3312 2440
3313 609
3314 1335
3315 766
3316 2080
3317 2201
3318 17
3319 1296
3320 609
3321 2201
3322 47
3323 1488
3324 771
3325 1488
3326 698
3327 115
3328 1759
3329 2440
3330 834
3331 766
3332 1802
3333 2307
3334 698
3335 1802
3336 834
3337 1296
3338 892
3339 2201
3340 1974
3341 115
3342 834
3343 2455
3344 1129
3345 2307
3346 766
3347 1974
3348 1759
3349 115
3350 1335
3351 2421
3352 1296
3353 2307
3354 1129
3355 2201
3356 997
3357 47
3358 766
3359 1953
3360 766
3361 766
3362 997
3363 766
3364 766
3365 1674
3366 892
3367 997
3368 1674
3369 1789
3370 2440
3371 1674
3372 1789
3373 1765
3374 1953
3375 2074
3376 609
3377 997
3378 17
3379 2307
3380 1802
3381 1296
3382 1953
3383 2074
3384 2201
3385 2015
3386 1759
3387 1974
3388 997
3389 2378
3390 115
3391 766
3392 1296
3393 1974
3394 1759
3395 1129
3396 1581
3397 1802
3398 2307
3399 1296
3400 47
3401 892
3402 698
3403 2440
3404 698
3405 766
3406 2455
3407 698
3408 115
3409 2421
3410 766
3411 1953
3412 1674
3413 2378
3414 766
3415 115
3416 2015
3417 1488
3418 2015
3419 981
3420 115
3421 115
3422 1129
3423 1674
3424 2201
3425 1296
3426 2421
3427 2074
3428 17
3429 2307
3430 1674
3431 1974
3432 1759
3433 2455
3434 1802
3435 2440
3436 1802
3437 1488
3438 1759
3439 834
3440 115
3441 1802
3442 1296
3443 1974
3445 47
3446 2440
3447 1953
3448 1137
3449 698
3450 2201
3451 834
3452 1674
3453 698
3454 1765
3455 1674
3456 115
3457 2455
3458 115
3459 981
3460 1802
3461 834
3462 1759
3463 2307
3464 892
3465 1759
3466 1953
3467 1488
3469 1581
3470 1488
3471 1488
3472 771
3473 1789
3474 1802
3475 2421
3476 2421
3477 1137
3478 2201
3479 1953
3480 115
3481 1488
3482 2307
3483 2307
3484 2421
3485 1581
3486 766
3487 2201
3488 892
3489 1953
3490 2074
3491 1488
3492 1488
3493 1129
3494 1674
3495 2378
3496 1802
3497 47
3498 1953
3499 2074
3500 2074
3501 1953
3502 892
3503 47
3504 2074
3505 766
3506 2074
3507 1137
3508 1759
3509 47
3510 892
3511 698
3512 892
3513 1129
3514 698
3515 771
3516 115
3517 2421
3518 1953
3519 2201
3520 1953
3521 766
3522 2307
3523 1581
3524 892
3525 47
3526 606
3527 1974
3528 2455
3529 47
3530 2201
3531 766
3532 47
3533 2455
3534 2074
3535 1137
3536 1581
3537 771
3538 2378
3539 1953
3540 1581
3541 997
3542 606
3543 766
3544 47
3545 766
3546 771
3547 2074
3548 606
3549 1542
3550 2421
3551 609
3552 698
3553 892
3554 698
3555 834
3556 771
3557 2015
3558 47
3559 115
3560 1335
3561 1953
3562 2201
3563 997
3564 2440
3565 2455
3566 1335
3567 1789
3568 2455
3569 115
3570 698
3571 1296
3572 47
3573 609
3574 981
3575 609
3576 834
3577 1953
3578 1335
3579 2307
3580 766
3581 1802
3582 2307
3583 1953
3584 1765
3585 1674
3586 1974
3587 892
3588 1488
3589 698
3590 606
3591 1129
3592 2307
3593 2421
3594 1137
3596 1674
3597 47
3598 834
3599 1974
3600 698
3601 2074
3602 2378
3603 1974
3604 2440
3605 609
3606 1765
3607 834
3608 2440
3609 698
3610 981
3611 2000
3612 981
3613 2455
3614 766
3615 1129
3616 834
3617 1765
3618 1129
3619 2080
3620 771
3621 2074
3622 1759
3623 997
3624 2440
3625 892
3626 115
3627 2074
3628 2440
3629 17
3630 1137
3631 1802
3632 115
3633 1674
3634 1674
3635 1296
3636 771
3637 698
3638 1765
3639 1296
3640 2378
3641 1953
3642 1129
3643 1129
3644 2307
3645 766
3646 2440
3647 47
3648 2307
3649 1974
3650 2378
3651 2080
3652 766
3653 2307
3654 698
3655 606
3656 1953
3657 2201
3658 892
3659 47
3660 1129
3661 1974
3662 766
3663 1335
3664 834
3665 1953
3666 834
3667 1129
3668 2421
3669 2307
3670 1802
3671 2440
3672 1581
3673 1765
3674 2455
3675 2074
3676 1974
3677 766
3678 47
3679 609
3680 1137
3681 2074
3682 2307
3683 2201
3684 766
3685 1488
3686 2201
3687 1674
3688 606
3689 17
3690 1674
3691 2201
3692 2455
3693 17
3694 2201
3695 115
3696 2455
3697 1581
3698 2378
3699 1581
3700 1129
3701 2455
3702 1953
3703 771
3704 2074
3705 997
3706 2455
3707 47
3708 47
3709 1953
3710 2015
3711 1137
3712 2015
3713 1765
3714 1802
3715 766
3716 771
3717 834
3718 2307
3719 2440
3720 2421
3721 1802
3722 2015
3723 2440
3724 1974
3725 1674
3726 2307
3727 2421
3728 2015
3729 1765
3730 2074
3731 771
3732 1789
3733 1789
3734 771
3735 2201
3736 1488
3737 698
3738 1129
3739 834
3740 1542
3741 698
3742 1137
3743 698
3744 1765
3745 1953
3746 47
3747 2421
3748 892
3749 834
3750 1137
3751 1953
3752 1581
3753 1296
3754 606
3755 766
3756 1789
3757 1789
3758 1542
3759 1802
3760 834
3761 115
3762 771
3763 2201
3764 1802
3765 1129
3766 2000
3767 47
3768 1802
3769 2455
3770 698
3771 1581
3772 1953
3773 1974
3774 1296
3775 1488
3776 2000
3777 834
3778 1296
3779 1974
3780 609
3781 1789
3782 997
3783 47
3784 834
3785 834
3786 1137
3787 2015
3788 1488
3789 1137
3790 1953
3791 606
3792 1953
3793 698
3794 47
3795 1488
3796 698
3797 2421
3798 2307
3799 1581
3800 1765
3801 606
3802 766
3803 997
3804 698
3805 115
3806 1953
3807 2440
3808 2000
3809 2307
3810 2201
3811 892
3812 981
3813 1335
3814 766
3815 2074
3816 2201
3817 981
3818 1789
3819 1335
3820 2455
3821 115
3822 834
3823 115
3824 17
3825 1759
3826 47
3827 1335
3828 2440
3829 2307
3830 2440
3831 981
3832 1335
3833 771
3834 1674
3835 2455
3836 47
3837 2455
3838 2307
3839 766
3840 2015
3841 698
3842 1129
3843 892
3844 2015
3845 17
3846 1765
3847 698
3848 2201
3850 1953
3851 1765
3852 698
3853 1674
3854 1974
3855 766
3856 609
3857 1129
3858 2440
3859 834
3860 981
3861 2015
3862 997
3863 2307
3864 1488
3865 115
3866 1974
3867 2015
3868 834
3869 1137
3870 997
3871 2015
3872 2307
3873 2015
3874 834
3875 1335
3876 2378
3877 1789
3879 2015
3880 115
3881 1765
3882 698
3883 1974
3884 1802
3885 2074
3886 1488
3887 1674
3888 1789
3889 2307
3890 2307
3891 2378
3892 2074
3893 1488
3894 47
3895 1488
3896 606
3897 2074
3898 2080
3899 17
3900 1765
3901 1789
3902 997
3903 17
3904 2201
3905 834
3906 766
3907 2307
3908 2440
3909 997
3910 997
3911 1789
3912 2015
3913 1488
3914 1581
3915 1581
3916 1488
3917 2074
3918 2421
3919 1488
3920 1789
3921 115
3922 698
3923 1542
3924 766
3925 892
3926 115
3927 1488
3928 698
3929 834
3930 1488
3931 1953
3932 766
3933 771
3934 834
3935 2000
3936 2307
3937 1974
3938 892
3939 606
3940 771
3941 1674
3942 2421
3943 2440
3944 981
3945 2074
3946 47
3947 47
3948 2378
3949 606
3950 1296
3951 1759
3952 1953
3953 1974
3954 981
3955 17
3956 1802
3957 1129
3958 2015
3959 892
3960 1953
3961 1488
3962 698
3963 771
3964 1296
3965 1542
3966 1137
3967 1296
3968 2378
3969 115
3970 1581
3971 892
3972 834
3973 47
3974 1953
3975 1759
3976 1129
3977 2307
3978 698
3979 698
3980 2307
3981 1802
3982 766
3983 1674
3984 2378
3985 2455
3986 771
3987 2421
3988 771
3989 1674
3990 1974
3991 17
3992 1974
3993 2080
3994 981
3995 115
3996 997
3997 1974
3998 997
3999 834
4000 2421
4001 1129
4002 698
4003 892
4004 47
4005 2307
4006 1137
4007 2201
4008 698
4009 1953
4010 47
4011 892
4012 698
4013 834
4014 2440
4015 997
4016 2080
4017 766
4018 1974
4019 1789
4020 2378
4021 1129
4022 834
4023 834
4024 1674
4025 1974
4026 2074
4027 1789
4028 1674
4029 834
4030 2440
4031 1953
4032 2378
4033 698
4034 1789
4035 1296
4036 2455
4037 2015
4038 834
4039 2015
4040 1581
4041 766
4042 1953
4043 771
4044 115
4045 2440
4046 2440
4047 1296
4048 1953
4049 47
4050 1581
4051 834
4052 2440
4053 766
4054 1129
4055 698
4056 2201
4057 17
4058 2378
4059 698
4060 2307
4061 834
4062 981
4063 2201
4064 834
4065 1953
4066 47
4067 1581
4068 1129
4069 2015
4070 2201
4071 1953
4072 115
4073 771
4074 1765
4075 47
4076 1953
4077 2074
4078 1953
4079 698
4080 1296
4081 766
4082 1802
4083 997
4084 1129
4085 1974
4086 2000
4087 766
4088 892
4089 892
4090 981
4091 766
4092 2015
4093 766
4094 47
4095 771
4096 2378
4097 115
4098 2455
4099 609
4100 892
4101 1953
4102 2440
4103 1674
4104 47
4105 997
4106 698
4107 2440
4108 766
4109 2080
4110 1953
4111 1335
4112 1802
4113 1789
4114 1581
4115 1789
4116 2440
4117 2080
4118 834
4119 1974
4120 892
4121 1129
4122 1953
4123 1674
4124 1581
4125 1488
4126 766
4128 2074
4129 1953
4130 1674
4131 1789
4132 2307
4133 2015
4134 1953
4135 1974
4136 2074
4137 17
4138 698
4139 2455
4140 1789
4141 892
4142 766
4143 2307
4144 698
4145 2307
4146 1137
4147 834
4148 766
4149 2201
4150 1953
4151 2000
4152 2440
4153 1542
4154 834
4155 771
4156 17
4157 1953
4158 771
4159 1335
4160 1137
4161 1759
4162 2307
4163 2307
4164 2455
4165 1129
4166 1974
4167 698
4168 997
4169 1802
4170 2201
4171 1129
4172 1581
4173 2421
4174 2307
4175 1789
4176 1974
4177 981
4178 115
4179 1137
4180 892
4181 2421
4182 47
4183 771
4184 609
4185 698
4186 115
4187 2074
4188 2307
4189 1542
4190 115
4191 47
4192 766
4193 1296
4194 2378
4195 834
4196 834
4198 609
4199 2201
4200 2201
4201 2440
4202 698
4203 997
4204 47
4205 2455
4206 1488
4207 834
4208 981
4209 1137
4210 997
4211 606
4212 997
4213 2015
4214 47
4215 834
4216 834
4217 1488
4218 2307
4219 997
4220 1335
4221 17
4222 698
4223 1129
4224 2000
4225 47
4226 1296
4227 1953
4228 766
4229 1802
4230 1802
4231 892
4232 1953
4233 997
4234 2455
4235 1765
4236 981
4237 2015
4238 2201
4239 17
4240 1137
4241 766
4242 1974
4243 1953
4244 2421
4245 1581
4246 698
4247 2015
4248 1674
4249 766
4250 2201
4251 834
4252 2455
4253 892
4254 766
4255 1129
4256 1296
4257 1953
4258 2015
4259 115
4260 1953
4261 17
4262 766
4263 698
4264 2455
4265 2455
4266 1674
4267 698
4268 115
4269 1542
4270 2201
4271 1296
4272 2440
4273 1953
4274 2378
4275 698
4276 1296
4277 698
4278 2201
4279 997
4280 1802
4281 834
4282 766
4283 1802
4284 1974
4285 17
4286 698
4287 766
4288 766
4289 834
4290 1674
4291 1953
4292 834
4293 981
4294 606
4295 47
4296 892
4297 17
4298 606
4299 766
4300 1974
4301 17
4302 2421
4303 2421
4304 115
4305 2000
4306 1974
4307 2201
4308 1953
4309 771
4310 1674
4311 1974
4312 834
4313 1581
4314 892
4315 1674
4316 2378
4317 1488
4318 609
4319 1765
4320 1137
4321 1953
4322 834
4323 2455
4324 2455
4325 2307
4326 2074
4327 609
4328 1488
4329 609
4330 1765
4331 2440
4332 2201
4333 1759
4334 2378
4335 1759
4336 2307
4337 2201
4338 115
4340 1789
4341 892
4342 1674
4343 997
4344 2307
4345 1974
4346 606
4347 698
4348 771
4349 698
4350 997
4351 2440
4352 1137
4353 1789
4354 2201
4355 1581
4356 2307
4357 698
4358 1802
4359 1129
4360 1296
4361 115
4362 1137
4363 2307
4364 2307
4365 892
4366 1974
4367 47
4368 1953
4369 771
4370 47
4371 2378
4372 892
4373 771
4374 115
4375 1581
4376 1953
4377 2074
4378 2455
4379 981
4380 1789
4381 115
4382 2455
4383 1129
4384 766
4385 2455
4386 2015
4387 17
4388 2201
4389 2307
4390 2201
4391 1674
4392 698
4393 2074
4394 1802
4395 1542
4396 1137
4397 2201
4398 2307
4399 1296
4400 1129
4401 1335
4402 2307
4403 1137
4404 766
4405 1759
4406 2307
4407 2015
4408 2307
4409 1137
4410 2074
4411 1674
4412 766
4413 1296
4414 2201
4415 1953
4416 834
4417 17
4418 981
4419 1974
4420 834
4421 2307
4422 698
4423 1974
4424 2201
4425 1802
4426 17
4427 2201
4428 47
4429 1581
4430 1129
4431 1296
4432 2080
4433 2074
4434 1802
4435 997
4436 1674
4437 1296
4438 1129
4439 1488
4440 1674
4441 606
4442 2015
4443 1488
4444 47
4445 2015
4446 1129
4447 1129
4448 2307
4449 1488
4450 892
4451 2080
4452 2074
4453 47
4454 1674
4455 1674
4456 766
4457 115
4458 2000
4459 1974
4460 2201
4461 892
4462 698
4463 2015
4464 2440
4465 1953
4466 2455
4467 1953
4468 997
4469 2307
4470 834
4471 698
4472 115
4473 2201
4474 2378
4475 1765
4476 1953
4477 17
4478 1137
4479 834
4480 834
4481 2378
4482 834
4483 1674
4484 1765
4485 1789
4486 1581
4487 2455
4488 1765
4489 1542
4490 1974
4491 834
4492 1974
4493 1674
4494 2307
4495 771
4496 2074
4497 2074
4498 771
4499 1335
4500 834
4501 1137
4502 2000
4503 892
4504 2307
4505 2455
4506 2307
4507 981
4508 2455
4509 766
4510 606
4511 1129
4512 115
4513 981
4514 2421
4515 698
4516 2307
4517 1129
4518 766
4519 1542
4520 2440
4521 1674
4522 47
4523 834
4524 2074
4525 766
4526 2378
4527 2307
4528 892
4529 17
4530 2440
4531 1296
4532 834
4533 771
4534 47
4535 2015
4536 997
4537 47
4538 1137
4539 766
4540 2378
4541 2440
4542 2378
4543 2201
4544 115
4545 1759
4546 1335
4547 766
4548 1953
4549 834
4550 766
4551 1137
4552 1129
4553 2440
4554 2440
4555 1802
4556 1953
4557 892
4558 2440
4559 2074
4560 771
4562 2455
4563 606
4564 2015
4565 997
4566 2074
4567 834
4568 2015
4569 1974
4570 2307
4571 698
4572 771
4573 2015
4574 2307
4575 2421
4576 2307
4577 47
4578 1789
4579 1674
4580 1974
4581 892
4582 1137
4583 115
4584 1129
4586 834
4587 2440
4588 1335
4589 2440
4590 2421
4591 2455
4592 1974
4593 834
4594 997
4595 1953
4596 1674
4597 834
4598 1488
4599 892
4600 834
4601 1765
4602 1953
4603 115
4604 1974
4605 2455
4607 2440
4608 997
4609 2074
4610 997
4611 698
4612 2455
4613 698
4614 2455
4615 1953
4616 892
4617 2421
4618 1802
4619 766
4620 2378
4621 1488
4622 47
4623 2201
4624 1802
4625 2307
4626 1789
4627 1296
4628 2421
4629 698
4630 2421
4631 2378
4632 1488
4633 115
4634 1789
4635 1789
4636 2015
4637 2201
4638 834
4639 698
4640 2307
4641 2307
4642 766
4643 2307
4644 2074
4645 609
4646 115
4647 997
4648 47
4649 1759
4650 698
4651 1953
4652 1129
4653 1488
4654 1296
4655 1296
4656 2074
4657 1674
4658 771
4659 115
4660 47
4661 2015
4662 2015
4663 1129
4664 698
4665 1674
4666 2074
4667 1129
4668 834
4669 2421
4670 892
4671 2015
4672 1581
4673 1488
4674 606
4675 115
4676 834
4677 997
4678 1674
4679 1129
4680 1953
4681 1129
4682 1759
4683 1137
4684 834
4685 2455
4686 2440
4687 1137
4688 771
4689 1488
4690 997
4691 115
4692 834
4693 771
4694 606
4695 2455
4696 892
4697 1674
4698 1759
4700 2015
4701 2015
4702 698
4703 834
4704 2307
4705 1974
4706 1335
4707 1802
4708 2201
4709 1296
4710 2307
4711 1953
4712 1674
4713 47
4714 2307
4715 115
4716 2000
4717 47
4718 1488
4719 2440
4720 1137
4721 2074
4722 997
4723 1802
4724 766
4725 2074
4726 1974
4727 766
4728 1674
4729 1674
4730 1488
4731 1488
4732 981
4733 47
4734 1953
4735 1137
4736 1789
4737 2455
4738 1953
4739 1765
4740 2201
4741 47
4742 2201
4743 1953
4744 2201
4745 771
4746 1789
4747 834
4748 1974
4749 2378
4750 2440
4751 698
4752 1137
4753 834
4754 1137
4755 2015
4756 2307
4757 2421
4758 1953
4759 1488
4760 2378
4761 1296
4762 1335
4763 1765
4764 2201
4765 2201
4766 2307
4767 2421
4768 47
4769 1581
4770 1542
4771 766
4772 892
4773 115
4774 771
4775 1759
4776 834
4777 1802
4778 1953
4779 1674
4780 1488
4781 1953
4782 1953
4783 766
4784 766
4785 2378
4786 1581
4787 2440
4788 698
4789 1137
4790 1488
4791 47
4792 1974
4793 1802
4794 1296
4795 698
4796 766
4797 2201
4798 698
4799 997
4800 47
4801 1765
4802 1953
4803 1129
4804 609
4805 47
4806 1974
4807 2421
4808 1488
4809 1129
4810 2201
4811 1129
4812 997
4813 2015
4814 2307
4815 892
4816 1335
4817 1581
4818 1488
4819 766
4820 2307
4821 2378
4822 1674
4823 698
4824 2421
4825 2201
4826 47
4827 2201
4828 1789
4829 892
4830 2015
4831 1129
4832 892
4833 47
4834 1674
4835 1296
4836 2307
4837 766
4838 2074
4839 115
4840 1296
4841 1335
4842 1137
4843 115
4844 2201
4845 2201
4846 1399
4847 1581
4848 2074
4849 47
4850 1759
4851 698
4852 698
4853 766
4854 892
4855 2421
4856 1129
4857 771
4858 1296
4859 892
4860 1953
4861 892
4862 115
4863 1674
4864 2455
4865 1953
4866 1953
4867 1581
4868 997
4869 47
4870 2455
4871 2455
4872 1953
4873 766
4874 997
4875 2080
4876 1129
4877 2307
4878 1953
4879 981
4880 698
4881 771
4882 2421
4883 2307
4884 2201
4885 892
4886 609
4887 1674
4888 2015
4889 47
4890 997
4891 1129
4892 1581
4893 1335
4894 698
4895 766
4896 1674
4897 1137
4898 1581
4899 2307
4900 892
4901 1802
4902 1953
4903 47
4904 981
4905 2307
4906 47
4907 1129
4908 115
4909 1765
4910 1953
4911 2440
4912 2440
4913 2074
4914 2307
4915 2378
4916 771
4917 1674
4918 766
4919 834
4920 834
4921 1581
4922 698
4923 47
4924 892
4925 766
4926 1581
4927 1488
4928 2455
4929 1953
4930 1974
4931 766
4932 2455
4933 2455
4934 766
4935 1137
4936 2201
4937 2307
4938 2201
4939 2307
4940 892
4941 47
4942 2201
4943 1296
4944 1137
4945 609
4946 2307
4947 1296
4948 47
4949 1674
4950 1137
4951 2440
4952 2074
4953 47
4954 2455
4955 2080
4956 997
4957 1789
4958 2455
4959 2074
4960 115
4961 1335
4962 1953
4963 115
4964 47
4965 2201
4966 609
4967 2201
4968 771
4969 1953
4970 115
4971 1137
4972 2378
4973 2201
4974 2307
4975 1296
4976 47
4977 1953
4978 698
4979 1953
4980 698
4981 609
4982 2074
4983 766
4984 698
4985 698
4986 1488
4987 834
4989 2440
4990 47
4991 2201
4992 2074
4993 1974
4994 2455
4995 1296
4996 892
4997 1581
4998 1759
4999 2455
499291.849779614
