2941
0 4248
1 3778
2 4555
3 3303
4 3065
5 2540
6 4496
7 4190
8 4752
9 4515
10 2736
11 2920
12 3699
13 3682
14 3000
15 3817
16 4368
17 3629
18 4576
19 2852
20 3512
21 3985
22 3942
23 4686
24 4451
25 2979
26 2521
27 3674
28 3144
29 4740
30 4890
31 4523
32 4834
33 4804
34 3112
35 2583
36 2922
37 4728
38 4325
39 3675
40 4435
41 2699
42 4314
43 3608
44 2586
45 3795
46 4128
47 4191
48 3726
49 3049
50 4722
51 4121
52 3221
53 2938
54 4662
55 3090
56 4270
57 4413
58 3777
59 3966
60 4074
61 2687
62 3037
63 3043
64 3160
65 2639
66 3884
67 4710
68 4046
69 4756
70 3874
71 3848
72 3942
73 3559
74 3805
75 3023
76 2801
77 2606
78 2534
79 4332
80 4566
81 3399
82 2620
83 4261
84 4187
85 4414
86 3068
87 4862
88 2809
89 2582
90 3543
91 3730
92 4471
93 3417
94 4362
95 4180
96 3063
97 4836
98 4911
99 4470
100 4010
101 4646
102 3732
103 4881
104 4449
105 4122
106 4227
107 4608
108 3152
109 3311
110 4934
111 4596
112 4950
113 4304
114 3184
115 2612
116 4796
117 4724
118 4215
119 4780
120 3349
121 4097
122 3213
123 4128
124 4015
125 4675
126 4264
127 3031
128 3723
129 4580
130 3156
131 4704
132 3176
133 3275
134 4056
135 2626
136 3717
137 2696
138 4026
139 2505
140 4483
141 3775
142 3537
143 4981
144 4049
145 3630
146 2683
147 2514
148 4539
149 2831
150 3718
151 4661
152 4229
153 2894
154 3525
155 3290
156 4137
157 2648
158 3590
159 3345
160 3588
161 4057
162 4053
163 3629
164 4032
165 4475
166 4726
167 2875
168 3756
169 3227
170 4558
171 2803
172 4924
173 3385
174 2932
175 3269
176 4206
177 4989
178 4741
179 2964
180 2988
181 3401
182 4251
183 2818
184 3594
185 4034
186 4989
187 3654
188 3962
189 3378
190 3764
191 3712
192 4375
193 3400
194 4199
195 4255
196 4297
197 3268
198 4806
199 3802
200 3137
201 3583
202 3899
203 4973
204 2949
205 4988
206 2961
207 2910
208 2987
209 3967
210 2937
211 4719
212 3157
213 4738
214 3710
215 2830
216 4696
217 4354
218 4012
219 4071
220 4279
221 3900
222 3838
223 2612
224 4481
225 3860
226 4800
227 2652
228 3283
229 3728
230 3025
231 3229
232 3954
233 4882
234 3483
235 4449
236 4630
237 2990
238 3358
239 4926
240 3872
241 4833
242 3612
243 4620
244 2621
245 4999
246 4006
247 4854
248 3111
249 4136
250 3120
251 4548
252 3240
253 2660
254 3613
255 2807
256 4227
257 2679
258 3437
259 3282
260 4151
261 3871
262 3711
263 3479
264 4209
265 4418
266 3793
267 3659
268 2711
269 2568
270 4303
271 2967
272 4280
273 4216
274 4819
275 3465
276 3197
277 3225
278 4996
279 4809
280 4096
281 4233
282 4937
283 3634
284 2924
285 4637
286 2962
287 3505
288 4691
289 3833
290 4242
291 4285
292 2952
293 3680
294 3108
295 4648
296 3485
297 4874
298 3201
299 2716
300 2941
301 3363
302 3163
303 3542
304 2603
305 4493
306 4515
307 3161
308 4867
309 3211
310 4189
311 4005
312 4237
313 2504
314 4155
315 4485
316 4435
317 3477
318 4671
319 4923
320 2675
321 3087
322 3659
323 2693
324 4462
325 4975
326 4796
327 3008
328 4686
329 3305
330 3202
331 4938
332 4871
333 3507
334 4179
335 4855
336 2810
337 3896
338 3162
339 3307
340 2928
341 4429
342 4094
343 2897
344 3245
345 4152
346 4349
347 4501
348 2702
349 4153
350 3569
351 3042
352 4051
353 3947
354 3934
355 4906
356 2931
357 2870
358 2829
359 3295
360 3049
361 2730
362 3644
363 2653
364 4207
365 4972
366 2622
367 3012
368 4463
369 4995
370 4478
371 3047
372 4331
373 3336
374 4030
375 4175
376 3154
377 4484
378 3902
379 4197
380 2877
381 3662
382 2640
383 4106
384 3638
385 3857
386 3289
387 4415
388 3322
389 2597
390 3320
391 3365
392 2608
393 3233
394 4414
395 2792
396 3549
397 3689
398 3511
399 4763
400 2598
401 2961
402 3581
403 2959
404 4406
405 4839
406 3168
407 3807
408 2964
409 4681
410 4777
411 2783
412 3474
413 3779
414 3427
415 3696
416 3472
417 2965
418 2973
419 3533
420 4605
421 4274
422 3843
423 2868
424 4915
425 3727
426 4538
427 2706
428 4749
429 2873
430 3444
431 2646
432 3936
433 3135
434 4689
435 4190
436 2699
437 3269
438 4333
439 2914
440 3994
441 2956
442 4688
443 2672
444 3096
445 2698
446 3834
447 4789
448 3772
449 4829
450 3129
451 4276
452 4345
453 3068
454 4922
455 2570
456 3286
457 3101
458 2742
459 3146
460 3909
461 3501
462 2645
463 4879
464 4146
465 3097
466 3737
467 3675
468 2816
469 4003
470 4859
471 4625
472 2869
473 2891
474 3315
475 4981
476 4750
477 3995
478 3969
479 2712
480 4939
481 4460
482 4297
483 4536
484 2912
485 2773
486 3729
487 4393
488 3647
489 3716
490 4115
491 3338
492 4131
493 3116
494 4117
495 2850
496 3833
497 3037
498 2518
499 4621
500 3669
501 4727
502 4870
503 2842
504 4242
505 2855
506 4145
507 4392
508 4213
509 4145
510 2737
511 2765
512 3329
513 3825
514 3880
515 4139
516 3872
517 4924
518 2799
519 3389
520 4761
521 2768
522 3890
523 2913
524 4835
525 2712
526 2888
527 3484
528 3827
529 2595
530 3757
531 3878
532 4191
533 3406
534 3285
535 3923
536 3746
537 3241
538 2722
539 3982
540 4982
541 3235
542 2519
543 3517
544 4808
545 3273
546 2795
547 4904
548 4417
549 4645
550 4124
551 4970
552 3262
553 4826
554 3752
555 2569
556 3721
557 3798
558 3328
559 4802
560 4996
561 3142
562 2539
563 3690
564 4586
565 4186
566 3407
567 3934
568 4689
569 4772
570 3554
571 3938
572 3983
573 4585
574 3940
575 4703
576 2686
577 2695
578 4422
579 3276
580 3750
581 2678
582 2947
583 3265
584 3068
585 4193
586 2553
587 3408
588 4351
589 3797
590 3869
591 2534
592 2678
593 2815
594 3302
595 4759
596 2840
597 2745
598 3411
599 3557
600 4284
601 3033
602 4745
603 4249
604 2945
605 4141
606 3586
607 2648
608 3970
609 4732
610 4603
611 3434
612 4405
613 4125
614 4895
615 2970
616 4601
617 2690
618 4897
619 4433
620 2745
621 4797
622 4643
623 3490
624 2642
625 3800
626 3191
627 2961
628 4869
629 4490
630 4996
631 3891
632 3082
633 3360
634 3889
635 3931
636 3593
637 3169
638 4607
639 3801
640 3029
641 4594
642 4942
643 3900
644 2753
645 3120
646 3643
647 4679
648 3816
649 4083
650 4355
651 3931
652 2630
653 4311
654 4832
655 3700
656 4522
657 4271
658 4318
659 3481
660 3353
661 4238
662 4074
663 4863
664 4623
665 3359
666 4399
667 2818
668 4917
669 4587
670 3027
671 3739
672 3684
673 3823
674 2797
675 3002
676 4514
677 3850
678 3815
679 2654
680 2594
681 3702
682 4562
683 4765
684 2627
685 4893
686 4524
687 2732
688 3222
689 2800
690 3331
691 4170
692 2771
693 2762
694 4998
695 2854
696 3784
697 4041
698 4629
699 3878
700 4125
701 2953
702 4665
703 3763
704 3063
705 3244
706 2906
707 4001
708 4953
709 3953
710 3300
711 2789
712 2963
713 2573
714 3309
715 3436
716 4176
717 4718
718 4713
719 2717
720 3790
721 4900
722 4729
723 4309
724 2832
725 4019
726 4764
727 4170
728 3224
729 3714
730 3681
731 4973
732 4266
733 4142
734 3747
735 3307
736 2585
737 3212
738 4163
739 4196
740 3091
741 4855
742 3445
743 2961
744 3307
745 3271
746 3333
747 3652
748 3966
749 2827
750 4540
751 2811
752 3124
753 4112
754 4150
755 4631
756 4113
757 2715
758 4751
759 3442
760 3132
761 4901
762 4105
763 4561
764 3530
765 2629
766 2791
767 4752
768 4321
769 3860
770 3003
771 4968
772 4236
773 3214
774 4004
775 3216
776 2670
777 3015
778 4513
779 3172
780 4735
781 4702
782 4101
783 2635
784 4200
785 3202
786 3281
787 2713
788 4263
789 2857
790 2571
791 4598
792 4457
793 4884
794 4293
795 4565
796 2958
797 4028
798 3342
799 4692
800 2626
801 4693
802 4357
803 3393
804 2925
805 2689
806 3209
807 3894
808 2880
809 4430
810 3193
811 2561
812 3040
813 2793
814 2672
815 4535
816 2752
817 4198
818 3903
819 3949
820 4033
821 4852
822 2571
823 2848
824 3243
825 4952
826 4323
827 4827
828 4811
829 3884
830 4601
831 3436
832 3694
833 3357
834 4668
835 4224
836 3753
837 3041
838 4680
839 3223
840 2658
841 4293
842 3621
843 2748
844 2833
845 2879
846 4776
847 3233
848 4545
849 3016
850 4967
851 3604
852 4651
853 3415
854 4883
855 3233
856 2784
857 4174
858 4088
859 3873
860 4489
861 4814
862 4991
863 4799
864 4195
865 4313
866 3570
867 3693
868 4220
869 2713
870 2971
871 3247
872 4647
873 3596
874 3978
875 4403
876 3822
877 3440
878 4614
879 3153
880 4660
881 4664
882 4411
883 4495
884 2644
885 4536
886 2613
887 3106
888 2599
889 3492
890 3973
891 3617
892 3401
893 3951
894 3023
895 2790
896 3610
897 3935
898 2929
899 2574
900 4994
901 4744
902 3249
903 4397
904 3885
905 4381
906 3597
907 3454
908 4194
909 3087
910 4757
911 4037
912 4656
913 3239
914 3811
915 3611
916 2942
917 3058
918 3377
919 4805
920 3882
921 4931
922 2994
923 3063
924 4636
925 2975
926 4402
927 4771
928 4782
929 2564
930 3294
931 2549
932 4663
933 2508
934 4184
935 4189
936 3675
937 4092
938 4603
939 2614
940 4157
941 3071
942 4488
943 3195
944 3155
945 4371
946 4416
947 2697
948 3584
949 4040
950 3931
951 3665
952 4170
953 2793
954 4464
955 4067
956 3246
957 4659
958 4180
959 2908
960 4966
961 4788
962 4472
963 4434
964 3107
965 2631
966 3391
967 2936
968 4948
969 4717
970 3414
971 3984
972 4502
973 3833
974 2725
975 4302
976 2718
977 4488
978 2921
979 3528
980 4748
981 2656
982 4489
983 3147
984 2802
985 3461
986 3084
987 3044
988 3226
989 3856
990 3721
991 4398
992 3497
993 3473
994 4344
995 3999
996 4128
997 3862
998 2603
999 3458
1000 3123
1001 3491
1002 3125
1003 4733
1004 3068
1005 3120
1006 3819
1007 2948
1008 4261
1009 4877
1010 2610
1011 4774
1012 4742
1013 3720
1014 2860
1015 2969
1016 2856
1017 3605
1018 3255
1019 3963
1020 2843
1021 2731
1022 3992
1023 4235
1024 4518
1025 4371
1026 2649
1027 2902
1028 2655
1029 4626
1030 2960
1031 3508
1032 3824
1033 3691
1034 4511
1035 4818
1036 2800
1037 3060
1038 3913
1039 4544
1040 4649
1041 3052
1042 4061
1043 3257
1044 4708
1045 3759
1046 4570
1047 3452
1048 3179
1049 4458
1050 4233
1051 3830
1052 3410
1053 4615
1054 4447
1055 4763
1056 4066
1057 4021
1058 3402
1059 3921
1060 4794
1061 4257
1062 4886
1063 2967
1064 3110
1065 3963
1066 3897
1067 3825
1068 3237
1069 2747
1070 2808
1071 3339
1072 4890
1073 3189
1074 4436
1075 3751
1076 4025
1077 2681
1078 2939
1079 4210
1080 4828
1081 4949
1082 3114
1083 4340
1084 2740
1085 4551
1086 3781
1087 4247
1088 4602
1089 3284
1090 3889
1091 2749
1092 2623
1093 3080
1094 4392
1095 4677
1096 4338
1097 4568
1098 3486
1099 3651
1100 4993
1101 3255
1102 3821
1103 4865
1104 3566
1105 4202
1106 3577
1107 4283
1108 4945
1109 4821
1110 3035
1111 2886
1112 3645
1113 2989
1114 3215
1115 4142
1116 4801
1117 4371
1118 4183
1119 3708
1120 3371
1121 3334
1122 3487
1123 4628
1124 2726
1125 4848
1126 2881
1127 2518
1128 3089
1129 2763
1130 4497
1131 4043
1132 3078
1133 3122
1134 3809
1135 4308
1136 3361
1137 4409
1138 3947
1139 2523
1140 3286
1141 3441
1142 3371
1143 2592
1144 3079
1145 4676
1146 4230
1147 3005
1148 2907
1149 3580
1150 4601
1151 2794
1152 3963
1153 4079
1154 3383
1155 2841
1156 3466
1157 3050
1158 4543
1159 3743
1160 4075
1161 2818
1162 3876
1163 3478
1164 4064
1165 3926
1166 4624
1167 3021
1168 4389
1169 4787
1170 2922
1171 3413
1172 4525
1173 2739
1174 3916
1175 4009
1176 4254
1177 3100
1178 4935
1179 4887
1180 3803
1181 3673
1182 4790
1183 3887
1184 4613
1185 3853
1186 4652
1187 3138
1188 3006
1189 2719
1190 2994
1191 3519
1192 2575
1193 4424
1194 2592
1195 4614
1196 3039
1197 4682
1198 2629
1199 2709
1200 2923
1201 2934
1202 4465
1203 4194
1204 2769
1205 2773
1206 3647
1207 4414
1208 2746
1209 3224
1210 4278
1211 4005
1212 4914
1213 4932
1214 2826
1215 4097
1216 3143
1217 4290
1218 2507
1219 4368
1220 3372
1221 3880
1222 3965
1223 4339
1224 3957
1225 2954
1226 3301
1227 4344
1228 4208
1229 4833
1230 2703
1231 2733
1232 3426
1233 3796
1234 4120
1235 4579
1236 3304
1237 4095
1238 3907
1239 3963
1240 3297
1241 4783
1242 4936
1243 4031
1244 3533
1245 3563
1246 3086
1247 3680
1248 4205
1249 2798
1250 3893
1251 3769
1252 3755
1253 3337
1254 3810
1255 4542
1256 3828
1257 2995
1258 4361
1259 2818
1260 3792
1261 3961
1262 3814
1263 4021
1264 4838
1265 3230
1266 3054
1267 3347
1268 4990
1269 3419
1270 4910
1271 4954
1272 2713
1273 4439
1274 2661
1275 3469
1276 2944
1277 3760
1278 2588
1279 4509
1280 3562
1281 2828
1282 4182
1283 2907
1284 3376
1285 2562
1286 3174
1287 4856
1288 4911
1289 4799
1290 4291
1291 3248
1292 3821
1293 4701
1294 4862
1295 3852
1296 4448
1297 4300
1298 3317
1299 3105
1300 3833
1301 3997
1302 3307
1303 4960
1304 3028
1305 3379
1306 4050
1307 3041
1308 4601
1309 3344
1310 4639
1311 4962
1312 3709
1313 4410
1314 4021
1315 4902
1316 4692
1317 3839
1318 3431
1319 4332
1320 4786
1321 2992
1322 4416
1323 4482
1324 3127
1325 3697
1326 2506
1327 4932
1328 2782
1329 2636
1330 4358
1331 4767
1332 3636
1333 4599
1334 3061
1335 4853
1336 4540
1337 4143
1338 3145
1339 3720
1340 4305
1341 4463
1342 2898
1343 2884
1344 3041
1345 4536
1346 3459
1347 4428
1348 2579
1349 3326
1350 4320
1351 3288
1352 4820
1353 3064
1354 3139
1355 4164
1356 2667
1357 3655
1358 4949
1359 4655
1360 2976
1361 2853
1362 2714
1363 3832
1364 4573
1365 4190
1366 2899
1367 3218
1368 3462
1369 3313
1370 3279
1371 4812
1372 4704
1373 4404
1374 3826
1375 2501
1376 4957
1377 3935
1378 3678
1379 3150
1380 4940
1381 4781
1382 4031
1383 4574
1384 3403
1385 4133
1386 3450
1387 4611
1388 2756
1389 4287
1390 4610
1391 4307
1392 3875
1393 3895
1394 3545
1395 4768
1396 3807
1397 4825
1398 2705
1399 4391
1400 4435
1401 4689
1402 3731
1403 3515
1404 4364
1405 2770
1406 4876
1407 2839
1408 3250
1409 3197
1410 4890
1411 3252
1412 4148
1413 2777
1414 2858
1415 4370
1416 4847
1417 4612
1418 3258
1419 2618
1420 3324
1421 3433
1422 4154
1423 3314
1424 4316
1425 4063
1426 3388
1427 2536
1428 4419
1429 2761
1430 4504
1431 3116
1432 3081
1433 3976
1434 4444
1435 4803
1436 2671
1437 4971
1438 3102
1439 3126
1440 2619
1441 2981
1442 3233
1443 3765
1444 4784
1445 3994
1446 2859
1447 4421
1448 3032
1449 2849
1450 4487
1451 2724
1452 4002
1453 3394
1454 4111
1455 3658
1456 3019
1457 4477
1458 4376
1459 3332
1460 3762
1461 4696
1462 4384
1463 3879
1464 4396
1465 3109
1466 3475
1467 3203
1468 3950
1469 4833
1470 2557
1471 4521
1472 4793
1473 2755
1474 3285
1475 2535
1476 4234
1477 2669
1478 3380
1479 3178
1480 3844
1481 4698
1482 2830
1483 4690
1484 4746
1485 3115
1486 3624
1487 2839
1488 3895
1489 4668
1490 4510
1491 2629
1492 2532
1493 4449
1494 4943
1495 4600
1496 4530
1497 3051
1498 2589
1499 4239
1500 2986
1501 3565
1502 3296
1503 4277
1504 4936
1505 3099
1506 3199
1507 4975
1508 3531
1509 4459
1510 2728
1511 4267
1512 2764
1513 2659
1514 4644
1515 3020
1516 2780
1517 3246
1518 4165
1519 2534
1520 4456
1521 2835
1522 3589
1523 4068
1524 4273
1525 2799
1526 2663
1527 2578
1528 3045
1529 4103
1530 3113
1531 4443
1532 3420
1533 2755
1534 4244
1535 3733
1536 3163
1537 4382
1538 4317
1539 4889
1540 3007
1541 4601
1542 4268
1543 4941
1544 2862
1545 3367
1546 3588
1547 2932
1548 4650
1549 2614
1550 4906
1551 2874
1552 3356
1553 3180
1554 4228
1555 3738
1556 2883
1557 3183
1558 4781
1559 4449
1560 2560
1561 2838
1562 4920
1563 3971
1564 3695
1565 3783
1566 4634
1567 4169
1568 2773
1569 3719
1570 3327
1571 2901
1572 4785
1573 4949
1574 3219
1575 3173
1576 2609
1577 3601
1578 3075
1579 3637
1580 3700
1581 4172
1582 2528
1583 4343
1584 4589
1585 4344
1586 3421
1587 3962
1588 4073
1589 4627
1590 4493
1591 4082
1592 4815
1593 3701
1594 3256
1595 4540
1596 2698
1597 3922
1598 4949
1599 3909
1600 4812
1601 4475
1602 3773
1603 4385
1604 3657
1605 4752
1606 2823
1607 2766
1608 3253
1609 3635
1610 4964
1611 4261
1612 2830
1613 4341
1614 3175
1615 4282
1616 3943
1617 4758
1618 4515
1619 3384
1620 3661
1621 2525
1622 3117
1623 4400
1624 3188
1625 2909
1626 3895
1627 3055
1628 3694
1629 4369
1630 2905
1631 2950
1632 3088
1633 3480
1634 3632
1635 4116
1636 4089
1637 3308
1638 4135
1639 3881
1640 4723
1641 4027
1642 2978
1643 3197
1644 4454
1645 3488
1646 4763
1647 3036
1648 3196
1649 4603
1650 3569
1651 3725
1652 3591
1653 3513
1654 4241
1655 4142
1656 2531
1657 3864
1658 3268
1659 3455
1660 4559
1661 3529
1662 4438
1663 2615
1664 2748
1665 3366
1666 2938
1667 3789
1668 2515
1669 4885
1670 4700
1671 4397
1672 4599
1673 2625
1674 4391
1675 4217
1676 3056
1677 3758
1678 4350
1679 4021
1680 4330
1681 3159
1682 2678
1683 4469
1684 3744
1685 3781
1686 3373
1687 2893
1688 4843
1689 4455
1690 3078
1691 2745
1692 2503
1693 4055
1694 4679
1695 4635
1696 2536
1697 3713
1698 4807
1699 2881
1700 3364
1701 4535
1702 4031
1703 2546
1704 4956
1705 4557
1706 3926
1707 3167
1708 3892
1709 4520
1710 3775
1711 3140
1712 4752
1713 3862
1714 4947
1715 4292
1716 2638
1717 2616
1718 2915
1719 3946
1720 3818
1721 3418
1722 2787
1723 3449
1724 3911
1725 3914
1726 3266
1727 3862
1728 3697
1729 3438
1730 4486
1731 3467
1732 3263
1733 3299
1734 4908
1735 4933
1736 4126
1737 4080
1738 3017
1739 2984
1740 3442
1741 4781
1742 3116
1743 3969
1744 3387
1745 3555
1746 2550
1747 2935
1748 3325
1749 4094
1750 4011
1751 2977
1752 3239
1753 3395
1754 4704
1755 2899
1756 4456
1757 3606
1758 4823
1759 2607
1760 3355
1761 2940
1762 2917
1763 4294
1764 3429
1765 3617
1766 3013
1767 4408
1768 4906
1769 3416
1770 2863
1771 4347
1772 2510
1773 4617
1774 4873
1775 4241
1776 4298
1777 4344
1778 4367
1779 3298
1780 4849
1781 3069
1782 3692
1783 3076
1784 4319
1785 2758
1786 3170
1787 3509
1788 3471
1789 3901
1790 2552
1791 3340
1792 4618
1793 2626
1794 4519
1795 3442
1796 4013
1797 4603
1798 2536
1799 4584
1800 3533
1801 3343
1802 3759
1803 2581
1804 4306
1805 3906
1806 4931
1807 3882
1808 2796
1809 3842
1810 4540
1811 2507
1812 3707
1813 2972
1814 4693
1815 4426
1816 3200
1817 3742
1818 4336
1819 4123
1820 4741
1821 2870
1822 4088
1823 2985
1824 4093
1825 4183
1826 4693
1827 4567
1828 3650
1829 3151
1830 4475
1831 2533
1832 3966
1833 3164
1834 3469
1835 4203
1836 4132
1837 3397
1838 3494
1839 2544
1840 2596
1841 4992
1842 4056
1843 3679
1844 4712
1845 4090
1846 4170
1847 3963
1848 4534
1849 3991
1850 4072
1851 3048
1852 2804
1853 4979
1854 3398
1855 3598
1856 2652
1857 4687
1858 2957
1859 4394
1860 4020
1861 2680
1862 3504
1863 2586
1864 3206
1865 3780
1866 2666
1867 3024
1868 4792
1869 3185
1870 3981
1871 3599
1872 2821
1873 3449
1874 4980
1875 4961
1876 3815
1877 4335
1878 3904
1879 4171
1880 3042
1881 4161
1882 3512
1883 4355
1884 2761
1885 4757
1886 3293
1887 2623
1888 4831
1889 3808
1890 4694
1891 4856
1892 4069
1893 4880
1894 3861
1895 3464
1896 3360
1897 3959
1898 3535
1899 3815
1900 2919
1901 3807
1902 4149
1903 3908
1904 4535
1905 4188
1906 3054
1907 3497
1908 4226
1909 4468
1910 3165
1911 3341
1912 4415
1913 3575
1914 3496
1915 3506
1916 3989
1917 4185
1918 4565
1919 4427
1920 2819
1921 2696
1922 2999
1923 4310
1924 4845
1925 4505
1926 4770
1927 3468
1928 4087
1929 3603
1930 3717
1931 4453
1932 4469
1933 3795
1934 2537
1935 2513
1936 3956
1937 3625
1938 3314
1939 2536
1940 3810
1941 4499
1942 3709
1943 2559
1944 4299
1945 4997
1946 3182
1947 4569
1948 2788
1949 3883
1950 4813
1951 4891
1952 2682
1953 2998
1954 3858
1955 3405
1956 2785
1957 3798
1958 3323
1959 3001
1960 4098
1961 4380
1962 3498
1963 4840
1964 4326
1965 2520
1966 3351
1967 2800
1968 4578
1969 2633
1970 4696
1971 4824
1972 4703
1973 4912
1974 3676
1975 4928
1976 3618
1977 3614
1978 2673
1979 2517
1980 3520
1981 3274
1982 4638
1983 4582
1984 2522
1985 4703
1986 3807
1987 3207
1988 2981
1989 2617
1990 3919
1991 2846
1992 3133
1993 3837
1994 4791
1995 4632
1996 2664
1997 2892
1998 3202
1999 3879
2000 4755
2001 4467
2002 4104
2003 2518
2004 4214
2005 4118
2006 4139
2007 2966
2008 3964
2009 3698
2010 2557
2011 3502
2012 4817
2013 2941
2014 3449
2015 3136
2016 3664
2017 3330
2018 2762
2019 3133
2020 4862
2021 2576
2022 4889
2023 4275
2024 3766
2025 3642
2026 3103
2027 4935
2028 3306
2029 4253
2030 3587
2031 3931
2032 3884
2033 3656
2034 2818
2035 4327
2036 3430
2037 4959
2038 3578
2039 3979
2040 3968
2041 2650
2042 2760
2043 4372
2044 3877
2045 4480
2046 4162
2047 2778
2048 3920
2049 3958
2050 4573
2051 4392
2052 4736
2053 4245
2054 3236
2055 2755
2056 3059
2057 4286
2058 4054
2059 3544
2060 4435
2061 2878
2062 4599
2063 4365
2064 4606
2065 3092
2066 4062
2067 4498
2068 2592
2069 3709
2070 4798
2071 4553
2072 4714
2073 3503
2074 3254
2075 2779
2076 2587
2077 2795
2078 4127
2079 4091
2080 4432
2081 2748
2082 3098
2083 3159
2084 4737
2085 4532
2086 4814
2087 2951
2088 2563
2089 2961
2090 3870
2091 4222
2092 4017
2093 3782
2094 2662
2095 4392
2096 4129
2097 4929
2098 4697
2099 2938
2100 3734
2101 3220
2102 3541
2103 4730
2104 3609
2105 2665
2106 3750
2107 3460
2108 3849
2109 4378
2110 4329
2111 3794
2112 3771
2113 4100
2114 2955
2115 2933
2116 3026
2117 2788
2118 2611
2119 4553
2120 4707
2121 4186
2122 3242
2123 4042
2124 4903
2125 4588
2126 4386
2127 3807
2128 3550
2129 4178
2130 4048
2131 4252
2132 2813
2133 3505
2134 4550
2135 3330
2136 3602
2137 3553
2138 4145
2139 4670
2140 2744
2141 2614
2142 3231
2143 4978
2144 4085
2145 3295
2146 3876
2147 4795
2148 3986
2149 4775
2150 4609
2151 2871
2152 4412
2153 4875
2154 2814
2155 4633
2156 3871
2157 4114
2158 3715
2159 4796
2160 3556
2161 3446
2162 2602
2163 3417
2164 2557
2165 3072
2166 3571
2167 4461
2168 3134
2169 3083
2170 2694
2171 3886
2172 2916
2173 4443
2174 3704
2175 4425
2176 4763
2177 4604
2178 4919
2179 4442
2180 4898
2181 4837
2182 4525
2183 2543
2184 3004
2185 3267
2186 4281
2187 4704
2188 4554
2189 4556
2190 4052
2191 3677
2192 3532
2193 3559
2194 4965
2195 4987
2196 4734
2197 3929
2198 2754
2199 3335
2200 3958
2201 4414
2202 4160
2203 2982
2204 3523
2205 4986
2206 2541
2207 4648
2208 2637
2209 4446
2210 4927
2211 4669
2212 3451
2213 4721
2214 4220
2215 3866
2216 4773
2217 3855
2218 3735
2219 3806
2220 4810
2221 2963
2222 3703
2223 2721
2224 2839
2225 4935
2226 3082
2227 3690
2228 4676
2229 4693
2230 4704
2231 3186
2232 2592
2233 2584
2234 3705
2235 2645
2236 4361
2237 4516
2238 2993
2239 4246
2240 4899
2241 4466
2242 4272
2243 4289
2244 3422
2245 3785
2246 4852
2247 4383
2248 3663
2249 4418
2250 3208
2251 4678
2252 4240
2253 4024
2254 2949
2255 4781
2256 3799
2257 3709
2258 3010
2259 4288
2260 4044
2261 3768
2262 2516
2263 2545
2264 4622
2265 2703
2266 4312
2267 2605
2268 4417
2269 2781
2270 3988
2271 2817
2272 2713
2273 3453
2274 3403
2275 3043
2276 3068
2277 3560
2278 2866
2279 3321
2280 2943
2281 4414
2282 3185
2283 4508
2284 4884
2285 3231
2286 3457
2287 4905
2288 4571
2289 3279
2290 3292
2291 3620
2292 3278
2293 3627
2294 3148
2295 4036
2296 4527
2297 3910
2298 3211
2299 3717
2300 3551
2301 2904
2302 3082
2303 4000
2304 3717
2305 4574
2306 2692
2307 3863
2308 4575
2309 3582
2310 3204
2311 2572
2312 4645
2313 2647
2314 2775
2315 2557
2316 4337
2317 4242
2318 3306
2319 3536
2320 4703
2321 3386
2322 3130
2323 3759
2324 3192
2325 4156
2326 4955
2327 4192
2328 2743
2329 4974
2330 4846
2331 3623
2332 2656
2333 3761
2334 4241
2335 3962
2336 4373
2337 4925
2338 2558
2339 3119
2340 4746
2341 4861
2342 4844
2343 2570
2344 2774
2345 4528
2346 3410
2347 4866
2348 2704
2349 4186
2350 4278
2351 3975
2352 3256
2353 2911
2354 3448
2355 3095
2356 3042
2357 3633
2358 3558
2359 2890
2360 3166
2361 4360
2362 4286
2363 4070
2364 3912
2365 2806
2366 2530
2367 4926
2368 3660
2369 4015
2370 3432
2371 4985
2372 3923
2373 3390
2374 2830
2375 4763
2376 2651
2377 2515
2378 4526
2379 4374
2380 2707
2381 3666
2382 3786
2383 3922
2384 3745
2385 4577
2386 2674
2387 3574
2388 4560
2389 2514
2390 4259
2391 2847
2392 2782
2393 3310
2394 4930
2395 4077
2396 4711
2397 2529
2398 4944
2399 4191
2400 4212
2401 4168
2402 4934
2403 2996
2404 3038
2405 4062
2406 4506
2407 2577
2408 4242
2409 3435
2410 2601
2411 3871
2412 4685
2413 4916
2414 3865
2415 2712
2416 3141
2417 4668
2418 4366
2419 3011
2420 4715
2421 2727
2422 2657
2423 3049
2424 4088
2425 4946
2426 3499
2427 2772
2428 2500
2429 4507
2430 2851
2431 4035
2432 3325
2433 3683
2434 4232
2435 4363
2436 3990
2437 3118
2438 2767
2439 4256
2440 3456
2441 2992
2442 3539
2443 2805
2444 3918
2445 4582
2446 3846
2447 4073
2448 4552
2449 3330
2450 3417
2451 3224
2452 2565
2453 3653
2454 4395
2455 4871
2456 2820
2457 4219
2458 4186
2459 2845
2460 3233
2461 4047
2462 4359
2463 2786
2464 2696
2465 3131
2466 3335
2467 3392
2468 4140
2469 3362
2470 4115
2471 3980
2472 4658
2473 2926
2474 3884
2475 3741
2476 4907
2477 2932
2478 4672
2479 3996
2480 4592
2481 3370
2482 3788
2483 3962
2484 2980
2485 4334
2486 3285
2487 3671
2488 4356
2489 2748
2490 4021
2491 4673
2492 4109
2493 3259
2494 3568
2495 4623
2496 4029
2497 2974
2498 4494
2499 3670
2502 1858
2509 1544
2511 1792
2512 1298
2524 1182
2526 291
2527 2203
2538 1852
2542 280
2547 345
2548 194
2551 911
2554 1545
2555 2341
2556 167
2566 1232
2567 32
2580 1
2590 1075
2591 978
2593 2436
2600 489
2604 2026
2624 31
2628 1772
2632 1273
2634 2288
2641 1827
2643 1158
2668 291
2676 252
2677 31
2684 375
2685 1786
2688 2008
2691 1051
2700 2188
2701 1317
2708 1237
2710 1947
2720 933
2723 1726
2729 1122
2734 4
2735 180
2738 472
2741 1526
2750 2162
2751 2215
2757 471
2759 2256
2776 472
2812 1267
2822 2190
2824 1827
2825 2443
2834 2461
2836 1910
2837 1267
2844 100
2861 654
2864 418
2865 955
2867 1424
2872 1146
2876 646
2882 578
2885 2178
2887 2348
2889 2215
2895 2026
2896 1571
2900 2157
2903 911
2918 119
2927 1245
2930 579
2946 1577
2968 71
2983 865
2991 1234
2997 1173
3009 764
3014 180
3018 193
3022 466
3030 2101
3034 1158
3046 2348
3053 1676
3057 38
3062 503
3066 38
3067 852
3070 1569
3073 2157
3074 2026
3077 2448
3085 427
3093 1122
3094 854
3104 1136
3121 1424
3128 292
3149 817
3158 1526
3171 1273
3177 378
3181 1267
3187 1449
3190 686
3194 528
3198 320
3205 1075
3210 14
3217 1042
3228 1575
3232 1347
3234 955
3238 1039
3251 1633
3260 2437
3261 955
3264 1309
3270 1265
3272 940
3277 2420
3280 686
3287 1632
3291 1122
3312 2188
3316 2446
3318 2366
3319 2166
3346 14
3348 2370
3350 1363
3352 520
3354 2448
3368 955
3369 1083
3374 2427
3375 842
3381 1714
3382 1574
3396 865
3404 1153
3409 1971
3412 1838
3423 2180
3424 1799
3425 1737
3428 2366
3439 472
3443 980
3447 1574
3463 132
3470 886
3476 423
3482 262
3489 665
3493 51
3495 772
3500 686
3510 1772
3514 578
3516 2129
3518 465
3521 2306
3522 38
3524 2341
3526 1647
3527 1638
3534 1578
3538 1732
3540 341
3546 4
3547 1130
3548 1647
3552 1511
3561 105
3564 2188
3567 1872
3572 2093
3573 1843
3576 1196
3579 1632
3585 1858
3592 38
3595 430
3600 383
3607 10
3615 661
3616 1354
3619 625
3622 2370
3626 313
3628 345
3631 2175
3639 585
3640 1424
3641 465
3646 1633
3648 854
3649 1638
3667 646
3668 1222
3672 2256
3685 1273
3686 194
3687 140
3688 1621
3706 2286
3722 599
3724 273
3736 2118
3740 212
3748 571
3749 1827
3754 606
3767 1347
3770 1511
3774 2361
3776 2024
3787 911
3791 1492
3804 1130
3812 1155
3813 161
3820 489
3829 2435
3831 1828
3835 2412
3836 1676
3840 599
3841 2371
3845 1529
3847 2288
3851 1151
3854 452
3859 986
3867 599
3868 710
3888 375
3898 1116
3905 933
3915 2157
3917 686
3924 1420
3925 376
3927 499
3928 2104
3930 1324
3932 1700
3933 1460
3937 452
3939 1776
3941 873
3944 1607
3945 1130
3948 15
3952 2384
3955 2366
3960 2427
3972 1010
3974 465
3977 404
3987 1698
3993 625
3998 943
4007 340
4008 139
4014 2188
4016 24
4018 2348
4022 77
4023 31
4038 798
4039 1097
4045 372
4058 654
4059 687
4060 1134
4065 665
4076 213
4078 760
4081 2125
4084 646
4086 2024
4099 1369
4102 2161
4107 1709
4108 2465
4110 665
4119 2419
4130 1819
4134 760
4138 1758
4144 566
4147 1010
4158 1216
4159 1557
4166 1947
4167 2288
4173 180
4177 817
4181 244
4201 211
4204 2093
4211 31
4218 57
4221 291
4223 1309
4225 708
4231 11
4243 383
4250 1122
4258 151
4260 2384
4262 679
4265 1975
4269 212
4295 708
4296 2056
4301 189
4315 668
4322 798
4324 1417
4328 119
4342 2007
4346 1007
4348 1326
4352 471
4353 1872
4377 1130
4379 1155
4387 2366
4388 2218
4390 1122
4401 1335
4407 1097
4420 472
4423 709
4431 2361
4437 1253
4440 722
4441 1638
4445 599
4450 2063
4452 1111
4473 2433
4474 965
4476 665
4479 1827
4491 1042
4492 1871
4500 1827
4503 1895
4512 1903
4517 2058
4529 2366
4531 1714
4533 771
4537 1245
4541 345
4546 1335
4547 1335
4549 798
4563 1647
4564 1726
4572 883
4581 2493
4583 1903
4590 3
4591 773
4593 1
4595 2384
4597 503
4616 571
4619 2465
4640 404
4641 222
4642 1136
4653 1273
4654 2461
4657 76
4666 1264
4667 1833
4674 292
4683 1236
4684 2212
4695 2109
4699 430
4705 1647
4706 1363
4709 1082
4716 1877
4720 1299
4725 1130
4731 2118
4739 2446
4743 665
4747 1872
4753 933
4754 2437
4760 1828
4762 528
4766 1447
4769 2007
4778 760
4779 873
4816 161
4822 32
4830 599
4841 1557
4842 97
4850 1877
4851 139
4857 538
4858 1253
4860 1270
4864 773
4868 2469
4872 363
4878 448
4888 2162
4892 341
4894 1167
4896 2253
4909 1852
4913 540
4918 1241
4921 554
4951 588
4958 773
4963 1059
4969 2219
4976 1451
4977 1746
4983 2306
4984 2143
6170.681944947
