4963
4999 2455
4998 1759
4997 1581
4996 892
4995 1296
4994 2455
4993 1974
4992 2074
4991 2201
4990 47
4989 2440
4988 834
4987 834
4986 1488
4985 698
4984 698
4983 766
4982 2074
4981 609
4980 698
4979 1953
4978 698
4977 1953
4976 47
4975 1296
4974 2307
4973 2201
4972 2378
4971 1137
4970 115
4969 1953
4968 771
4967 2201
4966 609
4965 2201
4964 47
4963 115
4962 1953
4961 1335
4960 115
4959 2074
4958 2455
4957 1789
4956 997
4955 2080
4954 2455
4953 47
4952 2074
4951 2440
4950 1137
4949 1674
4948 47
4947 1296
4946 2307
4945 609
4944 1137
4943 1296
4942 2201
4941 47
4940 892
4939 2307
4938 2201
4937 2307
4936 2201
4935 1137
4934 766
4933 2455
4932 2455
4931 766
4930 1974
4929 1953
4928 2455
4927 1488
4926 1581
4925 766
4924 892
4923 47
4922 698
4921 1581
4920 834
4919 834
4918 766
4917 1674
4916 771
4915 2378
4914 2307
4913 2074
4912 2440
4911 2440
4910 1953
4909 1765
4908 115
4907 1129
4906 47
4905 2307
4904 981
4903 47
4902 1953
4901 1802
4900 892
4899 2307
4898 1581
4897 1137
4896 1674
4895 766
4894 698
4893 1335
4892 1581
4891 1129
4890 997
4889 47
4888 2015
4887 1674
4886 609
4885 892
4884 2201
4883 2307
4882 2421
4881 771
4880 698
4879 981
4878 1953
4877 2307
4876 1129
4875 2080
4874 997
4873 766
4872 1953
4871 2455
4870 2455
4869 47
4868 997
4867 1581
4866 1953
4865 1953
4864 2455
4863 1674
4862 115
4861 892
4860 1953
4859 892
4858 1296
4857 771
4856 1129
4855 2421
4854 892
4853 766
4852 698
4851 698
4850 1759
4849 47
4848 2074
4847 1581
4846 1399
4845 2201
4844 2201
4843 115
4842 1137
4841 1335
4840 1296
4839 115
4838 2074
4837 766
4836 2307
4835 1296
4834 1674
4833 47
4832 892
4831 1129
4830 2015
4829 892
4828 1789
4827 2201
4826 47
4825 2201
4824 2421
4823 698
4822 1674
4821 2378
4820 2307
4819 766
4818 1488
4817 1581
4816 1335
4815 892
4814 2307
4813 2015
4812 997
4811 1129
4810 2201
4809 1129
4808 1488
4807 2421
4806 1974
4805 47
4804 609
4803 1129
4802 1953
4801 1765
4800 47
4799 997
4798 698
4797 2201
4796 766
4795 698
4794 1296
4793 1802
4792 1974
4791 47
4790 1488
4789 1137
4788 698
4787 2440
4786 1581
4785 2378
4784 766
4783 766
4782 1953
4781 1953
4780 1488
4779 1674
4778 1953
4777 1802
4776 834
4775 1759
4774 771
4773 115
4772 892
4771 766
4770 1542
4769 1581
4768 47
4767 2421
4766 2307
4765 2201
4764 2201
4763 1765
4762 1335
4761 1296
4760 2378
4759 1488
4758 1953
4757 2421
4756 2307
4755 2015
4754 1137
4753 834
4752 1137
4751 698
4750 2440
4749 2378
4748 1974
4747 834
4746 1789
4745 771
4744 2201
4743 1953
4742 2201
4741 47
4740 2201
4739 1765
4738 1953
4737 2455
4736 1789
4735 1137
4734 1953
4733 47
4732 981
4731 1488
4730 1488
4729 1674
4728 1674
4727 766
4726 1974
4725 2074
4724 766
4723 1802
4722 997
4721 2074
4720 1137
4719 2440
4718 1488
4717 47
4716 2000
4715 115
4714 2307
4713 47
4712 1674
4711 1953
4710 2307
4709 1296
4708 2201
4707 1802
4706 1335
4705 1974
4704 2307
4703 834
4702 698
4701 2015
4700 2015
4699 2307
4698 1759
4697 1674
4696 892
4695 2455
4694 606
4693 771
4692 834
4691 115
4690 997
4689 1488
4688 771
4687 1137
4686 2440
4685 2455
4684 834
4683 1137
4682 1759
4681 1129
4680 1953
4679 1129
4678 1674
4677 997
4676 834
4675 115
4674 606
4673 1488
4672 1581
4671 2015
4670 892
4669 2421
4668 834
4667 1129
4666 2074
4665 1674
4664 698
4663 1129
4662 2015
4661 2015
4660 47
4659 115
4658 771
4657 1674
4656 2074
4655 1296
4654 1296
4653 1488
4652 1129
4651 1953
4650 698
4649 1759
4648 47
4647 997
4646 115
4645 609
4644 2074
4643 2307
4642 766
4641 2307
4640 2307
4639 698
4638 834
4637 2201
4636 2015
4635 1789
4634 1789
4633 115
4632 1488
4631 2378
4630 2421
4629 698
4628 2421
4627 1296
4626 1789
4625 2307
4624 1802
4623 2201
4622 47
4621 1488
4620 2378
4619 766
4618 1802
4617 2421
4616 892
4615 1953
4614 2455
4613 698
4612 2455
4611 698
4610 997
4609 2074
4608 997
4607 2440
4606 997
4605 2455
4604 1974
4603 115
4602 1953
4601 1765
4600 834
4599 892
4598 1488
4597 834
4596 1674
4595 1953
4594 997
4593 834
4592 1974
4591 2455
4590 2421
4589 2440
4588 1335
4587 2440
4586 834
4585 17
4584 1129
4583 115
4582 1137
4581 892
4580 1974
4579 1674
4578 1789
4577 47
4576 2307
4575 2421
4574 2307
4573 2015
4572 771
4571 698
4570 2307
4569 1974
4568 2015
4567 834
4566 2074
4565 997
4564 2015
4563 606
4562 2455
4561 1674
4560 771
4559 2074
4558 2440
4557 892
4556 1953
4555 1802
4554 2440
4553 2440
4552 1129
4551 1137
4550 766
4549 834
4548 1953
4547 766
4546 1335
4545 1759
4544 115
4543 2201
4542 2378
4541 2440
4540 2378
4539 766
4538 1137
4537 47
4536 997
4535 2015
4534 47
4533 771
4532 834
4531 1296
4530 2440
4529 17
4528 892
4527 2307
4526 2378
4525 766
4524 2074
4523 834
4522 47
4521 1674
4520 2440
4519 1542
4518 766
4517 1129
4516 2307
4515 698
4514 2421
4513 981
4512 115
4511 1129
4510 606
4509 766
4508 2455
4507 981
4506 2307
4505 2455
4504 2307
4503 892
4502 2000
4501 1137
4500 834
4499 1335
4498 771
4497 2074
4496 2074
4495 771
4494 2307
4493 1674
4492 1974
4491 834
4490 1974
4489 1542
4488 1765
4487 2455
4486 1581
4485 1789
4484 1765
4483 1674
4482 834
4481 2378
4480 834
4479 834
4478 1137
4477 17
4476 1953
4475 1765
4474 2378
4473 2201
4472 115
4471 698
4470 834
4469 2307
4468 997
4467 1953
4466 2455
4465 1953
4464 2440
4463 2015
4462 698
4461 892
4460 2201
4459 1974
4458 2000
4457 115
4456 766
4455 1674
4454 1674
4453 47
4452 2074
4451 2080
4450 892
4449 1488
4448 2307
4447 1129
4446 1129
4445 2015
4444 47
4443 1488
4442 2015
4441 606
4440 1674
4439 1488
4438 1129
4437 1296
4436 1674
4435 997
4434 1802
4433 2074
4432 2080
4431 1296
4430 1129
4429 1581
4428 47
4427 2201
4426 17
4425 1802
4424 2201
4423 1974
4422 698
4421 2307
4420 834
4419 1974
4418 981
4417 17
4416 834
4415 1953
4414 2201
4413 1296
4412 766
4411 1674
4410 2074
4409 1137
4408 2307
4407 2015
4406 2307
4405 1759
4404 766
4403 1137
4402 2307
4401 1335
4400 1129
4399 1296
4398 2307
4397 2201
4396 1137
4395 1542
4394 1802
4393 2074
4392 698
4391 1674
4390 2201
4389 2307
4388 2201
4387 17
4386 2015
4385 2455
4384 766
4383 1129
4382 2455
4381 115
4380 1789
4379 981
4378 2455
4377 2074
4376 1953
4375 1581
4374 115
4373 771
4372 892
4371 2378
4370 47
4369 771
4368 1953
4367 47
4366 1974
4365 892
4364 2307
4363 2307
4362 1137
4361 115
4360 1296
4359 1129
4358 1802
4357 698
4356 2307
4355 1581
4354 2201
4353 1789
4352 1137
4351 2440
4350 997
4349 698
4348 771
4347 698
4346 606
4345 1974
4344 2307
4343 997
4342 1674
4341 892
4340 1789
4339 2074
4338 115
4337 2201
4336 2307
4335 1759
4334 2378
4333 1759
4332 2201
4331 2440
4330 1765
4329 609
4328 1488
4327 609
4326 2074
4325 2307
4324 2455
4323 2455
4322 834
4321 1953
4320 1137
4319 1765
4318 609
4317 1488
4316 2378
4315 1674
4314 892
4313 1581
4312 834
4311 1974
4310 1674
4309 771
4308 1953
4307 2201
4306 1974
4305 2000
4304 115
4303 2421
4302 2421
4301 17
4300 1974
4299 766
4298 606
4297 17
4296 892
4295 47
4294 606
4293 981
4292 834
4291 1953
4290 1674
4289 834
4288 766
4287 766
4286 698
4285 17
4284 1974
4283 1802
4282 766
4281 834
4280 1802
4279 997
4278 2201
4277 698
4276 1296
4275 698
4274 2378
4273 1953
4272 2440
4271 1296
4270 2201
4269 1542
4268 115
4267 698
4266 1674
4265 2455
4264 2455
4263 698
4262 766
4261 17
4260 1953
4259 115
4258 2015
4257 1953
4256 1296
4255 1129
4254 766
4253 892
4252 2455
4251 834
4250 2201
4249 766
4248 1674
4247 2015
4246 698
4245 1581
4244 2421
4243 1953
4242 1974
4241 766
4240 1137
4239 17
4238 2201
4237 2015
4236 981
4235 1765
4234 2455
4233 997
4232 1953
4231 892
4230 1802
4229 1802
4228 766
4227 1953
4226 1296
4225 47
4224 2000
4223 1129
4222 698
4221 17
4220 1335
4219 997
4218 2307
4217 1488
4216 834
4215 834
4214 47
4213 2015
4212 997
4211 606
4210 997
4209 1137
4208 981
4207 834
4206 1488
4205 2455
4204 47
4203 997
4202 698
4201 2440
4200 2201
4199 2201
4198 609
4197 606
4196 834
4195 834
4194 2378
4193 1296
4192 766
4191 47
4190 115
4189 1542
4188 2307
4187 2074
4186 115
4185 698
4184 609
4183 771
4182 47
4181 2421
4180 892
4179 1137
4178 115
4177 981
4176 1974
4175 1789
4174 2307
4173 2421
4172 1581
4171 1129
4170 2201
4169 1802
4168 997
4167 698
4166 1974
4165 1129
4164 2455
4163 2307
4162 2307
4161 1759
4160 1137
4159 1335
4158 771
4157 1953
4156 17
4155 771
4154 834
4153 1542
4152 2440
4151 2000
4150 1953
4149 2201
4148 766
4147 834
4146 1137
4145 2307
4144 698
4143 2307
4142 766
4141 892
4140 1789
4139 2455
4138 698
4137 17
4136 2074
4135 1974
4134 1953
4133 2015
4132 2307
4131 1789
4130 1674
4129 1953
4128 2074
4127 1802
4126 766
4125 1488
4124 1581
4123 1674
4122 1953
4121 1129
4120 892
4119 1974
4118 834
4117 2080
4116 2440
4115 1789
4114 1581
4113 1789
4112 1802
4111 1335
4110 1953
4109 2080
4108 766
4107 2440
4106 698
4105 997
4104 47
4103 1674
4102 2440
4101 1953
4100 892
4099 609
4098 2455
4097 115
4096 2378
4095 771
4094 47
4093 766
4092 2015
4091 766
4090 981
4089 892
4088 892
4087 766
4086 2000
4085 1974
4084 1129
4083 997
4082 1802
4081 766
4080 1296
4079 698
4078 1953
4077 2074
4076 1953
4075 47
4074 1765
4073 771
4072 115
4071 1953
4070 2201
4069 2015
4068 1129
4067 1581
4066 47
4065 1953
4064 834
4063 2201
4062 981
4061 834
4060 2307
4059 698
4058 2378
4057 17
4056 2201
4055 698
4054 1129
4053 766
4052 2440
4051 834
4050 1581
4049 47
4048 1953
4047 1296
4046 2440
4045 2440
4044 115
4043 771
4042 1953
4041 766
4040 1581
4039 2015
4038 834
4037 2015
4036 2455
4035 1296
4034 1789
4033 698
4032 2378
4031 1953
4030 2440
4029 834
4028 1674
4027 1789
4026 2074
4025 1974
4024 1674
4023 834
4022 834
4021 1129
4020 2378
4019 1789
4018 1974
4017 766
4016 2080
4015 997
4014 2440
4013 834
4012 698
4011 892
4010 47
4009 1953
4008 698
4007 2201
4006 1137
4005 2307
4004 47
4003 892
4002 698
4001 1129
4000 2421
3999 834
3998 997
3997 1974
3996 997
3995 115
3994 981
3993 2080
3992 1974
3991 17
3990 1974
3989 1674
3988 771
3987 2421
3986 771
3985 2455
3984 2378
3983 1674
3982 766
3981 1802
3980 2307
3979 698
3978 698
3977 2307
3976 1129
3975 1759
3974 1953
3973 47
3972 834
3971 892
3970 1581
3969 115
3968 2378
3967 1296
3966 1137
3965 1542
3964 1296
3963 771
3962 698
3961 1488
3960 1953
3959 892
3958 2015
3957 1129
3956 1802
3955 17
3954 981
3953 1974
3952 1953
3951 1759
3950 1296
3949 606
3948 2378
3947 47
3946 47
3945 2074
3944 981
3943 2440
3942 2421
3941 1674
3940 771
3939 606
3938 892
3937 1974
3936 2307
3935 2000
3934 834
3933 771
3932 766
3931 1953
3930 1488
3929 834
3928 698
3927 1488
3926 115
3925 892
3924 766
3923 1542
3922 698
3921 115
3920 1789
3919 1488
3918 2421
3917 2074
3916 1488
3915 1581
3914 1581
3913 1488
3912 2015
3911 1789
3910 997
3909 997
3908 2440
3907 2307
3906 766
3905 834
3904 2201
3903 17
3902 997
3901 1789
3900 1765
3899 17
3898 2080
3897 2074
3896 606
3895 1488
3894 47
3893 1488
3892 2074
3891 2378
3890 2307
3889 2307
3888 1789
3887 1674
3886 1488
3885 2074
3884 1802
3883 1974
3882 698
3881 1765
3880 115
3879 2015
3878 1759
3877 1789
3876 2378
3875 1335
3874 834
3873 2015
3872 2307
3871 2015
3870 997
3869 1137
3868 834
3867 2015
3866 1974
3865 115
3864 1488
3863 2307
3862 997
3861 2015
3860 981
3859 834
3858 2440
3857 1129
3856 609
3855 766
3854 1974
3853 1674
3852 698
3851 1765
3850 1953
3849 981
3848 2201
3847 698
3846 1765
3845 17
3844 2015
3843 892
3842 1129
3841 698
3840 2015
3839 766
3838 2307
3837 2455
3836 47
3835 2455
3834 1674
3833 771
3832 1335
3831 981
3830 2440
3829 2307
3828 2440
3827 1335
3826 47
3825 1759
3824 17
3823 115
3822 834
3821 115
3820 2455
3819 1335
3818 1789
3817 981
3816 2201
3815 2074
3814 766
3813 1335
3812 981
3811 892
3810 2201
3809 2307
3808 2000
3807 2440
3806 1953
3805 115
3804 698
3803 997
3802 766
3801 606
3800 1765
3799 1581
3798 2307
3797 2421
3796 698
3795 1488
3794 47
3793 698
3792 1953
3791 606
3790 1953
3789 1137
3788 1488
3787 2015
3786 1137
3785 834
3784 834
3783 47
3782 997
3781 1789
3780 609
3779 1974
3778 1296
3777 834
3776 2000
3775 1488
3774 1296
3773 1974
3772 1953
3771 1581
3770 698
3769 2455
3768 1802
3767 47
3766 2000
3765 1129
3764 1802
3763 2201
3762 771
3761 115
3760 834
3759 1802
3758 1542
3757 1789
3756 1789
3755 766
3754 606
3753 1296
3752 1581
3751 1953
3750 1137
3749 834
3748 892
3747 2421
3746 47
3745 1953
3744 1765
3743 698
3742 1137
3741 698
3740 1542
3739 834
3738 1129
3737 698
3736 1488
3735 2201
3734 771
3733 1789
3732 1789
3731 771
3730 2074
3729 1765
3728 2015
3727 2421
3726 2307
3725 1674
3724 1974
3723 2440
3722 2015
3721 1802
3720 2421
3719 2440
3718 2307
3717 834
3716 771
3715 766
3714 1802
3713 1765
3712 2015
3711 1137
3710 2015
3709 1953
3708 47
3707 47
3706 2455
3705 997
3704 2074
3703 771
3702 1953
3701 2455
3700 1129
3699 1581
3698 2378
3697 1581
3696 2455
3695 115
3694 2201
3693 17
3692 2455
3691 2201
3690 1674
3689 17
3688 606
3687 1674
3686 2201
3685 1488
3684 766
3683 2201
3682 2307
3681 2074
3680 1137
3679 609
3678 47
3677 766
3676 1974
3675 2074
3674 2455
3673 1765
3672 1581
3671 2440
3670 1802
3669 2307
3668 2421
3667 1129
3666 834
3665 1953
3664 834
3663 1335
3662 766
3661 1974
3660 1129
3659 47
3658 892
3657 2201
3656 1953
3655 606
3654 698
3653 2307
3652 766
3651 2080
3650 2378
3649 1974
3648 2307
3647 47
3646 2440
3645 766
3644 2307
3643 1129
3642 1129
3641 1953
3640 2378
3639 1296
3638 1765
3637 698
3636 771
3635 1296
3634 1674
3633 1674
3632 115
3631 1802
3630 1137
3629 17
3628 2440
3627 2074
3626 115
3625 892
3624 2440
3623 997
3622 1759
3621 2074
3620 771
3619 2080
3618 1129
3617 1765
3616 834
3615 1129
3614 766
3613 2455
3612 981
3611 2000
3610 981
3609 698
3608 2440
3607 834
3606 1765
3605 609
3604 2440
3603 1974
3602 2378
3601 2074
3600 698
3599 1974
3598 834
3597 47
3596 1674
3595 2421
3594 1137
3593 2421
3592 2307
3591 1129
3590 606
3589 698
3588 1488
3587 892
3586 1974
3585 1674
3584 1765
3583 1953
3582 2307
3581 1802
3580 766
3579 2307
3578 1335
3577 1953
3576 834
3575 609
3574 981
3573 609
3572 47
3571 1296
3570 698
3569 115
3568 2455
3567 1789
3566 1335
3565 2455
3564 2440
3563 997
3562 2201
3561 1953
3560 1335
3559 115
3558 47
3557 2015
3556 771
3555 834
3554 698
3553 892
3552 698
3551 609
3550 2421
3549 1542
3548 606
3547 2074
3546 771
3545 766
3544 47
3543 766
3542 606
3541 997
3540 1581
3539 1953
3538 2378
3537 771
3536 1581
3535 1137
3534 2074
3533 2455
3532 47
3531 766
3530 2201
3529 47
3528 2455
3527 1974
3526 606
3525 47
3524 892
3523 1581
3522 2307
3521 766
3520 1953
3519 2201
3518 1953
3517 2421
3516 115
3515 771
3514 698
3513 1129
3512 892
3511 698
3510 892
3509 47
3508 1759
3507 1137
3506 2074
3505 766
3504 2074
3503 47
3502 892
3501 1953
3500 2074
3499 2074
3498 1953
3497 47
3496 1802
3495 2378
3494 1674
3493 1129
3492 1488
3491 1488
3490 2074
3489 1953
3488 892
3487 2201
3486 766
3485 1581
3484 2421
3483 2307
3482 2307
3481 1488
3480 115
3479 1953
3478 2201
3477 1137
3476 2421
3475 2421
3474 1802
3473 1789
3472 771
3471 1488
3470 1488
3469 1581
3468 115
3467 1488
3466 1953
3465 1759
3464 892
3463 2307
3462 1759
3461 834
3460 1802
3459 981
3458 115
3457 2455
3456 115
3455 1674
3454 1765
3453 698
3452 1674
3451 834
3450 2201
3449 698
3448 1137
3447 1953
3446 2440
3445 47
3444 1488
3443 1974
3442 1296
3441 1802
3440 115
3439 834
3438 1759
3437 1488
3436 1802
3435 2440
3434 1802
3433 2455
3432 1759
3431 1974
3430 1674
3429 2307
3428 17
3427 2074
3426 2421
3425 1296
3424 2201
3423 1674
3422 1129
3421 115
3420 115
3419 981
3418 2015
3417 1488
3416 2015
3415 115
3414 766
3413 2378
3412 1674
3411 1953
3410 766
3409 2421
3408 115
3407 698
3406 2455
3405 766
3404 698
3403 2440
3402 698
3401 892
3400 47
3399 1296
3398 2307
3397 1802
3396 1581
3395 1129
3394 1759
3393 1974
3392 1296
3391 766
3390 115
3389 2378
3388 997
3387 1974
3386 1759
3385 2015
3384 2201
3383 2074
3382 1953
3381 1296
3380 1802
3379 2307
3378 17
3377 997
3376 609
3375 2074
3374 1953
3373 1765
3372 1789
3371 1674
3370 2440
3369 1789
3368 1674
3367 997
3366 892
3365 1674
3364 766
3363 766
3362 997
3361 766
3360 766
3359 1953
3358 766
3357 47
3356 997
3355 2201
3354 1129
3353 2307
3352 1296
3351 2421
3350 1335
3349 115
3348 1759
3347 1974
3346 766
3345 2307
3344 1129
3343 2455
3342 834
3341 115
3340 1974
3339 2201
3338 892
3337 1296
3336 834
3335 1802
3334 698
3333 2307
3332 1802
3331 766
3330 834
3329 2440
3328 1759
3327 115
3326 698
3325 1488
3324 771
3323 1488
3322 47
3321 2201
3320 609
3319 1296
3318 17
3317 2201
3316 2080
3315 766
3314 1335
3313 609
3312 2440
3311 1759
3310 1488
3309 2378
3308 2201
3307 766
3306 2307
3305 2421
3304 1137
3303 2421
3302 2440
3301 2378
3300 834
3299 981
3298 47
3297 698
3296 1137
3295 1488
3294 771
3293 1759
3292 766
3291 2201
3290 1789
3289 1674
3288 1674
3287 2307
3286 1674
3285 47
3284 115
3283 47
3282 997
3281 1953
3280 2074
3279 115
3278 698
3277 115
3276 1953
3275 698
3274 2440
3273 698
3272 1953
3271 834
3270 47
3269 1953
3268 1953
3267 2074
3266 2015
3265 1129
3264 1129
3263 892
3262 1974
3261 2201
3260 1137
3259 892
3258 1974
3257 1765
3256 1137
3255 766
3254 2074
3253 1674
3252 2000
3251 115
3250 1802
3249 1953
3248 771
3247 892
3246 2201
3245 1759
3244 1674
3243 2307
3242 834
3241 771
3240 2201
3239 834
3238 115
3237 2421
3236 771
3235 2421
3234 1802
3233 1759
3232 47
3231 2201
3230 47
3229 47
3228 698
3227 1542
3226 1129
3225 2201
3224 771
3223 2455
3222 997
3221 834
3220 1953
3219 1953
3218 1953
3217 834
3216 1974
3215 609
3214 2455
3213 771
3212 771
3211 2307
3210 766
3209 2074
3208 1137
3207 2080
3206 1581
3205 1953
3204 2421
3203 115
3202 766
3201 834
3200 2455
3199 2080
3198 2307
3197 2201
3196 47
3195 997
3194 1335
3193 766
3192 2074
3191 2421
3190 2074
3189 2307
3188 1674
3187 1137
3186 2421
3185 771
3184 771
3183 17
3182 1296
3181 1974
3180 892
3179 834
3178 2015
3177 997
3176 2307
3175 1674
3174 2015
3173 698
3172 115
3171 1488
3170 2201
3169 1137
3168 698
3167 698
3166 2074
3165 1335
3164 1129
3163 892
3162 47
3161 834
3160 2074
3159 1129
3158 606
3157 1542
3156 1674
3155 115
3154 892
3153 1953
3152 766
3151 1789
3150 771
3149 609
3148 1802
3147 2201
3146 2015
3145 1335
3144 1974
3143 771
3142 2378
3141 1953
3140 2074
3139 834
3138 2074
3137 892
3136 2015
3135 2440
3134 1974
3133 1953
3132 1953
3131 766
3130 115
3129 1581
3128 606
3127 1488
3126 1953
3125 2455
3124 17
3123 1953
3122 892
3121 2378
3120 2074
3119 1759
3118 1137
3117 1802
3116 2378
3115 2455
3114 1296
3113 771
3112 2015
3111 1759
3110 1129
3109 698
3108 997
3107 1137
3106 892
3105 2307
3104 766
3103 1296
3102 766
3101 1129
3100 997
3099 47
3098 2378
3097 1953
3096 1789
3095 1953
3094 2307
3093 2201
3092 1974
3091 834
3090 834
3089 766
3088 2307
3087 1974
3086 2015
3085 1974
3084 834
3083 1953
3082 2307
3081 997
3080 47
3079 2421
3078 2201
3077 1129
3076 2080
3075 2074
3074 1296
3073 1581
3072 981
3071 2455
3070 2440
3069 609
3068 1488
3067 1953
3066 2307
3065 771
3064 2015
3063 1953
3062 834
3061 1802
3060 2307
3059 2378
3058 1488
3057 2307
3056 47
3055 766
3054 2307
3053 47
3052 1789
3051 2421
3050 892
3049 997
3048 1789
3047 2421
3046 1974
3045 609
3044 2440
3043 1953
3042 1581
3041 766
3040 1953
3039 834
3038 698
3037 47
3036 606
3035 2440
3034 2201
3033 2201
3032 47
3031 698
3030 609
3029 17
3028 766
3027 766
3026 834
3025 115
3024 1335
3023 47
3022 698
3021 1953
3020 2015
3019 47
3018 47
3017 1802
3016 834
3015 892
3014 2421
3013 2307
3012 2307
3011 1974
3010 834
3009 2201
3008 1953
3007 2378
3006 1129
3005 2307
3004 834
3003 2378
3002 2455
3001 1581
3000 766
2999 766
2998 1953
2997 2307
2996 47
2995 1802
2994 698
2993 1488
2992 1581
2991 892
2990 1129
2989 1953
2988 2421
2987 1137
2986 1335
2985 115
2984 1974
2983 1802
2982 2455
2981 771
2980 1488
2979 609
2978 892
2977 2074
2976 2378
2975 981
2974 1953
2973 2015
2972 47
2971 2421
2970 1974
2969 1974
2968 2201
2967 892
2966 1674
2965 2455
2964 1137
2963 2000
2962 115
2961 115
2960 1399
2959 771
2958 1488
2957 1674
2956 2307
2955 17
2954 2378
2953 115
2952 606
2951 1802
2950 997
2949 1488
2948 606
2947 1335
2946 2074
2945 892
2944 2378
2943 1581
2942 1542
2941 1296
2940 1953
2939 834
2938 115
2937 2378
2936 1129
2935 1974
2934 1137
2933 1488
2932 997
2931 2307
2930 1953
2929 997
2928 2201
2927 997
2926 1335
2925 997
2924 2440
2923 2015
2922 1137
2921 2015
2920 892
2919 1974
2918 1488
2917 2307
2916 1789
2915 2378
2914 1129
2913 766
2912 1581
2911 2074
2910 1953
2909 997
2908 2440
2907 771
2906 1953
2905 17
2904 1674
2903 2015
2902 766
2901 834
2900 1581
2899 2000
2898 1137
2897 2421
2896 834
2895 1296
2894 834
2893 1137
2892 2421
2891 2074
2890 1129
2889 1974
2888 766
2887 1974
2886 698
2885 834
2884 997
2883 606
2882 698
2881 698
2880 2201
2879 997
2878 1488
2877 1674
2876 1129
2875 2440
2874 47
2873 1759
2872 1802
2871 2421
2870 2074
2869 834
2868 2015
2867 2378
2866 834
2865 1129
2864 2015
2863 1802
2862 1335
2861 609
2860 1953
2859 2440
2858 2015
2857 2015
2856 698
2855 1765
2854 2307
2853 1802
2852 47
2851 766
2850 1953
2849 1137
2848 2378
2847 47
2846 1802
2845 2307
2844 47
2843 1488
2842 834
2841 981
2840 1129
2839 609
2838 1953
2837 1974
2836 1335
2835 698
2834 1296
2833 834
2832 1137
2831 115
2830 2307
2829 2074
2828 834
2827 1581
2826 2201
2825 2455
2824 834
2823 17
2822 2440
2821 834
2820 892
2819 1802
2818 47
2817 2074
2816 2000
2815 47
2814 2015
2813 1137
2812 1974
2811 1335
2810 115
2809 1296
2808 698
2807 47
2806 115
2805 2455
2804 1765
2803 2201
2802 1488
2801 1674
2800 2307
2799 1953
2798 981
2797 2015
2796 2074
2795 1765
2794 1765
2793 892
2792 1542
2791 766
2790 2080
2789 1137
2788 1765
2787 2378
2786 47
2785 1674
2784 115
2783 2378
2782 771
2781 1137
2780 2440
2779 2201
2778 1759
2777 47
2776 834
2775 1765
2774 1802
2773 115
2772 1953
2771 2080
2770 2455
2769 1789
2768 2015
2767 1129
2766 609
2765 2000
2764 766
2763 1129
2762 2421
2761 1802
2760 2307
2759 1581
2758 1974
2757 1137
2756 892
2755 771
2754 47
2753 2015
2752 1974
2751 1974
2750 2015
2749 1581
2748 1974
2747 2307
2746 2307
2745 2378
2744 766
2743 1674
2742 834
2741 606
2740 834
2739 2307
2738 1789
2737 1953
2736 834
2735 2015
2734 771
2733 1488
2732 2074
2731 997
2730 834
2729 2201
2728 1802
2727 2421
2726 1789
2725 1974
2724 47
2723 2015
2722 771
2721 609
2720 606
2719 997
2718 981
2717 606
2716 2201
2715 1137
2714 1953
2713 1674
2712 2307
2711 2421
2710 1974
2709 1674
2708 771
2707 115
2706 1974
2705 47
2704 2440
2703 2201
2702 997
2701 766
2700 2440
2699 1488
2698 1953
2697 766
2696 2074
2695 2378
2694 766
2693 2080
2692 766
2691 2440
2690 834
2689 1137
2688 1296
2687 766
2686 1129
2685 892
2684 834
2683 1129
2682 981
2681 2421
2680 2080
2679 115
2678 1674
2677 834
2676 2201
2675 2307
2674 2307
2673 2015
2672 2378
2671 2378
2670 1953
2669 698
2668 1674
2667 834
2666 2378
2665 1488
2664 2455
2663 1974
2662 2307
2661 1674
2660 1953
2659 1137
2658 1759
2657 997
2656 981
2655 1759
2654 766
2653 1953
2652 2307
2651 834
2650 698
2649 1953
2648 2378
2647 981
2646 766
2645 1129
2644 892
2643 2201
2642 834
2641 834
2640 1953
2639 1129
2638 2074
2637 1974
2636 1953
2635 1488
2634 698
2633 698
2632 1488
2631 2378
2630 2307
2629 981
2628 892
2627 47
2626 2201
2625 1488
2624 834
2623 1765
2622 2201
2621 2421
2620 1137
2619 1765
2618 115
2617 1581
2616 2421
2615 2455
2614 997
2613 1488
2612 115
2611 2080
2610 1974
2609 47
2608 1802
2607 2015
2606 834
2605 47
2604 1296
2603 1953
2602 2015
2601 1137
2600 2455
2599 1759
2598 1129
2597 1974
2596 2421
2595 1137
2594 1129
2593 1974
2592 1542
2591 2015
2590 1953
2589 997
2588 1137
2587 609
2586 2307
2585 698
2584 1129
2583 2421
2582 1674
2581 1674
2580 834
2579 115
2578 766
2577 1974
2576 2307
2575 1335
2574 2074
2573 2074
2572 1137
2571 1789
2570 1581
2569 1137
2568 2074
2567 1674
2566 2421
2565 2201
2564 892
2563 1674
2562 609
2561 2015
2560 1581
2559 115
2558 698
2557 115
2556 2440
2555 892
2554 997
2553 2307
2552 1129
2551 2015
2550 1953
2549 892
2548 892
2547 2440
2546 2074
2545 2307
2544 1296
2543 1137
2542 2378
2541 1335
2540 2307
2539 1759
2538 1765
2537 115
2536 115
2535 2455
2534 2201
2533 997
2532 606
2531 997
2530 17
2529 834
2528 834
2527 2455
2526 17
2525 834
2524 1488
2523 2378
2522 606
2521 834
2520 2201
2519 17
2518 1296
2517 2307
2516 2080
2515 1137
2514 47
2513 1296
2512 2201
2511 1802
2510 892
2509 17
2508 834
2507 892
2506 771
2505 698
2504 2421
2503 2455
2502 1674
2501 997
2500 834
2499 2803
2498 4699
2497 2698
2496 4197
2495 2803
2494 3223
2493 2685
2492 3444
2491 3444
2490 2803
2489 4197
2488 4209
2487 3468
2486 4800
2485 3849
2484 3444
2483 2698
2482 3444
2481 3595
2480 4197
2479 4606
2478 4561
2477 4606
2476 2803
2475 2698
2474 4127
2473 4585
2472 3223
2471 3444
2470 4988
2469 4606
2468 2809
2467 4699
2466 4127
2465 3113
2464 4339
2463 4606
2462 2803
2461 4699
2460 4339
2459 4699
2458 3468
2457 4606
2456 2803
2454 3595
2453 3444
2452 2803
2451 3223
2450 3444
2449 4197
2448 2803
2447 3113
2446 3207
2445 3444
2444 3595
2443 3223
2442 2698
2441 4561
2439 4699
2438 2803
2437 4209
2436 4197
2435 4699
2434 2698
2433 2803
2432 3444
2431 4699
2430 4585
2429 3849
2428 4197
2427 2698
2426 4339
2425 3444
2424 2803
2423 4606
2422 4606
2420 3595
2419 4197
2418 4197
2417 4988
2416 2698
2415 4699
2414 3595
2413 3113
2412 3223
2411 3878
2410 3444
2409 3468
2408 4197
2407 4197
2406 4699
2405 2698
2404 2698
2403 3223
2402 3113
2401 4606
2400 4606
2399 4323
2398 3444
2397 4988
2396 2698
2395 4339
2394 4197
2393 3444
2392 3113
2391 3223
2390 3595
2389 4323
2388 3113
2387 3849
2386 4699
2385 4606
2384 2698
2383 4339
2382 4699
2381 4988
2380 3468
2379 3595
2377 3444
2376 4988
2375 3207
2374 4699
2373 3468
2372 3595
2371 4339
2370 4339
2369 4606
2368 2803
2367 4596
2366 4585
2365 3595
2364 3595
2363 2803
2362 2698
2361 2809
2360 4339
2359 4127
2358 3444
2357 4585
2356 4127
2355 2698
2354 3444
2353 4339
2352 3444
2351 4339
2350 2803
2349 3468
2348 4197
2347 3249
2346 4585
2345 2685
2344 4127
2343 4596
2342 2803
2341 2685
2340 4699
2339 4339
2338 4339
2337 4585
2336 3223
2335 2698
2334 3113
2333 3595
2332 3849
2331 4606
2330 4561
2329 4699
2328 4561
2327 4585
2326 3207
2325 4585
2324 4339
2323 4127
2322 3595
2321 3595
2320 4988
2319 4561
2318 4699
2317 4197
2316 2803
2315 3468
2314 3444
2313 2698
2312 3849
2311 3444
2310 3595
2309 4699
2308 3595
2306 4585
2305 4699
2304 4988
2303 3595
2302 4209
2301 4585
2300 3849
2299 4988
2298 4699
2297 4606
2296 4209
2295 3223
2294 4127
2293 4339
2292 4339
2291 3113
2290 4585
2289 3595
2288 2698
2287 4699
2286 3223
2285 2803
2284 2803
2283 3223
2282 3223
2281 2803
2280 4561
2279 2803
2278 4988
2277 4585
2276 3207
2275 2698
2274 4197
2273 2698
2272 4561
2271 4339
2270 3223
2269 3444
2268 4585
2267 4323
2266 4988
2265 2803
2264 4606
2263 4699
2262 3207
2261 4127
2260 3468
2259 4585
2258 4988
2257 2698
2256 4561
2255 2698
2254 3444
2253 4561
2252 3444
2251 4585
2250 3444
2249 3849
2248 4585
2247 2803
2246 2698
2245 4988
2244 2803
2243 4197
2242 4201
2241 3223
2240 3444
2239 2698
2238 3444
2237 4699
2236 3468
2235 2803
2234 4606
2233 2803
2232 3595
2231 3595
2230 4209
2229 3223
2228 4988
2227 4561
2226 4209
2225 3444
2224 2698
2223 3849
2222 3113
2221 4339
2220 2803
2219 3249
2218 2803
2217 3113
2216 3468
2215 4197
2214 4585
2213 4339
2212 4197
2211 3595
2210 3444
2209 2803
2208 4197
2207 4323
2206 4585
2205 3444
2204 4127
2203 3223
2202 4209
2200 3878
2199 4127
2198 3223
2197 4988
2196 2698
2195 4197
2194 2803
2193 3468
2192 4606
2191 4585
2190 4197
2189 2698
2188 3468
2187 4209
2186 4197
2185 4339
2184 4197
2183 4209
2182 4585
2181 4585
2180 4585
2179 3878
2178 4988
2177 4197
2176 3207
2175 4127
2174 4339
2173 3444
2172 4699
2171 3444
2170 4585
2169 2698
2168 4748
2167 4884
2166 4699
2165 3849
2164 3468
2163 3444
2162 3878
2161 4201
2160 3223
2159 3113
2158 4585
2157 4561
2156 3878
2155 3595
2154 3878
2153 3207
2152 4585
2151 3595
2150 4339
2149 4339
2148 3223
2147 4339
2146 3849
2145 3444
2144 4748
2143 4339
2142 2803
2141 4606
2140 4585
2139 2803
2138 4699
2137 2803
2136 3849
2135 4197
2134 4585
2133 4585
2132 3444
2131 3223
2130 4339
2129 3468
2128 3595
2127 3468
2126 3878
2125 4585
2124 4323
2123 2698
2122 4197
2121 3468
2120 4127
2119 4197
2118 3444
2117 3207
2116 4988
2115 3207
2114 4585
2113 2803
2112 4127
2111 4606
2110 2698
2109 3223
2108 2803
2107 4127
2106 3444
2105 3444
2104 4339
2103 3444
2102 4606
2101 3249
2100 3223
2099 3468
2098 4561
2097 2698
2096 2698
2095 4985
2094 4699
2093 4606
2092 2697
2091 4339
2090 4606
2089 3595
2088 4561
2087 4127
2086 4699
2085 4988
2084 3223
2083 2803
2082 3849
2081 4197
2079 2697
2078 2803
2077 2775
2076 3849
2075 2803
2073 3223
2072 4699
2071 4197
2070 4339
2069 3249
2068 3595
2067 3223
2066 2698
2065 4197
2064 3444
2063 2685
2062 2803
2061 3444
2060 4606
2059 3223
2058 2803
2057 2698
2056 2685
2055 3223
2054 3113
2053 4596
2052 4988
2051 2698
2050 3595
2049 3878
2048 4988
2047 4339
2046 4699
2045 4197
2044 4988
2043 2803
2042 4699
2041 4339
2040 2685
2039 2698
2038 4585
2037 4339
2036 4561
2035 3849
2034 4606
2033 2698
2032 4127
2031 2698
2030 2685
2029 2803
2028 4699
2027 3444
2026 4699
2025 2803
2024 3878
2023 4339
2022 4606
2021 4209
2020 3595
2019 2698
2018 3595
2017 4197
2016 4197
2014 4985
2013 4699
2012 2803
2011 2803
2010 3468
2009 3849
2008 4699
2007 4561
2006 3223
2005 4197
2004 4606
2003 4699
2002 4606
2001 2698
1999 3595
1998 3113
1997 3595
1996 3223
1995 3444
1994 4606
1993 3223
1992 2698
1991 4127
1990 3444
1989 4127
1988 3113
1987 3444
1986 3468
1985 4988
1984 4197
1983 4699
1982 4197
1981 3468
1980 2698
1979 4699
1978 3878
1977 4585
1976 2803
1975 4606
1973 3468
1972 4988
1971 3595
1970 2803
1969 4339
1968 4699
1967 4699
1966 3595
1965 2803
1964 4339
1963 2809
1962 2698
1961 4699
1960 3223
1959 4561
1958 4606
1957 4209
1956 4561
1955 4585
1954 3468
1952 3849
1951 2803
1950 3595
1949 4197
1948 2775
1947 4197
1946 4699
1945 4127
1944 4585
1943 3468
1942 2698
1941 4585
1940 2803
1939 3595
1938 4585
1937 2803
1936 4561
1935 2809
1934 3595
1933 3444
1932 4699
1931 4606
1930 4988
1929 4197
1928 4585
1927 3595
1926 3595
1925 3223
1924 2803
1923 4561
1922 3113
1921 4339
1920 2803
1919 2803
1918 4606
1917 2698
1916 4585
1915 4339
1914 4127
1913 3249
1912 3249
1911 3595
1910 4585
1909 4606
1908 2809
1907 3223
1906 4699
1905 4699
1904 3595
1903 3468
1902 2803
1901 3468
1900 4197
1899 4339
1898 4209
1897 2803
1896 3113
1895 2685
1894 3595
1893 4985
1892 3878
1891 4127
1890 4197
1889 3878
1888 2803
1887 3444
1886 4339
1885 3595
1884 4127
1883 4596
1882 2803
1881 4339
1880 4561
1879 4127
1878 2803
1877 4339
1876 4339
1875 4585
1874 4339
1873 4985
1872 4988
1871 4197
1870 4127
1869 3223
1868 4197
1867 4585
1866 3849
1865 3849
1864 4561
1863 4699
1862 4339
1861 3207
1860 2685
1859 4127
1858 4585
1857 3444
1856 4699
1855 4988
1854 4209
1853 3249
1852 3207
1851 2809
1850 3595
1849 4585
1848 3223
1847 3113
1846 2803
1845 3849
1844 4585
1843 3849
1842 2803
1841 4339
1840 3595
1839 2809
1838 4561
1837 4127
1836 4699
1835 4606
1834 4127
1833 2803
1832 3444
1831 4606
1830 2775
1829 2809
1828 3849
1827 4988
1826 3113
1825 3113
1824 3113
1823 3595
1822 2803
1821 4339
1820 4323
1819 4585
1818 4699
1817 4209
1816 4606
1815 4585
1814 3113
1813 3223
1812 3223
1811 2685
1810 3849
1809 2803
1808 4339
1807 4985
1806 4585
1805 3113
1804 4197
1803 4561
1801 3223
1800 3223
1799 2803
1798 3595
1797 3595
1796 4988
1795 4699
1794 3595
1793 2803
1792 4127
1791 4197
1790 2803
1788 3444
1787 4606
1786 2803
1785 4748
1784 4606
1783 3207
1782 3223
1781 3849
1780 4606
1779 4606
1778 4323
1777 4699
1776 4197
1775 3113
1774 2697
1773 3595
1772 2685
1771 2698
1770 4127
1769 3595
1768 4606
1767 4699
1766 4699
1764 4699
1763 4197
1762 4699
1761 2698
1760 2803
1758 4339
1757 3207
1756 4585
1755 3878
1754 4209
1753 2803
1752 4197
1751 4339
1750 2803
1749 3223
1748 3207
1747 4197
1746 2698
1745 4197
1744 4197
1743 3468
1742 2698
1741 2698
1740 4699
1739 4197
1738 2803
1737 4699
1736 2697
1735 3223
1734 3595
1733 3849
1732 2803
1731 3207
1730 4127
1729 4339
1728 4561
1727 4606
1726 3595
1725 4585
1724 4988
1723 4985
1722 3849
1721 3595
1720 2809
1719 4606
1718 2685
1717 3595
1716 4339
1715 4197
1714 4699
1713 4606
1712 4209
1711 4339
1710 3444
1709 4748
1708 4339
1707 4339
1706 3595
1705 2803
1704 4606
1703 4339
1702 2698
1701 3878
1700 2697
1699 4339
1698 3595
1697 3207
1696 3595
1695 4988
1694 2803
1693 2698
1692 3223
1691 2685
1690 2803
1689 4585
1688 3595
1687 3444
1686 3444
1685 2809
1684 3207
1683 4209
1682 4561
1681 2803
1680 3207
1679 2803
1678 4606
1677 3595
1676 4606
1675 3444
1673 3444
1672 3849
1671 2803
1670 3595
1669 2685
1668 3444
1667 3444
1666 3468
1665 2685
1664 4197
1663 3223
1662 4127
1661 4606
1660 4339
1659 4561
1658 2698
1657 3444
1656 4606
1655 4585
1654 3113
1653 4127
1652 2803
1651 4561
1650 3468
1649 3595
1648 3223
1647 4197
1646 3207
1645 2803
1644 4561
1643 2803
1642 2803
1641 4699
1640 4127
1639 4606
1638 4197
1637 2803
1636 2685
1635 3468
1634 3595
1633 3595
1632 4699
1631 4606
1630 4585
1629 3113
1628 2803
1627 4585
1626 3444
1625 4606
1624 4561
1623 2803
1622 4127
1621 4197
1620 4197
1619 2803
1618 4339
1617 3249
1616 3468
1615 2697
1614 4561
1613 2803
1612 4699
1611 4585
1610 4606
1609 4699
1608 4561
1607 3849
1606 4585
1605 4209
1604 2803
1603 3223
1602 4748
1601 2775
1600 4606
1599 3444
1598 4561
1597 4339
1596 2803
1595 3849
1594 3444
1593 3223
1592 2803
1591 4127
1590 4561
1589 2809
1588 3113
1587 2698
1586 3595
1585 4699
1584 4748
1583 4606
1582 4699
1580 4127
1579 2698
1578 4339
1577 4339
1576 3223
1575 2698
1574 2698
1573 4561
1572 2685
1571 4988
1570 3595
1569 4748
1568 3468
1567 4127
1566 4988
1565 4606
1564 3468
1563 2685
1562 4988
1561 2698
1560 4561
1559 3444
1558 2698
1557 4585
1556 4197
1555 2803
1554 3113
1553 2803
1552 4606
1551 3223
1550 4606
1549 4606
1548 4985
1547 4606
1546 3207
1545 4606
1544 4585
1543 4606
1541 3207
1540 3849
1539 4606
1538 3444
1537 3223
1536 2685
1535 4988
1534 3595
1533 4585
1532 3595
1531 3207
1530 4585
1529 4585
1528 3849
1527 4585
1526 4197
1525 2698
1524 2698
1523 2803
1522 2698
1521 2698
1520 4585
1519 2803
1518 2803
1517 2803
1516 3595
1515 3595
1514 4339
1513 3444
1512 4585
1511 2698
1510 4127
1509 4748
1508 3113
1507 4699
1506 2775
1505 4606
1504 2803
1503 2698
1502 3444
1501 3223
1500 4585
1499 4585
1498 4606
1497 3595
1496 4201
1495 4988
1494 2809
1493 3444
1492 4197
1491 3849
1490 4197
1489 4988
1487 2698
1486 4197
1485 3223
1484 4988
1483 4606
1482 4699
1481 3878
1480 3595
1479 3878
1478 4127
1477 2698
1476 3223
1475 3223
1474 3909
1473 4585
1472 4127
1471 4561
1470 3468
1469 4606
1468 4699
1467 3595
1466 3595
1465 4985
1464 4209
1463 3595
1462 4585
1461 2803
1460 3113
1459 4127
1458 2698
1457 4585
1456 4606
1455 2685
1454 4585
1453 3595
1452 2698
1451 4323
1450 3223
1449 3444
1448 3223
1447 4699
1446 3595
1445 3849
1444 3113
1443 2803
1442 4339
1441 3223
1440 3207
1439 2698
1438 4585
1437 3444
1436 3849
1435 2803
1434 4606
1433 2803
1432 4606
1431 2803
1430 4699
1429 4127
1428 4197
1427 3595
1426 4606
1425 2803
1424 3849
1423 4585
1422 4988
1421 3223
1420 3113
1419 3595
1418 3468
1417 3223
1416 4127
1415 3223
1414 4339
1413 4323
1412 4585
1411 3878
1410 4606
1409 2803
1408 4127
1407 2698
1406 2803
1405 4606
1404 4699
1403 3223
1402 3223
1401 3444
1400 4606
1398 3223
1397 2803
1396 3468
1395 4606
1394 4585
1393 3444
1392 4585
1391 2803
1390 4606
1389 3113
1388 2803
1387 2698
1386 2803
1385 3878
1384 4748
1383 4699
1382 2698
1381 2698
1380 2803
1379 4585
1378 3223
1377 3878
1376 4988
1375 4606
1374 4606
1373 3113
1372 4209
1371 4606
1370 3595
1369 3849
1368 4339
1367 2698
1366 3878
1365 3595
1364 3595
1363 4585
1362 2698
1361 4127
1360 3849
1359 4699
1358 4561
1357 4197
1356 4699
1355 3223
1354 4197
1353 3595
1352 4209
1351 4585
1350 3444
1349 4985
1348 3595
1347 3223
1346 3849
1345 4606
1344 4585
1343 4606
1342 3444
1341 3595
1340 3878
1339 3595
1338 4585
1337 4699
1336 3849
1334 4127
1333 2803
1332 3223
1331 3595
1330 4127
1329 2698
1328 3113
1327 3223
1326 3113
1325 4561
1324 3444
1323 4197
1322 4988
1321 4561
1320 4127
1319 2803
1318 4197
1317 4585
1316 4197
1315 2698
1314 2803
1313 4339
1312 3249
1311 2698
1310 2698
1309 2803
1308 4606
1307 4585
1306 4561
1305 4699
1304 4585
1303 3595
1302 2697
1301 4197
1300 3223
1299 3444
1298 2803
1297 4748
1295 2698
1294 3595
1293 4339
1292 3595
1291 3113
1290 2698
1289 4606
1288 4748
1287 4127
1286 3878
1285 3849
1284 3849
1283 3113
1282 4606
1281 4197
1280 2803
1279 3521
1278 3444
1277 4197
1276 2685
1275 4127
1274 4585
1273 3444
1272 4561
1271 3223
1270 2698
1269 2698
1268 4606
1267 4197
1266 4699
1265 3223
1264 4339
1263 2803
1262 3113
1261 3444
1260 2698
1259 4606
1258 3468
1257 4127
1256 4748
1255 2685
1254 2803
1253 4699
1252 4585
1251 3223
1250 3207
1249 3849
1248 3223
1247 4209
1246 3878
1245 4606
1244 3223
1243 2698
1242 2803
1241 2697
1240 2698
1239 3113
1238 4699
1237 3223
1236 3444
1235 4585
1234 2685
1233 4339
1232 3595
1231 3207
1230 2803
1229 4606
1228 3849
1227 4699
1226 2685
1225 2685
1224 4127
1223 3595
1222 3595
1221 3595
1220 4988
1219 2698
1218 2685
1217 4561
1216 3113
1215 3468
1214 2803
1213 3223
1212 4699
1211 4699
1210 2803
1209 3223
1208 4699
1207 2803
1206 3223
1205 3468
1204 4699
1203 2685
1202 2698
1201 4718
1200 3878
1199 4585
1198 3849
1197 4339
1196 4988
1195 3223
1194 3595
1193 2803
1192 4585
1191 2803
1190 2698
1189 4606
1188 2803
1187 4339
1186 2803
1185 4561
1184 2698
1183 4585
1182 3444
1181 4606
1180 4606
1179 4561
1178 3444
1177 4606
1176 4585
1175 2698
1174 3444
1173 4699
1172 4585
1171 3849
1170 4209
1169 4197
1168 4699
1167 2698
1166 4127
1165 3595
1164 4988
1163 2803
1162 3849
1161 4606
1160 4800
1159 2698
1158 2803
1157 2685
1156 2698
1155 3849
1154 4339
1153 4339
1152 3113
1151 3207
1150 2775
1149 3223
1148 3113
1147 4699
1146 4127
1145 4988
1144 3595
1143 3595
1142 4561
1141 2803
1140 4561
1139 2685
1138 3223
1136 3521
1135 2698
1134 4699
1133 2685
1132 2803
1131 3113
1130 4339
1128 4585
1127 4699
1126 4339
1125 4339
1124 2809
1123 3595
1122 2803
1121 4985
1120 4561
1119 4606
1118 3113
1117 2685
1116 3207
1115 4585
1114 2698
1113 2698
1112 4585
1111 4339
1110 4197
1109 2685
1108 3849
1107 4127
1106 2698
1105 2698
1104 4585
1103 2698
1102 3595
1101 4585
1100 4748
1099 3207
1098 4585
1097 3595
1096 3595
1095 4606
1094 4985
1093 3223
1092 3444
1091 2803
1090 4699
1089 3468
1088 2698
1087 3595
1086 2809
1085 4209
1084 4197
1083 4988
1082 4699
1081 4561
1080 4699
1079 4606
1078 4988
1077 3595
1076 4197
1075 2698
1074 4585
1073 4699
1072 4606
1071 2803
1070 2698
1069 4699
1068 3595
1067 4339
1066 4339
1065 3113
1064 2803
1063 2685
1062 3849
1061 2698
1060 4699
1059 3595
1058 4339
1057 2803
1056 4606
1055 3207
1054 2803
1053 2698
1052 4585
1051 4197
1050 4606
1049 3878
1048 4988
1047 4585
1046 4699
1045 4127
1044 2803
1043 4606
1042 4197
1041 4988
1040 3878
1039 3595
1038 3444
1037 4699
1036 4699
1035 3444
1034 2803
1033 2803
1032 4585
1031 3878
1030 4561
1029 4699
1028 4339
1027 4585
1026 3249
1025 2685
1024 4585
1023 3207
1022 4197
1021 4606
1020 3444
1019 3113
1018 4585
1017 3849
1016 2698
1015 4197
1014 2698
1013 3595
1012 2803
1011 4606
1010 4197
1009 4699
1008 4585
1007 4197
1006 4585
1005 4339
1004 3444
1003 4606
1002 3223
1001 3444
1000 2698
999 3468
998 2698
996 4339
995 4988
994 4699
993 4988
992 4323
991 4699
990 4127
989 3849
988 2803
987 3468
986 4197
985 4197
984 3444
983 2803
982 3595
980 4197
979 3223
978 3878
977 3444
976 3849
975 3595
974 4197
973 3223
972 3878
971 3849
970 2697
969 4606
968 3223
967 2803
966 4585
965 3849
964 3444
963 4127
962 3468
961 4985
960 3249
959 4197
958 2685
957 3468
956 2803
955 2803
954 4197
953 4884
952 2803
951 2698
950 2698
949 4127
948 4606
947 4585
946 4988
945 2685
944 3595
943 4606
942 3444
941 3223
940 2698
939 4606
938 3595
937 3595
936 4339
935 3595
934 3249
933 4197
932 2803
931 2803
930 3113
929 2685
928 2698
927 2697
926 4699
925 3849
924 3878
923 3249
922 2698
921 4585
920 4985
919 4606
918 4606
917 3444
916 3595
915 4339
914 2803
913 4197
912 4339
911 3878
910 3595
909 4197
908 2685
907 3207
906 4606
905 3595
904 4339
903 2803
902 2698
901 2803
900 3223
899 4339
898 4606
897 3878
896 3849
895 3207
894 4606
893 4339
891 2775
890 4606
889 3444
888 4339
887 2803
886 3207
885 2775
884 2803
883 3223
882 4561
881 2698
880 4606
879 2698
878 3223
877 3595
876 4197
875 3444
874 2698
873 4585
872 4606
871 2803
870 3595
869 4561
868 4585
867 4585
866 2698
865 4561
864 4197
863 2775
862 2803
861 4699
860 3595
859 3595
858 2685
857 4699
856 3595
855 4339
854 4699
853 3468
852 2698
851 4197
850 2803
849 4197
848 4339
847 4339
846 4197
845 4606
844 4988
843 4197
842 4339
841 3849
840 3878
839 3444
838 2698
837 4585
836 4699
835 3878
833 4606
832 2803
831 4127
830 3207
829 4127
828 4127
827 2803
826 3444
825 4339
824 4699
823 3849
822 4988
821 4339
820 4339
819 4197
818 4585
817 2698
816 4197
815 3595
814 3849
813 4884
812 2698
811 3878
810 3113
809 4127
808 2803
807 3223
806 4339
805 4209
804 4606
803 4197
802 4339
801 3223
800 2803
799 4197
798 4197
797 4561
796 3207
795 4606
794 3849
793 2803
792 3595
791 3207
790 4988
789 3595
788 2698
787 4561
786 2698
785 3113
784 2803
783 3444
782 2698
781 2698
780 3444
779 3468
778 3849
777 2803
776 2698
775 4197
774 4606
773 3223
772 3849
770 2803
769 2698
768 2698
767 4209
765 3849
764 2803
763 4585
762 4606
761 4127
760 2698
759 4699
758 4985
757 3444
756 4988
755 3849
754 2698
753 2803
752 4585
751 4585
750 3849
749 4596
748 3444
747 4585
746 4699
745 4699
744 2697
743 3595
742 3223
741 3595
740 4197
739 4988
738 4699
737 3113
736 2698
735 2697
734 3595
733 4585
732 4561
731 2803
730 4339
729 4127
728 3223
727 2803
726 2803
725 4988
724 4699
723 3113
722 4561
721 2685
720 2698
719 4197
718 4606
717 3444
716 4748
715 4127
714 2685
713 4339
712 4339
711 3444
710 4197
709 4197
708 4606
707 2803
706 2698
705 4585
704 3249
703 2803
702 4585
701 3595
700 3207
699 4339
697 4585
696 4197
695 4699
694 3878
693 3595
692 3207
691 2803
690 4585
689 4699
688 4606
687 4339
686 4339
685 4585
684 4606
683 2803
682 3223
681 2698
680 2803
679 4585
678 4339
677 2698
676 3595
675 3223
674 3595
673 3595
672 3223
671 4197
670 4585
669 4197
668 4561
667 4606
666 4988
665 2698
664 2803
663 4561
662 2775
661 2803
660 4699
659 3207
658 2698
657 4699
656 4606
655 4127
654 2803
653 4197
652 4209
651 2698
650 4596
649 4606
648 2803
647 2803
646 2803
645 4339
644 3595
643 4606
642 2803
641 4606
640 4585
639 4197
638 3468
637 4209
636 3595
635 2698
634 4699
633 3113
632 4209
631 3849
630 2685
629 4197
628 4606
627 3595
626 3595
625 3207
624 4988
623 4339
622 4699
621 2803
620 2685
619 4339
618 3444
617 4197
616 2775
615 4197
614 4585
613 3207
612 4339
611 4127
610 3595
608 4596
607 3849
605 2803
604 2685
603 3113
602 3113
601 2803
600 4197
599 3878
598 2698
597 2685
596 4127
595 3444
594 3468
593 4606
592 4561
591 2803
590 3444
589 3595
588 3468
587 3595
586 4699
585 4699
584 3444
583 2803
582 4585
581 4561
580 3444
579 3249
578 2698
577 2685
576 4127
575 4988
574 3113
573 2803
572 4585
571 2685
570 2698
569 2803
568 3444
567 4197
566 4339
565 3468
564 4988
563 4561
562 4339
561 2685
560 2685
559 2698
558 3878
557 4209
556 4127
555 4209
554 4561
553 4606
552 4197
551 3468
550 4561
549 3849
548 4585
547 3849
546 4606
545 2698
544 3444
543 3595
542 4585
541 3595
540 4339
539 4585
538 3113
537 3223
536 3223
535 3595
534 4606
533 3223
532 4800
531 3595
530 2809
529 3444
528 4585
527 3595
526 4585
525 4699
524 2809
523 3113
522 4699
521 3878
520 2809
519 3849
518 2698
517 2685
516 4699
515 3223
514 3595
513 4339
512 3595
511 3878
510 2698
509 4699
508 3595
507 2698
506 4699
505 4606
504 4197
503 4988
502 3223
501 4585
500 4699
499 3444
498 4699
497 4606
496 3223
495 2698
494 3207
493 2803
492 4988
491 2685
490 2809
489 3223
488 4606
487 4339
486 3207
485 3595
484 4561
483 4606
482 4585
481 2803
480 4209
479 4699
478 3468
477 3595
476 4201
475 3849
474 4585
473 4339
472 4988
471 3444
470 2803
469 2685
468 3878
467 4339
466 4339
465 2698
464 3444
463 3849
462 2803
461 3849
460 3444
459 3878
458 4197
457 2803
456 4561
455 4127
454 4339
453 3444
452 4197
451 4699
450 4585
449 2803
448 2698
447 3444
446 4585
445 2803
444 4988
443 3849
442 3113
441 4699
440 3849
439 2803
438 4339
437 2698
436 3444
435 3595
434 3444
433 3595
432 4699
431 4585
430 3595
429 4339
428 3849
427 4197
426 3444
425 3595
424 2803
423 3595
422 3849
421 3849
420 3223
419 3223
418 3595
417 3223
416 3223
415 3223
414 4339
413 4197
412 4127
411 3849
410 4127
409 2803
408 3444
407 3468
406 4339
405 3468
404 4699
403 3113
402 2803
401 3595
400 2803
399 3207
398 2698
397 4585
396 3595
395 3595
394 2803
393 3878
392 2803
391 4585
390 3849
389 4197
388 4323
387 3249
386 4561
385 2803
384 4606
383 2698
382 2698
381 2697
380 4561
379 3595
378 4606
377 4606
376 2803
375 4988
374 4197
373 4197
372 3468
371 3595
370 3444
369 4699
368 3595
367 4699
366 2803
365 3849
364 4988
363 2698
362 4699
361 4197
360 4606
359 3444
358 4339
357 4339
356 4699
355 4606
354 4197
353 3223
352 4699
351 4561
350 3468
349 3595
348 4606
347 3444
346 2698
345 4201
344 3878
343 3595
342 3223
341 4561
340 2803
339 2697
338 4606
337 4197
336 3468
335 3595
334 4209
333 3444
332 3223
331 2803
330 3113
329 3595
328 4197
327 2698
326 3113
325 2809
324 4339
323 3207
322 4606
321 4197
320 4699
319 3223
318 3878
317 4209
316 4606
315 4699
314 3113
313 3595
312 3878
311 4699
310 3595
309 4699
308 4561
307 4988
306 2698
305 4561
304 2698
303 4197
302 2685
301 4585
300 4699
299 2803
298 4197
297 4606
296 4127
295 4323
294 4606
293 4209
292 4197
291 4585
290 4197
289 3223
288 3595
287 4585
286 3468
285 2803
284 3468
283 4561
282 4699
281 4606
280 3849
279 2803
278 2685
277 2803
276 2803
275 4339
274 4585
273 4197
272 4127
271 2685
270 3595
269 4339
268 3595
267 4606
266 4339
265 3849
264 3444
263 2698
262 4699
261 3878
260 3878
259 4606
258 3444
257 3595
256 2698
255 4606
254 3223
253 2698
252 2803
251 2698
250 4339
249 4339
248 4339
247 2803
246 4209
245 3223
244 3595
243 3849
242 2698
241 4606
240 4699
239 4596
238 3113
237 2803
236 3595
235 3444
234 4699
233 3595
232 3849
231 3223
230 3595
229 3595
228 4606
227 4699
226 4606
225 2698
224 3849
223 3468
222 4699
221 4606
220 4606
219 2698
218 4339
217 2803
216 2803
215 4699
214 3878
213 2698
212 3595
211 3595
210 2803
209 2809
208 3444
207 2698
206 3595
205 3595
204 3207
203 2803
202 4585
201 2698
200 2803
199 4585
198 4197
197 2698
196 4585
195 2803
194 2803
193 4323
192 4596
191 3595
190 4127
189 4585
188 2698
187 2698
186 4201
185 2809
184 3444
183 4606
182 4197
181 2685
180 3595
179 3444
178 4323
177 4201
176 3444
175 2698
174 4606
173 3595
172 2685
171 2803
170 4201
169 3595
168 4988
167 4748
166 4197
165 2775
164 3849
163 4585
162 4585
161 4585
160 3444
159 4699
158 4197
157 3849
156 4585
155 4988
154 4606
153 4197
152 4127
151 3878
150 4699
149 3595
148 4585
147 4323
146 2803
145 3444
144 4323
143 3849
142 3113
141 3444
140 4561
139 4339
138 4339
137 4339
136 4988
135 2803
134 2803
133 4339
132 4699
131 4209
130 4585
129 4197
128 3595
127 4339
126 3223
125 3468
124 4606
123 4339
122 3113
121 3468
120 3468
119 3444
118 4197
117 3113
116 3113
114 3113
113 3468
112 4209
111 2803
110 3113
109 3878
108 4585
107 4606
106 2698
105 2698
104 3444
103 3113
102 4988
101 3595
100 4606
99 4197
98 4748
97 4699
96 3249
95 2685
94 4699
93 3444
92 2698
91 4339
90 4585
89 4561
88 4699
87 3595
86 3444
85 2803
84 4339
83 4585
82 3444
81 4699
80 4339
79 2803
78 2803
77 4988
76 4561
75 4606
74 3595
73 3468
72 3595
71 2803
70 4197
69 4699
68 4201
67 4699
66 4127
65 4127
64 4339
63 2698
62 4606
61 4585
60 2775
59 3444
58 4988
57 4699
56 2803
55 4988
54 3878
53 3468
52 4197
51 2803
50 4606
49 4606
48 4699
46 4339
45 3444
44 4699
43 3468
42 2685
41 3444
40 4606
39 4339
38 4699
37 4585
36 4209
35 3595
34 3595
33 2698
32 4561
31 4197
30 4606
29 2803
28 4197
27 3223
26 4988
25 2698
24 3444
23 4748
22 3595
21 3223
20 2803
19 4323
18 4699
16 2698
15 3849
14 3113
13 4699
12 4561
11 2803
10 4197
9 2698
8 4209
7 3595
6 4339
5 4699
4 3113
3 3595
2 4127
1 4699
0 4585
497717.045533780
