3533
0 3693
1 2580
2 4555
3 3303
4 3546
5 2800
6 3233
7 4190
8 4752
9 4515
10 3607
11 2920
12 2661
13 3345
14 3346
15 3948
16 4368
17 3629
18 4576
19 2852
20 4100
21 3185
22 3942
23 4686
24 4016
25 3792
26 3026
27 3674
28 3934
29 4278
30 2657
31 4523
32 4440
33 4804
34 2504
35 4882
36 2922
37 4728
38 3522
39 3209
40 4435
41 2699
42 3137
43 2557
44 2586
45 3795
46 2568
47 4367
48 3306
49 3049
50 4722
51 4121
52 2742
53 2536
54 3958
55 3090
56 4270
57 4413
58 4480
59 3966
60 4074
61 3024
62 3037
63 4012
64 2873
65 3006
66 4082
67 2540
68 4046
69 4174
70 3874
71 2968
72 3235
73 3559
74 3279
75 3023
76 2801
77 2606
78 4461
79 4332
80 3267
81 3399
82 2601
83 4261
84 4187
85 4414
86 2680
87 4489
88 4699
89 3253
90 4456
91 3730
92 4286
93 2635
94 4643
95 4854
96 3063
97 4842
98 4242
99 2883
100 4010
101 4646
102 3732
103 4881
104 4449
105 4286
106 4227
107 4690
108 3152
109 3293
110 4369
111 3234
112 4950
113 2557
114 3940
115 3456
116 4796
117 3202
118 4118
119 4328
120 4558
121 4097
122 3213
123 4128
124 4015
125 3390
126 4252
127 4263
128 3723
129 2908
130 3663
131 2964
132 3463
133 3601
134 4056
135 2626
136 3717
137 2696
138 4026
139 2505
140 4896
141 3775
142 3537
143 4981
144 4049
145 3107
146 2594
147 2514
148 2902
149 4190
150 2830
151 4661
152 4229
153 2894
154 4717
155 3785
156 4137
157 2648
158 4470
159 3890
160 3588
161 4057
162 3024
163 3629
164 4032
165 4475
166 3997
167 4272
168 3756
169 3227
170 4558
171 4667
172 4924
173 2858
174 2932
175 3269
176 4206
177 3403
178 4741
179 3208
180 2735
181 4885
182 4987
183 4906
184 3594
185 3733
186 4989
187 3654
188 3962
189 3813
190 4786
191 3416
192 4375
193 3018
194 4199
195 4054
196 4297
197 3268
198 2522
199 3819
200 3137
201 3583
202 4156
203 4973
204 2949
205 4197
206 2961
207 2910
208 2987
209 3048
210 2937
211 4201
212 2762
213 4738
214 3252
215 2830
216 4070
217 4354
218 3506
219 4071
220 4279
221 3900
222 4641
223 2612
224 4481
225 3860
226 3200
227 2652
228 4869
229 3728
230 3025
231 3080
232 3954
233 3797
234 3889
235 2733
236 4514
237 2990
238 3703
239 3371
240 3872
241 3659
242 4101
243 4620
244 3426
245 4932
246 4006
247 2967
248 3111
249 3427
250 3254
251 4548
252 3009
253 2660
254 2972
255 2807
256 4227
257 2679
258 3437
259 3910
260 4151
261 2899
262 3482
263 2808
264 4718
265 4418
266 3793
267 4453
268 2711
269 3140
270 4544
271 3259
272 4280
273 4216
274 3802
275 3432
276 3321
277 4742
278 4885
279 4809
280 2542
281 4233
282 3829
283 3634
284 4052
285 4936
286 3761
287 3505
288 4374
289 3833
290 4589
291 4221
292 4674
293 3680
294 3108
295 4648
296 3206
297 4874
298 3201
299 2716
300 2513
301 4539
302 3163
303 3896
304 2562
305 3286
306 4515
307 3161
308 3764
309 3211
310 4189
311 4005
312 4662
313 2504
314 3537
315 4485
316 4435
317 3750
318 4671
319 3406
320 2675
321 3087
322 3659
323 2693
324 3254
325 4975
326 4796
327 3008
328 4686
329 3720
330 3963
331 3478
332 4094
333 4759
334 4240
335 4855
336 4186
337 3461
338 4889
339 3307
340 2928
341 4429
342 4741
343 3727
344 3375
345 3628
346 2835
347 4582
348 2702
349 2985
350 3569
351 3042
352 3271
353 3433
354 3934
355 4906
356 2931
357 2870
358 3254
359 3295
360 3049
361 4532
362 4576
363 4872
364 4207
365 3994
366 2622
367 3012
368 4463
369 3442
370 4478
371 3468
372 4773
373 3271
374 4030
375 4175
376 3925
377 2589
378 3902
379 4201
380 4896
381 3414
382 4734
383 4106
384 3638
385 3034
386 3289
387 4415
388 4903
389 2597
390 4979
391 3834
392 2608
393 3233
394 4414
395 3550
396 3549
397 2957
398 4263
399 4763
400 4831
401 2961
402 3110
403 3210
404 4406
405 3458
406 3945
407 3807
408 2964
409 2990
410 4707
411 3142
412 3474
413 3779
414 3427
415 4737
416 4695
417 3071
418 2864
419 3533
420 4605
421 4274
422 3843
423 2868
424 4915
425 3727
426 4538
427 3854
428 2976
429 3328
430 4988
431 2646
432 3936
433 4052
434 4689
435 4190
436 2635
437 3269
438 4077
439 3618
440 3994
441 2517
442 2734
443 2672
444 3096
445 3849
446 3834
447 2898
448 3411
449 4829
450 3129
451 4276
452 3854
453 2680
454 4922
455 2570
456 3629
457 4446
458 4676
459 4237
460 4800
461 3501
462 2645
463 4418
464 4146
465 3641
466 3022
467 3675
468 3418
469 2944
470 2978
471 4352
472 3439
473 4609
474 4819
475 4615
476 4750
477 4770
478 3969
479 4005
480 4939
481 2936
482 4297
483 4536
484 3853
485 2773
486 3998
487 4393
488 3647
489 3731
490 4115
491 4231
492 4115
493 4859
494 3881
495 3215
496 3833
497 3037
498 2518
499 3927
500 3060
501 4727
502 4870
503 4597
504 3603
505 2719
506 3392
507 3449
508 2727
509 4145
510 2737
511 2765
512 3329
513 3825
514 3880
515 4139
516 3872
517 4924
518 2799
519 4620
520 4761
521 2768
522 2917
523 2913
524 3732
525 2712
526 3027
527 3484
528 4762
529 2595
530 2901
531 3878
532 4191
533 2965
534 3285
535 3303
536 4252
537 3241
538 2506
539 4041
540 3841
541 3235
542 2519
543 3517
544 4808
545 3273
546 2795
547 4327
548 4417
549 4645
550 4124
551 4912
552 3092
553 4826
554 4921
555 2569
556 3721
557 4752
558 2873
559 4802
560 4996
561 3142
562 2539
563 3690
564 3717
565 4186
566 4462
567 3934
568 4689
569 3464
570 3554
571 3748
572 3983
573 3521
574 4108
575 4703
576 3397
577 4540
578 3514
579 2930
580 3492
581 2678
582 2947
583 3265
584 3068
585 3639
586 2553
587 4457
588 4951
589 3517
590 2659
591 4825
592 2678
593 2815
594 3302
595 4759
596 3660
597 2745
598 4467
599 4445
600 4592
601 3488
602 3212
603 4968
604 4341
605 4141
606 3586
607 2648
608 4425
609 4732
610 4603
611 3434
612 4405
613 4125
614 3486
615 2970
616 3076
617 2690
618 4897
619 4433
620 2672
621 2594
622 4643
623 2891
624 4676
625 3800
626 3416
627 2892
628 4869
629 4242
630 3401
631 2672
632 3680
633 3360
634 3889
635 3931
636 4514
637 4160
638 4607
639 3801
640 4297
641 4722
642 4170
643 3900
644 4636
645 4496
646 3667
647 2645
648 4765
649 4565
650 3175
651 3008
652 2630
653 3403
654 2685
655 3700
656 3298
657 4988
658 4318
659 2680
660 2675
661 4876
662 3454
663 4266
664 4623
665 4110
666 4399
667 3229
668 2581
669 4607
670 4412
671 3999
672 3556
673 4374
674 2797
675 4487
676 4514
677 3850
678 3815
679 2687
680 2594
681 3411
682 4139
683 4765
684 4826
685 2926
686 4524
687 2732
688 4610
689 4276
690 4108
691 4170
692 3900
693 2762
694 3311
695 2854
696 2742
697 4041
698 3882
699 3878
700 4125
701 2953
702 4665
703 3321
704 2629
705 3899
706 2906
707 4001
708 2533
709 3953
710 3300
711 3379
712 2963
713 3878
714 3309
715 3436
716 4176
717 4209
718 4010
719 2717
720 4321
721 2915
722 4729
723 4309
724 3980
725 4019
726 3810
727 4942
728 3224
729 2853
730 3681
731 4973
732 4846
733 4142
734 3844
735 3307
736 2585
737 3212
738 2601
739 3756
740 3461
741 2727
742 3445
743 2961
744 3307
745 4578
746 3863
747 3652
748 3966
749 3175
750 4540
751 2811
752 3253
753 4067
754 4150
755 2648
756 4113
757 3507
758 4751
759 3054
760 4778
761 4375
762 3362
763 4983
764 3530
765 2629
766 2791
767 3798
768 4321
769 3860
770 3488
771 4968
772 3072
773 4466
774 4004
775 3586
776 2670
777 3015
778 4293
779 3172
780 3448
781 4185
782 4101
783 2635
784 4940
785 4796
786 3273
787 4355
788 4263
789 2857
790 2571
791 3491
792 4457
793 2803
794 4293
795 4565
796 2958
797 4028
798 4600
799 2883
800 2626
801 4693
802 4357
803 3134
804 4677
805 3798
806 4496
807 4954
808 2880
809 4707
810 4093
811 4069
812 3040
813 4414
814 2672
815 3710
816 2752
817 4198
818 2877
819 3949
820 4922
821 4852
822 2939
823 4631
824 3243
825 3394
826 3909
827 4827
828 4811
829 3884
830 3076
831 3436
832 3694
833 3357
834 4668
835 3252
836 3753
837 3041
838 3554
839 3223
840 4151
841 3605
842 3375
843 3801
844 3576
845 2879
846 4776
847 2658
848 2899
849 4638
850 3231
851 3604
852 4368
853 3415
854 4883
855 3209
856 2784
857 2601
858 4900
859 3416
860 4489
861 4814
862 4742
863 4799
864 3760
865 3396
866 3570
867 3693
868 3391
869 4355
870 2971
871 4011
872 4083
873 4779
874 2585
875 3916
876 2842
877 3440
878 4139
879 3153
880 4768
881 4002
882 4949
883 4605
884 4829
885 4536
886 3470
887 3843
888 2599
889 3492
890 3973
891 3454
892 4885
893 3951
894 3023
895 2790
896 3610
897 3935
898 4343
899 2574
900 4508
901 4070
902 3849
903 3384
904 4222
905 3626
906 3597
907 3454
908 3142
909 3087
910 4757
911 3787
912 4656
913 3239
914 4829
915 2778
916 4617
917 3058
918 3019
919 4805
920 3561
921 4931
922 4002
923 3063
924 3178
925 4540
926 4356
927 4771
928 4782
929 2564
930 3988
931 2549
932 4068
933 4753
934 4184
935 4189
936 3675
937 4092
938 4603
939 2614
940 2910
941 3071
942 4488
943 3998
944 3761
945 4371
946 4416
947 4585
948 3584
949 2943
950 3008
951 3665
952 3553
953 2793
954 4464
955 3234
956 2880
957 2961
958 2564
959 4580
960 4615
961 4055
962 3995
963 4434
964 3373
965 2631
966 4299
967 2936
968 2705
969 2609
970 3414
971 4274
972 4502
973 3833
974 4311
975 4535
976 2718
977 4488
978 2591
979 4695
980 4748
981 4732
982 4862
983 3308
984 2524
985 3461
986 3859
987 3044
988 2534
989 3605
990 2995
991 4398
992 3837
993 4634
994 4344
995 3999
996 4128
997 4210
998 2562
999 3456
1000 3123
1001 3893
1002 3125
1003 4733
1004 2680
1005 3254
1006 4156
1007 2948
1008 4261
1009 3463
1010 2610
1011 3223
1012 4742
1013 3720
1014 2860
1015 2969
1016 4048
1017 4293
1018 3802
1019 3963
1020 2843
1021 2932
1022 4580
1023 4475
1024 2851
1025 2783
1026 3320
1027 2902
1028 4161
1029 4626
1030 2960
1031 4502
1032 4455
1033 3691
1034 4427
1035 4818
1036 4276
1037 3306
1038 2987
1039 3238
1040 3375
1041 3052
1042 4061
1043 4233
1044 4965
1045 3332
1046 4145
1047 3129
1048 3096
1049 4458
1050 4233
1051 2691
1052 2902
1053 3067
1054 2639
1055 4763
1056 4066
1057 4021
1058 3402
1059 4963
1060 4226
1061 4257
1062 4979
1063 3259
1064 3110
1065 3307
1066 3897
1067 3825
1068 3237
1069 3669
1070 2808
1071 3154
1072 4890
1073 3726
1074 4436
1075 3751
1076 4306
1077 4575
1078 2571
1079 4890
1080 4626
1081 4949
1082 3114
1083 4340
1084 4118
1085 3789
1086 3877
1087 3476
1088 4602
1089 4583
1090 3889
1091 2819
1092 2623
1093 3229
1094 3109
1095 4677
1096 3740
1097 4039
1098 3486
1099 3651
1100 4911
1101 3802
1102 4669
1103 4368
1104 3566
1105 4202
1106 3577
1107 4283
1108 3459
1109 4821
1110 4553
1111 4452
1112 4727
1113 2989
1114 3268
1115 4142
1116 3898
1117 4180
1118 4183
1119 3708
1120 3371
1121 4788
1122 3487
1123 2616
1124 4340
1125 4559
1126 2994
1127 2518
1128 3102
1129 2763
1130 3945
1131 4916
1132 3078
1133 3122
1134 4060
1135 2660
1136 3361
1137 2987
1138 3947
1139 3301
1140 3629
1141 2767
1142 4926
1143 2592
1144 3079
1145 4676
1146 3434
1147 4714
1148 2907
1149 3150
1150 2790
1151 3851
1152 3963
1153 4079
1154 3160
1155 3812
1156 3038
1157 3050
1158 2643
1159 4778
1160 3162
1161 2818
1162 3876
1163 3478
1164 4064
1165 3926
1166 2511
1167 4894
1168 3060
1169 4787
1170 3907
1171 3142
1172 4525
1173 2997
1174 3916
1175 3095
1176 4017
1177 3100
1178 4935
1179 4887
1180 3803
1181 4233
1182 2524
1183 3834
1184 4611
1185 3853
1186 2565
1187 4922
1188 2639
1189 3222
1190 2881
1191 3694
1192 2575
1193 2703
1194 2592
1195 4614
1196 4340
1197 4161
1198 2629
1199 4477
1200 2923
1201 4944
1202 3038
1203 4365
1204 2916
1205 2773
1206 3647
1207 4461
1208 4336
1209 3224
1210 2703
1211 2712
1212 3198
1213 4932
1214 3355
1215 4097
1216 4158
1217 2678
1218 2507
1219 4368
1220 4635
1221 2938
1222 3668
1223 3878
1224 3957
1225 2954
1226 3301
1227 4344
1228 2798
1229 4182
1230 2703
1231 2733
1232 3426
1233 4664
1234 4120
1235 4579
1236 3788
1237 4095
1238 4752
1239 3963
1240 4872
1241 4918
1242 4708
1243 4031
1244 3533
1245 4537
1246 3086
1247 3680
1248 4205
1249 2798
1250 3893
1251 3568
1252 4727
1253 3337
1254 3810
1255 2915
1256 4300
1257 2995
1258 4361
1259 2818
1260 3792
1261 3961
1262 4108
1263 4021
1264 4838
1265 3230
1266 3054
1267 2837
1268 4941
1269 4860
1270 4860
1271 4954
1272 3629
1273 2632
1274 4248
1275 3469
1276 2944
1277 3760
1278 3916
1279 4509
1280 3225
1281 2828
1282 4833
1283 4073
1284 3780
1285 3780
1286 2723
1287 4856
1288 4993
1289 4799
1290 4291
1291 3515
1292 4669
1293 4701
1294 4862
1295 4246
1296 2931
1297 2758
1298 2512
1299 3786
1300 3833
1301 3997
1302 3307
1303 4044
1304 3028
1305 3353
1306 4124
1307 3041
1308 3076
1309 3264
1310 4639
1311 4910
1312 4184
1313 4326
1314 4397
1315 4902
1316 2883
1317 3839
1318 2919
1319 4742
1320 4786
1321 2992
1322 4416
1323 4753
1324 3930
1325 2992
1326 2506
1327 4932
1328 3963
1329 2636
1330 3061
1331 3475
1332 3636
1333 4599
1334 3714
1335 4546
1336 4540
1337 3889
1338 4925
1339 3720
1340 2899
1341 4463
1342 2898
1343 4805
1344 3041
1345 4536
1346 3098
1347 3767
1348 4190
1349 4650
1350 3481
1351 4103
1352 3535
1353 3064
1354 3616
1355 4164
1356 2667
1357 3784
1358 4355
1359 4005
1360 2976
1361 4707
1362 3665
1363 4706
1364 4573
1365 4190
1366 2899
1367 4157
1368 3462
1369 3574
1370 3279
1371 4203
1372 4704
1373 3620
1374 3162
1375 4083
1376 4957
1377 3311
1378 4508
1379 2697
1380 4940
1381 4781
1382 4031
1383 4574
1384 4589
1385 2923
1386 3078
1387 2636
1388 4100
1389 4287
1390 4610
1391 4337
1392 3832
1393 3895
1394 3545
1395 4768
1396 3415
1397 4427
1398 2705
1399 4172
1400 4435
1401 4689
1402 4164
1403 3515
1404 3094
1405 2770
1406 4876
1407 2839
1408 3250
1409 2793
1410 4890
1411 3252
1412 4148
1413 2777
1414 2858
1415 2996
1416 3042
1417 4324
1418 3695
1419 2618
1420 3924
1421 3837
1422 2521
1423 3314
1424 4316
1425 3264
1426 4168
1427 2938
1428 3661
1429 2639
1430 4504
1431 3116
1432 3081
1433 4803
1434 3794
1435 3976
1436 4599
1437 2781
1438 3102
1439 3126
1440 2788
1441 2981
1442 3120
1443 2936
1444 3906
1445 4972
1446 2859
1447 4766
1448 3503
1449 2595
1450 3833
1451 4976
1452 4002
1453 3047
1454 3693
1455 4885
1456 3019
1457 4477
1458 3008
1459 3332
1460 4155
1461 4810
1462 4041
1463 2673
1464 4146
1465 3109
1466 3475
1467 4960
1468 4943
1469 4833
1470 2557
1471 4057
1472 4793
1473 2755
1474 3285
1475 2535
1476 4999
1477 2669
1478 3660
1479 3178
1480 2727
1481 2899
1482 2830
1483 3900
1484 4746
1485 4264
1486 3807
1487 2839
1488 2987
1489 2833
1490 3387
1491 2629
1492 2532
1493 4449
1494 3048
1495 4600
1496 4046
1497 3020
1498 2589
1499 4239
1500 2986
1501 3565
1502 4538
1503 4277
1504 2779
1505 4717
1506 4690
1507 4975
1508 4916
1509 4459
1510 2728
1511 3770
1512 2764
1513 2659
1514 4079
1515 2753
1516 4603
1517 4278
1518 4165
1519 4414
1520 4456
1521 3589
1522 3743
1523 4068
1524 3790
1525 2799
1526 2741
1527 2744
1528 3501
1529 4103
1530 3113
1531 4443
1532 3420
1533 2755
1534 2616
1535 4340
1536 3163
1537 4382
1538 3617
1539 3836
1540 3843
1541 3076
1542 4395
1543 3177
1544 2862
1545 3367
1546 3588
1547 2932
1548 4880
1549 2614
1550 4722
1551 2535
1552 3356
1553 4581
1554 4228
1555 4809
1556 4692
1557 3183
1558 3376
1559 4449
1560 4846
1561 4929
1562 3929
1563 3163
1564 3805
1565 3783
1566 4634
1567 4169
1568 2773
1569 4045
1570 3327
1571 2896
1572 3122
1573 4949
1574 3219
1575 3228
1576 2609
1577 2946
1578 2574
1579 2737
1580 3700
1581 4172
1582 2916
1583 3623
1584 4242
1585 4344
1586 4457
1587 3962
1588 4073
1589 4627
1590 4493
1591 4082
1592 4815
1593 4252
1594 3256
1595 4540
1596 2685
1597 3922
1598 4949
1599 3909
1600 4812
1601 2790
1602 3773
1603 2981
1604 3657
1605 4752
1606 2823
1607 3574
1608 3253
1609 2941
1610 2807
1611 4261
1612 2830
1613 4829
1614 4355
1615 4254
1616 4116
1617 4758
1618 3506
1619 4397
1620 3661
1621 3688
1622 4777
1623 4679
1624 3634
1625 3782
1626 3895
1627 3410
1628 3694
1629 4183
1630 2926
1631 4690
1632 4576
1633 3646
1634 3632
1635 3435
1636 3587
1637 3246
1638 3092
1639 2531
1640 2774
1641 4027
1642 4337
1643 4149
1644 4454
1645 4815
1646 3744
1647 3526
1648 4976
1649 4603
1650 3569
1651 3725
1652 3110
1653 3618
1654 4241
1655 4895
1656 4435
1657 3864
1658 3268
1659 2759
1660 3160
1661 3529
1662 4624
1663 4139
1664 2748
1665 4314
1666 4304
1667 3789
1668 2515
1669 3658
1670 4700
1671 3384
1672 4599
1673 2625
1674 4391
1675 2659
1676 3836
1677 3965
1678 4536
1679 4021
1680 4330
1681 3159
1682 2678
1683 4469
1684 3744
1685 4226
1686 3373
1687 2515
1688 4960
1689 4455
1690 3078
1691 2915
1692 3692
1693 3743
1694 4679
1695 4019
1696 2938
1697 4319
1698 2858
1699 2881
1700 3361
1701 3935
1702 4031
1703 2696
1704 4956
1705 4765
1706 3926
1707 4275
1708 4609
1709 4459
1710 3775
1711 4128
1712 4752
1713 4210
1714 4947
1715 4292
1716 4222
1717 3484
1718 4900
1719 4690
1720 3967
1721 2897
1722 4481
1723 3449
1724 3911
1725 3423
1726 2723
1727 3862
1728 3697
1729 4609
1730 3759
1731 3467
1732 3263
1733 4886
1734 3550
1735 4205
1736 3486
1737 4080
1738 3017
1739 3387
1740 4574
1741 4781
1742 3116
1743 4178
1744 3387
1745 3555
1746 3702
1747 4604
1748 3325
1749 4741
1750 4011
1751 3730
1752 3239
1753 2767
1754 4704
1755 2899
1756 4456
1757 3900
1758 3326
1759 3136
1760 3355
1761 2940
1762 4469
1763 4776
1764 3429
1765 3617
1766 3648
1767 3950
1768 4722
1769 3079
1770 2863
1771 4422
1772 2628
1773 2762
1774 4873
1775 4241
1776 4298
1777 4344
1778 4191
1779 3298
1780 2879
1781 3299
1782 3692
1783 3417
1784 4319
1785 3828
1786 4832
1787 3509
1788 3919
1789 3901
1790 2552
1791 3340
1792 2511
1793 3763
1794 4189
1795 3442
1796 4013
1797 4603
1798 2536
1799 4584
1800 3533
1801 3565
1802 4172
1803 2581
1804 4580
1805 4241
1806 4931
1807 3882
1808 3427
1809 4517
1810 4540
1811 4314
1812 3707
1813 4205
1814 4693
1815 3165
1816 3200
1817 2689
1818 2746
1819 4123
1820 4094
1821 2870
1822 4088
1823 2985
1824 3537
1825 3986
1826 4693
1827 4479
1828 3831
1829 4957
1830 4475
1831 3572
1832 3680
1833 3234
1834 3469
1835 3100
1836 2830
1837 3397
1838 3494
1839 4957
1840 2858
1841 3267
1842 3478
1843 3679
1844 4917
1845 2976
1846 4170
1847 3833
1848 4534
1849 4477
1850 2806
1851 3733
1852 4909
1853 3931
1854 3682
1855 2894
1856 3682
1857 4687
1858 4239
1859 4375
1860 2954
1861 2680
1862 3504
1863 2586
1864 3697
1865 2562
1866 4760
1867 4142
1868 4306
1869 4498
1870 3436
1871 4492
1872 2821
1873 4471
1874 4980
1875 3145
1876 3815
1877 3111
1878 4238
1879 4171
1880 3042
1881 4161
1882 3512
1883 4355
1884 3006
1885 3942
1886 3160
1887 2623
1888 2552
1889 3808
1890 4694
1891 3700
1892 4407
1893 4880
1894 3861
1895 3464
1896 3294
1897 3959
1898 4006
1899 3815
1900 3087
1901 3415
1902 3197
1903 4512
1904 3475
1905 4188
1906 3054
1907 3837
1908 3781
1909 3356
1910 2836
1911 4715
1912 4415
1913 3030
1914 3397
1915 3506
1916 3989
1917 4185
1918 4565
1919 4427
1920 2819
1921 2696
1922 4249
1923 3690
1924 2920
1925 4505
1926 4770
1927 4201
1928 3363
1929 2919
1930 4703
1931 4453
1932 4469
1933 3795
1934 3440
1935 2513
1936 2661
1937 3078
1938 3314
1939 4489
1940 3810
1941 4499
1942 4548
1943 3435
1944 4299
1945 4997
1946 3182
1947 4166
1948 2788
1949 3883
1950 4813
1951 4891
1952 4184
1953 2998
1954 3858
1955 3024
1956 4290
1957 3798
1958 2589
1959 3001
1960 3565
1961 4140
1962 3498
1963 4627
1964 4566
1965 2520
1966 4824
1967 2800
1968 3392
1969 2633
1970 4845
1971 4824
1972 4703
1973 4912
1974 3586
1975 4323
1976 3618
1977 3819
1978 2673
1979 2517
1980 3520
1981 3274
1982 4638
1983 4582
1984 2522
1985 4703
1986 3807
1987 3113
1988 2981
1989 2617
1990 2898
1991 4229
1992 4979
1993 3837
1994 4212
1995 4632
1996 2965
1997 2892
1998 2782
1999 2673
2000 3136
2001 4467
2002 2770
2003 2518
2004 3357
2005 3555
2006 3433
2007 4342
2008 4363
2009 3698
2010 3608
2011 3502
2012 4817
2013 2513
2014 3407
2015 3136
2016 3664
2017 3330
2018 4269
2019 3133
2020 4862
2021 2576
2022 4889
2023 4222
2024 3787
2025 3101
2026 3774
2027 4935
2028 3306
2029 4253
2030 3587
2031 3008
2032 3884
2033 3656
2034 3229
2035 3320
2036 4057
2037 4959
2038 3089
2039 3273
2040 3968
2041 2732
2042 4643
2043 3512
2044 3877
2045 4480
2046 2781
2047 4077
2048 3920
2049 3958
2050 4573
2051 4392
2052 4140
2053 3536
2054 3236
2055 4164
2056 3587
2057 4286
2058 4054
2059 3544
2060 4435
2061 2878
2062 4599
2063 4450
2064 4323
2065 4694
2066 4062
2067 3185
2068 2592
2069 3709
2070 3278
2071 4553
2072 4506
2073 3503
2074 3882
2075 2779
2076 2587
2077 4874
2078 4667
2079 4873
2080 3617
2081 2597
2082 3098
2083 3159
2084 3503
2085 4532
2086 4814
2087 2951
2088 2743
2089 2892
2090 3870
2091 4222
2092 4254
2093 3572
2094 4494
2095 4392
2096 2660
2097 4929
2098 2582
2099 3880
2100 3734
2101 3220
2102 3541
2103 4730
2104 3928
2105 2665
2106 3750
2107 3460
2108 2685
2109 4695
2110 4507
2111 4690
2112 3117
2113 4100
2114 3378
2115 4955
2116 3026
2117 2619
2118 4731
2119 4553
2120 2890
2121 4338
2122 3242
2123 4042
2124 3947
2125 4081
2126 3958
2127 3807
2128 2892
2129 4178
2130 4985
2131 3445
2132 2813
2133 3505
2134 4550
2135 3330
2136 4334
2137 4616
2138 4145
2139 3015
2140 2744
2141 2702
2142 3231
2143 3031
2144 2875
2145 3295
2146 3876
2147 4795
2148 3002
2149 4775
2150 4609
2151 2871
2152 4931
2153 4875
2154 4224
2155 4633
2156 2899
2157 4114
2158 3715
2159 4796
2160 4164
2161 4102
2162 3020
2163 2635
2164 3608
2165 3495
2166 3319
2167 4461
2168 4459
2169 3083
2170 3410
2171 3886
2172 2916
2173 4443
2174 3825
2175 4425
2176 4763
2177 4604
2178 2885
2179 4442
2180 3423
2181 3834
2182 4525
2183 2543
2184 3004
2185 3267
2186 4064
2187 3750
2188 3312
2189 4556
2190 4052
2191 3677
2192 4717
2193 2612
2194 3137
2195 4987
2196 4734
2197 3929
2198 3529
2199 3335
2200 3958
2201 4461
2202 4160
2203 2527
2204 3523
2205 4818
2206 2541
2207 4648
2208 2730
2209 4446
2210 3961
2211 4669
2212 3451
2213 3508
2214 4220
2215 2751
2216 4773
2217 4934
2218 2729
2219 4969
2220 4070
2221 2963
2222 2506
2223 3501
2224 2839
2225 4935
2226 3082
2227 3001
2228 4676
2229 4693
2230 2652
2231 3186
2232 2592
2233 2584
2234 3705
2235 2645
2236 4361
2237 4516
2238 3913
2239 4246
2240 2789
2241 3230
2242 4558
2243 4061
2244 3422
2245 2642
2246 4852
2247 2990
2248 3663
2249 4418
2250 4689
2251 4678
2252 2987
2253 4896
2254 2949
2255 4071
2256 3799
2257 3665
2258 3911
2259 3505
2260 4044
2261 3642
2262 2501
2263 4398
2264 4182
2265 2703
2266 4312
2267 2605
2268 4417
2269 2781
2270 3988
2271 2817
2272 4355
2273 3453
2274 3403
2275 3043
2276 2680
2277 3633
2278 2894
2279 3197
2280 2943
2281 2793
2282 4498
2283 4994
2284 2803
2285 3231
2286 3457
2287 4905
2288 4664
2289 3279
2290 3292
2291 4724
2292 3278
2293 3627
2294 2686
2295 3734
2296 4240
2297 3910
2298 2553
2299 3717
2300 2587
2301 2801
2302 3680
2303 4189
2304 3717
2305 4574
2306 4983
2307 3333
2308 4575
2309 3582
2310 3204
2311 4687
2312 4645
2313 4860
2314 2775
2315 4046
2316 4337
2317 4242
2318 3306
2319 3536
2320 4703
2321 3626
2322 2859
2323 3332
2324 3192
2325 4156
2326 2771
2327 4148
2328 2743
2329 2834
2330 2560
2331 3623
2332 2656
2333 2961
2334 4241
2335 3275
2336 4373
2337 4925
2338 2886
2339 3119
2340 4746
2341 3524
2342 4844
2343 2570
2344 2863
2345 4924
2346 2902
2347 4979
2348 4018
2349 4338
2350 4278
2351 3975
2352 3256
2353 3793
2354 3448
2355 3095
2356 3042
2357 3989
2358 4488
2359 2890
2360 3166
2361 4431
2362 4286
2363 4070
2364 2868
2365 3632
2366 3428
2367 4926
2368 4001
2369 3744
2370 3465
2371 4985
2372 3923
2373 3284
2374 2830
2375 4763
2376 4251
2377 2515
2378 4526
2379 4374
2380 3349
2381 3090
2382 3786
2383 3922
2384 4595
2385 3037
2386 2674
2387 3574
2388 4560
2389 2514
2390 3995
2391 2847
2392 3963
2393 4206
2394 4553
2395 2696
2396 3126
2397 4703
2398 2987
2399 3162
2400 4212
2401 3356
2402 3307
2403 2996
2404 3038
2405 3116
2406 4506
2407 3830
2408 4589
2409 3435
2410 2601
2411 2899
2412 3692
2413 4916
2414 3865
2415 2712
2416 3272
2417 4668
2418 4366
2419 3011
2420 4715
2421 4855
2422 3826
2423 3049
2424 4088
2425 3057
2426 3499
2427 2772
2428 3451
2429 2937
2430 2851
2431 4226
2432 3325
2433 3683
2434 4232
2435 3829
2436 2593
2437 4754
2438 3441
2439 3872
2440 3456
2441 2992
2442 4031
2443 2825
2444 3923
2445 4935
2446 4739
2447 4073
2448 3354
2449 3330
2450 3417
2451 3224
2452 3493
2453 4209
2454 4395
2455 4871
2456 2820
2457 4219
2458 2985
2459 3872
2460 3233
2461 4398
2462 3618
2463 4869
2464 2696
2465 4108
2466 3434
2467 3392
2468 4140
2469 4868
2470 4115
2471 2757
2472 2506
2473 2926
2474 3884
2475 3511
2476 4907
2477 2932
2478 3721
2479 4536
2480 4592
2481 3329
2482 3788
2483 3737
2484 4718
2485 4334
2486 3285
2487 4589
2488 2689
2489 2748
2490 4021
2491 2993
2492 3471
2493 4581
2494 3568
2495 4623
2496 4216
2497 3583
2498 4494
2499 4552
2500 2428
2502 1858
2503 1692
2508 2215
2509 1544
2510 1133
2516 1731
2523 1139
2525 1621
2526 1363
2528 995
2529 503
2530 2366
2537 1059
2538 1371
2544 1737
2545 1818
2546 438
2547 345
2548 194
2550 1452
2551 2024
2554 1268
2555 2341
2556 170
2558 1111
2559 1954
2561 811
2563 482
2566 693
2567 1557
2572 2311
2573 540
2577 2407
2578 1136
2579 1348
2583 543
2588 2437
2590 1075
2596 313
2598 1425
2600 1402
2602 2162
2603 1781
2604 2026
2607 318
2611 2118
2613 886
2615 1195
2620 2410
2621 169
2624 31
2627 1245
2634 1575
2637 1010
2638 357
2640 2196
2641 1827
2644 884
2647 2313
2649 1026
2650 2041
2651 1322
2653 1240
2654 640
2655 1028
2662 262
2663 1526
2664 1996
2666 604
2668 291
2671 1436
2676 252
2677 31
2681 2151
2682 1952
2683 1888
2684 375
2688 824
2692 2306
2694 685
2695 772
2698 1016
2700 2188
2701 1557
2704 2348
2706 427
2707 2121
2708 2295
2709 1199
2710 1947
2713 650
2714 251
2715 333
2720 710
2721 579
2722 723
2724 1456
2725 2418
2726 1935
2731 1050
2736 2428
2738 472
2739 1173
2740 2186
2747 2309
2749 865
2750 2162
2754 742
2756 2113
2760 18
2761 1429
2766 1607
2769 1204
2776 2052
2780 600
2785 1510
2786 2463
2787 1722
2792 257
2794 1151
2796 1264
2802 984
2804 1852
2805 2443
2809 657
2810 230
2812 2215
2814 1031
2816 1368
2822 2190
2824 1827
2826 683
2827 1883
2829 806
2831 1365
2832 590
2838 2097
2840 195
2841 164
2844 100
2845 240
2846 1107
2848 2341
2849 555
2850 495
2855 505
2856 1167
2861 902
2865 2078
2866 2005
2867 604
2869 472
2872 1146
2874 553
2876 583
2882 758
2884 2102
2887 2348
2888 526
2889 2215
2893 1668
2895 2026
2900 2157
2903 2024
2904 1074
2905 685
2909 1180
2911 2360
2912 192
2914 1976
2918 1680
2921 978
2924 2190
2925 1095
2927 1245
2929 124
2933 45
2934 1201
2935 1747
2942 2414
2945 604
2950 1625
2952 292
2955 702
2956 309
2959 1554
2962 1635
2966 1030
2973 418
2974 2355
2975 1810
2977 1313
2979 2110
2980 2484
2982 1332
2983 1738
2984 1015
2988 2364
2991 1234
2999 1700
3000 14
3003 424
3005 1836
3007 2341
3010 710
3013 1766
3014 180
3016 1776
3021 720
3029 1544
3032 1448
3033 1604
3035 1871
3036 933
3039 364
3045 2249
3046 2348
3051 870
3053 1676
3055 1052
3056 534
3059 2056
3062 876
3065 4
3066 38
3069 1781
3070 2440
3073 2330
3074 2026
3075 899
3077 2448
3084 740
3085 427
3088 1632
3091 639
3093 252
3097 465
3099 2192
3103 524
3104 1241
3105 2382
3106 2341
3112 825
3115 1417
3118 2437
3121 604
3124 752
3127 1324
3128 292
3130 2322
3131 2336
3132 760
3135 856
3138 820
3139 1354
3141 207
3143 1216
3144 28
3146 418
3147 983
3148 2294
3149 817
3151 1695
3155 944
3156 1047
3157 693
3158 1621
3164 2078
3167 1184
3168 406
3169 112
3170 1158
3171 1273
3173 1575
3174 1726
3176 1009
3179 2052
3180 1846
3181 1267
3184 114
3187 618
3188 1624
3189 1073
3190 686
3191 191
3193 1512
3194 1875
3195 943
3196 1931
3199 796
3203 1850
3205 1075
3207 2314
3214 193
3216 1974
3217 606
3218 2416
3221 986
3226 56
3232 1347
3240 1122
3244 1880
3245 686
3247 2341
3248 1403
3249 445
3251 1633
3255 199
3257 1043
3258 1418
3260 1437
3261 1158
3262 1638
3266 35
3270 773
3276 2249
3277 1911
3280 686
3281 2239
3282 2297
3283 2463
3287 1632
3288 2180
3290 756
3291 1122
3296 1502
3297 812
3304 1673
3305 268
3310 2153
3313 1369
3315 474
3316 2118
3317 1298
3318 2366
3322 2059
3323 1273
3324 1389
3331 90
3334 1893
3336 373
3338 491
3339 1071
3341 1911
3342 798
3343 1403
3344 827
3347 1871
3348 911
3350 291
3351 1971
3352 520
3358 238
3359 1106
3364 1136
3365 37
3366 1044
3368 1047
3369 1720
3370 512
3372 822
3374 2427
3377 708
3380 1478
3381 1714
3382 1574
3383 1808
3385 173
3386 825
3388 1680
3389 971
3393 158
3395 1753
3398 1372
3400 1787
3404 1153
3405 679
3408 600
3409 1971
3412 1659
3413 1228
3419 2313
3421 2322
3424 1799
3425 1963
3430 1120
3431 615
3438 2351
3443 980
3444 2484
3446 987
3447 1574
3450 2433
3452 1047
3455 1659
3466 1202
3472 2109
3473 993
3477 370
3479 437
3480 512
3483 234
3485 1834
3489 1106
3490 730
3496 1989
3497 295
3500 686
3510 1772
3513 828
3516 1568
3518 1106
3519 2342
3525 154
3527 1715
3528 2109
3531 1131
3532 2192
3534 1578
3538 1732
3539 635
3540 341
3542 303
3543 1928
3547 1130
3548 1620
3551 2300
3552 1511
3557 599
3558 226
3560 582
3562 683
3563 1245
3564 2188
3567 1872
3571 2166
3573 243
3575 1913
3578 189
3579 1632
3580 747
3581 1443
3585 397
3590 158
3591 1443
3592 38
3593 1670
3595 1453
3596 873
3598 1796
3599 1871
3600 383
3602 2136
3606 2326
3609 2324
3611 915
3612 817
3613 1402
3614 640
3615 71
3619 625
3621 842
3622 91
3624 2127
3625 605
3630 711
3631 1146
3635 1134
3637 2189
3640 1424
3643 583
3644 362
3645 1112
3649 1715
3650 1828
3653 711
3655 303
3662 1774
3666 55
3670 2499
3671 1973
3672 2256
3673 384
3676 1974
3678 2443
3684 747
3685 1273
3686 2218
3687 140
3689 1858
3696 21
3699 392
3701 2286
3704 2174
3706 1417
3711 97
3712 180
3713 1697
3716 1402
3718 1836
3719 2440
3722 180
3724 273
3729 384
3735 2218
3736 917
3738 1406
3739 995
3741 139
3742 1898
3745 465
3746 1485
3747 1726
3749 1827
3752 2007
3754 606
3755 633
3757 307
3758 1222
3762 883
3765 2433
3766 911
3768 457
3769 1925
3771 729
3772 448
3776 911
3777 58
3778 2467
3791 1526
3796 414
3804 1130
3806 207
3809 1468
3811 1705
3814 2465
3816 1897
3817 15
3818 2166
3820 1402
3821 485
3822 846
3823 1634
3824 1606
3827 1500
3835 941
3838 38
3840 180
3842 2058
3845 1529
3846 2446
3847 1240
3848 71
3852 383
3855 110
3856 989
3857 1158
3866 2215
3867 151
3868 710
3869 97
3871 811
3873 191
3875 1392
3879 1200
3885 1707
3887 37
3888 375
3891 2378
3892 623
3894 1271
3903 140
3904 279
3905 1647
3908 1903
3912 2364
3914 1725
3915 2157
3917 686
3918 2444
3921 1059
3932 1700
3933 1460
3937 452
3938 571
3939 1776
3941 873
3943 476
3944 1607
3946 1434
3952 465
3955 1590
3956 392
3960 2427
3964 824
3970 1146
3971 1536
3972 70
3974 465
3977 695
3978 1477
3979 2239
3981 831
3982 1462
3984 164
3985 21
3987 1698
3990 2177
3991 1849
3992 1647
3993 1250
3996 2297
4000 2444
4003 469
4007 340
4008 139
4009 2355
4014 2188
4020 1895
4022 2178
4023 31
4024 1644
4025 1076
4029 430
4033 1465
4034 209
4035 524
4036 2295
4037 911
4038 798
4040 308
4043 930
4047 2461
4050 2204
4051 373
4053 679
4058 817
4059 2041
4063 808
4065 665
4072 1850
4075 338
4076 213
4078 760
4084 583
4085 803
4086 911
4087 1304
4089 1157
4090 1845
4091 1774
4096 714
4098 737
4099 1369
4104 880
4105 1390
4107 1709
4109 494
4111 670
4112 753
4117 494
4119 1947
4122 1807
4126 1098
4127 1833
4129 175
4130 1819
4131 77
4132 1147
4133 1385
4134 665
4135 1638
4136 1514
4138 1514
4143 240
4144 687
4147 2208
4152 1903
4153 349
4154 1982
4159 1557
4162 432
4163 1227
4167 187
4173 2364
4177 817
4179 1201
4181 244
4192 1910
4193 1173
4194 2040
4195 864
4196 739
4200 784
4204 2093
4208 1228
4211 1621
4213 2421
4214 833
4215 321
4217 1673
4218 57
4223 1309
4225 774
4230 1146
4234 2203
4235 1023
4236 772
4243 383
4244 3
4245 2319
4247 423
4250 1122
4255 195
4256 234
4258 1087
4259 962
4260 465
4262 679
4265 839
4267 1511
4268 73
4271 88
4273 1524
4281 2186
4282 927
4284 600
4285 291
4288 287
4289 2417
4294 321
4295 1456
4296 11
4301 2114
4302 1087
4303 734
4305 459
4307 1391
4308 1156
4310 484
4313 865
4315 668
4317 1626
4320 2183
4322 798
4325 38
4329 2110
4331 1256
4333 915
4335 1877
4339 699
4345 452
4346 1007
4347 758
4348 538
4349 346
4350 1678
4351 1903
4353 1872
4358 1330
4359 1976
4360 2026
4362 1632
4364 854
4370 1415
4372 1732
4376 1458
4377 1130
4378 1415
4379 1155
4380 472
4381 2420
4383 409
4384 697
4385 1925
4386 418
4387 2366
4388 2218
4389 2386
4390 1122
4394 1472
4396 2488
4400 1623
4401 1335
4402 2488
4403 1174
4404 4
4408 1073
4409 1201
4410 1313
4411 1142
4419 1620
4420 472
4421 1447
4423 709
4424 2265
4426 1335
4428 1347
4430 809
4432 1852
4437 1641
4438 65
4439 1273
4441 1638
4444 1676
4447 65
4448 1296
4451 24
4460 2476
4465 1202
4468 1909
4472 2236
4473 2433
4474 965
4476 665
4482 798
4483 140
4484 1958
4486 1883
4490 1015
4491 2417
4495 883
4497 1130
4500 1827
4501 780
4503 376
4510 1890
4511 56
4513 841
4518 1302
4519 1926
4520 1709
4521 1471
4522 1002
4527 112
4528 1139
4529 2366
4530 476
4531 1714
4533 771
4541 345
4542 1691
4543 1158
4545 686
4547 1335
4549 1492
4551 2021
4554 1256
4557 2456
4561 947
4562 27
4563 1647
4564 1726
4567 1827
4568 1097
4569 1947
4570 262
4571 1575
4572 883
4577 553
4586 2016
4587 121
4588 2125
4590 3
4591 193
4593 1
4594 355
4596 111
4598 1020
4601 1541
4606 1599
4608 1177
4612 1417
4613 1184
4618 1792
4619 1736
4621 529
4622 1543
4625 44
4628 527
4629 566
4630 674
4637 285
4640 132
4642 1241
4644 1121
4647 2469
4649 694
4651 706
4652 1435
4653 1273
4654 1208
4655 2003
4657 76
4658 2286
4659 1419
4660 880
4663 932
4666 1264
4670 777
4672 1510
4673 2491
4675 125
4680 838
4681 299
4682 1197
4683 1673
4684 2212
4685 1996
4688 1801
4691 2365
4696 2030
4697 1858
4698 1340
4702 437
4705 1647
4709 1082
4710 432
4711 1270
4712 668
4713 1003
4716 1877
4719 211
4720 1299
4721 1808
4723 190
4725 1130
4726 1418
4735 780
4736 2052
4740 376
4743 665
4744 827
4745 771
4747 1872
4749 2009
4755 318
4756 38
4764 1940
4767 3
4769 2007
4772 569
4774 839
4780 119
4783 1922
4784 1554
4785 1424
4789 447
4790 1182
4791 1994
4792 816
4794 524
4797 252
4798 266
4801 1116
4806 198
4807 1698
4816 1172
4820 1430
4822 32
4823 1153
4828 1080
4830 423
4834 308
4835 524
4836 97
4837 1192
4839 405
4840 2329
4841 1849
4843 1850
4847 1510
4848 1125
4849 1780
4850 2351
4851 1058
4853 1335
4857 723
4858 1641
4861 2029
4863 663
4864 773
4865 188
4866 1528
4867 308
4877 227
4878 1362
4879 1718
4884 793
4888 2162
4892 341
4893 1279
4898 2180
4899 88
4901 761
4904 547
4908 944
4913 540
4914 1212
4919 2178
4920 185
4923 319
4927 1324
4928 839
4930 1110
4933 1735
4937 1447
4938 285
4945 1108
4946 222
4948 968
4952 540
4953 2093
4958 193
4961 1500
4962 1311
4964 1456
4966 243
4967 2476
4970 2129
4971 1437
4974 1208
4977 2273
4978 899
4982 915
4984 2143
4986 1174
4990 1268
4991 683
4992 1964
4995 993
4998 2049
8424.804329201
