2500
0 4926
1 4554
2 2876
3 2871
4 3241
5 4794
6 4982
7 3025
8 4364
9 4984
10 2742
11 2944
12 3631
13 4905
14 3331
15 4904
16 4467
17 4426
18 3306
19 4435
20 4854
21 4958
22 3867
23 4748
24 3619
25 2798
26 4597
27 2535
28 4705
29 3093
30 2614
31 4118
32 2957
33 2930
34 4564
35 3351
36 3648
37 3955
38 3005
39 4393
40 4690
41 2733
42 4316
43 3695
44 3039
45 4443
46 3892
47 4367
48 3088
49 3081
50 4647
51 3380
52 3999
53 2618
54 2797
55 3091
56 3261
57 4627
58 4251
59 2515
60 4801
61 3024
62 3056
63 4012
64 2633
65 4169
66 2552
67 2604
68 3258
69 2544
70 4300
71 4552
72 4000
73 2953
74 2536
75 2818
76 3853
77 2690
78 3034
79 3478
80 3737
81 2901
82 4421
83 4301
84 3174
85 2622
86 2619
87 3761
88 4699
89 2904
90 3819
91 3534
92 2808
93 3588
94 4408
95 3625
96 3498
97 4504
98 2822
99 3085
100 4534
101 2985
102 4995
103 3472
104 4689
105 2856
106 4031
107 4468
108 3505
109 2638
110 4572
111 4546
112 2757
113 4659
114 4881
115 3456
116 4727
117 3755
118 4023
119 2849
120 4787
121 3671
122 4518
123 3402
124 4601
125 3251
126 4264
127 2994
128 4186
129 4792
130 2713
131 4163
132 4814
133 4410
134 4742
135 3078
136 4479
137 3209
138 4392
139 4664
140 4124
141 4439
142 3184
143 4966
144 4933
145 4240
146 3530
147 4577
148 3000
149 4153
150 3066
151 2673
152 2914
153 3004
154 3018
155 2521
156 4728
157 4645
158 2736
159 3211
160 3789
161 4111
162 3358
163 3156
164 4749
165 2693
166 4366
167 4464
168 4322
169 2537
170 4345
171 4668
172 2510
173 2942
174 4214
175 3097
176 3907
177 3624
178 3200
179 4754
180 2816
181 2978
182 3777
183 4370
184 3187
185 4312
186 2889
187 4106
188 4515
189 3314
190 3771
191 4813
192 4596
193 3532
194 3154
195 3344
196 3350
197 3495
198 3564
199 4706
200 3225
201 3132
202 4285
203 3450
204 4475
205 4176
206 3918
207 4321
208 2789
209 2916
210 3501
211 4331
212 4646
213 3847
214 4888
215 3522
216 2628
217 2968
218 2558
219 4243
220 4598
221 3316
222 4398
223 3277
224 2542
225 4879
226 3454
227 4710
228 3674
229 2621
230 2579
231 4453
232 4208
233 2858
234 3977
235 2964
236 4998
237 2584
238 2913
239 3956
240 3074
241 2929
242 3806
243 4090
244 4514
245 4324
246 3786
247 4473
248 3252
249 4795
250 4952
251 4929
252 3339
253 4286
254 4889
255 4956
256 4415
257 4862
258 4759
259 2501
260 4161
261 3728
262 3967
263 3952
264 2726
265 3792
266 3577
267 3996
268 2864
269 4851
270 4603
271 3843
272 2853
273 2597
274 3814
275 2946
276 4354
277 4070
278 4832
279 3110
280 4481
281 3606
282 3442
283 4239
284 3468
285 3355
286 4259
287 3152
288 3516
289 3988
290 3035
291 2785
292 3431
293 3592
294 3572
295 4826
296 4290
297 3177
298 3801
299 3642
300 4914
301 3899
302 3263
303 3883
304 4910
305 3365
306 3681
307 2667
308 2877
309 3345
310 3079
311 4469
312 2921
313 3517
314 4108
315 3822
316 4648
317 2956
318 3611
319 4695
320 4061
321 2677
322 3229
323 2922
324 4913
325 4022
326 3645
327 2590
328 2908
329 3146
330 4560
331 2826
332 3558
333 3919
334 3304
335 3394
336 3723
337 4806
338 4849
339 4159
340 4332
341 2912
342 4265
343 3712
344 4497
345 4030
346 4611
347 4356
348 4673
349 4190
350 2961
351 4114
352 3542
353 4382
354 3905
355 3196
356 2675
357 3427
358 3841
359 2572
360 3388
361 3084
362 3950
363 4076
364 3336
365 4972
366 3658
367 4271
368 4512
369 3372
370 4538
371 2612
372 4423
373 2748
374 2707
375 2606
376 4772
377 4909
378 4941
379 3070
380 4779
381 3041
382 4886
383 3173
384 2719
385 4414
386 4130
387 2640
388 3298
389 2637
390 4099
391 4486
392 4876
393 4333
394 3657
395 3840
396 3926
397 4834
398 4167
399 3509
400 4165
401 4489
402 3810
403 3543
404 3483
405 4381
406 4524
407 4989
408 4818
409 4907
410 4255
411 3459
412 3469
413 3908
414 2870
415 3307
416 3115
417 4234
418 3825
419 3202
420 4369
421 4231
422 4965
423 3879
424 3971
425 3014
426 3477
427 2547
428 4274
429 2539
430 3595
431 3378
432 2854
433 4911
434 3260
435 2810
436 4986
437 4471
438 2723
439 2846
440 3994
441 3890
442 4095
443 4198
444 3756
445 3237
446 3361
447 4146
448 4651
449 4089
450 3175
451 3732
452 4085
453 4125
454 4026
455 3460
456 3887
457 4811
458 2500
459 4458
460 2791
461 3520
462 4809
463 3954
464 4735
465 4129
466 3022
467 3166
468 3432
469 4296
470 2587
471 3576
472 3555
473 2873
474 3131
475 4615
476 4201
477 3995
478 4097
479 4919
480 4344
481 4359
482 3824
483 3902
484 4657
485 3327
486 3803
487 4462
488 3678
489 2999
490 4035
491 4032
492 3616
493 2910
494 3886
495 2940
496 3533
497 3285
498 3781
499 4217
500 4570
501 3194
502 3820
503 4638
504 2704
505 4117
506 3669
507 4185
508 3987
509 3635
510 4902
511 3776
512 4459
513 3958
514 3051
515 4522
516 3176
517 4760
518 4002
519 3338
520 4531
521 3047
522 2540
523 4126
524 4634
525 4975
526 4521
527 2592
528 3991
529 2659
530 4947
531 4839
532 4660
533 4378
534 2972
535 2971
536 2847
537 3662
538 4309
539 3566
540 2768
541 2868
542 2902
543 3409
544 2832
545 3514
546 2554
547 3313
548 4529
549 2772
550 3687
551 2806
552 2751
553 3053
554 4310
555 3711
556 3206
557 3094
558 4133
559 4202
560 3033
561 2766
562 4258
563 4261
564 3749
565 4963
566 3793
567 2720
568 3916
569 3502
570 4055
571 4670
572 2617
573 4448
574 3706
575 2821
576 2819
577 2945
578 2669
579 4009
580 2781
581 3455
582 4961
583 4063
584 2795
585 4840
586 4226
587 3740
588 3408
589 4824
590 4950
591 2865
592 4455
593 2996
594 4472
595 2898
596 4777
597 3116
598 4368
599 2765
600 3134
601 4513
602 3150
603 4928
604 4924
605 3553
606 3754
607 3938
608 3752
609 3575
610 3157
611 3670
612 4666
613 3256
614 4053
615 2577
616 3998
617 3548
618 2802
619 4922
620 3612
621 3009
622 3189
623 3140
624 3451
625 2524
626 2903
627 2988
628 3515
629 2663
630 4307
631 4177
632 4218
633 3827
634 4360
635 3123
636 3484
637 3980
638 4242
639 4569
640 3486
641 3973
642 3694
643 3846
644 4535
645 2696
646 4223
647 3006
648 3246
649 3910
650 4112
651 4227
652 4836
653 2812
654 3218
655 3264
656 3433
657 4346
658 3489
659 2788
660 2948
661 3424
662 4488
663 4440
664 4973
665 3095
666 3026
667 3023
668 3412
669 3387
670 4816
671 3784
672 4192
673 4178
674 3935
675 2705
676 4628
677 3008
678 2899
679 4142
680 3925
681 2906
682 3125
683 3308
684 4812
685 2567
686 3945
687 4187
688 3541
689 4640
690 2654
691 2555
692 3736
693 2711
694 3111
695 3054
696 3739
697 3924
698 3882
699 3458
700 2680
701 4675
702 2966
703 3691
704 2850
705 4483
706 3702
707 4358
708 3708
709 3461
710 3139
711 2833
712 3138
713 4303
714 3538
715 4618
716 3443
717 3863
718 4182
719 2717
720 3272
721 2549
722 2502
723 3703
724 3818
725 4380
726 3317
727 2512
728 3620
729 4786
730 3622
731 4844
732 4822
733 2687
734 4807
735 3183
736 3334
737 2755
738 3964
739 4600
740 2730
741 3112
742 3746
743 3722
744 2701
745 3896
746 4899
747 2836
748 3961
749 3234
750 2848
751 3029
752 2709
753 4270
754 4979
755 4540
756 2528
757 3471
758 4985
759 4019
760 3083
761 4229
762 4791
763 4585
764 4740
765 3610
766 4547
767 2813
768 3561
769 2721
770 4900
771 4533
772 3640
773 4954
774 3099
775 2935
776 3745
777 2695
778 4804
779 2559
780 2569
781 3518
782 3551
783 3127
784 4088
785 4043
786 2603
787 2575
788 3453
789 4545
790 3179
791 2918
792 4069
793 4461
794 3860
795 3282
796 4780
797 4997
798 4135
799 4298
800 2756
801 3089
802 3407
803 2706
804 3927
805 4501
806 4077
807 2805
808 4250
809 3667
810 4619
811 4092
812 4246
813 4884
814 4058
815 2602
816 3992
817 4157
818 4050
819 4776
820 3815
821 3375
822 4736
823 3748
824 4437
825 4773
826 4741
827 3842
828 3764
829 3884
830 3195
831 2570
832 2507
833 2786
834 4289
835 4716
836 2630
837 4525
838 4788
839 4853
840 2655
841 4318
842 4377
843 2710
844 2580
845 4203
846 3128
847 4682
848 4433
849 2896
850 4007
851 3943
852 3772
853 3608
854 2545
855 2546
856 2970
857 3718
858 4815
859 3416
860 2897
861 3151
862 3147
863 4451
864 4281
865 4561
866 4347
867 4411
868 3903
869 3423
870 3476
871 2779
872 4722
873 4896
874 4880
875 4939
876 3016
877 3349
878 4385
879 4349
880 2804
881 3741
882 3914
883 3855
884 3301
885 2775
886 4790
887 3366
888 3449
889 4449
890 4066
891 3323
892 4885
893 4568
894 4343
895 4875
896 2714
897 3861
898 4610
899 4775
900 3647
901 4991
902 2698
903 2793
904 4838
905 3747
906 3794
907 3373
908 4631
909 3340
910 3766
911 3462
912 3160
913 2508
914 4810
915 2607
916 3720
917 4006
918 3525
919 3322
920 2989
921 4404
922 3511
923 2737
924 3293
925 2647
926 2760
927 2960
928 4758
929 4141
930 3963
931 3045
932 2761
933 3527
934 2841
935 4908
936 2911
937 4662
938 4269
939 2993
940 3790
941 4158
942 4409
943 4953
944 4361
945 4599
946 3911
947 4745
948 3470
949 4266
950 3205
951 3219
952 3106
953 4859
954 2875
955 2763
956 3816
957 4750
958 4100
959 4306
960 3249
961 3547
962 3435
963 3250
964 4944
965 3059
966 4539
967 4938
968 4466
969 2724
970 4693
971 4184
972 3499
973 4737
974 3866
975 2681
976 4379
977 3582
978 4649
979 4612
980 4045
981 4732
982 2792
983 3735
984 4621
985 4147
986 3201
987 2784
988 3170
989 4329
990 4555
991 4709
992 3232
993 4635
994 3243
995 3290
996 2505
997 4210
998 4602
999 4719
1000 3589
1001 2665
1002 4614
1003 3445
1004 3295
1005 2573
1006 3875
1007 3724
1008 3536
1009 3889
1010 4014
1011 4606
1012 3493
1013 3186
1014 2835
1015 4523
1016 4122
1017 2839
1018 4456
1019 3185
1020 3448
1021 3357
1022 4987
1023 3881
1024 4081
1025 4011
1026 4150
1027 3346
1028 4442
1029 3664
1030 4624
1031 3975
1032 2563
1033 2626
1034 3857
1035 3417
1036 4877
1037 3579
1038 4683
1039 3480
1040 3704
1041 4420
1042 3972
1043 2950
1044 2644
1045 4817
1046 2674
1047 3165
1048 4196
1049 3621
1050 3782
1051 3274
1052 4220
1053 4981
1054 4400
1055 2933
1056 4964
1057 3197
1058 4848
1059 3227
1060 2800
1061 3743
1062 3574
1063 3519
1064 4438
1065 4784
1066 3508
1067 2973
1068 2504
1069 3630
1070 3641
1071 4199
1072 3584
1073 3381
1074 2905
1075 3069
1076 3526
1077 3758
1078 4549
1079 2632
1080 3717
1081 3396
1082 2834
1083 3271
1084 2624
1085 2893
1086 4115
1087 2923
1088 2882
1089 2780
1090 4406
1091 3496
1092 2747
1093 4999
1094 3552
1095 4632
1096 3440
1097 4701
1098 4262
1099 3068
1100 2887
1101 3363
1102 4691
1103 3043
1104 4384
1105 4802
1106 3269
1107 3976
1108 3072
1109 3812
1110 2984
1111 3348
1112 3124
1113 3141
1114 3063
1115 2764
1116 3207
1117 2671
1118 4605
1119 3270
1120 2661
1121 3804
1122 2703
1123 2753
1124 4578
1125 3897
1126 4008
1127 3888
1128 4931
1129 3226
1130 3190
1131 4893
1132 3180
1133 4821
1134 3392
1135 4969
1136 3560
1137 2987
1138 3783
1139 3122
1140 3368
1141 4542
1142 4248
1143 2773
1144 3191
1145 2769
1146 2983
1147 3114
1148 3731
1149 3223
1150 3638
1151 3800
1152 3696
1153 3885
1154 3192
1155 2718
1156 4496
1157 4474
1158 3220
1159 3770
1160 2879
1161 4976
1162 2649
1163 4517
1164 4195
1165 2561
1166 3581
1167 3844
1168 3482
1169 4558
1170 4789
1171 3944
1172 3452
1173 4399
1174 3966
1175 4065
1176 4299
1177 2794
1178 3798
1179 2862
1180 4279
1181 2855
1182 4820
1183 4493
1184 3109
1185 4429
1186 4001
1187 3119
1188 2951
1189 4233
1190 4263
1191 4637
1192 3286
1193 2548
1194 3821
1195 4505
1196 3874
1197 2658
1198 3650
1199 4925
1200 4830
1201 4718
1202 3120
1203 2648
1204 3757
1205 3135
1206 2825
1207 4543
1208 4643
1209 3065
1210 3686
1211 4655
1212 3012
1213 2965
1214 4652
1215 3969
1216 3933
1217 2992
1218 2867
1219 3411
1220 3342
1221 3279
1222 4960
1223 2727
1224 3700
1225 2976
1226 3831
1227 4766
1228 3876
1229 4010
1230 4390
1231 2635
1232 2831
1233 3570
1234 4020
1235 3634
1236 4179
1237 2907
1238 2739
1239 4498
1240 3281
1241 4837
1242 4446
1243 3554
1244 3833
1245 2514
1246 3878
1247 2601
1248 4870
1249 3948
1250 4016
1251 3837
1252 3145
1253 4703
1254 4460
1255 3003
1256 4604
1257 3485
1258 2962
1259 4508
1260 4110
1261 2715
1262 3193
1263 3615
1264 4405
1265 4805
1266 4363
1267 4441
1268 4622
1269 2634
1270 3040
1271 2777
1272 4067
1273 2613
1274 4230
1275 3474
1276 3698
1277 3062
1278 3680
1279 3521
1280 4744
1281 4480
1282 2815
1283 3652
1284 3268
1285 4711
1286 3064
1287 2683
1288 3830
1289 3851
1290 3479
1291 3734
1292 3632
1293 3871
1294 3727
1295 3383
1296 2513
1297 3011
1298 4936
1299 4389
1300 3213
1301 2752
1302 3839
1303 4590
1304 4819
1305 4340
1306 4024
1307 3102
1308 3108
1309 3643
1310 4650
1311 2562
1312 3573
1313 3075
1314 4149
1315 3447
1316 3939
1317 3055
1318 3949
1319 4803
1320 2560
1321 3697
1322 3096
1323 3239
1324 4551
1325 2678
1326 4348
1327 2664
1328 4241
1329 4078
1330 3523
1331 4843
1332 3692
1333 4365
1334 4723
1335 4401
1336 2666
1337 3774
1338 4477
1339 3500
1340 3086
1341 3549
1342 4752
1343 3230
1344 3813
1345 3870
1346 4236
1347 3343
1348 3446
1349 3978
1350 2516
1351 4949
1352 4720
1353 4617
1354 3300
1355 4098
1356 3221
1357 2522
1358 3288
1359 2684
1360 2954
1361 2863
1362 4865
1363 4123
1364 4305
1365 4993
1366 4573
1367 4273
1368 3465
1369 3142
1370 4304
1371 4677
1372 3936
1373 3545
1374 4104
1375 4015
1376 2641
1377 4636
1378 2503
1379 4249
1380 3413
1381 4738
1382 4680
1383 4013
1384 3599
1385 4247
1386 4942
1387 3917
1388 4180
1389 2708
1390 3729
1391 4996
1392 4156
1393 3788
1394 2734
1395 3862
1396 3092
1397 4397
1398 3002
1399 4846
1400 3199
1401 2949
1402 4073
1403 4205
1404 3352
1405 3162
1406 4068
1407 3856
1408 3714
1409 3384
1410 4484
1411 3438
1412 3663
1413 2884
1414 3266
1415 3080
1416 3117
1417 3528
1418 2725
1419 4046
1420 3677
1421 3769
1422 4676
1423 3371
1424 2523
1425 3487
1426 4799
1427 3235
1428 4025
1429 4663
1430 4625
1431 3605
1432 3497
1433 3660
1434 2927
1435 4280
1436 2783
1437 3208
1438 4412
1439 4781
1440 3713
1441 4287
1442 3386
1443 4383
1444 4282
1445 3602
1446 4541
1447 4174
1448 2852
1449 4842
1450 3503
1451 4323
1452 3637
1453 4544
1454 3430
1455 4062
1456 4717
1457 4579
1458 3751
1459 4667
1460 4373
1461 4557
1462 4387
1463 4661
1464 4362
1465 4267
1466 4575
1467 3303
1468 4494
1469 4906
1470 3807
1471 3693
1472 4892
1473 4642
1474 3909
1475 4049
1476 4155
1477 4138
1478 4171
1479 4721
1480 3385
1481 3627
1482 4325
1483 4739
1484 4988
1485 2506
1486 4530
1487 3276
1488 3895
1489 4029
1490 4211
1491 3215
1492 4694
1493 2699
1494 3753
1495 4292
1496 4726
1497 4244
1498 2657
1499 4436
1500 2947
1501 3613
1502 4478
1503 3730
1504 3231
1505 4591
1506 4330
1507 4131
1508 3689
1509 4284
1510 2900
1511 4033
1512 4895
1513 3169
1514 4222
1515 3710
1516 2762
1517 3240
1518 4278
1519 4337
1520 3614
1521 3167
1522 3168
1523 3738
1524 2656
1525 2550
1526 3242
1527 3982
1528 2974
1529 3318
1530 4094
1531 2878
1532 3923
1533 3104
1534 3020
1535 4593
1536 2937
1537 3947
1538 2980
1539 3563
1540 3299
1541 3705
1542 4395
1543 4990
1544 2811
1545 3529
1546 4235
1547 3049
1548 4275
1549 2538
1550 3362
1551 4444
1552 3946
1553 3683
1554 3028
1555 2645
1556 2952
1557 3585
1558 3960
1559 3467
1560 4040
1561 4878
1562 3090
1563 2787
1564 2557
1565 4903
1566 2571
1567 4447
1568 2924
1569 2610
1570 3044
1571 4154
1572 3050
1573 4898
1574 3665
1575 3979
1576 2982
1577 3267
1578 2568
1579 4977
1580 4831
1581 4172
1582 3048
1583 4295
1584 4553
1585 4937
1586 4338
1587 4042
1588 3580
1589 3337
1590 3834
1591 3957
1592 3309
1593 4658
1594 3750
1595 4861
1596 2803
1597 3326
1598 4103
1599 2931
1600 3898
1601 3673
1602 4592
1603 4091
1604 4427
1605 4883
1606 4917
1607 3968
1608 2801
1609 2586
1610 4212
1611 2986
1612 3838
1613 4528
1614 3983
1615 3762
1616 3997
1617 4782
1618 4277
1619 2915
1620 2828
1621 2866
1622 2774
1623 4764
1624 4863
1625 2531
1626 2625
1627 3315
1628 2928
1629 4495
1630 3941
1631 3356
1632 3535
1633 3284
1634 4970
1635 4580
1636 2631
1637 2729
1638 4482
1639 2689
1640 4707
1641 2740
1642 3401
1643 4200
1644 3042
1645 3321
1646 3076
1647 3144
1648 3071
1649 4152
1650 3604
1651 4454
1652 4170
1653 3768
1654 2926
1655 3405
1656 2958
1657 4160
1658 3376
1659 4712
1660 3609
1661 4733
1662 3591
1663 3224
1664 2593
1665 4341
1666 3805
1667 4206
1668 4714
1669 3488
1670 4181
1671 4825
1672 4327
1673 4317
1674 4391
1675 4527
1676 4537
1677 4072
1678 4833
1679 2686
1680 4897
1681 3354
1682 3494
1683 2517
1684 2790
1685 4276
1686 3429
1687 4132
1688 4589
1689 2581
1690 3259
1691 4915
1692 3636
1693 4613
1694 3904
1695 2738
1696 3420
1697 4083
1698 3865
1699 3031
1700 4041
1701 4335
1702 4852
1703 4882
1704 2533
1705 4696
1706 3426
1707 4644
1708 4128
1709 4119
1710 3685
1711 4609
1712 4935
1713 4768
1714 4113
1715 4753
1716 2796
1717 3204
1718 4507
1719 4168
1720 4746
1721 3787
1722 4096
1723 4798
1724 4416
1725 3970
1726 4463
1727 2589
1728 4082
1729 4559
1730 3129
1731 3744
1732 4371
1733 4945
1734 2735
1735 3836
1736 2697
1737 4858
1738 2872
1739 2525
1740 4957
1741 4556
1742 4595
1743 3823
1744 3158
1745 3688
1746 4978
1747 3828
1748 3481
1749 4164
1750 4616
1751 3490
1752 4038
1753 3332
1754 2588
1755 4725
1756 3802
1757 4731
1758 4980
1759 3233
1760 2565
1761 2799
1762 2553
1763 4674
1764 3353
1765 3617
1766 2746
1767 2662
1768 2807
1769 2551
1770 2890
1771 4639
1772 3587
1773 3305
1774 2981
1775 4509
1776 2642
1777 4080
1778 2770
1779 2605
1780 4890
1781 3419
1782 2527
1783 4927
1784 4868
1785 3779
1786 2672
1787 3707
1788 4336
1789 3901
1790 2594
1791 4294
1792 2936
1793 4623
1794 4770
1795 3052
1796 2869
1797 4583
1798 3550
1799 3159
1800 4796
1801 2600
1802 3759
1803 2759
1804 3661
1805 4254
1806 4550
1807 4894
1808 3922
1809 4121
1810 3121
1811 4785
1812 3214
1813 3565
1814 3578
1815 4983
1816 3212
1817 3594
1818 2997
1819 3289
1820 4774
1821 3311
1822 3512
1823 4715
1824 3940
1825 2959
1826 3414
1827 4586
1828 3709
1829 4626
1830 3257
1831 2731
1832 3930
1833 4511
1834 4847
1835 2925
1836 4641
1837 2767
1838 4315
1839 4828
1840 2583
1841 3275
1842 4054
1843 2682
1844 4221
1845 4620
1846 3524
1847 3294
1848 4923
1849 2582
1850 3965
1851 4532
1852 4653
1853 2860
1854 2845
1855 2776
1856 4143
1857 3492
1858 4729
1859 2943
1860 2991
1861 4874
1862 3504
1863 3571
1864 3721
1865 4860
1866 2629
1867 4297
1868 4419
1869 3986
1870 2511
1871 4510
1872 4064
1873 4357
1874 4136
1875 4588
1876 4039
1877 4224
1878 4679
1879 2840
1880 3915
1881 3675
1882 2564
1883 2749
1884 3436
1885 4445
1886 4656
1887 4074
1888 4797
1889 4566
1890 2532
1891 2598
1892 4700
1893 2585
1894 4669
1895 4120
1896 2851
1897 2920
1898 3105
1899 3280
1900 4018
1901 3403
1902 4940
1903 3329
1904 4850
1905 3425
1906 3829
1907 4428
1908 3182
1909 4608
1910 2692
1911 3238
1912 4734
1913 4048
1914 3395
1915 2574
1916 3253
1917 3359
1918 4536
1919 3422
1920 3397
1921 4755
1922 3684
1923 3633
1924 3959
1925 3248
1926 4189
1927 3559
1928 3255
1929 3046
1930 4353
1931 4594
1932 4005
1933 3310
1934 2556
1935 3778
1936 4425
1937 4450
1938 4057
1939 2679
1940 3765
1941 3428
1942 3679
1943 4686
1944 4087
1945 3981
1946 4835
1947 4107
1948 4319
1949 2758
1950 3873
1951 3763
1952 3389
1953 2998
1954 3172
1955 2509
1956 3799
1957 4582
1958 4808
1959 4769
1960 3716
1961 2939
1962 4071
1963 4485
1964 4452
1965 3163
1966 2566
1967 3103
1968 4060
1969 3228
1970 4388
1971 4698
1972 4747
1973 4607
1974 3216
1975 3826
1976 3101
1977 3832
1978 4037
1979 2712
1980 4778
1981 2691
1982 2529
1983 4974
1984 3161
1985 3760
1986 4311
1987 3444
1988 3113
1989 3441
1990 3507
1991 4375
1992 3656
1993 3767
1994 3400
1995 3864
1996 4932
1997 3557
1998 4916
1999 4086
2000 4151
2001 3067
2002 4075
2003 4175
2004 3283
2005 3791
2006 3568
2007 4245
2008 4413
2009 3984
2010 3415
2011 3464
2012 2827
2013 3198
2014 4702
2015 4213
2016 4500
2017 2883
2018 4457
2019 2636
2020 3155
2021 3057
2022 3037
2023 4823
2024 3808
2025 4434
2026 4256
2027 4654
2028 3644
2029 4314
2030 2820
2031 3850
2032 2995
2033 3539
2034 4994
2035 3817
2036 4678
2037 4992
2038 3715
2039 4376
2040 3007
2041 2599
2042 3726
2043 3320
2044 3010
2045 3934
2046 3463
2047 3797
2048 3473
2049 3178
2050 4386
2051 2670
2052 3598
2053 4921
2054 4771
2055 4918
2056 4003
2057 3038
2058 4827
2059 4948
2060 4562
2061 3058
2062 2967
2063 3098
2064 4968
2065 2837
2066 3974
2067 4934
2068 2616
2069 2838
2070 4059
2071 3603
2072 4946
2073 3544
2074 3254
2075 3015
2076 4101
2077 3651
2078 3891
2079 3292
2080 4432
2081 3953
2082 2975
2083 4584
2084 4487
2085 3929
2086 4431
2087 4127
2088 2823
2089 4173
2090 4350
2091 4079
2092 3210
2093 2932
2094 4943
2095 3278
2096 4291
2097 4548
2098 3188
2099 4044
2100 4688
2101 4465
2102 4204
2103 3296
2104 4571
2105 2595
2106 4971
2107 4394
2108 3136
2109 3701
2110 4418
2111 2627
2112 2728
2113 4581
2114 3989
2115 4109
2116 3785
2117 3367
2118 4402
2119 2969
2120 3265
2121 2859
2122 2741
2123 3962
2124 3032
2125 4762
2126 4630
2127 3262
2128 3912
2129 4374
2130 4339
2131 3457
2132 4396
2133 4148
2134 2888
2135 2842
2136 4503
2137 4253
2138 3369
2139 3137
2140 3845
2141 3913
2142 4056
2143 2881
2144 3937
2145 4687
2146 3133
2147 4422
2148 3985
2149 2891
2150 3328
2151 4302
2152 4873
2153 2909
2154 2750
2155 3628
2156 2857
2157 3244
2158 3001
2159 3531
2160 4137
2161 4052
2162 4767
2163 4403
2164 3181
2165 3126
2166 4145
2167 2643
2168 4166
2169 4476
2170 3391
2171 4328
2172 4034
2173 2843
2174 4237
2175 2608
2176 3222
2177 4520
2178 2885
2179 3951
2180 2744
2181 3932
2182 3027
2183 3398
2184 2894
2185 3601
2186 4567
2187 2543
2188 3646
2189 4872
2190 3087
2191 2578
2192 4864
2193 3341
2194 4829
2195 4563
2196 3931
2197 3666
2198 4713
2199 3017
2200 2591
2201 2534
2202 3869
2203 3835
2204 3073
2205 3082
2206 4499
2207 2874
2208 3655
2209 3513
2210 4955
2211 3203
2212 4470
2213 3928
2214 2526
2215 3649
2216 3626
2217 4228
2218 4424
2219 2660
2220 3510
2221 4407
2222 4857
2223 3583
2224 4260
2225 4047
2226 2620
2227 4028
2228 3607
2229 4724
2230 4162
2231 3593
2232 4102
2233 4681
2234 4225
2235 2639
2236 3858
2237 3319
2238 3171
2239 4232
2240 3586
2241 3894
2242 3854
2243 4051
2244 3848
2245 4684
2246 3404
2247 4967
2248 4783
2249 2979
2250 3118
2251 3690
2252 4352
2253 3725
2254 3795
2255 3374
2256 4672
2257 3382
2258 2651
2259 2541
2260 3880
2261 4901
2262 4763
2263 4193
2264 2844
2265 2676
2266 3733
2267 3597
2268 2530
2269 4704
2270 2782
2271 2817
2272 4313
2273 3600
2274 3347
2275 2886
2276 3325
2277 4665
2278 3439
2279 3077
2280 4697
2281 2520
2282 4183
2283 4685
2284 3030
2285 3618
2286 4252
2287 2652
2288 3852
2289 2938
2290 3324
2291 3360
2292 4743
2293 3245
2294 4021
2295 3364
2296 3653
2297 3659
2298 2917
2299 2824
2300 3149
2301 4793
2302 4756
2303 3418
2304 4027
2305 2688
2306 3629
2307 3333
2308 3668
2309 3379
2310 3475
2311 3682
2312 4962
2313 3780
2314 3676
2315 3302
2316 2745
2317 4930
2318 4576
2319 4342
2320 3567
2321 3390
2322 3393
2323 3164
2324 3796
2325 2668
2326 2611
2327 4288
2328 4887
2329 3399
2330 4867
2331 3019
2332 2861
2333 3569
2334 4017
2335 3506
2336 3537
2337 4841
2338 2977
2339 2650
2340 4920
2341 2685
2342 4708
2343 3540
2344 2880
2345 3811
2346 3596
2347 4257
2348 2919
2349 3130
2350 3291
2351 2814
2352 4730
2353 4144
2354 3742
2355 4866
2356 4430
2357 2955
2358 4191
2359 4084
2360 2732
2361 4140
2362 4308
2363 4765
2364 4757
2365 4912
2366 4417
2367 3699
2368 3061
2369 4105
2370 4959
2371 4268
2372 3942
2373 3370
2374 4188
2375 3377
2376 3868
2377 2576
2378 4526
2379 4490
2380 3421
2381 3859
2382 3060
2383 4751
2384 3466
2385 3100
2386 4516
2387 4194
2388 3410
2389 4036
2390 4519
2391 2754
2392 3236
2393 2771
2394 4215
2395 4629
2396 2653
2397 3330
2398 3107
2399 4219
2400 4004
2401 3993
2402 3906
2403 3406
2404 4671
2405 4293
2406 3013
2407 4272
2408 4492
2409 4116
2410 2830
2411 2963
2412 3143
2413 2694
2414 4633
2415 2518
2416 3021
2417 4216
2418 3036
2419 3773
2420 2700
2421 4855
2422 2702
2423 4869
2424 4372
2425 4506
2426 4502
2427 3297
2428 3590
2429 3849
2430 2646
2431 3872
2432 4320
2433 2990
2434 3273
2435 4574
2436 3312
2437 4209
2438 4355
2439 2895
2440 3719
2441 2743
2442 3153
2443 2609
2444 2892
2445 4761
2446 3893
2447 3556
2448 3335
2449 4692
2450 3437
2451 3546
2452 3562
2453 4491
2454 2596
2455 4871
2456 4845
2457 3775
2458 3921
2459 3920
2460 2778
2461 3639
2462 4283
2463 2615
2464 2829
2465 4093
2466 4891
2467 4207
2468 2809
2469 3623
2470 3877
2471 2941
2472 2722
2473 2519
2474 4856
2475 3654
2476 2716
2477 3900
2478 3672
2479 4565
2480 4951
2481 4351
2482 2934
2483 4326
2484 3217
2485 4334
2486 4800
2487 4587
2488 3287
2489 3990
2490 3148
2491 2623
2492 3491
2493 3247
2494 4139
2495 4238
2496 4197
2497 4134
2498 3809
2499 3434
255376.790597636
