3555
4999 1327
4998 694
4997 1945
4996 560
4995 369
4994 1415
4993 1100
4992 1964
4991 862
4990 1268
4989 186
4988 205
4987 2195
4986 1174
4985 2371
4984 2143
4983 2306
4982 540
4981 143
4980 2147
4979 1026
4978 2143
4977 1746
4976 1451
4975 2003
4974 2329
4973 731
4972 365
4971 1437
4970 551
4969 2219
4968 771
4967 2476
4966 1843
4965 2194
4964 1451
4963 1059
4962 1311
4961 1500
4960 1688
4959 1862
4958 773
4957 725
4956 1994
4955 2326
4954 1271
4953 708
4952 540
4951 588
4950 112
4949 1081
4948 968
4947 1714
4946 222
4945 1108
4944 112
4943 1494
4942 1254
4941 1268
4940 784
4939 2226
4938 642
4937 1447
4936 285
4935 2225
4934 1615
4933 1735
4932 1213
4931 1806
4930 2119
4929 2097
4928 1975
4927 1324
4926 2367
4925 2337
4924 172
4923 319
4922 566
4921 554
4920 1535
4919 2178
4918 1241
4917 668
4916 2413
4915 424
4914 1212
4913 540
4912 1973
4911 1288
4910 1270
4909 1852
4908 257
4907 2476
4906 355
4905 2287
4904 547
4903 2124
4902 1315
4901 761
4900 721
4899 2453
4898 2180
4897 618
4896 2253
4895 1098
4894 1167
4893 1338
4892 341
4891 1951
4890 1072
4889 338
4888 2162
4887 1179
4886 2312
4885 1669
4884 793
4883 854
4882 1726
4881 103
4880 1893
4879 463
4878 448
4877 132
4876 1406
4875 2153
4874 297
4873 1774
4872 363
4871 2455
4870 502
4869 628
4868 2469
4867 308
4866 1026
4865 1103
4864 773
4863 663
4862 2020
4861 2341
4860 1270
4859 470
4858 1253
4857 538
4856 1287
4855 2421
4854 2424
4853 1335
4852 821
4851 139
4850 1877
4849 1780
4848 1711
4847 1880
4846 732
4845 1924
4844 2342
4843 1850
4842 97
4841 1557
4840 1963
4839 405
4838 1264
4837 2181
4836 97
4835 524
4834 32
4833 1229
4832 654
4831 1888
4830 599
4829 884
4828 1827
4827 827
4826 553
4825 1397
4824 1971
4823 1758
4822 32
4821 1109
4820 652
4819 274
4818 1035
4817 2012
4816 161
4815 1592
4814 2086
4813 859
4812 1600
4811 828
4810 983
4809 279
4808 544
4807 1698
4806 198
4805 919
4804 33
4803 1435
4802 760
4801 1116
4800 226
4799 863
4798 266
4797 764
4796 326
4795 2147
4794 2431
4793 1472
4792 1868
4791 1994
4790 1182
4789 447
4788 961
4787 1169
4786 2204
4785 1572
4784 1554
4783 1241
4782 928
4781 1381
4780 119
4779 873
4778 760
4777 410
4776 846
4775 2149
4774 1530
4773 372
4772 1895
4771 927
4770 1926
4769 2007
4768 1395
4767 1331
4766 1447
4765 683
4764 726
4763 1646
4762 528
4761 520
4760 1828
4759 595
4758 1362
4757 343
4756 38
4755 318
4754 2437
4753 933
4752 36
4751 758
4750 476
4749 2009
4748 980
4747 1872
4746 1484
4745 771
4744 827
4743 665
4742 1012
4741 1820
4740 194
4739 2446
4738 213
4737 415
4736 2052
4735 780
4734 2196
4733 1003
4732 609
4731 2118
4730 370
4729 722
4728 37
4727 1112
4726 166
4725 1130
4724 117
4723 1408
4722 50
4721 1886
4720 1299
4719 211
4718 2484
4717 2192
4716 1877
4715 2420
4714 1147
4713 718
4712 668
4711 1270
4710 432
4709 1082
4708 642
4707 410
4706 1363
4705 1647
4704 1372
4703 575
4702 437
4701 1293
4700 1670
4699 430
4698 1481
4697 1858
4696 1970
4695 2109
4694 1638
4693 633
4692 1316
4691 288
4690 360
4689 1401
4688 442
4687 1857
4686 328
4685 2412
4684 2212
4683 1236
4682 487
4681 299
4680 838
4679 1623
4678 2251
4677 1095
4676 624
4675 125
4674 292
4673 2491
4672 1956
4671 318
4670 777
4669 1222
4668 2417
4667 1833
4666 1264
4665 702
4664 187
4663 932
4662 54
4661 151
4660 880
4659 1419
4658 1326
4657 76
4656 1066
4655 1359
4654 2461
4653 1273
4652 1186
4651 852
4650 1548
4649 1040
4648 295
4647 872
4646 101
4645 2312
4644 1514
4643 622
4642 1136
4641 222
4640 404
4639 1310
4638 1982
4637 285
4636 924
4635 1695
4634 444
4633 2155
4632 1995
4631 157
4630 674
4629 566
4628 1123
4627 1963
4626 1080
4625 471
4624 1792
4623 2495
4622 1661
4621 499
4620 243
4619 2465
4618 1792
4617 916
4616 571
4615 1053
4614 1195
4613 1184
4612 1417
4611 1184
4610 688
4609 2150
4608 107
4607 638
4606 2064
4605 1692
4604 2177
4603 1649
4602 1088
4601 1541
4600 1495
4599 1333
4598 2061
4597 503
4596 111
4595 2384
4594 641
4593 1
4592 2480
4591 773
4590 3
4589 1384
4588 2125
4587 669
4586 564
4585 573
4584 1799
4583 1903
4582 1983
4581 2493
4580 129
4579 1235
4578 745
4577 2385
4576 1632
4575 2308
4574 2305
4573 1364
4572 883
4571 2288
4570 262
4569 1947
4568 1097
4567 1827
4566 1964
4565 795
4564 1726
4563 1647
4562 515
4561 763
4560 1654
4559 1125
4558 170
4557 1772
4556 2189
4555 296
4554 2188
4553 1110
4552 2448
4551 1085
4550 1774
4549 798
4548 251
4547 1335
4546 1335
4545 344
4544 1039
4543 1158
4542 1255
4541 345
4540 1336
4539 1027
4538 426
4537 1245
4536 1678
4535 815
4534 1848
4533 771
4532 2085
4531 1714
4530 476
4529 2366
4528 1157
4527 2296
4526 443
4525 2182
4524 686
4523 31
4522 1925
4521 2366
4520 1709
4519 1926
4518 1279
4517 2058
4516 2237
4515 9
4514 676
4513 778
4512 1903
4511 1034
4510 1490
4509 1279
4508 2443
4507 2429
4506 2072
4505 1925
4504 1430
4503 1895
4502 1031
4501 780
4500 1827
4499 1941
4498 2282
4497 1130
4496 806
4495 883
4494 1046
4493 305
4492 1871
4491 1042
4490 629
4489 860
4488 977
4487 675
4486 1989
4485 315
4484 1498
4483 140
4482 798
4481 224
4480 58
4479 1827
4478 370
4477 1457
4476 665
4475 1023
4474 965
4473 2433
4472 1616
4471 92
4470 696
4469 522
4468 1909
4467 2001
4466 773
4465 1202
4464 1051
4463 1341
4462 566
4461 2167
4460 2476
4459 1509
4458 1049
4457 1586
4456 1928
4455 1689
4454 1644
4453 1931
4452 1111
4451 24
4450 2063
4449 1493
4448 1296
4447 279
4446 457
4445 599
4444 1434
4443 1531
4442 1286
4441 1638
4440 722
4439 1273
4438 1188
4437 1253
4436 1074
4435 1400
4434 963
4433 888
4432 1852
4431 2361
4430 1879
4429 341
4428 1347
4427 1034
4426 1910
4425 2175
4424 1193
4423 709
4422 578
4421 1447
4420 472
4419 1620
4418 2249
4417 1941
4416 1322
4415 387
4414 2281
4413 57
4412 670
4411 882
4410 466
4409 208
4408 1767
4407 1097
4406 404
4405 248
4404 1389
4403 1174
4402 652
4401 1335
4400 1623
4399 1963
4398 2461
4397 1671
4396 1898
4395 2454
4394 1472
4393 487
4392 2095
4391 1674
4390 1122
4389 500
4388 2218
4387 2366
4386 418
4385 1925
4384 697
4383 237
4382 1537
4381 905
4380 2052
4379 1155
4378 2109
4377 1130
4376 1458
4375 192
4374 2379
4373 574
4372 1732
4371 714
4370 1415
4369 1629
4368 852
4367 1778
4366 2418
4365 2063
4364 854
4363 2435
4362 1632
4361 1258
4360 2361
4359 439
4358 1330
4357 802
4356 2488
4355 1883
4354 1799
4353 1872
4352 471
4351 588
4350 1678
4349 1521
4348 1326
4347 578
4346 1007
4345 452
4344 1227
4343 898
4342 2007
4341 604
4340 1083
4339 171
4338 1096
4337 1391
4336 1073
4335 1877
4334 2485
4333 2047
4332 79
4331 372
4330 1680
4329 2110
4328 119
4327 390
4326 1964
4325 38
4324 1417
4323 1975
4322 798
4321 768
4320 2311
4319 1697
4318 658
4317 1393
4316 1424
4315 668
4314 42
4313 865
4312 55
4311 974
4310 1923
4309 723
4308 1156
4307 1391
4306 1868
4305 1340
4304 113
4303 2454
4302 975
4301 189
4300 1297
4299 1944
4298 1776
4297 196
4296 2056
4295 708
4294 1763
4293 794
4292 1715
4291 1290
4290 1803
4289 2243
4288 2191
4287 1389
4286 2362
4285 291
4284 600
4283 1107
4282 927
4281 2186
4280 272
4279 1639
4278 2350
4277 1503
4276 451
4275 821
4274 421
4273 1524
4272 2242
4271 657
4270 56
4269 212
4268 1542
4267 1511
4266 663
4265 1975
4264 1485
4263 398
4262 679
4261 1611
4260 2384
4259 2390
4258 151
4257 1014
4256 369
4255 195
4254 1176
4253 2029
4252 2131
4251 182
4250 1122
4249 1922
4248 1274
4247 599
4246 2239
4245 2319
4244 975
4243 383
4242 2317
4241 1654
4240 334
4239 1499
4238 661
4237 312
4236 772
4235 1023
4234 1332
4233 281
4232 2434
4231 11
4230 1146
4229 1991
4228 1554
4227 106
4226 1908
4225 708
4224 1411
4223 1309
4222 2091
4221 291
4220 868
4219 1780
4218 57
4217 1675
4216 273
4215 1490
4214 833
4213 508
4212 1994
4211 31
4210 891
4209 264
4208 463
4207 844
4206 176
4205 1735
4204 2093
4203 1835
4202 1511
4201 211
4200 784
4199 194
4198 817
4197 379
4196 1322
4195 864
4194 2040
4193 585
4192 2327
4191 1778
4190 1365
4189 310
4188 1905
4187 84
4186 2458
4185 1917
4184 934
4183 1118
4182 1282
4181 244
4180 95
4179 334
4178 2129
4177 817
4176 716
4175 375
4174 38
4173 180
4172 1581
4171 1879
4170 691
4169 1567
4168 2401
4167 2288
4166 1947
4165 1518
4164 1355
4163 1227
4162 2437
4161 1881
4160 2202
4159 1557
4158 1216
4157 940
4156 2325
4155 1460
4154 1982
4153 349
4152 345
4151 260
4150 754
4149 2281
4148 1412
4147 1010
4146 464
4145 509
4144 566
4143 5
4142 733
4141 605
4140 2468
4139 515
4138 1758
4137 156
4136 1514
4135 1638
4134 760
4133 1385
4132 1147
4131 77
4130 1819
4129 175
4128 996
4127 2078
4126 1262
4125 613
4124 550
4123 1819
4122 105
4121 51
4120 1234
4119 2419
4118 2005
4117 494
4116 1616
4115 2470
4114 2157
4113 1571
4112 753
4111 670
4110 665
4109 494
4108 2465
4107 1709
4106 383
4105 762
4104 1405
4103 1529
4102 2161
4101 782
4100 2113
4099 1369
4098 1960
4097 1634
4096 280
4095 1237
4094 342
4093 523
4092 1670
4091 1389
4090 1845
4089 1636
4088 2424
4087 1304
4086 2024
4085 2144
4084 646
4083 1375
4082 2474
4081 2125
4080 1737
4079 1153
4078 760
4077 2047
4076 213
4075 1474
4074 60
4073 2447
4072 1850
4071 219
4070 2363
4069 811
4068 1523
4067 955
4066 1056
4065 665
4064 1164
4063 808
4062 2066
4061 1042
4060 1134
4059 687
4058 654
4057 161
4056 1842
4055 346
4054 2058
4053 1512
4052 2190
4051 352
4050 308
4049 144
4048 1016
4047 2461
4046 68
4045 372
4044 2260
4043 930
4042 2123
4041 697
4040 308
4039 1097
4038 798
4037 911
4036 2295
4035 2431
4034 185
4033 454
4032 164
4031 1243
4030 374
4029 2496
4028 797
4027 1641
4026 619
4025 1076
4024 2253
4023 31
4022 77
4021 2490
4020 1225
4019 1695
4018 2348
4017 1279
4016 24
4015 124
4014 2188
4013 1796
4012 466
4011 605
4010 100
4009 2224
4008 139
4007 340
4006 246
4005 311
4004 774
4003 469
4002 2273
4001 2058
4000 3
3999 995
3998 943
3997 166
3996 2297
3995 2390
3994 440
3993 625
3992 1620
3991 1849
3990 2436
3989 2357
3988 930
3987 1698
3986 1332
3985 21
3984 164
3983 572
3982 539
3981 831
3980 2471
3979 2239
3978 1477
3977 404
3976 1435
3975 2351
3974 465
3973 890
3972 1010
3971 302
3970 1989
3969 478
3968 2040
3967 1494
3966 59
3965 1222
3964 2008
3963 1152
3962 188
3961 176
3960 2427
3959 1897
3958 54
3957 1224
3956 392
3955 2366
3954 232
3953 709
3952 2384
3951 893
3950 1468
3949 819
3948 15
3947 1138
3946 1676
3945 1130
3944 1607
3943 1616
3942 22
3941 873
3940 574
3939 1776
3938 571
3937 452
3936 432
3935 1377
3934 354
3933 1460
3932 1700
3931 635
3930 1324
3929 2197
3928 2104
3927 499
3926 1706
3925 376
3924 1420
3923 2372
3922 2383
3921 1059
3920 102
3919 1788
3918 2444
3917 686
3916 1174
3915 2157
3914 1725
3913 2491
3912 2364
3911 1724
3910 2297
3909 2314
3908 1903
3907 557
3906 1444
3905 933
3904 726
3903 291
3902 378
3901 1083
3900 643
3899 202
3898 1116
3897 1066
3896 337
3895 1626
3894 1271
3893 1250
3892 623
3891 443
3890 522
3889 1090
3888 375
3887 1183
3886 2171
3885 2174
3884 2474
3883 1949
3882 1807
3881 494
3880 1221
3879 1463
3878 531
3877 2044
3876 232
3875 1392
3874 70
3873 859
3872 240
3871 1340
3870 2090
3869 1513
3868 710
3867 599
3866 2215
3865 2414
3864 1657
3863 2307
3862 1727
3861 644
3860 225
3859 986
3858 1954
3857 385
3856 989
3855 110
3854 452
3853 1185
3852 383
3851 1151
3850 677
3849 902
3848 71
3847 2288
3846 2446
3845 1529
3844 1480
3843 887
3842 1809
3841 2371
3840 599
3839 1317
3838 222
3837 1993
3836 1676
3835 2412
3834 572
3833 289
3832 1363
3831 1828
3830 1051
3829 2435
3828 1709
3827 528
3826 338
3825 513
3824 291
3823 2365
3822 876
3821 485
3820 489
3819 199
3818 1720
3817 15
3816 1897
3815 678
3814 1262
3813 161
3812 1155
3811 914
3810 1254
3809 1134
3808 1889
3807 1986
3806 2219
3805 1419
3804 1130
3803 1180
3802 199
3801 639
3800 625
3799 2256
3798 1957
3797 589
3796 1758
3795 1933
3794 1434
3793 266
3792 1260
3791 1492
3790 720
3789 1085
3788 1236
3787 911
3786 1299
3785 2245
3784 696
3783 1565
3782 2093
3781 1908
3780 1865
3779 413
3778 1
3777 58
3776 2024
3775 1710
3774 2361
3773 1602
3772 448
3771 761
3770 1511
3769 1925
3768 2025
3767 1347
3766 2024
3765 1443
3764 1107
3763 703
3762 1460
3761 944
3760 1277
3759 2323
3758 1222
3757 185
3756 168
3755 633
3754 606
3753 1714
3752 554
3751 1075
3750 2106
3749 1827
3748 571
3747 1726
3746 2391
3745 2384
3744 1684
3743 1521
3742 1898
3741 2475
3740 212
3739 995
3738 1406
3737 466
3736 2118
3735 2218
3734 2100
3733 1083
3732 524
3731 1402
3730 1751
3729 384
3728 229
3727 343
3726 1767
3725 1651
3724 273
3723 2322
3722 599
3721 556
3720 1339
3719 1569
3718 150
3717 136
3716 489
3715 1344
3714 729
3713 1697
3712 859
3711 262
3710 815
3709 1942
3708 1119
3707 1812
3706 2286
3705 2234
3704 2174
3703 2222
3702 448
3701 1417
3700 1580
3699 12
3698 2009
3697 1728
3696 21
3695 1564
3694 832
3693 867
3692 1692
3691 1799
3690 563
3689 397
3688 1621
3687 140
3686 194
3685 1273
3684 672
3683 2433
3682 522
3681 730
3680 1247
3679 1843
3678 1378
3677 489
3676 775
3675 936
3674 27
3673 384
3672 2256
3671 2487
3670 2499
3669 1134
3668 1222
3667 646
3666 55
3665 1362
3664 1084
3663 2248
3662 1774
3661 1647
3660 596
3659 1931
3658 1455
3657 1604
3656 2033
3655 639
3654 187
3653 2453
3652 747
3651 1099
3650 1828
3649 1638
3648 854
3647 1206
3646 1633
3645 1112
3644 362
3643 646
3642 2025
3641 465
3640 1424
3639 585
3638 384
3637 2475
3636 1332
3635 1468
3634 1624
3633 2357
3632 2365
3631 2175
3630 711
3629 17
3628 345
3627 2293
3626 313
3625 605
3624 1486
3623 2331
3622 2370
3621 842
3620 4
3619 625
3618 1976
3617 1765
3616 1354
3615 661
3614 679
3613 1237
3612 817
3611 915
3610 896
3609 2104
3608 43
3607 10
3606 505
3605 1017
3604 851
3603 1900
3602 2136
3601 1577
3600 383
3599 1871
3598 1855
3597 906
3596 873
3595 430
3594 780
3593 1670
3592 38
3591 1652
3590 158
3589 1521
3588 160
3587 2030
3586 606
3585 1858
3584 948
3583 2497
3582 2309
3581 1567
3580 1149
3579 1632
3578 161
3577 1290
3576 1196
3575 1913
3574 1369
3573 1843
3572 2093
3571 2166
3570 866
3569 350
3568 2494
3567 1872
3566 2206
3565 1501
3564 2188
3563 1245
3562 1280
3561 105
3560 582
3559 73
3558 1149
3557 599
3556 672
3555 2005
3554 838
3553 1846
3552 1511
3551 2101
3550 1997
3549 396
3548 1647
3547 1130
3546 4
3545 921
3544 2124
3543 1262
3542 303
3541 2102
3540 341
3539 635
3538 1732
3537 314
3536 2319
3535 1898
3534 1578
3533 419
3532 2192
3531 1508
3530 764
3529 1661
3528 416
3527 1638
3526 1647
3525 154
3524 2341
3523 2204
3522 38
3521 2306
3520 1980
3519 2342
3518 465
3517 916
3516 2129
3515 1403
3514 578
3513 828
3512 2043
3511 2475
3510 1772
3509 1787
3508 1031
3507 757
3506 1915
3505 287
3504 1862
3503 1448
3502 2011
3501 1026
3500 686
3499 2426
3498 1962
3497 992
3496 1459
3495 772
3494 1838
3493 51
3492 889
3491 2061
3490 730
3489 665
3488 424
3487 1122
3486 1736
3485 1834
3484 527
3483 234
3482 262
3481 659
3480 1633
3479 437
3478 1842
3477 370
3476 423
3475 1466
3474 1770
3473 993
3472 416
3471 1788
3470 886
3469 1834
3468 1927
3467 1731
3466 1156
3465 2370
3464 1895
3463 132
3462 1368
3461 985
3460 1870
3459 1346
3458 999
3457 2286
3456 405
3455 1659
3454 907
3453 2273
3452 1047
3451 2212
3450 2433
3449 1723
3448 780
3447 1574
3446 2161
3445 742
3444 430
3443 980
3442 759
3441 2438
3440 877
3439 472
3438 2351
3437 258
3436 831
3435 2409
3434 1146
3433 1993
3432 2370
3431 1929
3430 563
3429 746
3428 2366
3427 1808
3426 1232
3425 1737
3424 1799
3423 2180
3422 2244
3421 2322
3420 74
3419 2313
3418 1721
3417 2450
3416 191
3415 2260
3414 970
3413 280
3412 1838
3411 681
3410 1052
3409 1971
3408 600
3407 566
3406 1417
3405 162
3404 1153
3403 1384
3402 1058
3401 278
3400 193
3399 585
3398 227
3397 2294
3396 865
3395 1753
3394 540
3393 803
3392 2467
3391 868
3390 1039
3389 971
3388 1680
3387 1744
3386 540
3385 1698
3384 1671
3383 1808
3382 1574
3381 1714
3380 1478
3379 711
3378 189
3377 918
3376 1865
3375 842
3374 2427
3373 1686
3372 1220
3371 1120
3370 2481
3369 1083
3368 955
3367 1545
3366 1665
3365 391
3364 1700
3363 1392
3362 2469
3361 1136
3360 633
3359 665
3358 238
3357 833
3356 1909
3355 1760
3354 2448
3353 660
3352 520
3351 1971
3350 1363
3349 120
3348 2370
3347 1267
3346 14
3345 522
3344 1309
3343 1403
3342 798
3341 2420
3340 1791
3339 1071
3338 491
3337 1253
3336 352
3335 611
3334 1548
3333 746
3332 1459
3331 1262
3330 2017
3329 2481
3328 558
3327 1570
3326 758
3325 1748
3324 1420
3323 1273
3322 19
3321 2279
3320 1026
3319 2166
3318 2366
3317 1298
3316 2446
3315 474
3314 1938
3313 1369
3312 2188
3311 694
3310 2153
3309 714
3308 1637
3307 339
3306 2028
3305 329
3304 1236
3303 3
3302 594
3301 1226
3300 710
3299 925
3298 1779
3297 1240
3296 426
3295 889
3294 930
3293 1886
3292 2290
3291 1122
3290 530
3289 386
3288 1351
3287 1632
3286 305
3285 534
3284 1039
3283 2463
3282 2297
3281 2039
3280 686
3279 1370
3278 2292
3277 2420
3276 579
3275 466
3274 170
3273 545
3272 940
3271 352
3270 1265
3269 437
3268 197
3267 80
3266 1726
3265 583
3264 1309
3263 1732
3262 552
3261 955
3260 2437
3259 2493
3258 166
3257 1043
3256 1594
3255 199
3254 358
3253 1235
3252 1411
3251 1633
3250 272
3249 902
3248 1403
3247 887
3246 956
3245 1481
3244 1651
3243 824
3242 2122
3241 728
3240 252
3239 913
3238 1039
3237 2421
3236 2388
3235 541
3234 955
3233 2460
3232 1347
3231 2142
3230 1265
3229 231
3228 1575
3227 349
3226 56
3225 277
3224 728
3223 839
3222 688
3221 986
3220 2101
3219 1574
3218 940
3217 1042
3216 775
3215 1114
3214 773
3213 122
3212 737
3211 309
3210 14
3209 39
3208 2250
3207 430
3206 1864
3205 1075
3204 1194
3203 1850
3202 117
3201 298
3200 226
3199 625
3198 320
3197 276
3196 1648
3195 943
3194 528
3193 1512
3192 2324
3191 191
3190 686
3189 1767
3188 1624
3187 1449
3186 2231
3185 2282
3184 114
3183 1557
3182 1946
3181 1267
3180 2493
3179 472
3178 924
3177 378
3176 132
3175 1614
3174 1097
3173 1575
3172 779
3171 1273
3170 1786
3169 637
3168 406
3167 1184
3166 2360
3165 1910
3164 1833
3163 302
3162 338
3161 986
3160 1808
3159 2083
3158 1526
3157 212
3156 130
3155 944
3154 376
3153 106
3152 108
3151 1829
3150 1379
3149 817
3148 2294
3147 983
3146 811
3145 1338
3144 28
3143 1216
3142 561
3141 2219
3140 1711
3139 1354
3138 686
3137 1665
3136 2015
3135 433
3134 1602
3133 2019
3132 760
3131 2465
3130 2322
3129 450
3128 292
3127 1324
3126 1439
3125 1002
3124 752
3123 838
3122 1133
3121 1424
3120 250
3119 2339
3118 2437
3117 2112
3116 1742
3115 1485
3114 1082
3113 1530
3112 915
3111 1877
3110 1064
3109 1465
3108 294
3107 471
3106 2029
3105 1299
3104 1136
3103 2026
3102 2182
3101 2025
3100 1835
3099 2192
3098 2082
3097 465
3096 444
3095 2355
3094 854
3093 1122
3092 1890
3091 740
3090 55
3089 1128
3088 1632
3087 1900
3086 1049
3085 427
3084 986
3083 2355
3082 2226
3081 1432
3080 1093
3079 1144
3078 1132
3077 2448
3076 1783
3075 1578
3074 2026
3073 2157
3072 772
3071 941
3070 1569
3069 1781
3068 86
3067 852
3066 38
3065 4
3064 1353
3063 96
3062 503
3061 1334
3060 2386
3059 2056
3058 917
3057 38
3056 1676
3055 1304
3054 1266
3053 1676
3052 822
3051 870
3050 1157
3049 360
3048 1851
3047 371
3046 2348
3045 1528
3044 987
3043 2123
3042 1880
3041 837
3040 812
3039 1196
3038 1202
3037 497
3036 1647
3035 1110
3034 1158
3033 1604
3032 1779
3031 127
3030 2101
3029 1544
3028 1304
3027 526
3026 2116
3025 485
3024 1544
3023 75
3022 466
3021 1167
3020 2162
3019 1456
3018 193
3017 1738
3016 1776
3015 777
3014 180
3013 1766
3012 367
3011 2419
3010 2258
3009 764
3008 327
3007 2341
3006 1054
3005 2374
3004 2184
3003 424
3002 675
3001 2319
3000 14
2999 1922
2998 1953
2997 1173
2996 2403
2995 655
2994 187
2993 2238
2992 2441
2991 1234
2990 237
2989 782
2988 180
2987 208
2986 1500
2985 349
2984 1015
2983 865
2982 2203
2981 1988
2980 2484
2979 2110
2978 1642
2977 1313
2976 428
2975 772
2974 2355
2973 418
2972 1735
2971 870
2970 615
2969 1015
2968 71
2967 95
2966 2007
2965 1996
2964 408
2963 712
2962 1943
2961 743
2960 2007
2959 1554
2958 1250
2957 1858
2956 441
2955 752
2954 2136
2953 701
2952 292
2951 1064
2950 2093
2949 2254
2948 1007
2947 582
2946 1577
2945 604
2944 1276
2943 2280
2942 396
2941 2013
2940 1761
2939 822
2938 1666
2937 2429
2936 1443
2935 1747
2934 1201
2933 1783
2932 1547
2931 1296
2930 579
2929 124
2928 340
2927 1245
2926 685
2925 1095
2924 2190
2923 1200
2922 36
2921 978
2920 11
2919 1900
2918 119
2917 522
2916 1204
2915 1718
2914 1976
2913 523
2912 663
2911 84
2910 207
2909 1180
2908 851
2907 1148
2906 706
2905 397
2904 1074
2903 911
2902 1027
2901 1571
2900 2157
2899 1366
2898 1342
2897 343
2896 1571
2895 2026
2894 153
2893 176
2892 1997
2891 623
2890 1879
2889 2215
2888 526
2887 2348
2886 1111
2885 2178
2884 2102
2883 1556
2882 578
2881 9
2880 808
2879 1780
2878 2061
2877 380
2876 646
2875 167
2874 553
2873 429
2872 1146
2871 2151
2870 357
2869 472
2868 423
2867 1424
2866 2278
2865 955
2864 418
2863 1770
2862 1544
2861 654
2860 1014
2859 2322
2858 173
2857 789
2856 1016
2855 505
2854 695
2853 1361
2852 19
2851 2430
2850 1574
2849 1449
2848 1346
2847 2391
2846 1107
2845 5
2844 100
2843 1020
2842 503
2841 1155
2840 1478
2839 1487
2838 1574
2837 1267
2836 1910
2835 1521
2834 2461
2833 844
2832 724
2831 1365
2830 2374
2829 687
2828 354
2827 1730
2826 683
2825 2443
2824 1827
2823 1606
2822 2190
2821 1872
2820 2456
2819 1920
2818 1056
2817 2271
2816 511
2815 100
2814 2154
2813 2132
2812 1267
2811 751
2810 565
2809 88
2808 1070
2807 1451
2806 1850
2805 2443
2804 1852
2803 171
2802 984
2801 76
2800 1967
2799 1525
2798 547
2797 978
2796 1264
2795 2077
2794 1151
2793 953
2792 395
2791 766
2790 895
2789 711
2788 2117
2787 1722
2786 2463
2785 1803
2784 856
2783 1171
2782 1328
2781 2269
2780 600
2779 2075
2778 915
2777 193
2776 472
2775 2314
2774 1478
2773 485
2772 2427
2771 2326
2770 1405
2769 1204
2768 318
2767 2438
2766 1607
2765 511
2764 1512
2763 1129
2762 693
2761 1429
2760 18
2759 2256
2758 1297
2757 471
2756 2113
2755 1533
2754 1661
2753 2162
2752 816
2751 2215
2750 2162
2749 1091
2748 2489
2747 1764
2746 1208
2745 597
2744 2140
2743 2328
2742 696
2741 1526
2740 846
2739 1173
2738 472
2737 510
2736 10
2735 180
2734 4
2733 1231
2732 687
2731 1050
2730 298
2729 1122
2728 1510
2727 2421
2726 1124
2725 2418
2724 1451
2723 1726
2722 538
2721 989
2720 933
2719 1180
2718 1952
2717 719
2716 299
2715 757
2714 1362
2713 787
2712 525
2711 268
2710 1947
2709 1199
2708 1237
2707 2380
2706 427
2705 1271
2704 2348
2703 2265
2702 348
2701 1317
2700 2188
2699 41
2698 1223
2697 1379
2696 2464
2695 1226
2694 685
2693 323
2692 2306
2691 1051
2690 2178
2689 2488
2688 2008
2687 679
2686 2294
2685 1786
2684 375
2683 1888
2682 1952
2681 2151
2680 1861
2679 257
2678 2328
2677 31
2676 252
2675 320
2674 2386
2673 1200
2672 443
2671 1436
2670 776
2669 1477
2668 291
2667 2381
2666 1346
2665 2105
2664 1996
2663 1526
2662 262
2661 12
2660 2066
2659 1513
2658 840
2657 30
2656 609
2655 1028
2654 679
2653 363
2652 227
2651 1322
2650 687
2649 1026
2648 157
2647 1108
2646 431
2645 2235
2644 884
2643 1158
2642 624
2641 1827
2640 2196
2639 65
2638 357
2637 1010
2636 1329
2635 783
2634 2288
2633 1969
2632 1273
2631 965
2630 652
2629 1198
2628 1772
2627 1245
2626 135
2625 1673
2624 31
2623 977
2622 903
2621 244
2620 1324
2619 2117
2618 1419
2617 1989
2616 1717
2615 1195
2614 939
2613 886
2612 223
2611 2118
2610 1010
2609 1576
2608 392
2607 260
2606 77
2605 2267
2604 2026
2603 998
2602 2162
2601 2410
2600 489
2599 888
2598 1309
2597 389
2596 1698
2595 529
2594 146
2593 2436
2592 1143
2591 978
2590 1075
2589 1498
2588 2437
2587 2076
2586 44
2585 736
2584 2476
2583 1726
2582 89
2581 1803
2580 1
2579 1348
2578 2327
2577 2407
2576 2021
2575 1192
2574 899
2573 540
2572 2311
2571 790
2570 455
2569 1898
2568 269
2567 32
2566 1232
2565 1186
2564 929
2563 668
2562 1865
2561 811
2560 1560
2559 1954
2558 1111
2557 1470
2556 167
2555 2341
2554 1545
2553 586
2552 1888
2551 911
2550 1746
2549 424
2548 194
2547 345
2546 438
2545 2329
2544 1589
2543 2183
2542 280
2541 1910
2540 5
2539 562
2538 1852
2537 1059
2536 1798
2535 1551
2534 591
2533 1831
2532 1492
2531 1639
2530 2366
2529 2245
2528 995
2527 2203
2526 291
2525 1621
2524 1182
2523 1226
2522 198
2521 1982
2520 1965
2519 542
2518 2003
2517 1979
2516 1731
2515 1668
2514 2389
2513 1935
2512 1298
2511 1792
2510 1772
2509 1544
2508 933
2507 1811
2506 1326
2505 139
2504 313
2503 1692
2502 1858
2501 1375
2500 2428
2498 4494
2492 4443
2486 3285
2483 3962
2482 3788
2479 3282
2478 2992
2477 2932
2473 2926
2472 2506
2466 3335
2462 2914
2459 3872
2457 4219
2452 2928
2451 3224
2449 3330
2445 4582
2442 3008
2440 3456
2439 3872
2432 3325
2425 3057
2423 3049
2422 2657
2416 2910
2415 2712
2411 3871
2408 4242
2406 4506
2405 4062
2404 3038
2402 4934
2400 4212
2399 4191
2398 2934
2397 3717
2396 3498
2395 4077
2394 4553
2393 4206
2392 2782
2387 3574
2382 3786
2378 4526
2377 2515
2376 2651
2375 4763
2373 3390
2369 4015
2368 3660
2359 4707
2358 3373
2356 3042
2354 3448
2353 3793
2352 3256
2349 4186
2347 3133
2346 3410
2345 3137
2344 3474
2343 2570
2340 4746
2338 4277
2336 4999
2335 3962
2334 4241
2333 3761
2332 2656
2330 4846
2321 3341
2320 4703
2318 3306
2316 4337
2315 2557
2310 3204
2304 3717
2303 4189
2302 3082
2301 2801
2300 3551
2299 3717
2298 3211
2291 3065
2289 3279
2285 3231
2284 4884
2283 4508
2277 4261
2276 3068
2275 3043
2274 3403
2272 2713
2270 3533
2268 4417
2266 4312
2264 4182
2263 2545
2262 2516
2261 3250
2259 3505
2257 3709
2255 4781
2252 2934
2247 2990
2246 4852
2241 4466
2240 3653
2236 4361
2233 2584
2232 2592
2230 4704
2229 4693
2228 4676
2227 3690
2223 3045
2221 2963
2220 4810
2217 4369
2216 4773
2214 4220
2213 3293
2211 3965
2210 4927
2209 4446
2208 2730
2207 4648
2205 4818
2201 4414
2200 3958
2199 3335
2198 3445
2193 3559
2187 4704
2185 3267
2179 4442
2176 4763
2173 4443
2172 2916
2170 3410
2169 3083
2168 4459
2165 3495
2164 2557
2163 3417
2160 3556
2159 4796
2158 3715
2156 3871
2152 4931
2148 3986
2146 3876
2145 3295
2141 2614
2139 3015
2138 4145
2137 3553
2135 3330
2134 4525
2133 3505
2130 4048
2128 2892
2127 3807
2126 4237
2121 4186
2120 4707
2115 2933
2114 2955
2111 3794
2108 2698
2107 3460
2103 4730
2099 2938
2098 2582
2096 4129
2094 2662
2092 4771
2089 2961
2088 2743
2087 2951
2084 4737
2081 2748
2080 3454
2079 3662
2074 3120
2073 3503
2071 4553
2070 3278
2069 3709
2068 2592
2067 3185
2065 3092
2062 4599
2060 4435
2059 3544
2057 4286
2055 2755
2054 3236
2053 3536
2051 4392
2050 4573
2049 3958
2048 3756
2046 4162
2045 3777
2042 4643
2041 3675
2038 2986
2037 4959
2036 3430
2035 4327
2034 2818
2032 3884
2031 3931
2027 4935
2023 4222
2022 4889
2018 2762
2016 3664
2014 3449
2010 2557
2006 4139
2004 4214
2002 2770
2000 2607
1999 3879
1998 3202
1992 3133
1990 2898
1987 4585
1985 4703
1984 2522
1981 3349
1978 2673
1977 3255
1974 3676
1972 4703
1968 4145
1966 4824
1961 4140
1959 3536
1958 2589
1955 3405
1950 3416
1948 2788
1940 3810
1939 2536
1937 3078
1936 2661
1934 3440
1932 4469
1930 3717
1921 2696
1919 3848
1918 4565
1916 3989
1914 3496
1912 4415
1911 3341
1907 3497
1906 3054
1904 4535
1902 4149
1901 3807
1899 3815
1896 3360
1894 3861
1892 4069
1891 4856
1887 2623
1885 4757
1884 2761
1882 3512
1878 2626
1876 3815
1875 3145
1874 4222
1873 3449
1869 3185
1867 2811
1866 3831
1863 2586
1860 4020
1859 3714
1856 2652
1854 4704
1853 4415
1847 3963
1844 4297
1841 3267
1840 4463
1839 4957
1837 2686
1836 2830
1832 3966
1830 4475
1826 4693
1825 4183
1824 4093
1823 4186
1822 4088
1821 2870
1818 2746
1817 4006
1816 3200
1815 3165
1814 4693
1813 4205
1810 4540
1805 4241
1804 4306
1802 3759
1801 3343
1800 3533
1797 4603
1795 3442
1794 4519
1793 2626
1790 3957
1789 3576
1785 4300
1784 4319
1782 3692
1777 4344
1775 4241
1773 4617
1771 4880
1769 3416
1768 4906
1762 2917
1759 3233
1757 3900
1756 4456
1755 2899
1754 4704
1752 3239
1750 4011
1749 4094
1745 3555
1743 3969
1741 4781
1740 3442
1739 2984
1734 2679
1733 4645
1729 2891
1719 3794
1716 4222
1713 3862
1712 4752
1708 2891
1707 4275
1705 3811
1704 3623
1703 2546
1702 4031
1701 4535
1699 2881
1696 2536
1694 4679
1693 4055
1691 2745
1690 3078
1687 2515
1685 3781
1683 4469
1682 2678
1681 3159
1679 4021
1677 3880
1672 4599
1667 3966
1664 2748
1663 4614
1662 4438
1660 4559
1658 3268
1656 4435
1655 4142
1653 3513
1650 3569
1645 2549
1643 3197
1640 2728
1635 2559
1631 4608
1630 2905
1628 3694
1627 4254
1625 2950
1622 3117
1619 3384
1618 4515
1617 4758
1613 4341
1612 2830
1610 2807
1609 3319
1608 2582
1605 4752
1603 2981
1601 4475
1599 3909
1598 4949
1597 3922
1596 2698
1595 4540
1593 4264
1591 3884
1590 4493
1588 4073
1587 3962
1585 4344
1584 4242
1583 4343
1582 2916
1579 2799
1573 4949
1568 2773
1566 4634
1563 3163
1562 3929
1561 4929
1559 4449
1558 4781
1555 3738
1553 2967
1552 3356
1550 4906
1549 2614
1546 3588
1543 3177
1540 3843
1539 4889
1538 3895
1536 3163
1534 4535
1532 3420
1527 4148
1522 3589
1520 4456
1519 2534
1517 3246
1516 4603
1515 2753
1507 4975
1506 3900
1505 4717
1504 4936
1502 4538
1497 3051
1496 4989
1491 2629
1489 4668
1488 3895
1483 4690
1482 2830
1479 3178
1476 4999
1475 2535
1473 2755
1471 3430
1469 4833
1467 4960
1464 4396
1462 4041
1461 4696
1454 3693
1453 2953
1452 4002
1450 4487
1446 2859
1445 3994
1442 3233
1441 2981
1440 2619
1438 3102
1433 3976
1431 3116
1428 4419
1427 2536
1426 4168
1425 4063
1423 3314
1422 2521
1421 3947
1418 3807
1416 2728
1414 2858
1413 2777
1410 4890
1409 3197
1407 2839
1404 4935
1399 4391
1398 4954
1396 3807
1394 3545
1390 4610
1388 4100
1387 2636
1386 3078
1383 4574
1382 4031
1380 4940
1376 4957
1374 4889
1373 4724
1371 4812
1367 2910
1360 2976
1358 4949
1357 3655
1356 2667
1352 4356
1350 4449
1349 4880
1345 4536
1343 2884
1337 3872
1325 3697
1323 4038
1321 2992
1320 3523
1319 4332
1318 2919
1314 4021
1312 3709
1308 4601
1307 3041
1306 4124
1305 3379
1303 3279
1302 3307
1301 3997
1300 3833
1295 3570
1294 4862
1292 3821
1291 3248
1289 4799
1285 2562
1284 2562
1283 2907
1281 2828
1278 4754
1275 3469
1272 2713
1269 3268
1263 4021
1261 3437
1259 2818
1257 2995
1256 2758
1252 4727
1251 3568
1249 2798
1248 4205
1246 3086
1244 3533
1242 4936
1239 3963
1238 3798
1233 3228
1230 2703
1228 2798
1219 4368
1218 2507
1217 2678
1215 4097
1214 3355
1211 4005
1210 4278
1209 3224
1207 4414
1205 2773
1203 4194
1197 4161
1191 3694
1190 2994
1189 2719
1187 3675
1181 4233
1178 4935
1177 3100
1175 3095
1172 4525
1170 2922
1168 4389
1166 4624
1165 3926
1163 3478
1162 3876
1161 2818
1160 4075
1159 3743
1154 3427
1150 4601
1145 4676
1142 3371
1141 2767
1140 3286
1139 3301
1137 2987
1135 3466
1131 4916
1127 2518
1126 2881
1121 4788
1117 4371
1115 4142
1113 2989
1106 4291
1105 4202
1104 2744
1102 3821
1101 3255
1094 4392
1092 2623
1089 3284
1087 2868
1086 3781
1079 4812
1078 2939
1077 2681
1069 2747
1068 3237
1067 3825
1065 3963
1063 2967
1062 4886
1061 4257
1060 4226
1057 4021
1055 4763
1048 4600
1045 3759
1044 2779
1041 2939
1038 3895
1037 3306
1036 2800
1033 3691
1032 3824
1030 4921
1029 4626
1025 4371
1024 2851
1022 4419
1021 2932
1019 3963
1018 3255
1013 3720
1011 4774
1009 3463
1008 4261
1006 4156
1005 3120
1004 3068
1001 3893
1000 3123
997 3862
994 4344
991 4398
990 3721
988 2534
982 4489
981 2656
979 4932
976 4184
973 3833
972 3508
969 2609
967 2936
966 3391
964 3373
962 4361
960 4615
959 4580
958 4180
957 4659
954 4464
952 4170
951 3709
950 3931
949 4229
947 4596
946 4416
945 4371
942 4488
938 4603
937 3086
935 4189
931 2549
926 4402
923 3063
922 2994
920 3882
912 4656
910 4757
909 3087
908 4194
904 3885
901 3147
900 4994
897 3935
894 3023
892 3401
885 4536
881 3654
879 3153
878 4614
875 3916
874 2585
871 4011
869 2713
861 4814
858 4088
857 4344
855 3233
853 3415
850 4967
849 4638
848 3138
847 3233
845 2879
843 2748
841 4293
836 2662
835 3935
834 4668
830 4601
829 3884
826 3373
825 3841
823 3843
820 2732
818 3903
814 2672
813 2793
810 4093
809 4707
807 3894
805 4752
804 3584
801 4693
800 2626
799 4692
796 2958
792 4457
791 2958
788 4263
786 3850
785 3202
781 4185
770 3488
769 3860
767 4752
765 2629
756 2642
755 2648
750 4540
749 4172
748 3966
744 3307
741 4855
739 4196
738 2601
735 3307
734 3237
727 4170
717 4718
715 3436
713 4985
707 3642
705 3899
704 3063
700 4125
699 3878
698 4629
692 2771
690 3486
689 2800
684 4826
682 4139
680 2594
673 4374
671 3999
667 2818
666 4627
664 4623
662 4074
656 3298
653 4311
651 3931
650 4355
649 4565
648 4765
647 4679
645 3120
640 3029
636 4514
634 3889
632 3082
631 2672
630 4996
627 2961
626 3416
621 3530
620 2745
617 4251
616 4601
614 3486
612 4222
610 4603
608 3536
607 2648
603 4249
602 4968
601 3033
598 4368
593 2844
592 2678
590 2659
587 4457
584 3068
581 2678
580 3750
577 3968
576 2686
570 3554
569 4772
568 4689
567 3934
559 3743
555 2569
549 4645
548 4417
546 2795
543 3797
537 3241
536 3445
535 3923
533 4324
532 4191
521 2768
519 3389
518 2799
517 4924
516 3872
514 3880
512 3329
507 4392
506 4145
504 4242
501 4727
498 2518
496 3833
495 3215
493 3116
492 4131
490 4115
488 3647
486 3998
484 4245
483 4536
482 4297
481 2936
480 3082
479 2712
477 3995
475 4981
473 2891
468 3808
467 3675
462 2645
461 4327
460 3909
459 4237
458 2742
456 3286
453 3068
449 4829
446 3834
445 2698
436 2699
435 4190
434 4689
425 3727
422 3843
420 4605
417 2965
414 3427
412 3474
411 3142
409 4681
407 3807
403 3210
402 3110
401 2961
400 2598
399 4763
394 4414
393 3233
388 2852
382 4734
381 3662
377 2589
373 4578
368 4463
366 2622
364 4207
361 4746
359 3295
356 3012
353 3947
351 3042
347 4582
336 2707
335 4855
333 2715
332 4871
331 3478
330 3202
325 4975
324 4462
322 3659
321 3087
317 3477
316 4435
307 3929
306 4515
304 2603
301 3363
300 2941
293 3680
290 4242
286 2962
284 2924
283 3634
282 4766
275 3465
271 2967
270 4303
267 3659
265 4418
263 2808
261 3871
259 3910
256 4227
255 3023
254 3613
253 4062
249 3427
247 4854
245 4932
242 3466
241 4833
239 4926
236 4514
235 4449
233 3797
230 3025
228 4869
221 3900
220 4279
218 4515
217 3077
216 4696
215 2830
214 3710
210 2937
209 4943
206 2961
204 2949
203 4973
201 3583
200 3137
190 3523
184 3594
183 2818
181 3401
179 2964
178 4741
177 4989
174 2932
169 3227
165 4475
163 3629
159 3345
155 4703
152 4229
149 2831
148 2902
147 2514
145 2789
142 3537
141 3775
138 3278
137 2696
134 4056
133 3601
131 4704
128 3723
126 4252
123 4128
121 4097
118 4215
116 4796
115 2612
109 3311
104 4449
99 4692
98 4911
94 4643
93 3417
91 3730
90 4456
87 4862
85 4414
83 4261
82 2601
81 3399
78 2534
72 3942
69 4344
67 4710
66 3884
64 2873
63 3043
62 3037
61 3405
53 2938
52 3161
49 3049
48 3306
47 4191
46 4128
45 3795
40 4435
35 3797
34 3112
29 4278
26 3026
25 3954
23 4686
20 3512
16 4368
13 2652
8 4752
7 4190
6 3233
2 4555
0 3693
7028.802134062
