2503
0 4887
1 3784
2 2853
3 3918
4 3236
5 3872
6 2817
7 3880
8 4162
9 3741
10 4597
11 3464
12 2900
13 4905
14 4771
15 3419
16 4078
17 4285
18 3726
19 3032
20 4180
21 4928
22 4617
23 4464
24 3893
25 4902
26 4567
27 2805
28 3526
29 3321
30 4565
31 2720
32 3634
33 3276
34 2727
35 2897
36 4704
37 3371
38 3333
39 4077
40 4105
41 2699
42 2628
43 3608
44 3352
45 3492
46 3681
47 3647
48 4143
49 3623
50 4956
51 4460
52 4195
53 3172
54 2602
55 2642
56 2826
57 4761
58 2894
59 3750
60 4763
61 3410
62 3322
63 4106
64 3022
65 3700
66 2995
67 3176
68 4107
69 3682
70 2883
71 4543
72 4575
73 4072
74 2810
75 4660
76 2713
77 3271
78 4388
79 2803
80 3499
81 4840
82 2576
83 4436
84 3138
85 4810
86 3437
87 4097
88 4281
89 4455
90 2646
91 4128
92 3654
93 3588
94 3718
95 4557
96 4415
97 2931
98 3181
99 4523
100 4295
101 4259
102 4634
103 4309
104 3208
105 3038
106 4977
107 3541
108 2575
109 3386
110 3193
111 4270
112 4209
113 2559
114 2506
115 3468
116 3331
117 4796
118 4776
119 4897
120 3370
121 4607
122 3143
123 4433
124 3195
125 2579
126 4508
127 3168
128 3628
129 3216
130 4949
131 4163
132 2800
133 2829
134 3093
135 3147
136 4600
137 4059
138 4848
139 2558
140 4123
141 2524
142 4373
143 4184
144 3767
145 3319
146 3264
147 2874
148 3819
149 3865
150 2517
151 4661
152 3714
153 4038
154 4953
155 2769
156 2819
157 4090
158 3590
159 3066
160 3417
161 3350
162 4456
163 4103
164 3640
165 2794
166 2970
167 4686
168 4747
169 2792
170 3807
171 4426
172 2671
173 4671
174 3049
175 3359
176 2572
177 3779
178 2705
179 2757
180 4700
181 2685
182 3664
183 2972
184 3742
185 4175
186 3830
187 3962
188 4055
189 2519
190 3721
191 4244
192 2749
193 3445
194 2820
195 4255
196 2526
197 3141
198 3801
199 4961
200 2555
201 4878
202 4221
203 3355
204 4632
205 3649
206 3279
207 4150
208 3838
209 4858
210 2672
211 3134
212 3047
213 4243
214 3178
215 3345
216 4170
217 2803
218 3326
219 3095
220 4083
221 3998
222 4363
223 3805
224 4236
225 4879
226 4870
227 4576
228 3053
229 4442
230 4960
231 4534
232 4732
233 2504
234 4408
235 3961
236 2973
237 4552
238 4619
239 4769
240 4047
241 4906
242 3097
243 3994
244 4824
245 4155
246 2659
247 4844
248 3766
249 2870
250 4026
251 2850
252 4845
253 4743
254 4958
255 2818
256 4308
257 3923
258 3491
259 2501
260 4716
261 4701
262 4060
263 4650
264 3039
265 4198
266 4138
267 4990
268 3517
269 3192
270 2892
271 3625
272 2863
273 3527
274 4192
275 4333
276 2622
277 3562
278 4100
279 3422
280 2648
281 4203
282 3463
283 2581
284 4052
285 4884
286 4839
287 4547
288 3327
289 2708
290 3937
291 3941
292 4694
293 4752
294 2554
295 4428
296 4997
297 4350
298 4692
299 4397
300 4794
301 3832
302 3263
303 4216
304 3205
305 3633
306 3109
307 3336
308 4486
309 3198
310 4153
311 2845
312 4636
313 3797
314 2907
315 3052
316 3162
317 4836
318 2858
319 4094
320 3733
321 3011
322 4622
323 3470
324 4275
325 4957
326 3210
327 4129
328 4930
329 3245
330 3131
331 3686
332 3125
333 2813
334 3653
335 4807
336 3921
337 3896
338 4010
339 4983
340 4679
341 4429
342 4323
343 3720
344 4682
345 3302
346 2856
347 2689
348 2657
349 4269
350 3421
351 2560
352 4668
353 3080
354 4987
355 4182
356 3399
357 2946
358 3945
359 2893
360 2731
361 3905
362 4974
363 4227
364 3004
365 3072
366 4450
367 4193
368 3266
369 4975
370 3477
371 3087
372 4201
373 4676
374 2875
375 2580
376 2967
377 4432
378 2879
379 4025
380 4728
381 3652
382 3040
383 4167
384 2855
385 4996
386 4863
387 4962
388 3707
389 2610
390 4099
391 4411
392 3434
393 4161
394 3225
395 3351
396 3942
397 4387
398 4788
399 4955
400 3424
401 2938
402 2639
403 4509
404 4035
405 4304
406 4136
407 2547
408 2543
409 4165
410 4434
411 3954
412 3017
413 2837
414 3601
415 3692
416 3472
417 3214
418 3416
419 3528
420 4324
421 4096
422 3142
423 2868
424 4513
425 2988
426 3448
427 3092
428 3698
429 4545
430 3586
431 2578
432 4714
433 4014
434 3295
435 3569
436 3685
437 3514
438 3209
439 2774
440 4326
441 2917
442 4498
443 4481
444 3756
445 4462
446 2955
447 2849
448 3132
449 2510
450 3915
451 4627
452 2748
453 3736
454 4393
455 2983
456 2957
457 4430
458 2677
459 2903
460 3576
461 4981
462 4681
463 3459
464 2898
465 4465
466 4980
467 4497
468 2673
469 2944
470 4526
471 2941
472 4638
473 3500
474 4525
475 3751
476 2691
477 3420
478 2618
479 3182
480 4344
481 4383
482 3428
483 3705
484 4050
485 4691
486 2538
487 3233
488 3018
489 3364
490 4736
491 4616
492 3439
493 4540
494 2516
495 3665
496 3113
497 4367
498 4226
499 4217
500 2553
501 3028
502 3200
503 4251
504 3854
505 3846
506 3369
507 4263
508 4882
509 3571
510 3850
511 3951
512 4989
513 3776
514 2536
515 4265
516 4080
517 3843
518 2585
519 3389
520 4437
521 2753
522 4766
523 4404
524 3781
525 3964
526 3401
527 3758
528 4081
529 4842
530 4380
531 3136
532 4453
533 2825
534 3037
535 2679
536 3115
537 4249
538 2722
539 3662
540 3254
541 3727
542 3991
543 4302
544 3304
545 4347
546 3606
547 2766
548 3955
549 3030
550 3799
551 3135
552 4345
553 3230
554 3469
555 4935
556 4793
557 3353
558 4405
559 4702
560 4832
561 2695
562 3622
563 4729
564 3451
565 4457
566 3793
567 4147
568 3127
569 3587
570 3297
571 2991
572 3536
573 3676
574 2782
575 2667
576 4068
577 3007
578 2634
579 4101
580 3169
581 3690
582 3827
583 4400
584 3795
585 3151
586 4574
587 4045
588 3943
589 3987
590 3863
591 3657
592 3494
593 4805
594 4102
595 4206
596 4811
597 4316
598 3153
599 3840
600 4792
601 2745
602 3294
603 3360
604 2945
605 4296
606 3158
607 3495
608 4898
609 3574
610 4773
611 3660
612 3280
613 4328
614 4254
615 4166
616 4475
617 3822
618 3107
619 3383
620 2787
621 3317
622 4389
623 3815
624 2730
625 4109
626 2971
627 3821
628 3196
629 3443
630 2978
631 4058
632 3936
633 3414
634 3483
635 3447
636 4000
637 3869
638 4152
639 4211
640 4834
641 4833
642 4070
643 4874
644 3174
645 3885
646 4891
647 2565
648 2703
649 3081
650 3129
651 2989
652 3648
653 4311
654 3551
655 4707
656 3947
657 3091
658 3133
659 4117
660 4022
661 3691
662 3373
663 4822
664 4827
665 3083
666 4353
667 4191
668 3725
669 4911
670 2811
671 3084
672 3104
673 3564
674 2864
675 4605
676 4757
677 4031
678 2539
679 3875
680 4084
681 3123
682 3835
683 2779
684 2514
685 4841
686 4339
687 4644
688 4219
689 2688
690 4053
691 4424
692 4443
693 4669
694 4335
695 3392
696 4284
697 2902
698 4144
699 3871
700 3481
701 3719
702 3834
703 2626
704 3215
705 4483
706 3021
707 2584
708 4066
709 3393
710 4480
711 3901
712 4086
713 4755
714 4821
715 3970
716 3990
717 4061
718 4717
719 4215
720 3577
721 4341
722 4454
723 4369
724 3189
725 4746
726 3246
727 4829
728 3636
729 3117
730 4524
731 4199
732 2661
733 4412
734 4514
735 4784
736 2882
737 4857
738 2630
739 4029
740 2522
741 4630
742 4591
743 2985
744 4282
745 4196
746 3644
747 2823
748 4789
749 4067
750 3876
751 2862
752 3899
753 2617
754 4260
755 4760
756 3026
757 3711
758 4267
759 2854
760 4321
761 4901
762 2614
763 3738
764 4936
765 3780
766 3531
766 4041
767 2760
768 4286
769 2930
770 2915
771 3988
772 2841
773 3406
774 2965
775 4119
776 4872
777 3180
778 3612
779 3480
780 4006
781 4751
782 3489
783 3864
784 4461
785 4126
786 4291
787 2678
788 3228
789 4237
790 4532
791 2918
792 3238
793 3641
794 2647
795 3108
796 4125
797 4245
798 3868
799 3791
800 3450
801 3963
802 4079
803 3661
804 3910
805 3980
806 4838
807 4049
808 2645
809 4021
810 3814
811 4445
812 4076
813 4307
814 3121
815 4813
816 2577
817 3272
818 4297
819 4197
820 4952
821 3796
822 4154
823 2542
824 2712
825 3958
826 2934
827 3735
828 3110
829 4280
830 4484
831 4555
832 2793
833 4826
834 3598
835 4573
836 3290
837 4706
838 4664
839 3175
840 3394
841 4062
842 3627
843 4806
844 4051
845 4075
846 4510
847 2778
848 2655
849 2740
850 3487
851 3624
852 3411
853 3604
854 2674
855 3462
856 4558
857 4402
858 2644
859 4386
860 4489
861 3669
862 4967
863 4233
864 3555
865 2827
866 2881
867 4665
868 4261
869 4596
870 3426
871 4528
872 4537
873 2502
874 4392
875 2601
876 2525
877 3157
878 4234
879 2698
880 4741
881 3600
882 3368
883 4095
884 3154
885 2623
886 3316
887 3050
888 3621
889 4683
890 2844
891 3851
892 3366
893 4224
894 4941
895 4909
896 2587
897 2923
898 3803
899 2573
900 4612
901 4742
902 3974
903 4238
904 3438
905 3237
906 2605
907 3713
908 4915
909 3340
910 4092
911 2591
912 3160
913 3330
914 4253
915 4662
916 3409
917 4759
918 3377
919 3357
920 4894
921 4401
922 2808
923 4979
924 2607
925 4379
926 2586
927 3521
928 3806
929 3512
930 4091
931 4620
932 3976
933 2736
934 2649
935 2711
936 2911
937 2561
938 4675
939 3285
940 3466
941 2600
942 4317
943 2719
944 4843
945 3488
946 4416
947 4896
948 4690
949 3759
950 3583
951 4781
952 4274
953 2920
954 4176
955 4511
956 3308
957 4472
958 2756
959 3347
960 3792
961 3978
962 3415
963 4663
964 4448
965 4474
966 3578
967 4803
968 4466
969 4903
970 3292
971 3831
972 3348
973 3343
974 4580
975 3476
976 2721
977 2987
978 3935
979 3185
980 2984
981 3849
982 3965
983 3810
984 2595
985 2624
986 3739
987 3646
988 2512
989 4318
990 3631
991 3889
992 2770
993 4635
994 4132
995 3929
996 3375
997 4606
998 3520
999 3440
1000 3043
1001 3471
1002 2615
1003 4225
1004 2949
1005 3534
1006 3029
1007 2706
1008 2890
1009 4174
1010 2597
1011 4137
1012 2534
1013 2566
1014 2906
1015 3949
1016 4922
1017 4804
1018 2694
1019 3184
1020 2665
1021 3222
1022 3046
1023 3881
1024 4299
1025 3968
1026 3268
1027 3802
1028 3252
1029 3732
1030 4114
1031 3878
1032 2709
1033 2928
1034 3842
1035 3444
1036 4406
1037 4641
1038 4718
1039 3761
1040 3975
1041 2641
1042 2500
1043 4210
1044 3502
1045 3436
1046 2726
1047 4926
1048 3785
1049 2551
1050 3100
1051 3828
1052 4546
1053 4860
1054 4001
1055 3310
1056 2807
1057 2803
1058 3402
1059 4331
1060 4531
1061 3539
1062 3320
1063 3247
1064 2686
1065 4043
1066 3504
1067 2616
1068 2871
1069 4899
1070 3589
1071 4670
1072 2925
1073 2997
1074 2877
1075 4476
1076 3387
1077 2762
1078 3090
1079 4319
1080 3372
1081 2966
1082 3809
1083 3567
1084 3016
1085 4582
1086 3096
1087 3712
1088 2653
1089 4190
1090 4654
1091 3496
1092 4808
1093 3837
1094 3570
1095 4890
1096 2831
1097 3728
1098 4550
1099 2611
1100 3258
1101 3102
1102 2961
1103 2670
1104 3663
1105 3882
1106 3479
1107 4723
1108 3045
1109 4032
1110 3997
1111 2633
1112 3903
1113 4778
1114 4929
1115 4262
1116 3467
1117 3122
1118 3213
1119 4204
1120 4846
1121 4798
1122 2729
1123 3305
1124 3920
1125 4913
1126 4851
1127 2604
1128 3839
1129 3642
1130 3190
1131 4918
1132 4764
1133 4785
1134 4271
1135 4651
1136 4819
1137 2620
1138 3769
1139 3301
1140 3585
1141 4809
1142 3452
1143 4395
1144 3593
1145 3201
1146 4127
1147 3482
1148 4916
1149 2541
1150 2775
1151 2680
1152 3734
1153 3841
1154 4609
1155 3812
1156 3743
1157 3524
1158 3848
1159 3554
1160 4577
1161 3659
1162 4904
1163 3478
1164 3777
1165 3025
1166 3164
1167 3404
1168 2540
1169 4459
1170 4362
1171 4507
1172 3645
1173 3425
1174 2964
1175 4071
1176 3027
1177 3532
1178 3680
1179 3156
1180 3909
1181 4799
1182 4409
1183 3430
1184 2835
1185 3887
1186 4907
1187 4187
1188 3667
1189 4536
1190 3334
1191 4414
1192 2905
1193 4708
1194 3484
1195 4385
1196 4988
1197 4698
1198 4329
1199 4239
1200 4133
1201 2832
1202 4471
1203 2954
1204 4013
1205 4715
1206 3678
1207 2676
1208 2739
1209 3924
1210 4797
1211 4877
1212 4340
1213 4999
1214 4973
1215 3044
1216 3940
1217 4266
1218 4861
1219 3374
1220 4312
1221 3390
1222 2942
1223 3120
1224 3513
1225 4020
1226 2631
1227 2662
1228 3610
1229 4444
1230 4278
1231 3325
1232 3235
1233 4984
1234 3658
1235 3989
1236 4504
1237 4873
1238 3057
1239 2755
1240 4556
1241 4288
1242 2643
1243 2737
1244 4614
1245 3400
1246 3867
1247 4352
1248 4139
1249 3573
1250 4439
1251 3706
1252 3405
1253 4034
1254 3034
1255 2848
1256 4604
1257 4358
1258 2784
1259 3019
1260 3790
1261 3913
1262 3346
1263 2598
1264 2546
1265 4370
1266 4005
1267 3992
1268 3836
1269 3709
1270 3219
1271 2503
1272 4028
1273 4621
1274 4391
1275 4375
1276 3309
1277 3161
1278 4551
1279 2851
1280 3530
1281 2717
1282 4004
1283 4693
1284 3679
1285 3069
1286 4888
1287 4856
1288 3035
1289 3584
1290 2550
1291 3731
1292 4603
1293 4305
1294 4268
1295 3449
1296 4398
1297 2935
1298 3078
1299 4506
1300 4685
1301 3599
1302 3505
1303 4963
1304 2654
1305 2896
1306 3672
1307 4762
1308 3729
1309 4584
1310 4639
1311 2940
1312 4969
1313 2574
1314 2880
1315 2974
1316 2741
1317 3194
1318 3085
1319 4744
1320 3981
1321 2785
1322 2651
1323 4118
1324 2843
1325 4867
1326 4183
1327 3223
1328 4241
1329 3561
1330 3618
1331 4173
1332 3224
1333 3602
1334 4777
1335 3314
1336 3984
1337 3635
1338 2947
1339 4564
1340 3787
1341 2723
1342 3256
1343 3946
1344 3145
1345 4601
1346 2682
1347 4378
1348 4361
1349 3278
1350 4449
1351 3853
1352 2956
1353 3844
1354 3139
1355 3833
1356 2529
1357 4298
1358 3188
1359 4655
1360 3098
1361 3250
1362 3067
1363 4477
1364 3873
1365 3969
1366 2816
1367 4467
1368 3328
1369 3501
1370 4381
1371 4279
1372 4820
1373 3545
1374 2927
1375 3356
1376 2532
1377 3111
1378 3674
1379 4529
1380 4854
1381 3382
1382 4680
1383 3774
1384 3403
1385 2750
1386 4965
1387 4802
1388 4088
1389 3677
1390 2589
1391 4885
1392 4159
1393 2993
1394 4518
1395 3433
1396 4750
1397 3261
1398 4864
1399 2960
1400 4889
1401 3919
1402 4533
1403 4774
1404 3890
1405 2982
1406 3077
1407 4157
1408 4230
1409 3231
1410 3388
1411 2963
1412 2692
1413 2996
1414 2814
1415 4994
1416 2570
1417 4933
1418 4553
1419 4659
1420 2913
1421 4954
1422 2776
1423 3689
1424 3650
1425 4063
1426 4608
1427 4862
1428 4419
1429 3581
1430 4364
1431 3891
1432 2909
1433 2914
1434 2627
1435 3354
1436 2975
1437 2569
1438 3152
1439 4548
1440 4875
1441 4745
1442 4982
1443 3765
1444 4017
1445 3944
1446 4272
1447 4937
1448 3270
1449 4720
1450 3820
1451 4948
1452 3847
1453 4855
1454 3253
1455 3538
1456 2786
1457 4579
1458 4273
1459 2728
1460 3391
1461 3959
1462 4142
1463 3879
1464 4735
1465 4008
1466 4181
1467 3203
1468 3381
1469 3973
1470 4046
1471 2904
1472 4229
1473 3165
1474 4849
1475 4932
1476 4658
1477 3637
1478 3335
1479 4830
1480 3064
1481 3611
1482 4883
1483 2932
1484 2690
1485 4264
1486 2556
1487 4065
1488 2980
1488 3788
1489 3999
1490 4294
1491 4966
1492 3934
1493 4730
1494 4947
1495 2866
1496 4587
1497 3191
1498 2613
1499 2567
1500 4893
1501 3241
1502 3296
1503 3031
1504 3683
1505 2777
1506 4801
1507 2895
1508 3543
1509 2593
1510 3485
1511 4349
1512 3361
1513 4421
1514 3547
1515 4568
1516 4512
1517 4637
1518 4250
1519 2520
1520 3041
1521 2669
1522 3852
1523 3159
1524 4122
1525 4422
1526 3548
1527 4837
1528 4042
1529 4024
1530 4493
1531 3068
1532 4189
1533 4148
1534 3912
1535 3179
1536 4599
1537 3071
1538 4598
1539 4435
1540 2523
1541 3638
1542 3626
1543 3597
1544 4156
1545 4594
1546 2733
1547 3993
1548 4852
1549 2771
1550 4733
1551 3565
1552 2533
1553 3015
1554 3000
1555 4667
1556 4674
1557 4585
1558 4734
1559 4986
1560 3914
1561 4910
1562 3874
1563 2549
1564 4951
1565 3870
1566 2684
1567 2761
1568 2537
1569 4423
1570 2707
1571 4593
1572 4371
1573 2801
1574 3656
1575 4277
1576 4252
1577 2568
1578 4992
1579 4865
1580 3957
1581 4921
1582 4113
1583 3902
1584 2758
1585 4756
1586 4912
1587 3511
1588 3703
1589 4626
1590 2743
1591 3474
1592 3163
1593 3985
1594 4687
1595 4631
1596 4629
1597 4502
1598 4657
1599 3717
1600 4677
1601 4739
1602 4085
1603 3855
1604 3904
1605 3630
1606 3124
1607 4886
1608 4561
1609 4413
1610 3099
1611 3629
1612 3211
1613 4120
1614 3423
1615 3982
1616 4787
1617 2590
1618 4613
1619 4652
1620 2663
1621 2828
1622 4169
1623 4831
1624 3001
1625 3367
1626 4927
1627 4087
1628 4314
1629 2959
1630 3762
1631 4468
1632 2545
1633 3773
1634 3349
1635 4030
1636 4503
1637 3291
1638 3688
1639 3617
1640 3884
1641 2821
1642 3407
1643 4473
1644 4248
1645 3259
1646 2790
1647 3036
1648 3544
1649 2612
1650 3251
1651 4290
1652 2552
1653 3395
1654 3358
1655 3363
1656 4212
1657 2746
1658 3063
1659 4342
1660 4377
1661 3023
1662 3101
1663 4164
1664 2637
1665 3811
1666 3516
1667 4478
1668 3789
1669 4372
1670 4407
1671 4007
1672 3413
1673 3060
1674 4678
1675 3306
1676 4104
1677 3926
1678 2929
1679 4427
1680 3619
1681 3857
1682 3983
1683 3088
1684 3454
1685 4485
1686 4944
1687 4527
1688 3458
1689 3687
1690 2968
1691 2976
1692 4098
1693 3552
1694 4354
1695 3757
1696 4338
1697 4074
1698 4213
1699 4222
1700 3684
1701 3020
1702 3269
1703 2796
1704 4610
1705 3059
1706 3559
1707 3275
1708 4959
1709 2704
1710 3058
1711 3897
1712 4754
1713 4343
1714 4131
1715 3217
1716 3267
1717 3595
1718 2937
1719 3298
1720 3778
1721 4535
1722 4208
1723 4515
1724 2521
1725 4355
1726 4463
1727 2531
1728 4040
1729 4775
1730 3396
1731 2693
1732 4542
1733 3313
1734 3284
1735 4562
1736 3307
1737 4276
1738 2872
1739 2952
1740 2544
1741 2838
1742 4293
1743 2806
1744 2969
1745 4753
1746 4602
1747 4300
1748 2632
1749 4505
1750 4194
1751 2638
1752 3242
1753 2763
1754 4179
1755 2921
1756 3315
1757 2619
1758 2696
1759 4850
1760 4942
1761 3008
1762 4188
1763 3128
1764 4218
1765 2795
1766 3429
1767 3114
1768 3794
1769 3051
1770 3768
1771 4185
1772 4089
1773 3079
1774 4384
1775 3486
1776 3655
1777 2830
1778 3232
1779 3056
1780 2852
1781 3856
1782 3613
1783 4780
1784 4015
1785 4592
1786 3220
1787 4713
1788 4160
1789 3911
1790 2936
1791 4563
1792 3670
1793 3033
1794 4770
1795 4360
1796 2824
1797 3456
1798 2773
1799 3493
1800 3248
1801 3515
1802 3460
1803 3289
1804 3262
1805 4895
1806 2986
1807 4357
1808 4725
1809 4223
1810 3948
1811 4859
1812 2724
1813 4695
1814 2791
1815 4499
1816 2747
1817 2588
1818 4145
1819 2563
1820 3503
1821 2977
1822 4200
1823 4186
1824 4287
1825 4158
1826 4783
1827 2842
1828 3817
1829 4115
1830 3257
1831 3177
1832 3594
1833 3226
1834 4394
1835 2702
1836 4643
1837 2865
1838 3042
1839 2916
1840 3146
1841 3490
1842 4390
1843 4645
1844 2668
1845 2666
1846 4696
1847 3065
1848 3746
1849 3318
1850 3695
1851 4140
1852 4016
1853 2603
1854 3907
1855 4479
1856 3094
1857 4971
1858 3596
1859 2608
1860 4924
1861 3898
1862 3704
1863 3967
1864 4892
1865 3376
1866 4418
1867 3566
1868 3953
1869 4572
1870 2511
1871 2889
1872 3010
1873 4246
1874 3506
1875 4588
1876 4649
1877 3311
1878 3170
1879 4446
1880 3206
1881 3508
1882 4900
1883 3540
1884 3380
1885 4590
1886 3293
1887 3886
1888 4447
1889 4151
1890 3939
1891 4283
1892 2857
1893 4880
1894 2583
1895 2507
1896 2999
1897 4231
1898 2781
1899 3465
1900 3883
1901 4530
1902 3553
1903 2780
1904 3710
1905 4431
1906 3829
1907 3558
1908 4578
1909 3782
1910 4816
1911 3070
1912 4711
1913 2640
1914 3441
1915 3928
1916 4697
1917 2505
1918 3996
1919 3384
1920 4438
1921 4033
1922 3906
1923 4315
1924 3339
1925 2527
1926 3740
1927 3431
1928 2701
1929 4748
1930 3760
1931 2754
1932 4325
1933 4818
1934 3408
1935 3337
1936 4172
1937 3197
1938 3813
1939 3155
1940 3519
1941 2509
1942 4615
1943 4351
1944 4925
1945 3956
1946 4399
1947 4306
1948 3744
1949 3144
1950 2735
1951 4121
1952 2629
1953 2714
1953 2772
1954 3671
1955 4539
1956 4124
1957 3013
1958 3651
1959 2759
1960 3716
1961 4835
1962 4376
1963 4027
1964 4559
1965 2564
1966 2621
1967 2834
1968 4703
1969 3140
1970 3925
1971 3475
1972 3607
1973 2924
1974 2710
1975 4871
1976 3265
1977 4853
1978 4258
1979 4814
1980 3218
1981 2859
1982 3062
1983 3582
1984 4441
1985 4828
1986 3435
1987 3542
1988 2764
1989 3771
1990 2635
1991 4082
1992 4257
1993 2609
1994 2815
1995 3171
1996 2535
1997 3668
1998 4228
1999 4039
2000 2765
2001 4048
2002 4487
2003 3639
2004 3525
2005 4023
2006 4036
2007 2912
2008 4256
2009 2867
2010 2822
2011 3106
2012 3332
2013 2809
2014 4795
2015 4069
2016 3239
2017 4292
2018 2596
2019 3126
2020 4544
2021 3379
2022 4768
2023 3075
2024 4458
2025 3397
2026 3074
2027 4240
2028 2675
2029 3971
2030 3338
2031 3498
2032 3234
2033 3772
2034 4976
2035 2979
2036 3845
2037 4721
2038 3715
2039 3273
2040 3003
2041 3166
2042 4336
2043 3748
2044 4684
2045 4482
2046 2652
2047 4496
2048 3888
2049 3086
2050 3557
2051 4202
2052 2738
2053 2943
2054 2734
2055 3932
2056 4003
2057 3770
2058 3643
2059 3894
2060 2950
2061 2625
2062 4334
2063 4141
2064 4346
2065 3866
2066 2910
2067 4073
2068 3549
2069 4866
2070 3737
2071 4366
2072 4710
2073 3002
2074 4566
2075 4765
2076 2839
2077 4235
2078 2716
2079 3580
2080 4451
2081 3724
2082 3299
2083 4054
2084 2664
2085 4207
2086 3243
2087 3148
2088 4917
2089 4908
2090 4791
2091 3730
2092 4727
2093 3783
2094 3048
2095 4985
2096 3518
2097 4782
2098 4779
2099 3341
2100 4968
2101 3149
2102 3572
2103 3927
2104 4410
2105 3966
2106 2715
2107 4425
2108 4134
2109 3701
2110 3605
2111 3708
2112 2846
2113 3938
2114 4130
2115 4731
2116 4586
2117 3673
2118 4146
2119 4993
2120 3061
2121 3277
2122 4549
2123 3281
2124 3229
2125 2744
2126 3418
2127 4554
2128 3204
2129 4178
2130 2650
2131 4382
2132 3187
2133 4417
2134 3614
2135 3859
2136 3116
2137 4011
2138 2513
2139 3137
2140 2926
2141 3862
2142 4056
2143 4978
2144 4018
2145 2802
2146 2656
2147 3922
2148 3933
2149 2873
2150 4666
2151 3186
2152 3183
2153 3076
2154 2768
2155 3312
2156 3112
2157 4847
2158 3089
2159 3755
2160 3546
2161 2962
2162 3722
2163 3323
2164 3858
2165 3860
2166 3753
2167 3694
2168 4242
2169 3702
2170 2888
2171 3930
2172 2571
2173 2878
2174 3825
2175 3764
2176 3199
2177 2752
2178 4064
2179 2797
2180 3455
2181 3286
2182 3024
2183 3260
2184 4289
2185 3892
2186 3616
2187 3118
2188 3329
2189 2799
2190 4520
2191 3055
2192 3509
2193 4646
2194 3816
2195 4470
2196 3931
2197 2885
2198 4923
2199 4817
2200 4247
2201 4938
2202 3786
2203 3150
2204 3073
2205 2515
2206 4111
2207 3283
2208 3461
2209 4359
2210 4538
2211 2592
2212 4491
2213 2599
2214 2836
2215 2751
2216 2557
2217 4093
2218 2803
2219 4758
2220 2548
2221 4037
2222 3537
2223 4945
2224 3952
2225 3798
2226 3287
2227 3412
2228 3342
2229 4881
2230 2922
2231 3014
2232 3227
2233 2876
2234 4812
2235 3344
2236 4044
2237 4943
2238 3207
2239 4571
2240 4920
2241 4205
2242 4541
2243 3972
2244 4825
2245 3749
2246 4012
2247 4517
2248 4521
2249 2861
2250 3916
2251 4310
2252 2789
2253 3288
2254 2958
2255 4595
2256 4313
2257 2860
2258 2869
2259 4301
2260 3274
2261 4624
2262 4330
2263 4640
2264 4869
2265 4149
2266 2833
2267 4964
2268 3378
2269 3535
2270 3212
2271 2891
2272 4440
2273 3453
2274 4492
2275 3173
2276 2933
2277 2530
2278 3300
2279 3240
2280 2992
2281 4337
2282 4348
2283 3696
2284 2998
2285 3763
2286 3986
2287 4516
2288 3979
2289 3995
2290 4642
2291 2981
2292 4823
2293 4998
2294 2767
2295 3620
2296 4625
2297 3282
2298 3592
2299 4500
2300 2562
2301 3244
2302 3398
2303 2681
2304 4709
2305 3950
2306 4057
2307 3579
2308 4767
2309 4570
2310 3747
2311 4320
2312 4327
2313 4009
2314 3221
2315 4719
2316 4365
2317 2887
2318 4914
2319 4786
2320 2528
2321 4303
2322 3446
2323 4112
2324 4452
2325 3824
2326 4488
2327 3255
2328 4712
2329 3054
2330 3365
2331 4647
2332 4177
2333 3823
2334 4934
2335 2994
2336 4688
2337 2687
2338 3609
2339 2658
2340 2606
2341 4749
2342 4581
2343 3699
2344 2951
2345 3510
2346 4220
2347 3249
2348 2919
2349 4374
2350 4740
2351 3808
2352 4403
2353 2732
2354 3507
2355 4110
2356 3523
2357 2582
2358 3775
2359 2840
2360 3427
2361 3473
2362 4002
2363 3009
2364 3861
2365 4970
2366 3693
2367 3697
2368 4171
2369 3900
2370 3119
2371 2899
2372 3723
2373 4633
2374 3522
2375 3800
2376 4420
2377 4396
2378 4972
2379 2700
2380 3130
2381 4322
2382 3005
2383 3804
2384 3745
2385 4648
2386 4494
2387 2718
2388 3202
2389 4522
2390 3632
2391 2847
2392 4560
2393 4673
2394 4726
2395 3675
2396 2636
2397 4919
2398 4501
2399 3529
2400 2884
2401 3362
2402 2697
2403 3497
2404 2886
2405 3575
2406 4469
2407 2725
2408 2812
2409 2908
2410 4356
2411 3385
2412 3533
2413 4108
2414 4519
2415 4995
2416 2660
2417 3666
2418 4705
2419 4135
2420 4589
2421 4628
2422 4168
2423 3563
2424 4940
2425 4946
2426 4656
2427 4368
2428 2742
2429 2798
2430 4931
2431 2518
2432 4790
2433 4332
2434 3960
2435 4699
2436 3603
2437 3082
2438 3006
2439 3977
2440 4583
2441 4672
2442 4738
2443 3568
2444 3550
2445 4939
2446 2804
2447 3556
2448 2990
2449 2508
2450 4689
2451 3324
2452 4991
2453 2901
2454 3303
2455 4737
2456 4772
2457 3826
2458 2953
2459 3103
2460 3432
2461 3442
2462 4623
2463 4214
2464 3917
2465 4724
2466 3591
2467 2939
2468 4019
2469 4722
2470 3877
2471 3012
2472 4495
2473 3560
2474 4618
2475 3167
2476 2594
2477 2788
2478 3752
2479 4868
2480 4490
2481 3908
2482 4950
2483 4611
2484 3754
2485 2783
2486 4800
2487 4116
2488 3105
2489 4569
2490 2683
2491 4653
2492 3895
2493 4815
2494 3457
2495 3615
2496 2948
2497 4232
2498 3818
2499 4876
255645.016185534
