2500
0 4697
1 3905
2 4280
3 3303
4 4881
5 2854
6 2817
7 3203
8 4704
9 4357
10 3555
11 2756
12 2900
13 4905
14 3652
15 3860
16 3123
17 3903
18 4060
19 3322
20 2703
21 4928
22 4000
23 2556
24 2699
25 4962
26 4600
27 3837
28 2751
29 3530
30 4083
31 2624
32 3887
33 3575
34 4700
35 3426
36 3082
37 3412
38 4814
39 4992
40 4168
41 2524
42 4089
43 3608
44 2604
45 4621
46 4077
47 2807
48 3333
49 2554
50 3108
51 4907
52 4195
53 3969
54 4701
55 4586
56 2729
57 3425
58 4251
59 2849
60 3454
61 3255
62 4577
63 3514
64 3815
65 3700
66 3670
67 4914
68 3807
69 3682
70 2741
71 2880
72 3593
73 4960
74 3823
75 4622
76 4315
77 3785
78 4938
79 2803
80 3897
81 4276
82 3653
83 2709
84 4393
85 4278
86 2993
87 3284
88 2720
89 3687
90 3055
91 3917
92 3852
93 3492
94 4877
95 3180
96 4969
97 2553
98 4423
99 4987
100 4182
101 3559
102 4353
103 4560
104 3886
105 3297
106 4602
107 4219
108 3715
109 4682
110 2791
111 3159
112 3869
113 3695
114 4688
115 4381
116 3543
117 4228
118 4216
119 3256
120 2859
121 4351
122 2722
123 3138
124 4015
125 2810
126 2503
127 3326
128 4014
129 4366
130 3175
131 4356
132 3054
133 2829
134 3683
135 4388
136 3607
137 3120
138 3254
139 4012
140 2743
141 2949
142 3065
143 3149
144 4534
145 4431
146 3765
147 2972
148 2744
149 4303
150 2662
151 2921
152 3631
153 4038
154 4066
155 4380
156 3845
157 3831
158 3939
159 3211
160 4449
161 2541
162 2888
163 3428
164 2783
165 3744
166 2593
167 2704
168 4113
169 3668
170 3628
171 4705
172 2944
173 2797
174 3996
175 4227
176 4478
177 4553
178 2609
179 3789
180 3014
181 3401
182 3239
183 2754
184 4504
185 4957
186 4530
187 4202
188 4055
189 3955
190 3234
191 3416
192 4172
193 2874
194 3625
195 4438
196 3689
197 3220
198 2522
199 4546
200 4231
201 4076
202 3824
203 2676
204 4790
205 4135
206 4691
207 4910
208 4320
209 2809
210 4096
211 4166
212 3918
213 3153
214 2768
215 4469
216 3694
217 4623
218 4851
219 4902
220 4610
221 4210
222 3829
223 2537
224 2975
225 4879
226 4737
227 2517
228 3298
229 3879
230 4843
231 3445
232 3419
233 3237
234 3950
235 4206
236 2864
237 4255
238 3855
239 3042
240 4035
241 2844
242 3960
243 3812
244 2504
245 4658
246 4551
247 4940
248 3348
249 2574
250 3534
251 3931
252 2512
253 3021
254 4505
255 4004
256 3132
257 3865
258 2980
259 2719
260 3252
261 4661
262 3483
263 4639
264 2866
265 4645
266 4144
267 4075
268 4824
269 3506
270 2942
271 4100
272 3434
273 3527
274 2654
275 4161
276 3355
277 3478
278 3366
279 2594
280 2867
281 4536
282 4336
283 2713
284 4102
285 4056
286 3516
287 4192
288 4963
289 3248
290 2725
291 4103
292 3036
293 4752
294 3049
295 4976
296 3721
297 3195
298 2828
299 3691
300 4840
301 3578
302 4859
303 4197
304 4257
305 2904
306 4894
307 4420
308 4921
309 2674
310 3740
311 3669
312 2903
313 3476
314 3988
315 4340
316 4537
317 4362
318 3136
319 4049
320 2521
321 4806
322 4849
323 2733
324 4059
325 4034
326 3531
327 4376
328 4176
329 4514
330 3924
331 4942
332 4324
333 3107
334 4836
335 2583
336 3341
337 4510
338 4906
339 4771
340 4827
341 3001
342 3200
343 3987
344 4998
345 4052
346 3654
347 2689
348 3563
349 2792
350 4178
351 2560
352 4638
353 4954
354 4215
355 4295
356 3964
357 3166
358 2696
359 3961
360 2731
361 2742
362 3977
363 4872
364 3004
365 3072
366 3848
367 4188
368 3722
369 2513
370 4789
371 3431
372 3908
373 3221
374 3830
375 4828
376 3154
377 3651
378 3367
379 2610
380 3585
381 3000
382 4129
383 2550
384 2788
385 3170
386 3368
387 2649
388 3283
389 3087
390 3320
391 2581
392 2819
393 3328
394 4973
395 3351
396 3595
397 4387
398 4515
399 3316
400 4967
401 3995
402 2840
403 4895
404 3319
405 2784
406 3730
407 4719
408 3477
409 2598
410 3148
411 3650
412 4618
413 3773
414 4913
415 3985
416 3343
417 3214
418 2868
419 4614
420 2825
421 4032
422 4274
423 4535
424 3984
425 2971
426 4146
427 2969
428 4542
429 4649
430 2637
431 4087
432 4766
433 3671
434 2843
435 4259
436 3775
437 2799
438 3267
439 4803
440 2629
441 3060
442 4745
443 2648
444 2738
445 4079
446 3899
447 3750
448 2737
449 2564
450 3536
451 4947
452 3953
453 3491
454 2573
455 4997
456 4455
457 4400
458 2677
459 3178
460 4147
461 4327
462 4679
463 3299
464 4409
465 2989
466 3275
467 3681
468 2750
469 3602
470 4058
471 3911
472 3929
473 3490
474 3152
475 3551
476 3719
477 4190
478 3805
479 4080
480 3936
481 4084
482 2530
483 3998
484 2912
485 4544
486 3199
487 3209
488 4367
489 3364
490 2726
491 2628
492 4154
493 3876
494 2771
495 2910
496 3185
497 4648
498 4226
499 3919
500 2545
501 4384
502 4370
503 3242
504 4580
505 3638
506 4920
507 3511
508 4564
509 2769
510 3561
511 3951
512 4750
513 3508
514 4338
515 3565
516 3392
517 3163
518 3043
519 2666
520 3182
521 4237
522 4937
523 4108
524 4626
525 3114
526 3350
527 3550
528 4111
529 3966
530 4634
531 3676
532 4826
533 3002
534 3032
535 3923
536 2770
537 2913
538 4183
539 3361
540 4033
541 2988
542 4529
543 3475
544 2898
545 2669
546 2855
547 3944
548 3991
549 3780
550 3540
551 4773
552 2748
553 3947
554 4486
555 3118
556 2728
557 3648
558 3394
559 4702
560 4996
561 2542
562 2658
563 4729
564 3451
565 2612
566 4823
567 2500
568 4718
569 3106
570 3600
571 4296
572 4834
573 3655
574 3703
575 4593
576 4171
577 2787
578 3743
579 3249
580 4501
581 3634
582 3029
583 3265
584 3795
585 3778
586 2931
587 2557
588 2700
589 4767
590 4494
591 3240
592 3690
593 3285
594 3446
595 3864
596 3164
597 2976
598 2653
599 4445
600 4604
601 4020
602 3762
603 3202
604 3488
605 4120
606 3548
607 3891
608 4769
609 2718
610 3327
611 3380
612 3704
613 4632
614 4254
615 4085
616 4235
617 4289
618 4683
619 4656
620 2745
621 2622
622 2675
623 4721
624 4597
625 3619
626 3191
627 2985
628 3647
629 2752
630 4011
631 4090
632 4402
633 3755
634 2834
635 3219
636 2566
637 3680
638 4607
639 2883
640 4417
641 2879
642 4797
643 4319
644 3712
645 3504
646 3354
647 3493
648 4765
649 2909
650 4847
651 3790
652 3353
653 4311
654 3218
655 3397
656 3503
657 4441
658 3745
659 4731
660 4029
661 4460
662 4074
663 4355
664 2643
665 3040
666 3096
667 4191
668 4310
669 4989
670 3827
671 4061
672 4727
673 3408
674 3710
675 4508
676 4407
677 4243
678 3627
679 3363
680 3615
681 3577
682 3820
683 4149
684 3018
685 4841
686 2546
687 4644
688 3222
689 3399
690 3104
691 4307
692 3467
693 4617
694 3245
695 4398
696 4470
697 3315
698 2558
699 2816
700 3325
701 3599
702 2877
703 2626
704 2930
705 4285
706 4878
707 2890
708 3597
709 3262
710 4118
711 4532
712 4502
713 4224
714 3007
715 4793
716 4300
717 3217
718 3019
719 3896
720 4078
721 3938
722 3288
723 3360
724 3635
725 3567
726 3487
727 4461
728 3224
729 3884
730 4433
731 3033
732 3423
733 4456
734 4628
735 4918
736 3847
737 3537
738 3798
739 4022
740 4292
741 3409
742 4094
743 4908
744 3580
745 3999
746 3243
747 2836
748 2515
749 3672
750 3948
751 4261
752 4297
753 2827
754 2772
755 3121
756 2651
757 2832
758 4852
759 3074
760 2698
761 3764
762 3902
763 2661
764 4390
765 3679
766 3193
767 4527
768 4286
769 2721
770 3116
771 3546
772 2682
773 3433
774 4805
775 4306
776 4232
777 3811
778 3612
779 3569
780 4944
781 3278
782 3466
783 3916
784 3686
785 4619
786 4031
787 4596
788 3031
789 2561
790 2528
791 3323
792 3758
793 3083
794 2656
795 3909
796 3068
797 2960
798 3201
799 4346
800 3810
801 3556
802 3793
803 3661
804 3282
805 4162
806 4666
807 3115
808 4250
809 3335
810 3677
811 4830
812 4321
813 3015
814 4540
815 3174
816 3937
817 2636
818 2519
819 3542
820 4136
821 4798
822 4747
823 3142
824 3809
825 3787
826 4448
827 4270
828 2767
829 3017
830 4484
831 4112
832 3553
833 4660
834 4500
835 2551
836 3757
837 3875
838 3281
839 4298
840 4850
841 3610
842 4496
843 2984
844 2642
845 3196
846 3128
847 3293
848 3438
849 3784
850 4007
851 3403
852 4778
853 4554
854 4516
855 3462
856 2780
857 4883
858 2820
859 4386
860 3965
861 4699
862 4332
863 3729
864 4491
865 2749
866 4613
867 4665
868 3813
869 4028
870 2897
871 4528
872 2927
873 3633
874 4263
875 2715
876 3822
877 4970
878 4164
879 3359
880 3232
881 4185
882 4657
883 3241
884 4088
885 3851
886 3993
887 2685
888 4545
889 3930
890 4225
891 3617
892 3510
893 4151
894 3023
895 2538
896 3313
897 2602
898 2589
899 3945
900 4612
901 3291
902 3702
903 4063
904 4524
905 4630
906 4941
907 3373
908 2954
909 3085
910 4039
911 2673
912 3280
913 3972
914 4314
915 3825
916 3517
917 3296
918 4833
919 4800
920 3228
921 2694
922 4267
923 3501
924 3935
925 4236
926 4132
927 4550
928 3205
929 2555
930 4724
931 4620
932 2936
933 4776
934 3276
935 3484
936 4559
937 4247
938 2892
939 3162
940 4065
941 3696
942 4897
943 2932
944 3420
945 3843
946 4416
947 4440
948 2925
949 3956
950 4009
951 4782
952 4844
953 3502
954 2691
955 2914
956 3246
957 4839
958 3512
959 2758
960 4929
961 4788
962 3421
963 3957
964 3872
965 4481
966 3314
967 2876
968 2965
969 2724
970 3210
971 3389
972 4335
973 4234
974 2970
975 4882
976 3215
977 4946
978 3112
979 3223
980 4025
981 4293
982 4153
983 4070
984 4971
985 3934
986 3616
987 3415
988 3093
989 4981
990 2846
991 4640
992 4522
993 3290
994 3088
995 3062
996 3375
997 3100
998 3382
999 4659
1000 2670
1001 3927
1002 4932
1003 4953
1004 3171
1005 2638
1006 2862
1007 2717
1008 2526
1009 4174
1010 2597
1011 4301
1012 2968
1013 4855
1014 4476
1015 3387
1016 3609
1017 2979
1018 3102
1019 3212
1020 2802
1021 3623
1022 3046
1023 3673
1024 4518
1025 2671
1026 4979
1027 4853
1028 3766
1029 3473
1030 3752
1031 4716
1032 2668
1033 4991
1034 3422
1035 4730
1036 4193
1037 3838
1038 2665
1039 3761
1040 4405
1041 2896
1042 4281
1043 4330
1044 2644
1045 4425
1046 3756
1047 4245
1048 3439
1049 4458
1050 4350
1051 3035
1052 4081
1053 4734
1054 4359
1055 2632
1056 3357
1057 3226
1058 4275
1059 2962
1060 2518
1061 4273
1062 2839
1063 4557
1064 4021
1065 2907
1066 3190
1067 2765
1068 4590
1069 3863
1070 4471
1071 2793
1072 3862
1073 3429
1074 3286
1075 4711
1076 4569
1077 3549
1078 4196
1079 4799
1080 4635
1081 3452
1082 3442
1083 3733
1084 4753
1085 2781
1086 4578
1087 3861
1088 4465
1089 4715
1090 2712
1091 3441
1092 3594
1093 4591
1094 2994
1095 2929
1096 2961
1097 3728
1098 3505
1099 3207
1100 3990
1101 3410
1102 3155
1103 3850
1104 3024
1105 2835
1106 3453
1107 4723
1108 3045
1109 3003
1110 4911
1111 4222
1112 3614
1113 4738
1114 3792
1115 3645
1116 3481
1117 3059
1118 3734
1119 3826
1120 4846
1121 3449
1122 3735
1123 4807
1124 4019
1125 3075
1126 4978
1127 4995
1128 3405
1129 3513
1130 3192
1131 2697
1132 3904
1133 3263
1134 4413
1135 2906
1136 4017
1137 3448
1138 3230
1139 3309
1140 4493
1141 2683
1142 4342
1143 3047
1144 3797
1145 3342
1146 2995
1147 4576
1148 3294
1149 4525
1150 3257
1151 4016
1152 3963
1153 3737
1154 2911
1155 3954
1156 2882
1157 4372
1158 4825
1159 3979
1160 2852
1161 2605
1162 3459
1163 3450
1164 2894
1165 3204
1166 2774
1167 3796
1168 3726
1169 4589
1170 2922
1171 4507
1172 2986
1173 4047
1174 2620
1175 4071
1176 3839
1177 4690
1178 4240
1179 3430
1180 4203
1181 4739
1182 3187
1183 3156
1184 4347
1185 4454
1186 4397
1187 4339
1188 3667
1189 4233
1190 3552
1191 4740
1192 3378
1193 2779
1194 2681
1195 2615
1196 3271
1197 4698
1198 4418
1199 4239
1200 4037
1201 3169
1202 3770
1203 4821
1204 2667
1205 4072
1206 3678
1207 4810
1208 4641
1209 4369
1210 4473
1211 2800
1212 4988
1213 3706
1214 4199
1215 3564
1216 2981
1217 2785
1218 3658
1219 4680
1220 3052
1221 3880
1222 4669
1223 2706
1224 3591
1225 2915
1226 2848
1227 2830
1228 4904
1229 2627
1230 3519
1231 2918
1232 4302
1233 4984
1234 2549
1235 3596
1236 4714
1237 3307
1238 4710
1239 3113
1240 4556
1241 3662
1242 4764
1243 4802
1244 4774
1245 4214
1246 3871
1247 2588
1248 4605
1249 2766
1250 2933
1251 3528
1252 4148
1253 2916
1254 2520
1255 2695
1256 4459
1257 4434
1258 4361
1259 3659
1260 4260
1261 3471
1262 4783
1263 4447
1264 3892
1265 3894
1266 4363
1267 4490
1268 4768
1269 2590
1270 4467
1271 4252
1272 2678
1273 2964
1274 2801
1275 3523
1276 4915
1277 2730
1278 2789
1279 4642
1280 3763
1281 2948
1282 3056
1283 4373
1284 4804
1285 3069
1286 3840
1287 4358
1288 3828
1289 4874
1290 4122
1291 4572
1292 4862
1293 3611
1294 3626
1295 3109
1296 4406
1297 4018
1298 2928
1299 4506
1300 4385
1301 3997
1302 3292
1303 4633
1304 2902
1305 2529
1306 2943
1307 3391
1308 3606
1309 3842
1310 4349
1311 2660
1312 4101
1313 3601
1314 4809
1315 3952
1316 3688
1317 2947
1318 3092
1319 4238
1320 2570
1321 2759
1322 4567
1323 3868
1324 4538
1325 4313
1326 3184
1327 3835
1328 4043
1329 3374
1330 3618
1331 3235
1332 3515
1333 3538
1334 2761
1335 4961
1336 3640
1337 2688
1338 4220
1339 4213
1340 2607
1341 4442
1342 4403
1343 4104
1344 3819
1345 2623
1346 4379
1347 4323
1348 3480
1349 3334
1350 3444
1351 3853
1352 2760
1353 2753
1354 3859
1355 2506
1356 2869
1357 3949
1358 4949
1359 4408
1360 4526
1361 2853
1362 3656
1363 4137
1364 3557
1365 4646
1366 2899
1367 2850
1368 3432
1369 2861
1370 3172
1371 3705
1372 4163
1373 4693
1374 3973
1375 2702
1376 4175
1377 4305
1378 3769
1379 4887
1380 3247
1381 4150
1382 4291
1383 4761
1384 3624
1385 4086
1386 4708
1387 4977
1388 4832
1389 3358
1390 4890
1391 2991
1392 3663
1393 3588
1394 4983
1395 4741
1396 4107
1397 2716
1398 4487
1399 4429
1400 3572
1401 4759
1402 4498
1403 3833
1404 3066
1405 2982
1406 3857
1407 3272
1408 2511
1409 3009
1410 4812
1411 3808
1412 4931
1413 4948
1414 4755
1415 3746
1416 3699
1417 3568
1418 4541
1419 2618
1420 3324
1421 4994
1422 2901
1423 4585
1424 3098
1425 3424
1426 4594
1427 4268
1428 2889
1429 4169
1430 2586
1431 4972
1432 4868
1433 3976
1434 3783
1435 4430
1436 2672
1437 2569
1438 4412
1439 4781
1440 3076
1441 4348
1442 2599
1443 2865
1444 3982
1445 3849
1446 3604
1447 3718
1448 3229
1449 2601
1450 3457
1451 2514
1452 4664
1453 2735
1454 4130
1455 4194
1456 3037
1457 4477
1458 4110
1459 2608
1460 4916
1461 4424
1462 4053
1463 4671
1464 4754
1465 4008
1466 3186
1467 3926
1468 4437
1469 3794
1470 4045
1471 2563
1472 3332
1473 2578
1474 4717
1475 3613
1476 2708
1477 2856
1478 4856
1479 4573
1480 4244
1481 3878
1482 3345
1483 2531
1484 4013
1485 4382
1486 2908
1487 4157
1488 4689
1489 2842
1490 4294
1491 2798
1492 4523
1493 4808
1494 4975
1495 3749
1496 3070
1497 3064
1498 2613
1499 4521
1500 4588
1501 3533
1502 2893
1503 4277
1504 4742
1505 2777
1506 4475
1507 3381
1508 3814
1509 4993
1510 3469
1511 2634
1512 4819
1513 4005
1514 2732
1515 4092
1516 4044
1517 4637
1518 3261
1519 3197
1520 2646
1521 4571
1522 4611
1523 2552
1524 3411
1525 3038
1526 4563
1527 4142
1528 3030
1529 4123
1530 4024
1531 4439
1532 4189
1533 3041
1534 3844
1535 2939
1536 4371
1537 3701
1538 2958
1539 2815
1540 4316
1541 4801
1542 3821
1543 4010
1544 3183
1545 4956
1546 3736
1547 4488
1548 4650
1549 2693
1550 4889
1551 2535
1552 3541
1553 2978
1554 2764
1555 3738
1556 4674
1557 3560
1558 4758
1559 2625
1560 4124
1561 3126
1562 3598
1563 3122
1564 3349
1565 4105
1566 4131
1567 3474
1568 3468
1569 4464
1570 4583
1571 2776
1572 3968
1573 4863
1574 3498
1575 4880
1576 3406
1577 3427
1578 3140
1579 4865
1580 3642
1581 4114
1582 4703
1583 4565
1584 3779
1585 4421
1586 2924
1587 3962
1588 4968
1589 3781
1590 3941
1591 4624
1592 4885
1593 4562
1594 2987
1595 4631
1596 4922
1597 3928
1598 4248
1599 3016
1600 4279
1601 3846
1602 3181
1603 2959
1604 2565
1605 3535
1606 2509
1607 2587
1608 4779
1609 4794
1610 4713
1611 3629
1612 3306
1613 4253
1614 4266
1615 3486
1616 4331
1617 4866
1618 4980
1619 4831
1620 3011
1621 4692
1622 3117
1623 3344
1624 2966
1625 3362
1626 3788
1627 4837
1628 4337
1629 3236
1630 4426
1631 3782
1632 2845
1633 4272
1634 4512
1635 3135
1636 3971
1637 4936
1638 3340
1639 2619
1640 3496
1641 3369
1642 3464
1643 2534
1644 3494
1645 4900
1646 2611
1647 3586
1648 3767
1649 2762
1650 3632
1651 3365
1652 4552
1653 2686
1654 4287
1655 2692
1656 4722
1657 4364
1658 3063
1659 4822
1660 4566
1661 2786
1662 3101
1663 3716
1664 3393
1665 4815
1666 3921
1667 2595
1668 4735
1669 2507
1670 4568
1671 4354
1672 4474
1673 3005
1674 4290
1675 2746
1676 3053
1677 2831
1678 3388
1679 4121
1680 2680
1681 4383
1682 4712
1683 4939
1684 3800
1685 4485
1686 4143
1687 3786
1688 3251
1689 3834
1690 4744
1691 3301
1692 2664
1693 3173
1694 4681
1695 3372
1696 2536
1697 4763
1698 3020
1699 3404
1700 4282
1701 3146
1702 4042
1703 4848
1704 4343
1705 3587
1706 3238
1707 2886
1708 3621
1709 4686
1710 4780
1711 4377
1712 4582
1713 3356
1714 3877
1715 3461
1716 3675
1717 2621
1718 4749
1719 4733
1720 3818
1721 4463
1722 4177
1723 2881
1724 2821
1725 3455
1726 2973
1727 2501
1728 4040
1729 2873
1730 3396
1731 3310
1732 4334
1733 4198
1734 4395
1735 4933
1736 3545
1737 4399
1738 2983
1739 3158
1740 4360
1741 3665
1742 4732
1743 2579
1744 3883
1745 2525
1746 3479
1747 4792
1748 4328
1749 4466
1750 4785
1751 4497
1752 4549
1753 3006
1754 4935
1755 3776
1756 4299
1757 3713
1758 4138
1759 3311
1760 4845
1761 2998
1762 2997
1763 3590
1764 4218
1765 3881
1766 2540
1767 3012
1768 4791
1769 3747
1770 4707
1771 3570
1772 4503
1773 2871
1774 3932
1775 3331
1776 2952
1777 3013
1778 4903
1779 3946
1780 4869
1781 4966
1782 4098
1783 4443
1784 3900
1785 4492
1786 3583
1787 2818
1788 2757
1789 3039
1790 2763
1791 4419
1792 3460
1793 3231
1794 2679
1795 4627
1796 3760
1797 2953
1798 2773
1799 3264
1800 3986
1801 3472
1802 3714
1803 3289
1804 3866
1805 4041
1806 3802
1807 4795
1808 3885
1809 4427
1810 3413
1811 2945
1812 3544
1813 4264
1814 4093
1815 3832
1816 2527
1817 2659
1818 3644
1819 2567
1820 3080
1821 2568
1822 4854
1823 3390
1824 4796
1825 2734
1826 4126
1827 3336
1828 4513
1829 4115
1830 4601
1831 4468
1832 2934
1833 4891
1834 3771
1835 4606
1836 3890
1837 4663
1838 4391
1839 3732
1840 4636
1841 4187
1842 3321
1843 4184
1844 4579
1845 3495
1846 4696
1847 4857
1848 3558
1849 3124
1850 4304
1851 3920
1852 4109
1853 3806
1854 4625
1855 4207
1856 4325
1857 2813
1858 2582
1859 4229
1860 4924
1861 4432
1862 3383
1863 4835
1864 4898
1865 3376
1866 3605
1867 3145
1868 3603
1869 3636
1870 4283
1871 2887
1872 4684
1873 3978
1874 3547
1875 4401
1876 3160
1877 3386
1878 3308
1879 4068
1880 2992
1881 3119
1882 4365
1883 3129
1884 3581
1885 4757
1886 4775
1887 4950
1888 2645
1889 3111
1890 3144
1891 3061
1892 2857
1893 3741
1894 3912
1895 3524
1896 4934
1897 4670
1898 3260
1899 4982
1900 2710
1901 4520
1902 3959
1903 3858
1904 3873
1905 4943
1906 2739
1907 2847
1908 3151
1909 2533
1910 3165
1911 4046
1912 3141
1913 4415
1914 4230
1915 4410
1916 4917
1917 3589
1918 3803
1919 3384
1920 4777
1921 3841
1922 4404
1923 4411
1924 3816
1925 4036
1926 3157
1927 3992
1928 4539
1929 4726
1930 3090
1931 3509
1932 3094
1933 3685
1934 4374
1935 3048
1936 3914
1937 3147
1938 2811
1939 4603
1940 3562
1941 4057
1942 4860
1943 3943
1944 4925
1945 3970
1946 2544
1947 3854
1948 2775
1949 2663
1950 3266
1951 2584
1952 3574
1953 2714
1954 4951
1955 4547
1956 4892
1957 2630
1958 3470
1959 4050
1960 4999
1961 4027
1962 3772
1963 4858
1964 2796
1965 4616
1966 2727
1967 4655
1968 2684
1969 3402
1970 4829
1971 3727
1972 2606
1973 2822
1974 4345
1975 2823
1976 4446
1977 4262
1978 4069
1979 2747
1980 3008
1981 3646
1982 3300
1983 3057
1984 2532
1985 3179
1986 3435
1987 4694
1988 3346
1989 3485
1990 3304
1991 4082
1992 2838
1993 4205
1994 4647
1995 3893
1996 4139
1997 2711
1998 3906
1999 2858
2000 2963
2001 3974
2002 4958
2003 3774
2004 4990
2005 4023
2006 3071
2007 4926
2008 4709
2009 3698
2010 4201
2011 4581
2012 3981
2013 2895
2014 4985
2015 3385
2016 3084
2017 3091
2018 4575
2019 3751
2020 3025
2021 2576
2022 3708
2023 2977
2024 4662
2025 2639
2026 3103
2027 3711
2028 3592
2029 4141
2030 4772
2031 2940
2032 4817
2033 3539
2034 4453
2035 3856
2036 4483
2037 2891
2038 2926
2039 4422
2040 2631
2041 4026
2042 4899
2043 3748
2044 2641
2045 4480
2046 2652
2047 4128
2048 2571
2049 4133
2050 2591
2051 4246
2052 4736
2053 4067
2054 3143
2055 4873
2056 4599
2057 3273
2058 4876
2059 2705
2060 2950
2061 3295
2062 4003
2063 4341
2064 3801
2065 2919
2066 3095
2067 4533
2068 3942
2069 2640
2070 4462
2071 2875
2072 4570
2073 2805
2074 4609
2075 2548
2076 4945
2077 2794
2078 3641
2079 4784
2080 4955
2081 4748
2082 4208
2083 3077
2084 3692
2085 4668
2086 3889
2087 4127
2088 4561
2089 4519
2090 3377
2091 4952
2092 3684
2093 4435
2094 3337
2095 4392
2096 3097
2097 3133
2098 2502
2099 3458
2100 3213
2101 3268
2102 2884
2103 4927
2104 3022
2105 3742
2106 4720
2107 4901
2108 4308
2109 3125
2110 3573
2111 4204
2112 4555
2113 3050
2114 3253
2115 4125
2116 4322
2117 4909
2118 4673
2119 4284
2120 3768
2121 3277
2122 3739
2123 4167
2124 3497
2125 4762
2126 3418
2127 4152
2128 3079
2129 2707
2130 2633
2131 4378
2132 2572
2133 4159
2134 3089
2135 3330
2136 2937
2137 4180
2138 3639
2139 2967
2140 4893
2141 4875
2142 3034
2143 2505
2144 2935
2145 4986
2146 3817
2147 3168
2148 3150
2149 3500
2150 3499
2151 3305
2152 4816
2153 2516
2154 3086
2155 3370
2156 2923
2157 3799
2158 3028
2159 3414
2160 3521
2161 3302
2162 4888
2163 4818
2164 3312
2165 4062
2166 3967
2167 3925
2168 3258
2169 4048
2170 2701
2171 2635
2172 2580
2173 3895
2174 2539
2175 3436
2176 4451
2177 3134
2178 3161
2179 3867
2180 3371
2181 3989
2182 2575
2183 4179
2184 3874
2185 4959
2186 4482
2187 3105
2188 3329
2189 3269
2190 4587
2191 4509
2192 3099
2193 4186
2194 3339
2195 2736
2196 3447
2197 2885
2198 4923
2199 3395
2200 4258
2201 4200
2202 4352
2203 2600
2204 4786
2205 3208
2206 3566
2207 3400
2208 3791
2209 2990
2210 4217
2211 3227
2212 3139
2213 2655
2214 3194
2215 3649
2216 3723
2217 3131
2218 3657
2219 3709
2220 4414
2221 2814
2222 4073
2223 4318
2224 3067
2225 2956
2226 3398
2227 3188
2228 3777
2229 2755
2230 4209
2231 2723
2232 4770
2233 3643
2234 4677
2235 4223
2236 3456
2237 2941
2238 4653
2239 2585
2240 4919
2241 4870
2242 2547
2243 3664
2244 4165
2245 3010
2246 4751
2247 4517
2248 2957
2249 4329
2250 3127
2251 3725
2252 2543
2253 4896
2254 3437
2255 4595
2256 3915
2257 2603
2258 2824
2259 4156
2260 3044
2261 3250
2262 3898
2263 4145
2264 3525
2265 2826
2266 4479
2267 4964
2268 3693
2269 4842
2270 4155
2271 2778
2272 3983
2273 3554
2274 3347
2275 3637
2276 4317
2277 2955
2278 4064
2279 4884
2280 3073
2281 4170
2282 4095
2283 4695
2284 4743
2285 3317
2286 4685
2287 3482
2288 4106
2289 3440
2290 4288
2291 2782
2292 3804
2293 3465
2294 2863
2295 3620
2296 3379
2297 3910
2298 3176
2299 3026
2300 4099
2301 3244
2302 3287
2303 2616
2304 3576
2305 3753
2306 3318
2307 3579
2308 4181
2309 4643
2310 3051
2311 3507
2312 4886
2313 4615
2314 3754
2315 4116
2316 2510
2317 2812
2318 3463
2319 4867
2320 3888
2321 3720
2322 4787
2323 3759
2324 2870
2325 2905
2326 4117
2327 2687
2328 4728
2329 4574
2330 4678
2331 3177
2332 3994
2333 4457
2334 4091
2335 3882
2336 3933
2337 3027
2338 4629
2339 4333
2340 3717
2341 4861
2342 3137
2343 4375
2344 2872
2345 3259
2346 4499
2347 2860
2348 2837
2349 2938
2350 4965
2351 3975
2352 4687
2353 4452
2354 4006
2355 4651
2356 2617
2357 4436
2358 4389
2359 3660
2360 4326
2361 4531
2362 4002
2363 3225
2364 4813
2365 3130
2366 4221
2367 3697
2368 4667
2369 2795
2370 3622
2371 2650
2372 2592
2373 2806
2374 2917
2375 2804
2376 3666
2377 4396
2378 2523
2379 4472
2380 4097
2381 4051
2382 4756
2383 3922
2384 3520
2385 3707
2386 3198
2387 2647
2388 4158
2389 4428
2390 4675
2391 3270
2392 4309
2393 3417
2394 4592
2395 4838
2396 2974
2397 2690
2398 4160
2399 3532
2400 2614
2401 4212
2402 2999
2403 2996
2404 3407
2405 2562
2406 3522
2407 3216
2408 4119
2409 4030
2410 3630
2411 3958
2412 4265
2413 4241
2414 4489
2415 3352
2416 4548
2417 4676
2418 4242
2419 3724
2420 4558
2421 4173
2422 3870
2423 4608
2424 2920
2425 4344
2426 4725
2427 3489
2428 2740
2429 2841
2430 2851
2431 3571
2432 4598
2433 4543
2434 3518
2435 3189
2436 2577
2437 3980
2438 2951
2439 4271
2440 2559
2441 4672
2442 4134
2443 3674
2444 4269
2445 3907
2446 2790
2447 4495
2448 4054
2449 2508
2450 3913
2451 3940
2452 3078
2453 2833
2454 2596
2455 4871
2456 3338
2457 4444
2458 3279
2459 4256
2460 3233
2461 4654
2462 4511
2463 3836
2464 2946
2465 4249
2466 4811
2467 4312
2468 4140
2469 2657
2470 4746
2471 4974
2472 3731
2473 4706
2474 4394
2475 3167
2476 4584
2477 3584
2478 3206
2479 3081
2480 4930
2481 4912
2482 3582
2483 2808
2484 4211
2485 4760
2486 3529
2487 3274
2488 4820
2489 3443
2490 4001
2491 2878
2492 3058
2493 4450
2494 4864
2495 4652
2496 3526
2497 4368
2498 3901
2499 3110
255344.518238014
