2938
0 3693
1 2580
2 4555
3 4244
3 4767
4 3065
4 3546
4 4404
5 2540
6 3233
7 4190
8 4752
9 4515
10 3607
11 4296
12 3699
13 3345
14 3000
14 3346
15 3817
15 3948
16 4368
17 4426
18 2760
19 2852
20 4100
21 3696
22 3942
23 4686
24 4016
24 4451
25 2979
26 3026
27 4562
28 3144
29 4278
30 2657
31 2624
31 2677
31 4023
31 4523
32 4822
33 4804
34 2504
35 3266
35 4882
36 2922
37 3365
37 3887
37 4728
38 3066
38 3522
38 3592
38 3838
38 4325
39 3209
40 4435
41 2699
42 3137
43 2557
44 4625
45 2933
46 2568
47 4367
48 3306
49 2950
50 4722
51 4121
52 2742
53 2536
54 3958
55 3666
56 3226
56 4270
56 4511
57 4218
58 3777
59 3966
60 4074
61 2509
62 3037
63 4012
64 2873
65 4438
66 4082
67 2845
68 4046
69 4174
70 3874
70 3972
71 3848
72 3235
73 3559
73 4268
74 3695
75 3023
76 4657
77 2606
78 4461
79 4332
80 3267
81 3399
82 2601
83 4261
84 4187
85 4414
86 2680
87 4489
88 4271
88 4699
88 4899
89 3253
90 3331
91 3622
92 4629
93 2635
94 4643
95 4180
96 3063
97 3711
97 4836
97 4842
98 4242
99 3393
100 2844
101 4646
102 3732
103 4857
104 4971
105 3218
106 4227
107 4690
108 3152
109 3293
110 3855
111 4067
111 4596
112 3169
112 4527
112 4950
113 2557
114 3940
115 3719
116 4796
117 4724
118 4118
119 4328
119 4780
120 4541
121 4097
121 4587
122 3213
123 4128
124 2929
125 3390
126 4252
127 4263
128 3723
129 2908
130 4561
131 2964
132 3463
132 4640
133 3601
134 4056
135 2626
136 3717
137 2696
138 3168
139 2505
139 3741
139 4008
140 3687
140 4483
141 3470
142 4881
143 4981
144 4049
145 3107
146 2683
147 3053
148 2902
149 4190
150 3243
151 3867
151 4661
152 2846
153 2894
154 3525
155 3785
156 4137
157 2648
158 3590
159 3890
160 3127
161 4057
162 3405
163 3629
164 2841
164 3984
164 4032
165 4475
166 4419
167 4272
168 3756
169 2621
170 2556
171 4667
172 4924
173 4807
174 2932
175 3269
176 4206
177 3403
178 4741
179 3208
180 3712
180 3722
180 3840
181 4885
182 4987
183 4906
184 3594
185 3733
186 4989
187 4167
188 4865
189 3813
190 4723
191 3191
191 3873
192 4863
193 3018
193 3214
193 4591
194 2548
194 4199
195 2840
195 4255
196 4297
197 3268
198 4806
199 3819
200 3137
201 3583
202 4130
203 4973
204 2949
205 4197
206 4659
207 3141
207 3806
208 2987
209 4034
210 2937
211 4719
212 2566
213 4076
213 4738
214 3252
215 2830
216 3587
217 4354
218 3506
219 2653
220 4279
221 3606
222 4641
222 4946
223 2612
224 4481
225 3003
226 4800
227 4877
228 3283
229 3728
230 3025
231 3080
232 3954
233 3797
234 4256
235 2733
236 2797
237 2990
238 3358
238 3703
239 3371
240 4143
241 3659
242 4101
243 3573
244 4181
245 4373
246 4006
247 2967
248 3111
249 3427
250 3254
251 2714
252 2676
252 3009
252 3093
252 4797
253 3149
254 3820
255 2807
256 4227
257 2679
258 3437
259 3910
260 4151
261 2899
262 3482
263 2808
264 4718
265 4418
266 4798
267 4453
268 2711
269 3140
270 4544
271 4365
272 4280
273 3724
274 3802
275 3432
276 3321
277 4742
278 4885
279 3904
280 2542
281 4233
282 3829
283 3634
284 4052
285 4637
285 4938
286 3761
287 4288
288 4374
289 3833
290 4589
291 2668
291 3350
291 4221
291 4285
292 2952
292 4674
293 3680
294 3108
295 3497
296 3206
297 2795
298 3201
299 4681
300 2513
301 4539
302 3163
303 3542
303 3896
304 2562
305 3286
306 4515
307 3161
307 3757
308 3764
308 4040
308 4834
308 4867
309 3211
310 4189
311 4005
312 4662
313 2596
314 4155
315 4485
316 4435
317 3750
318 2607
318 4671
318 4755
319 3406
319 4923
320 2675
321 4215
322 3659
323 2693
324 3254
325 2684
326 4796
327 3008
328 4686
329 3305
330 3963
331 3478
332 4094
333 2715
334 4944
335 4213
336 4186
337 3461
338 4075
339 3307
340 2928
340 4007
341 3540
341 4429
341 4892
342 4741
343 3727
344 3375
345 2547
345 3628
346 2835
346 4349
347 4582
348 2702
349 3227
350 3569
351 3042
352 3271
353 3433
354 3934
355 4594
356 2931
357 2638
358 3254
359 3295
360 3049
361 4051
362 3644
362 4576
363 4872
364 3039
364 4207
365 3994
366 2622
367 3012
368 4463
369 3442
370 4478
371 3468
372 4773
373 3336
374 4030
375 4175
376 3925
376 4503
376 4740
377 2589
378 3902
379 4423
380 4896
381 3662
382 4734
383 3600
383 3852
383 4106
383 4243
384 3638
384 3729
385 3034
386 3289
387 4886
388 4903
389 2597
390 4904
391 3834
392 2608
392 3956
393 3233
394 4414
395 2897
396 3549
397 2957
397 3585
398 4851
399 4763
400 2598
401 2961
402 3110
403 3210
404 4406
405 3458
406 3945
407 3807
408 2964
409 4383
410 4707
411 3142
412 3474
413 3779
414 3796
415 4737
416 4695
417 3071
418 2864
418 2973
418 3146
418 4386
419 3533
420 4605
421 4274
422 3843
423 2868
423 4247
423 4830
424 4915
425 2792
426 4538
427 2706
427 3085
427 3854
428 2976
429 3328
430 4029
431 2646
432 3936
432 4162
432 4710
433 3135
434 4689
435 4190
436 2635
437 4702
438 2546
439 3618
440 3994
441 2517
442 2734
443 2672
444 3096
445 3249
445 3849
446 3834
447 4789
448 3772
449 4829
450 3129
451 4276
452 3937
452 4345
453 2680
454 4922
455 2570
456 3629
457 4446
458 2529
459 4237
459 4305
460 4800
461 4208
462 2645
463 4096
464 4146
465 3641
465 3745
465 3952
465 3974
465 4260
466 3022
467 2732
468 3418
469 4003
470 2978
471 4352
472 2738
472 2869
472 3439
472 4380
472 4420
473 4609
474 3315
475 4615
476 3943
476 4750
477 4770
478 3969
479 4005
480 4939
481 4460
482 2563
483 2554
484 3853
485 3821
486 3998
487 4393
488 3647
489 3731
490 4115
491 3338
491 4231
492 4022
493 4859
494 3881
495 2850
495 3215
496 3833
497 3037
498 2518
499 3927
500 4389
501 3755
502 4870
503 4597
504 3603
505 2719
505 2855
506 3392
507 3359
508 2727
509 4494
510 3637
511 2765
512 3370
512 3480
513 2921
514 3758
515 4139
516 3872
517 4924
518 3447
519 4620
520 3352
520 4761
521 2768
522 2917
523 2913
524 3103
524 4794
524 4835
525 2712
526 2888
527 4153
528 4762
529 4621
530 4113
531 3386
532 3826
533 2965
534 3056
535 3303
536 4252
537 3241
538 4348
539 4041
540 2573
540 4952
541 3235
542 2519
543 2583
544 4808
545 3273
546 2795
547 4327
548 4417
549 2603
550 4124
551 4912
552 3092
553 2874
554 4921
555 2569
555 2849
556 3721
557 4752
558 4258
559 4802
560 4996
561 3142
562 2539
563 3690
564 4586
565 4186
566 4462
567 4251
568 4689
569 4772
570 3554
571 3748
572 3983
573 3521
574 4108
575 4703
576 3148
577 3938
578 3514
579 2721
579 2930
580 3492
581 2678
582 3560
583 3643
583 4084
584 3068
585 3639
586 2553
587 3408
588 4951
589 3517
590 2832
591 4825
592 2678
593 2815
594 3302
595 4759
596 3660
597 2745
598 4467
599 3557
599 4445
600 4284
601 3033
602 4745
603 4968
604 2666
604 2867
604 2945
604 3121
605 4141
606 3217
606 3754
606 4346
607 2648
608 4425
609 3575
610 4603
611 3631
612 4405
613 4125
614 3486
615 3431
616 3076
617 2690
618 3187
618 4897
619 4026
620 2672
621 3339
622 4643
623 2891
623 3892
624 4676
625 3619
625 3800
626 3416
627 2892
628 4869
629 4242
630 3401
631 3891
632 4937
633 3360
634 3889
635 3539
636 4514
637 4160
638 4607
639 3091
640 2654
640 4262
641 4722
642 4170
643 3900
644 4636
645 3120
646 3667
647 2645
648 4765
649 4565
650 2713
651 3008
652 2630
653 3262
654 4058
655 2995
656 3298
657 2809
657 4988
658 4318
659 2680
660 4914
661 4876
662 3454
663 4266
664 4623
665 4065
665 4110
665 4134
665 4476
665 4743
666 4399
667 3229
668 2581
669 3035
670 4412
671 3999
672 3556
673 4374
674 4630
675 4487
676 3593
677 3850
678 3815
679 2687
679 4053
680 2594
681 3411
682 4139
683 2826
683 3562
684 4826
685 2694
685 2905
686 3190
686 3280
686 3500
686 3917
686 4524
686 4545
687 4144
688 4610
689 4276
690 4108
691 4170
692 4598
693 3157
694 4649
695 2854
695 3977
696 4470
697 4384
698 3882
699 4339
700 4125
701 2953
702 2955
702 4665
703 2968
704 2629
705 3899
706 2906
707 4001
708 2533
708 3377
709 3953
710 2720
710 3300
710 3868
711 3379
711 3630
712 2963
713 3394
714 3309
715 3436
716 4176
717 4209
718 4010
719 2717
720 3790
721 2915
722 4729
723 2722
723 4309
724 3980
725 3052
726 3810
727 4942
728 4385
729 3771
730 3490
730 3681
731 4973
732 4846
733 4142
734 3844
735 3307
736 2585
737 3212
738 2601
739 4196
740 3084
741 2727
742 2754
743 2961
744 3307
745 4593
746 3863
747 3580
747 3652
748 3966
749 3175
750 4540
751 2811
752 3124
753 4112
754 4150
755 4631
756 3290
757 3507
758 2882
758 4347
758 4751
759 3054
760 3132
761 4901
762 3362
763 4983
764 3530
765 2629
766 2791
767 3798
768 4321
769 3860
770 3488
771 4533
772 3072
772 4236
773 3270
773 4864
774 4004
774 4225
775 3586
776 2670
777 4670
778 4293
779 3172
780 4501
780 4735
781 4185
782 3021
783 2635
784 4200
785 3202
786 3273
787 4355
788 3031
789 2857
790 2571
791 3491
792 4457
793 4884
794 4513
795 4565
796 2958
797 4028
798 3342
798 4038
798 4482
799 2883
800 3763
801 3125
802 4357
803 3134
803 4085
804 4677
805 3798
806 2829
807 4954
808 4223
809 4430
810 4093
811 2561
811 3871
811 4069
812 3297
813 4414
814 2672
815 3710
816 2752
816 4792
817 4177
817 4198
818 2877
819 3949
820 3138
821 4275
822 2939
822 3372
823 4631
824 3964
825 3112
826 3909
827 4744
827 4827
828 4811
829 3884
830 3076
831 3981
832 3694
833 4214
834 4668
835 3311
836 3753
837 3041
838 4680
839 4265
839 4774
839 4928
840 4151
841 3605
842 3621
843 3801
844 3576
845 2879
846 3822
847 2658
848 2899
849 3016
850 4907
851 3604
852 3067
853 3415
854 4883
855 4496
856 2784
857 2601
858 4900
859 2903
860 4489
861 3483
862 4991
863 4799
864 3760
864 4195
865 3396
865 4313
866 3570
867 3693
868 3391
869 4355
870 2971
870 3051
871 4844
872 4868
873 3596
873 3941
873 4779
874 3978
875 3916
876 2842
877 3440
878 4614
879 3153
880 4104
881 4977
882 4949
883 3762
883 4495
884 2644
885 4536
886 2613
887 3247
888 2599
889 3492
890 3973
891 3454
892 4885
893 3951
894 3023
895 2790
896 3610
897 3935
898 4343
899 2574
899 3075
899 4978
900 4508
901 3147
902 2861
903 3384
904 3885
905 4715
906 3597
907 4432
908 3142
909 3087
910 4757
911 3348
911 3766
911 3776
911 3787
911 4037
911 4086
912 4656
913 3649
914 3811
915 2778
915 3611
915 4333
915 4982
916 4617
917 3058
917 3736
918 3019
919 4805
920 3561
921 3545
922 4002
923 3063
924 4335
925 3299
926 4356
927 4282
928 4782
929 4854
930 4043
931 2549
932 4663
933 3036
933 4753
934 4184
935 2735
936 3675
937 4092
938 4603
939 2614
940 2910
941 3835
942 4488
943 3195
944 3155
944 4908
945 4371
946 4416
947 4585
948 3584
949 2943
950 3008
951 4548
952 3553
953 2793
954 4464
955 3234
956 2880
957 2961
958 2564
959 4580
960 4966
961 4055
962 4259
963 4434
964 3207
965 2631
965 4474
966 4299
967 2936
968 4948
969 2609
970 3414
971 3389
972 4502
973 3833
974 4311
975 4535
976 2718
977 4488
978 2591
979 4378
980 3443
980 4748
981 4732
982 4862
983 3308
984 2802
985 3461
986 3221
986 3859
987 3044
987 3446
988 2534
989 3856
990 2995
991 4398
992 3837
993 3473
994 4344
995 2528
995 3739
996 4848
997 4210
998 3040
999 3456
1000 3123
1001 3893
1002 4522
1003 4713
1003 4733
1004 2680
1005 3254
1006 3614
1007 2948
1008 4261
1009 3176
1010 2610
1010 2637
1011 3223
1012 4742
1013 3720
1014 2860
1015 2969
1016 2698
1016 4048
1017 4293
1018 3255
1019 3963
1020 2843
1021 2932
1022 4563
1023 4235
1024 2851
1025 2783
1026 2649
1027 2902
1028 2655
1029 4413
1030 2960
1030 2966
1031 2814
1032 4455
1033 3691
1034 4825
1035 4818
1036 4276
1037 3306
1038 2987
1039 3238
1040 4838
1041 4013
1042 4061
1043 3257
1044 3366
1044 4965
1045 2827
1046 4145
1047 3156
1047 3368
1047 3452
1048 3096
1049 4458
1050 2731
1051 2691
1052 3055
1053 3067
1054 3006
1055 4763
1056 4066
1057 4021
1058 3402
1059 2537
1059 3921
1060 4226
1061 4257
1062 4979
1063 3259
1064 2951
1065 4509
1066 3897
1067 3825
1068 3237
1069 3669
1070 3479
1071 3154
1072 4890
1073 3189
1073 3726
1074 2904
1074 4436
1075 2590
1075 3205
1075 3751
1076 4025
1077 2681
1078 2571
1079 2538
1080 4626
1080 4828
1081 4949
1082 3114
1082 4709
1083 4340
1084 4118
1085 4551
1086 3888
1087 3476
1088 4602
1089 4583
1090 4814
1091 2749
1092 2623
1093 4685
1094 3109
1095 2925
1096 3740
1097 4039
1097 4568
1098 4126
1099 3651
1100 4911
1101 3802
1102 4669
1103 4651
1104 3566
1105 4202
1106 3489
1106 3518
1106 3577
1107 4283
1108 3459
1108 4945
1109 4821
1110 4930
1111 2558
1111 4452
1112 3645
1113 2989
1114 3268
1115 4142
1116 3898
1116 4801
1117 4180
1118 4958
1119 3708
1120 3430
1121 4644
1121 4788
1122 3240
1122 3291
1122 3487
1122 4250
1122 4390
1123 2616
1124 4340
1125 4559
1126 2994
1127 2518
1128 3102
1129 2763
1130 3547
1130 3804
1130 4377
1130 4497
1130 4725
1131 3531
1132 3078
1133 2510
1134 3635
1134 4060
1135 2660
1136 3361
1136 3364
1137 2987
1138 3947
1139 4528
1140 3629
1141 2767
1142 4411
1143 2592
1144 3079
1145 4676
1146 2872
1146 4230
1147 4132
1147 4714
1148 2907
1149 3150
1150 2790
1151 2794
1151 3851
1152 3963
1153 3404
1153 4079
1154 3160
1155 3812
1155 4379
1156 3038
1156 4308
1157 3050
1158 2643
1158 3170
1158 3261
1158 4543
1159 4778
1160 4191
1161 2818
1162 3876
1163 3478
1164 4064
1165 3926
1166 2511
1167 2856
1168 3060
1169 4787
1170 3907
1171 3142
1172 4525
1173 2739
1173 2997
1173 4193
1174 4986
1175 3095
1176 4017
1177 4608
1178 4935
1179 4887
1180 2909
1180 3803
1181 3673
1182 2524
1182 4790
1183 3834
1184 4613
1185 2912
1186 2565
1187 4922
1188 2639
1189 3222
1190 2881
1191 3106
1192 2575
1193 2703
1194 3204
1195 2615
1196 2833
1197 4682
1198 2629
1199 2709
1200 2923
1201 2934
1201 4179
1202 3466
1202 4465
1203 2783
1204 2769
1205 2773
1206 3647
1207 4461
1208 4336
1208 4654
1208 4974
1209 3224
1210 2703
1211 2712
1212 3198
1213 4932
1214 3355
1215 2806
1216 3143
1216 4158
1217 2678
1218 2507
1219 4368
1220 4635
1221 2938
1222 3668
1223 3878
1224 3957
1225 2954
1226 3301
1227 4163
1228 3413
1229 4182
1230 2703
1231 2733
1232 3426
1233 3654
1234 2991
1234 4120
1235 4579
1236 2625
1237 4095
1238 2545
1239 3963
1240 3847
1241 3104
1241 4642
1241 4918
1242 4936
1243 4031
1244 3533
1245 2627
1245 2927
1245 3563
1245 4537
1246 3086
1247 3680
1248 4205
1249 2798
1250 3993
1251 3769
1252 4727
1253 3337
1254 3810
1255 2915
1256 4300
1256 4331
1256 4554
1257 2876
1258 4361
1259 2818
1260 3792
1261 3961
1262 4108
1263 4021
1264 2796
1264 4666
1265 3230
1266 3054
1267 2837
1267 3181
1268 4941
1268 4990
1269 4860
1270 4711
1271 3894
1272 3629
1273 2632
1273 3171
1273 3323
1273 3685
1273 4439
1273 4653
1274 4248
1275 3469
1276 2944
1277 4747
1278 4403
1279 4893
1280 3225
1281 2828
1282 4833
1283 2999
1284 3376
1285 3780
1286 2723
1287 4856
1288 4993
1289 3199
1290 3097
1291 3515
1292 4669
1293 4701
1294 4862
1295 4246
1296 4448
1297 2758
1298 2512
1298 3317
1299 4720
1300 3833
1301 3997
1302 4518
1303 4044
1304 3028
1304 4087
1305 3353
1306 4124
1307 3041
1308 3076
1309 4063
1310 4639
1311 4910
1311 4962
1312 4184
1313 2977
1313 4326
1313 4410
1314 4397
1315 4902
1316 4692
1317 3839
1318 2919
1319 4742
1320 4786
1321 2992
1322 2651
1323 4322
1324 3930
1325 2992
1326 4658
1327 4932
1328 3963
1329 2636
1330 3061
1330 4358
1331 3475
1332 2982
1332 3636
1333 4599
1334 3714
1335 4401
1335 4546
1335 4547
1335 4853
1336 4540
1337 4995
1338 3145
1339 3720
1340 4698
1341 4463
1342 2898
1343 2884
1344 3715
1345 4536
1346 3007
1347 3232
1347 3767
1348 2579
1349 4650
1350 3481
1351 4103
1352 3535
1353 3064
1354 3139
1354 3616
1355 2600
1356 2667
1357 3784
1358 4355
1359 4005
1360 2976
1361 4777
1362 4878
1363 2526
1363 4706
1364 4573
1365 2831
1366 2899
1367 4157
1368 3462
1369 3313
1369 4099
1370 3279
1371 4203
1372 3398
1373 3620
1374 3162
1375 4083
1376 4957
1377 3935
1378 3678
1379 2697
1380 4940
1381 4781
1382 4031
1383 4574
1384 4589
1385 4133
1386 3625
1387 4611
1388 4100
1389 3324
1389 4287
1390 4105
1391 4307
1392 3832
1393 3895
1394 3027
1395 4768
1396 3415
1397 4427
1398 2705
1399 4172
1400 4435
1401 4689
1402 3613
1402 3716
1403 3248
1404 3094
1405 4660
1406 3738
1407 2839
1408 3250
1409 2793
1410 4890
1411 3252
1412 4148
1413 2777
1414 3385
1415 4370
1416 2728
1417 3115
1417 3706
1417 4324
1417 4612
1418 3258
1418 4726
1419 2618
1420 3924
1421 3837
1422 4154
1423 3314
1424 3640
1424 4316
1424 4785
1425 3264
1426 3388
1427 4302
1428 3661
1429 2761
1430 4504
1431 3116
1432 3081
1433 4803
1434 3946
1435 3976
1435 4652
1436 2671
1437 3260
1438 3578
1439 3126
1440 2516
1441 2981
1442 3120
1443 3591
1444 3906
1445 4972
1446 2859
1447 4421
1447 4766
1448 3032
1449 2595
1450 3833
1451 4976
1452 2550
1453 3047
1453 3595
1454 3693
1455 4885
1456 2724
1456 4295
1457 4477
1458 4376
1459 3332
1460 3933
1461 4810
1462 3982
1463 3879
1464 4146
1465 4033
1466 3475
1467 4960
1468 3809
1469 4833
1470 2557
1471 4521
1472 4394
1473 2755
1474 3285
1475 2535
1476 4999
1477 2669
1478 3380
1479 3178
1480 2727
1481 3245
1482 2830
1483 3900
1484 4746
1485 3746
1485 4264
1486 2812
1487 2839
1488 2987
1489 4491
1490 3387
1491 2523
1492 2532
1492 4549
1493 4449
1494 3048
1495 4600
1496 4530
1497 3020
1498 2589
1499 4239
1500 2986
1500 3827
1501 3343
1502 3296
1503 4277
1504 2779
1505 4717
1506 4690
1507 4975
1508 4916
1509 4152
1510 2785
1510 4672
1510 4847
1511 3552
1511 3770
1511 4267
1512 2764
1512 3193
1513 3869
1514 4136
1514 4138
1515 2753
1516 2780
1517 4278
1518 4165
1519 4414
1520 3875
1521 3589
1522 4078
1523 4068
1524 4273
1525 2799
1526 2663
1526 2741
1526 3791
1527 2744
1528 4866
1529 3845
1530 3113
1531 4443
1532 3420
1533 2755
1534 2616
1535 4340
1536 3971
1537 4382
1538 3617
1539 3836
1540 3843
1541 4601
1542 4395
1543 3177
1543 4622
1544 2862
1544 3029
1545 3367
1546 3588
1547 2932
1548 4823
1549 2614
1550 4722
1551 4428
1552 3356
1553 4581
1554 2959
1554 4228
1555 4809
1556 4692
1557 2567
1557 2701
1557 3183
1557 4159
1558 3376
1559 4449
1560 2560
1561 3382
1562 4920
1563 3163
1564 3805
1565 3783
1566 4634
1567 4169
1568 3516
1569 4045
1570 3327
1571 2896
1572 3122
1573 3970
1574 3219
1575 2634
1575 3173
1575 3228
1575 4571
1576 2609
1577 2946
1578 3534
1579 2737
1580 3700
1581 4172
1582 2916
1583 3623
1584 4242
1585 4344
1586 3421
1587 3962
1588 4098
1589 4627
1590 3955
1590 4493
1591 4082
1592 4815
1593 3528
1594 3256
1595 3968
1596 2685
1597 3922
1598 4949
1599 4606
1600 4812
1601 2790
1602 3773
1603 2981
1604 3657
1605 4752
1606 2823
1607 2766
1607 3944
1608 3253
1609 2941
1610 4964
1611 4261
1612 3718
1613 4341
1614 4355
1615 4369
1616 4116
1617 4758
1618 3506
1619 4397
1620 3548
1621 2525
1621 3158
1621 3688
1621 4211
1622 2853
1623 4400
1624 3188
1625 3782
1626 4317
1627 4771
1628 3694
1629 4183
1630 2926
1631 4690
1632 3088
1632 3287
1632 3579
1633 3251
1633 3646
1634 3823
1635 2962
1636 4089
1637 3246
1638 4135
1638 4441
1639 4117
1640 2774
1641 4027
1641 4437
1641 4858
1642 4337
1643 4149
1644 4024
1644 4454
1645 4815
1646 3744
1647 3526
1647 3905
1647 3992
1647 4705
1648 4976
1649 4603
1650 3569
1651 3725
1652 3581
1653 3513
1654 4560
1655 4895
1656 2531
1657 3864
1658 3268
1659 2759
1659 3412
1659 3455
1660 3160
1661 3529
1662 4624
1663 4139
1664 3655
1665 4314
1666 4304
1667 3789
1668 2893
1669 3658
1670 4700
1671 3857
1672 4599
1673 3304
1673 4217
1673 4683
1674 4391
1675 2659
1676 4444
1677 3965
1678 4350
1679 4021
1680 2918
1680 4330
1681 3615
1682 2678
1683 3477
1684 4763
1685 4226
1686 3373
1687 2515
1688 4072
1689 3824
1690 3078
1691 4542
1692 2503
1693 3743
1694 4679
1695 3151
1695 4019
1696 4590
1697 3713
1698 3987
1699 2881
1700 3932
1701 3935
1702 4031
1703 2696
1704 4956
1705 4557
1706 3926
1707 3167
1708 4609
1709 4107
1709 4520
1710 3775
1711 4128
1712 4752
1713 4210
1714 4531
1714 4947
1715 3527
1715 4292
1716 4222
1717 3484
1718 4879
1719 4690
1720 3369
1720 3967
1721 2816
1722 2787
1723 3449
1724 3010
1725 3914
1726 3174
1726 3747
1726 4564
1727 3862
1728 3697
1729 4609
1730 3759
1731 3467
1732 3263
1732 3538
1733 4886
1734 3550
1735 4933
1736 4619
1737 2544
1737 4080
1738 2983
1738 3017
1739 3387
1740 4736
1741 4902
1742 3116
1743 4178
1744 2984
1745 3555
1746 3702
1747 2935
1747 4604
1748 3325
1749 4741
1750 4011
1751 3730
1752 3239
1753 3395
1754 4704
1755 2899
1756 4456
1757 3900
1758 3326
1759 3136
1760 3355
1761 2940
1762 4469
1763 4776
1764 3429
1765 4210
1766 3648
1767 3950
1768 4722
1769 3079
1770 3265
1771 4422
1772 2628
1772 3510
1773 2762
1774 4091
1775 4241
1776 3939
1776 4298
1777 4756
1778 4367
1779 3298
1780 4849
1781 3069
1782 3692
1783 3417
1784 4319
1785 3828
1786 4832
1787 3400
1787 3509
1788 3919
1789 3901
1790 2552
1791 3340
1792 4618
1793 3763
1794 3995
1795 3442
1796 3598
1797 4603
1798 2536
1799 3424
1799 4584
1800 3533
1801 4688
1802 4172
1803 4315
1804 4580
1805 4241
1806 4931
1807 4122
1808 3383
1809 4054
1810 2975
1811 2695
1812 3707
1813 2972
1814 4693
1815 3165
1816 3200
1817 2689
1818 2746
1819 4123
1820 4094
1821 2870
1822 4088
1823 2810
1824 3537
1825 3986
1826 4693
1827 2641
1827 2824
1827 3749
1827 4479
1827 4500
1827 4567
1828 3650
1828 3831
1829 4957
1830 4475
1831 3572
1832 3680
1833 4127
1834 3485
1835 3100
1836 3005
1837 3397
1838 3494
1839 2688
1840 2858
1841 3267
1842 3478
1843 3679
1844 4917
1845 4090
1846 3180
1847 3833
1848 4534
1849 3991
1849 4588
1849 4841
1850 3203
1850 4843
1851 4943
1852 2804
1852 4909
1853 3931
1854 3682
1855 2894
1856 3682
1857 4687
1858 2502
1858 4697
1859 4375
1860 3464
1861 2680
1862 3504
1863 2586
1864 3697
1865 2562
1866 4760
1867 4142
1868 4306
1869 3985
1870 3436
1871 3347
1871 3599
1871 4492
1872 2821
1872 3567
1872 4353
1873 4471
1874 4980
1875 3194
1876 4433
1877 4716
1878 4238
1879 4171
1880 3244
1881 4161
1882 3512
1883 4486
1884 4447
1885 3942
1886 4721
1887 2623
1888 4831
1889 3808
1890 4510
1891 3700
1892 4407
1893 3334
1893 4880
1894 3861
1895 4020
1896 3294
1897 3816
1897 3959
1898 3742
1899 3815
1900 4294
1901 3415
1902 3197
1903 3908
1903 4351
1903 4512
1904 3475
1905 4188
1906 3054
1907 3674
1908 3781
1909 4468
1910 2836
1910 4192
1911 3277
1911 3341
1912 4415
1913 3030
1914 3496
1915 3506
1916 3989
1917 4185
1918 4565
1919 4427
1920 2819
1921 4913
1922 4249
1922 4783
1923 4310
1924 2920
1925 4505
1926 4519
1927 4201
1928 3363
1928 3543
1929 2970
1930 4703
1931 3196
1932 4469
1933 3795
1934 4963
1935 2726
1936 2661
1937 3450
1938 3314
1939 3918
1940 4764
1941 4499
1942 3709
1943 3435
1944 4784
1945 4997
1946 3182
1947 2710
1947 4119
1947 4166
1947 4569
1948 2788
1949 3883
1950 4813
1951 4891
1952 2682
1953 2998
1954 3858
1955 3024
1956 4290
1957 3798
1958 4484
1959 3001
1960 3565
1961 3179
1962 3498
1963 3425
1964 4566
1964 4992
1965 2520
1966 4824
1967 2800
1968 3392
1969 2633
1970 4845
1971 3351
1971 3409
1972 4703
1973 3671
1974 3216
1974 3676
1975 4323
1976 2914
1977 4819
1978 2673
1979 2517
1980 3520
1981 3274
1982 4638
1983 4582
1984 2522
1985 4703
1986 3807
1987 3113
1988 2981
1989 2617
1990 2898
1991 4229
1992 4979
1993 3837
1994 4791
1995 4632
1996 2664
1997 2892
1998 2782
1999 2673
2000 3136
2001 4467
2002 2770
2003 4655
2004 3357
2005 2866
2006 3433
2007 3752
2007 4342
2007 4769
2008 4363
2009 3698
2009 4749
2010 3608
2011 3502
2012 4817
2013 2513
2014 3407
2015 3136
2016 3664
2017 3330
2018 4269
2019 3133
2020 4862
2021 2576
2022 4889
2023 4222
2024 2551
2025 3101
2026 2604
2026 2895
2026 3074
2026 3774
2026 4360
2027 4935
2028 3306
2029 4253
2029 4861
2030 4696
2031 3008
2032 3884
2033 3656
2034 3229
2035 3320
2036 4057
2037 4959
2038 3089
2039 3273
2040 4194
2041 4059
2042 4362
2043 4372
2044 3877
2045 4480
2046 2781
2047 4077
2048 3920
2049 4998
2050 4573
2051 4392
2052 2776
2053 3536
2054 3236
2055 4164
2056 3059
2057 4286
2058 3842
2058 4517
2059 3322
2060 4435
2061 2878
2062 4100
2063 4450
2064 3558
2065 4694
2066 4062
2067 3185
2068 4691
2069 3709
2070 3278
2071 2822
2072 4506
2073 3503
2074 3882
2075 4708
2076 2587
2077 4874
2078 2865
2078 3164
2079 4873
2080 3617
2081 2597
2082 3098
2083 3159
2084 3503
2085 4532
2086 4814
2087 2951
2088 2743
2089 2892
2090 3870
2091 4222
2092 4254
2093 4204
2093 4953
2094 2662
2095 2650
2096 4129
2097 2838
2097 4929
2098 2582
2099 3880
2100 3734
2101 3220
2102 3541
2103 4730
2104 3928
2105 2665
2106 3750
2107 3460
2108 2685
2109 3472
2110 4329
2111 3794
2112 3117
2113 2756
2114 3378
2114 4301
2115 4955
2116 2521
2117 2619
2118 2611
2118 3316
2118 4731
2119 4553
2120 3344
2121 2707
2122 3242
2123 4042
2124 3544
2125 4081
2126 4628
2127 3624
2128 2892
2129 4970
2130 3841
2131 3445
2132 2813
2133 3505
2134 4550
2135 3330
2136 3602
2137 4616
2138 4570
2139 3015
2140 2744
2141 2702
2142 3231
2143 4984
2144 2875
2145 3295
2146 3876
2147 4795
2148 3002
2149 4775
2150 4609
2151 2871
2152 4111
2153 3310
2153 4875
2154 4224
2155 4633
2156 2899
2157 2900
2157 3915
2157 4114
2158 3715
2159 4796
2160 3556
2161 4102
2162 2602
2162 2750
2162 4888
2163 2635
2164 3608
2165 3495
2166 3319
2166 3571
2166 3818
2167 4461
2168 4459
2169 3083
2170 3410
2171 3886
2172 3381
2173 4109
2174 3704
2175 4425
2176 4763
2177 3990
2178 2885
2178 4919
2179 4442
2180 3288
2180 3423
2180 4898
2181 3684
2182 4816
2183 2543
2184 3004
2185 3267
2186 2740
2186 4281
2187 3750
2188 2700
2188 3312
2188 3564
2188 4014
2189 4556
2190 2924
2191 3677
2192 3099
2192 3532
2193 2612
2194 3137
2195 4987
2196 2640
2197 3929
2198 3529
2199 3335
2200 3958
2201 4461
2202 4820
2203 2527
2203 4234
2204 3523
2204 4050
2205 3118
2206 2541
2207 4648
2208 2730
2208 4147
2209 3768
2210 4927
2211 4669
2212 3451
2212 4684
2213 3508
2214 4220
2215 2508
2215 2751
2215 2889
2215 3866
2216 4675
2217 4934
2218 2729
2218 3686
2218 3735
2218 4388
2219 4969
2220 4070
2221 2963
2222 3184
2223 3501
2224 4009
2225 3013
2226 3082
2227 3001
2228 2642
2229 4693
2230 2652
2231 3186
2232 2592
2233 2584
2234 3705
2235 2645
2236 4472
2237 4516
2238 3913
2239 3281
2239 3979
2240 2789
2241 4466
2242 4558
2243 4061
2244 3422
2245 2901
2246 4852
2247 4359
2248 3663
2249 3045
2249 3276
2250 3208
2251 4678
2252 2987
2253 3903
2254 4818
2255 4071
2256 3672
2256 3799
2257 3665
2258 3911
2259 4837
2260 4044
2261 3642
2262 2501
2263 2834
2264 4182
2265 4424
2266 4312
2267 2605
2268 4417
2269 4320
2270 3988
2271 2817
2272 4355
2273 3453
2274 3403
2275 3043
2276 2680
2277 2947
2278 2894
2279 3197
2280 4440
2281 2793
2282 4498
2283 4994
2284 2803
2285 3231
2286 3457
2286 3701
2287 4905
2288 4664
2289 3279
2290 3292
2291 4724
2292 3278
2293 3627
2294 2686
2295 2708
2295 4036
2296 4240
2297 3996
2298 2956
2299 3717
2300 3551
2301 2801
2302 3680
2303 3014
2304 3717
2305 4574
2306 2692
2307 3333
2308 4575
2309 2747
2309 3582
2310 3861
2311 2572
2312 4645
2313 2647
2313 3419
2314 2775
2315 4046
2316 4337
2317 4490
2318 4408
2319 4245
2320 4703
2321 3626
2322 3130
2323 3759
2324 3192
2324 3609
2325 4156
2326 2771
2327 2578
2328 2743
2329 4840
2330 3073
2331 3623
2332 2656
2333 2961
2334 4241
2335 3275
2336 3131
2337 4925
2338 2886
2339 3119
2340 4578
2341 2555
2341 2848
2341 3524
2342 3519
2343 4793
2344 2863
2345 4924
2346 2902
2347 4979
2348 2704
2348 2887
2348 3046
2348 4018
2349 4338
2350 4278
2351 3438
2351 3975
2351 4850
2352 3256
2353 3793
2354 3448
2355 2974
2356 3042
2357 3633
2358 4488
2359 2890
2360 2911
2360 3166
2361 4431
2362 4291
2363 4070
2364 2988
2364 3912
2364 4173
2365 3632
2366 2530
2366 3318
2366 3428
2366 4387
2366 4529
2367 4926
2368 4001
2369 4015
2370 3465
2371 4985
2372 3923
2373 3284
2374 2830
2375 4763
2376 4251
2377 2515
2378 4526
2379 4374
2380 3349
2381 3090
2382 3105
2382 3786
2383 3922
2384 4595
2385 4577
2386 2674
2387 3574
2388 4560
2389 2514
2390 3995
2391 2847
2392 3963
2393 4206
2394 4553
2395 2696
2396 3126
2397 3062
2398 4409
2399 3162
2400 4212
2401 4168
2402 3307
2403 2996
2404 4894
2405 3612
2406 3907
2407 2577
2407 3830
2408 4589
2409 2559
2410 2620
2411 2899
2412 4572
2413 4916
2414 2942
2414 3865
2415 2712
2416 3272
2417 4289
2418 2725
2418 4366
2419 3011
2420 4381
2421 4855
2422 3826
2423 3049
2424 4088
2425 3057
2426 3499
2427 2772
2427 3374
2427 3960
2428 2500
2428 2736
2429 4507
2430 4961
2431 4035
2432 3325
2433 3683
2433 3765
2433 4473
2434 4232
2435 3829
2436 2593
2437 2588
2437 4754
2438 3441
2439 3872
2440 3070
2440 4839
2441 2992
2442 4031
2443 2805
2443 2825
2444 4000
2445 4364
2446 3846
2446 4739
2447 4073
2448 3077
2448 3354
2449 3128
2450 3417
2451 3224
2452 3493
2453 3653
2454 4303
2455 4871
2456 2820
2457 4219
2458 2985
2459 3872
2460 3233
2461 4047
2462 2716
2463 2786
2464 2696
2465 3814
2466 3434
2467 3778
2468 4140
2469 4647
2470 4131
2471 2757
2472 2506
2473 3689
2474 3884
2475 3511
2476 4967
2477 2932
2478 4712
2479 3282
2480 4592
2481 3329
2482 3788
2483 3737
2484 2980
2484 3444
2485 4334
2486 3285
2487 4589
2488 4396
2488 4402
2489 2748
2490 4021
2491 2993
2491 4673
2492 3471
2493 4581
2494 3568
2495 4623
2496 4216
2497 3583
2498 4494
2499 3670
2499 4552
7670.933870780
