250
0 455
1 372
2 400
3 395
4 420
5 317
6 358
7 349
8 447
9 383
10 396
11 470
12 381
13 311
14 489
15 411
16 475
17 456
18 300
19 281
20 409
21 339
22 423
23 476
24 338
25 387
26 303
27 415
28 325
29 252
30 348
31 458
32 340
33 280
34 260
35 487
36 258
37 450
38 333
39 253
40 496
41 259
42 277
43 286
44 405
45 384
46 466
47 332
48 262
49 494
50 434
51 412
52 337
53 401
54 313
55 389
56 279
57 307
58 404
59 486
60 297
61 386
62 442
63 448
64 473
65 481
66 296
67 320
68 477
69 293
70 393
71 402
72 478
73 374
74 290
75 488
76 299
77 479
78 394
79 385
80 269
81 364
82 480
83 484
84 368
85 462
86 483
87 425
88 443
89 391
90 291
91 275
92 263
93 399
94 367
95 422
96 382
97 264
98 284
99 427
100 378
101 418
102 490
103 397
104 426
105 324
106 327
107 316
108 283
109 406
110 274
111 445
112 432
113 257
114 314
115 335
116 474
117 403
118 472
119 295
120 433
121 485
122 289
123 398
124 359
125 329
126 319
127 429
128 345
129 354
130 305
131 309
132 498
133 438
134 366
135 424
136 315
137 467
138 454
139 363
140 351
141 347
142 255
143 495
144 497
145 430
146 376
147 254
148 482
149 336
150 444
151 343
152 331
153 492
154 388
155 373
156 287
157 285
158 273
159 471
160 436
161 419
162 301
163 431
164 428
165 323
166 350
167 298
168 451
169 435
170 452
171 465
172 469
173 371
174 360
175 261
176 464
177 407
178 330
179 453
180 468
181 278
182 375
183 322
184 342
185 356
186 328
187 256
188 251
189 341
190 439
191 310
192 272
193 294
194 440
195 491
196 380
197 304
198 270
199 446
200 449
201 346
202 410
203 457
204 408
205 250
206 292
207 461
208 334
209 361
210 265
211 379
212 268
213 414
214 357
215 369
216 421
217 276
218 306
219 437
220 353
221 377
222 499
223 321
224 271
225 463
226 460
227 441
228 326
229 459
230 413
231 267
232 390
233 318
234 352
235 370
236 312
237 308
238 416
239 392
240 282
241 355
242 302
243 365
244 288
245 417
246 362
247 493
248 344
249 266
7628.977226327
