289
0 287
1 352
2 296
3 310
4 289
5 479
6 260
7 288
8 293
9 306
10 427
11 491
12 392
13 317
14 403
15 382
16 448
17 456
18 362
19 388
20 462
21 415
22 395
23 476
24 348
25 424
26 292
27 353
28 354
29 252
30 338
31 472
32 283
33 493
34 313
35 318
36 293
37 391
38 447
39 358
40 281
41 436
42 280
43 476
44 320
45 333
46 429
47 342
48 367
49 360
50 259
51 299
52 364
53 478
54 459
55 361
56 394
57 369
58 444
59 408
60 360
61 291
62 497
63 306
64 429
65 409
66 412
67 309
68 476
69 432
70 373
71 279
72 343
73 270
74 286
75 322
76 341
77 492
78 394
79 277
80 275
81 362
82 432
83 431
84 487
85 394
86 453
87 477
88 264
89 397
90 301
91 269
92 346
93 434
94 347
95 302
96 390
97 262
98 290
99 337
100 378
101 433
102 325
103 314
104 426
105 465
106 256
107 360
108 381
109 344
110 339
111 460
112 334
113 350
114 416
115 405
116 326
117 330
118 321
119 494
120 336
121 407
122 419
123 429
124 483
125 372
126 319
127 398
128 374
129 328
130 450
131 480
132 404
133 466
134 340
135 276
136 458
137 438
138 406
139 473
140 380
141 499
142 314
143 475
144 295
145 471
146 400
147 295
148 301
149 435
150 282
151 468
152 457
153 354
154 488
155 307
156 456
157 422
158 303
159 441
160 258
161 305
162 274
163 456
164 421
165 297
166 328
167 345
168 375
169 349
170 345
171 379
172 411
173 368
174 294
175 263
176 323
177 476
178 332
179 370
180 423
181 278
182 354
183 355
184 262
185 300
186 476
187 363
188 398
189 305
190 351
191 425
192 484
193 255
194 376
195 272
196 482
197 495
198 298
199 474
200 285
201 266
202 482
203 276
204 486
205 371
206 401
207 461
208 499
209 356
210 424
211 273
212 396
213 383
214 312
215 480
216 331
217 402
218 306
219 327
220 384
221 360
222 315
223 405
224 424
225 424
226 377
227 311
228 316
229 329
230 485
231 417
232 424
233 335
234 451
235 399
236 268
237 439
238 314
239 455
240 498
241 267
242 470
243 428
244 418
245 416
246 464
247 271
248 357
249 414
250 39
251 96
253 242
254 62
257 206
261 54
265 207
284 128
304 96
308 190
324 39
359 41
365 243
366 130
385 242
386 140
387 96
389 158
393 6
410 2
413 198
420 21
430 171
437 175
440 243
442 4
443 181
445 171
446 37
449 79
452 10
454 39
463 207
467 39
469 164
481 152
489 226
490 77
496 4
609.137699229
