250
0 351
1 427
2 410
3 313
4 314
5 404
6 487
7 349
8 293
9 398
10 354
11 470
12 455
13 480
14 287
15 365
16 448
17 456
18 300
19 388
20 385
21 419
22 368
23 379
24 483
25 445
26 361
27 420
28 389
29 285
30 348
31 321
32 484
33 265
34 344
35 335
36 334
37 412
38 367
39 250
40 355
41 436
42 302
43 433
44 373
45 499
46 438
47 488
48 362
49 378
50 294
51 409
52 458
53 401
54 468
55 337
56 400
57 451
58 307
59 447
60 486
61 274
62 417
63 363
64 473
65 457
66 402
67 311
68 284
69 262
70 286
71 340
72 329
73 477
74 435
75 322
76 450
77 430
78 331
79 366
80 414
81 315
82 408
83 341
84 454
85 394
86 323
87 257
88 387
89 283
90 339
91 357
92 346
93 434
94 356
95 491
96 253
97 325
98 413
99 273
100 460
101 270
102 492
103 489
104 264
105 437
106 465
107 316
108 474
109 393
110 403
111 469
112 471
113 336
114 289
115 371
116 381
117 326
118 303
119 399
120 372
121 405
122 496
123 467
124 281
125 288
126 332
127 306
128 350
129 328
130 481
131 317
132 320
133 358
134 252
135 276
136 472
137 466
138 269
139 266
140 386
141 258
142 442
143 461
144 254
145 259
146 462
147 295
148 301
149 395
150 282
151 260
152 272
153 364
154 267
155 375
156 482
157 443
158 292
159 309
160 453
161 397
162 431
163 380
164 280
165 384
166 290
167 476
168 352
169 396
170 407
171 421
172 424
173 275
174 360
175 327
176 426
177 374
178 342
179 333
180 418
181 493
182 298
183 255
184 370
185 444
186 345
187 263
188 383
189 291
190 392
191 423
192 296
193 319
194 271
195 279
196 305
197 475
198 452
199 446
200 278
201 382
202 391
203 277
204 494
205 304
206 310
207 495
208 464
209 490
210 422
211 312
212 268
213 256
214 459
215 441
216 376
217 299
218 324
219 251
220 377
221 297
222 479
223 478
224 428
225 411
226 415
227 432
228 497
229 261
230 485
231 353
232 440
233 425
234 369
235 359
236 318
237 439
238 330
239 308
240 498
241 338
242 390
243 463
244 343
245 416
246 347
247 449
248 429
249 406
7616.923260147
