286
0 287
1 352
2 296
3 478
4 496
5 309
6 393
7 284
8 464
9 306
10 427
11 491
12 392
13 317
14 403
15 382
16 475
17 456
18 362
19 388
20 402
21 420
22 395
23 328
24 377
25 424
26 292
27 353
28 354
29 400
30 338
31 472
32 308
33 470
34 313
35 260
36 333
37 450
38 447
39 454
40 494
41 434
42 331
43 350
44 471
45 333
46 269
47 332
48 367
49 360
50 355
51 410
52 307
53 350
54 312
55 361
56 394
57 315
58 492
59 293
60 334
61 482
62 254
63 448
64 429
65 279
66 412
67 432
68 350
69 369
70 273
71 276
72 343
73 372
74 407
75 255
76 283
77 490
78 278
79 277
80 468
81 362
82 258
83 431
84 487
85 394
86 297
87 350
88 320
89 339
90 291
91 275
92 324
93 436
94 362
95 390
96 251
97 262
98 321
99 458
100 483
101 268
102 479
103 314
104 259
105 358
106 256
107 295
108 442
109 346
110 397
111 366
112 300
113 350
114 416
115 335
116 326
117 289
118 290
119 348
120 336
121 288
122 419
123 429
124 488
125 389
126 378
127 398
128 374
129 477
130 391
131 480
132 282
133 466
134 439
135 302
136 321
137 438
138 406
139 473
140 380
141 499
142 314
143 428
144 295
145 264
146 252
147 338
148 301
149 433
150 293
151 423
152 457
153 290
154 294
155 458
156 305
157 422
158 303
159 441
160 486
161 381
162 482
163 456
164 469
165 333
166 286
167 336
168 404
169 349
170 345
171 385
172 387
173 368
174 384
175 263
176 323
177 290
178 342
179 408
180 310
181 443
182 375
183 417
184 347
185 364
186 476
187 363
188 398
189 381
190 351
191 425
192 484
193 330
194 376
195 272
196 482
197 495
198 413
199 274
200 285
201 266
202 474
203 280
204 399
205 430
206 257
207 465
208 356
209 337
210 424
211 371
212 261
213 383
214 414
215 293
216 331
217 462
218 306
219 304
220 281
221 360
222 315
223 405
224 424
225 493
226 489
227 359
228 316
229 329
230 485
231 319
232 424
233 270
234 444
235 399
236 435
237 409
238 416
239 455
240 451
241 322
242 445
243 365
244 418
245 416
246 464
247 271
248 357
249 327
250 6
253 242
265 95
267 241
298 198
299 134
311 159
318 233
325 77
340 134
341 76
344 54
370 13
373 1
379 211
386 2
396 212
401 206
411 247
415 122
421 164
426 86
437 175
440 243
446 130
449 79
452 10
453 86
459 244
460 226
461 95
463 95
467 39
481 152
497 62
498 77
722.986860125
