251
0 455
1 337
2 410
3 329
4 419
5 404
6 429
6 473
7 270
8 317
9 266
10 321
11 469
12 457
13 441
14 301
15 463
16 253
17 397
18 367
19 254
20 422
21 496
22 268
23 413
24 323
25 445
26 430
27 420
28 292
29 331
30 377
31 427
32 450
33 461
34 467
35 368
36 262
37 279
38 408
39 250
40 360
41 378
42 424
43 284
44 375
45 499
46 406
47 295
48 311
49 348
50 294
51 299
52 298
53 288
54 344
55 452
56 470
57 369
58 458
59 333
60 494
61 402
62 332
63 383
64 438
65 493
66 272
67 356
68 372
69 432
70 405
71 252
72 335
73 313
74 286
75 417
76 351
77 430
78 285
79 340
80 414
81 498
82 293
83 305
84 393
85 276
86 258
87 257
88 300
89 386
90 274
91 466
92 263
93 359
94 479
95 491
96 475
97 334
98 379
99 354
100 355
101 310
102 352
103 330
104 426
105 437
106 382
107 281
108 431
109 487
110 403
111 400
112 347
113 336
114 489
115 401
116 287
117 314
118 303
119 399
120 350
121 396
122 442
123 357
124 384
125 407
126 342
127 306
128 478
129 345
130 456
131 373
132 282
133 454
134 277
135 366
136 361
137 363
138 448
139 358
140 484
141 453
142 319
143 365
144 353
145 338
146 462
147 497
148 474
149 418
150 480
151 468
152 392
153 364
154 460
155 444
156 291
157 443
158 273
159 309
160 486
161 446
162 416
163 283
164 428
165 483
166 290
167 374
168 492
169 349
170 476
171 327
172 421
173 260
174 255
175 465
176 264
177 328
178 488
179 447
180 425
181 302
182 307
183 322
184 464
185 315
186 433
187 398
188 346
189 380
190 296
191 423
192 308
193 415
194 394
195 439
196 391
197 387
198 389
199 482
200 271
201 495
202 341
203 385
204 436
205 381
206 485
207 304
208 370
209 325
210 278
211 318
212 343
213 256
214 459
215 320
216 449
217 409
218 324
219 251
220 259
221 297
222 490
223 371
224 280
225 265
226 326
227 362
228 267
229 261
230 477
231 388
232 440
233 395
234 451
235 434
236 312
237 481
238 339
239 412
240 472
241 316
242 390
243 411
244 435
245 289
246 471
247 376
248 275
249 269
7647.390768599
