351
499 141
498 240
497 62
496 4
495 197
494 220
493 33
492 77
491 11
490 77
489 226
488 183
487 84
486 204
485 230
484 192
483 124
482 196
481 152
480 131
479 5
478 53
477 206
476 23
475 143
474 199
473 248
472 31
471 145
470 242
469 164
468 191
467 39
466 133
465 207
464 246
463 207
462 20
461 207
460 171
459 54
458 52
457 152
456 163
455 239
454 39
453 86
452 10
451 240
450 130
449 79
448 16
447 176
446 37
445 171
444 77
443 181
442 4
441 159
440 243
439 237
438 137
437 175
436 41
435 7
434 41
433 128
432 67
431 83
430 171
429 123
428 243
427 10
426 86
425 191
424 225
423 180
422 157
421 164
420 21
419 122
418 244
417 231
416 245
415 21
414 249
413 198
412 66
411 172
410 2
409 237
408 179
407 121
406 138
405 223
404 132
403 14
402 152
401 206
400 146
399 204
398 127
397 140
396 212
395 22
394 85
393 6
392 12
391 37
390 96
389 158
388 19
387 96
386 140
385 242
384 174
383 213
382 106
381 116
380 140
379 171
378 100
377 226
376 194
375 77
374 128
373 198
372 223
371 205
370 179
369 234
368 173
367 48
366 130
365 243
364 52
363 219
362 18
361 198
360 49
359 41
358 39
357 248
356 209
355 183
354 28
353 27
352 1
351 190
350 113
349 169
348 226
347 94
346 92
345 170
344 109
343 22
342 178
341 76
340 134
339 116
338 107
337 158
336 120
335 233
334 112
333 45
332 178
331 216
330 117
329 229
328 129
327 219
326 116
325 77
324 39
323 176
322 75
321 118
320 1
319 231
318 35
317 13
316 228
315 26
314 142
313 34
312 54
311 159
310 87
309 5
308 190
307 52
306 9
305 163
304 96
303 158
302 95
301 148
300 209
299 134
298 198
297 124
296 2
295 147
294 154
293 131
292 26
291 140
290 98
289 4
288 7
287 37
286 206
285 134
284 128
283 76
282 132
281 174
280 95
279 237
278 181
277 79
276 135
275 80
274 199
273 70
272 195
271 95
270 212
269 91
268 229
267 75
266 84
265 207
264 88
263 175
262 97
261 54
260 6
259 124
258 160
257 206
256 106
255 75
254 62
253 242
252 146
251 96
250 39
247 271
241 322
238 314
236 268
235 258
232 424
227 480
224 424
222 315
221 360
218 306
217 462
215 480
214 312
211 273
210 424
208 499
203 276
202 482
201 266
200 331
193 388
189 305
188 398
187 306
186 476
185 300
184 262
182 354
177 476
168 375
167 345
166 328
165 436
162 274
161 305
156 456
155 307
153 354
151 423
150 282
149 435
144 295
139 398
136 458
126 319
125 405
119 347
115 405
114 416
111 445
110 339
108 381
105 465
104 258
103 314
102 375
101 268
99 458
93 434
90 301
89 397
82 432
81 362
78 394
74 401
73 405
72 395
71 276
69 432
68 476
65 279
64 429
63 306
61 274
60 360
59 408
58 492
57 315
56 394
55 298
51 340
50 259
47 342
46 429
44 320
43 476
42 491
40 316
38 447
36 293
32 283
30 338
29 400
25 424
24 497
17 456
15 382
8 293
3 310
0 392
691.220727921
