368
0 392
1 320
2 296
3 310
4 442
5 309
6 393
7 435
8 293
9 306
10 427
11 491
12 392
13 317
14 403
15 382
16 448
17 456
18 362
19 388
20 462
21 420
22 395
23 476
24 497
25 424
26 315
27 353
28 354
29 400
30 338
31 472
32 283
33 253
34 313
35 396
36 293
37 391
38 447
39 467
40 316
41 434
42 491
43 476
44 320
45 333
46 429
47 342
48 367
49 360
50 259
51 340
52 458
53 350
54 312
55 298
56 394
57 315
58 492
59 408
60 360
61 274
62 497
63 306
64 429
65 279
66 412
67 432
68 476
69 432
70 273
71 276
72 395
73 405
74 401
75 322
76 283
77 492
78 394
79 277
80 466
81 362
82 432
83 431
84 487
85 394
86 453
87 310
88 264
89 397
90 301
91 269
92 346
93 434
94 362
95 271
96 304
97 262
98 290
99 458
100 355
101 268
102 375
103 314
104 258
105 465
106 256
107 360
108 381
109 344
110 339
111 445
112 334
113 350
114 416
115 405
116 326
117 326
118 321
119 347
120 336
121 288
122 419
123 429
124 259
125 405
126 319
127 398
128 433
129 328
130 450
131 480
132 282
133 466
134 340
135 276
136 458
137 438
138 406
139 398
140 380
141 499
142 314
143 475
144 295
145 471
146 400
147 295
148 301
149 435
150 282
151 423
152 308
153 354
154 488
155 307
156 456
157 422
158 303
159 441
160 258
161 305
162 274
163 456
164 421
165 436
166 328
167 345
168 375
169 349
170 345
171 430
172 491
173 487
174 281
175 437
176 447
177 476
178 342
179 408
180 423
181 278
182 354
183 355
184 262
185 300
186 476
187 306
188 398
189 305
190 308
191 425
192 484
193 388
194 376
195 272
196 482
197 495
198 298
199 274
200 331
201 266
202 482
203 276
204 399
205 371
206 401
207 465
208 499
209 300
210 424
211 273
212 396
213 383
214 312
215 480
216 331
217 462
218 306
219 304
220 316
221 360
222 315
223 405
224 424
225 424
226 377
227 480
228 316
229 329
230 485
231 319
232 424
233 335
234 369
235 258
236 268
237 439
238 314
239 484
240 451
241 322
242 253
243 365
244 349
245 416
246 464
247 271
248 357
249 414
250 39
251 96
252 146
254 62
255 75
257 206
260 6
261 54
263 175
265 207
266 84
267 75
268 229
270 212
275 80
279 237
280 95
284 128
285 134
286 206
287 37
288 7
289 4
291 140
292 26
293 131
294 154
297 124
299 134
302 95
305 163
307 52
311 159
318 35
323 176
324 39
325 77
327 219
330 117
332 178
337 158
338 107
339 116
341 76
343 22
347 94
348 226
351 190
352 1
356 209
358 39
359 41
361 198
363 219
364 52
366 130
368 173
370 179
372 223
373 198
374 128
375 77
378 100
379 171
381 116
382 106
384 174
385 242
386 140
387 96
389 158
390 96
397 140
402 152
404 132
407 121
409 237
410 2
411 172
413 198
415 21
417 231
418 244
426 86
428 243
436 41
440 243
443 181
444 77
445 171
446 37
449 79
452 10
454 39
455 239
457 152
459 54
460 171
461 207
463 207
468 191
469 164
470 242
473 248
474 199
477 206
478 53
479 5
481 152
483 124
486 204
488 183
489 226
490 77
493 33
494 220
496 4
498 240
722.358732113
