348
499 141
498 77
497 62
496 117
495 197
494 220
493 33
492 77
491 11
490 77
489 226
488 183
487 84
486 160
485 230
484 237
483 86
482 196
481 152
480 131
479 159
478 98
477 23
476 23
475 143
474 199
473 139
472 31
471 44
470 33
469 164
468 191
467 39
466 133
465 207
464 246
463 95
462 20
461 95
460 226
459 244
458 99
457 152
456 163
455 65
454 39
453 86
452 10
451 5
450 111
449 79
448 63
447 176
446 130
445 242
444 240
443 181
442 4
441 159
440 243
439 134
438 137
437 175
436 93
435 7
434 41
433 7
432 234
431 83
430 205
429 123
428 143
427 10
426 86
425 191
424 225
423 151
422 157
421 164
420 21
419 122
418 244
417 231
416 114
415 122
414 249
413 198
412 66
411 247
410 51
409 237
408 179
407 74
406 138
405 223
404 132
403 14
402 152
401 206
400 29
399 204
398 127
397 148
396 212
395 206
394 85
393 6
392 12
391 130
390 95
389 125
388 19
387 247
386 2
385 171
384 174
383 213
382 106
381 117
380 140
379 211
378 100
377 62
376 194
375 182
374 128
373 1
372 73
371 211
370 13
369 234
368 173
367 112
366 171
365 243
364 185
363 219
362 18
361 55
360 221
359 41
358 6
357 248
356 112
355 183
354 28
353 19
352 1
351 190
350 113
349 230
348 62
347 94
346 249
345 170
344 54
343 22
342 178
341 76
340 134
339 116
338 30
337 185
336 120
335 73
334 208
333 36
332 178
331 134
330 116
329 229
328 23
327 249
326 116
325 77
324 6
323 176
322 241
321 98
320 88
319 231
318 233
317 13
316 228
315 26
314 142
313 34
312 54
311 159
310 180
309 5
308 190
307 52
306 218
305 156
304 219
303 185
302 95
301 148
300 112
299 134
298 198
297 86
296 2
295 27
294 154
293 59
292 26
291 140
290 177
289 117
288 7
287 130
286 206
285 134
284 7
283 76
282 131
281 174
280 95
279 65
278 181
277 79
276 71
275 80
274 199
273 70
272 195
271 247
270 233
269 46
268 229
267 241
266 138
265 95
264 145
263 175
262 97
261 212
260 35
259 50
258 160
257 206
256 106
255 75
254 62
253 242
252 194
251 9
250 6
245 416
239 455
238 416
236 435
235 399
232 424
227 317
224 424
222 315
217 462
216 331
215 293
214 414
210 424
209 307
203 271
202 274
201 437
200 331
193 255
192 439
189 381
188 398
187 363
186 350
184 262
172 331
169 349
168 404
167 336
166 286
165 333
162 482
161 381
158 458
155 458
153 290
150 293
149 435
147 338
146 400
144 295
136 321
135 276
129 328
126 416
124 259
121 288
119 347
118 290
115 405
110 301
109 414
108 305
107 295
105 324
104 399
103 314
102 404
101 268
96 363
92 465
91 269
90 301
89 339
87 350
82 258
81 362
78 278
72 395
69 258
68 350
67 432
64 429
61 482
60 338
58 492
57 315
56 394
53 350
49 360
48 464
47 342
45 333
43 350
42 331
40 316
38 447
37 450
32 283
25 424
24 348
17 456
16 448
15 382
8 464
3 423
0 431
827.224650320
