287
0 446
1 352
1 373
2 386
3 423
4 442
5 309
5 451
6 358
6 393
7 284
8 464
9 251
10 427
10 452
11 491
12 392
13 370
14 403
15 382
16 475
17 456
18 362
19 388
20 402
21 420
22 343
23 477
24 348
25 266
26 292
27 353
28 354
29 400
30 338
31 472
32 283
33 470
34 313
35 260
36 333
37 450
38 447
39 454
39 467
40 323
41 359
41 434
42 387
43 476
44 471
45 333
46 269
47 342
48 367
49 360
50 488
51 410
52 303
53 350
54 312
54 344
55 361
56 394
57 315
58 492
59 293
60 356
61 291
62 254
62 497
63 448
64 429
65 455
66 296
66 412
67 432
68 350
69 258
70 273
71 302
72 395
73 335
74 407
75 255
76 341
77 325
77 490
77 498
78 278
79 277
79 449
80 275
81 362
82 384
83 431
84 487
85 394
86 297
86 426
86 453
87 350
88 320
89 339
90 301
91 269
92 250
93 436
94 347
95 265
95 280
95 390
95 461
95 463
96 363
97 262
98 478
99 458
100 319
101 268
102 479
103 314
104 483
105 324
106 256
107 295
108 305
109 346
110 301
111 366
112 300
113 350
114 416
115 372
116 326
117 289
117 496
118 321
119 377
120 336
121 288
122 415
122 419
123 429
124 259
125 270
125 389
126 378
127 398
128 374
129 328
130 287
130 391
131 480
132 404
133 466
134 299
134 340
135 276
136 321
137 438
138 406
139 473
140 380
141 499
142 314
143 428
144 295
145 264
146 252
147 338
148 397
149 435
150 282
151 423
152 457
152 481
153 290
154 294
155 458
156 305
157 422
158 337
159 311
159 441
160 486
161 381
162 482
163 456
164 421
164 469
165 333
166 286
167 336
168 404
169 349
170 345
171 385
172 411
173 368
174 281
175 263
176 447
177 290
178 332
179 408
180 310
181 443
182 375
183 355
184 262
185 364
186 350
187 363
188 398
189 381
190 308
190 351
191 425
191 468
192 439
193 330
194 376
195 272
196 482
197 495
198 298
198 413
199 474
200 285
201 437
202 274
203 279
204 399
205 430
206 257
206 401
207 465
208 334
209 307
210 424
211 371
211 379
212 261
212 396
213 383
214 414
215 293
216 331
217 462
218 306
219 304
220 494
221 360
222 315
223 405
224 424
225 493
226 460
226 489
227 317
228 316
229 329
230 485
231 417
232 424
233 318
234 369
235 399
236 433
237 409
238 416
239 484
240 444
241 267
241 322
242 253
242 445
243 365
243 440
244 418
244 459
245 416
246 464
247 271
248 357
249 327
746.400796033
