377
0 431
1 352
2 296
3 423
4 381
5 451
6 393
7 435
8 464
9 306
10 427
11 491
12 392
13 317
14 403
15 382
16 448
17 456
18 362
19 388
20 462
21 420
22 395
23 328
24 348
25 424
26 315
27 295
28 354
29 400
30 338
31 472
32 283
33 253
34 313
35 318
36 333
37 450
38 447
39 393
40 316
41 434
42 331
43 350
44 471
45 333
46 269
47 342
48 464
49 360
50 355
51 410
52 307
53 350
54 312
55 298
56 394
57 315
58 492
59 293
60 338
61 482
62 497
63 448
64 429
65 279
66 296
67 432
68 350
69 258
70 273
71 276
72 395
73 405
74 407
75 322
76 283
77 492
78 278
79 277
80 466
81 362
82 258
83 431
84 487
85 394
86 453
87 350
88 320
89 339
90 301
91 269
92 465
93 436
94 362
95 271
96 363
97 262
98 321
99 458
100 319
101 268
102 404
103 314
104 399
105 324
106 256
107 295
108 305
109 414
110 301
111 450
112 499
113 350
114 416
115 405
116 326
117 326
118 290
119 347
120 336
121 288
122 415
123 429
124 259
125 270
126 416
127 398
128 433
129 328
130 391
131 480
132 404
133 466
134 331
135 276
136 321
137 438
138 406
139 398
140 380
141 499
142 314
143 475
144 295
145 264
146 400
147 338
148 301
149 435
150 293
151 423
152 457
153 290
154 294
155 458
156 305
157 422
158 458
159 317
160 258
161 381
162 482
163 456
164 421
165 333
166 286
167 336
168 404
169 349
170 336
171 385
172 331
173 368
174 281
175 437
176 447
177 290
178 342
179 408
180 310
181 278
182 354
183 355
184 262
185 307
186 350
187 363
188 398
189 381
190 272
191 468
192 439
193 255
194 376
195 272
196 482
197 495
198 298
199 274
200 331
201 437
202 274
203 271
204 399
205 273
206 401
207 465
208 334
209 307
210 424
211 379
212 396
213 383
214 414
215 293
216 331
217 462
218 306
219 363
220 316
221 360
222 315
223 405
224 424
225 424
226 460
227 317
228 316
229 329
230 485
231 355
232 424
233 270
234 369
235 399
236 435
237 409
238 416
239 455
240 451
241 322
242 253
243 365
244 418
245 416
246 464
247 271
248 357
249 414
250 6
251 9
252 194
254 62
255 75
257 206
259 50
260 35
261 212
263 175
265 95
266 138
267 241
268 229
275 80
280 95
282 131
284 7
285 134
286 206
287 130
288 7
289 117
291 140
292 26
297 86
299 134
300 112
302 95
303 185
304 219
308 190
309 5
311 159
318 233
319 231
323 176
324 6
325 77
327 249
330 116
332 178
335 73
337 185
339 116
340 134
341 76
343 22
344 54
345 170
346 249
347 94
348 62
349 230
351 190
353 19
356 112
358 6
359 41
361 55
364 185
366 171
367 112
370 13
371 211
372 73
373 1
374 128
375 182
377 62
378 100
381 117
382 106
384 174
386 2
387 247
389 125
390 95
395 206
397 148
402 152
411 247
412 66
413 198
417 231
419 122
425 191
426 86
428 143
430 205
432 234
433 7
439 134
440 243
441 159
442 4
443 181
444 240
445 242
446 130
449 79
452 10
454 39
455 65
459 244
461 95
463 95
467 39
469 164
470 33
473 139
474 199
476 23
477 23
478 98
479 159
481 152
483 86
484 237
486 160
488 183
489 226
490 77
493 33
494 220
496 117
498 77
883.662926654
