291
0 287
1 352
2 296
2 410
3 477
4 289
4 442
4 496
5 309
6 260
6 393
7 284
8 293
9 306
10 427
10 452
11 491
12 392
13 317
14 403
15 382
16 448
17 456
18 362
19 388
20 462
21 415
21 420
22 343
23 476
24 497
25 424
26 292
27 353
28 354
29 400
30 338
31 472
32 283
33 493
34 313
35 318
36 293
37 391
37 446
38 447
39 250
39 324
39 358
39 454
39 467
40 323
41 359
42 428
43 476
44 320
45 333
46 429
47 342
48 367
49 360
50 399
51 340
52 364
53 478
54 261
54 459
55 298
56 394
57 444
58 492
59 408
60 360
61 291
62 254
63 306
64 429
65 409
66 412
67 479
68 476
69 432
70 373
71 279
72 395
73 396
74 401
75 267
76 341
77 325
78 394
79 277
79 449
80 275
81 362
82 432
83 431
84 266
85 394
86 426
87 310
88 264
89 397
90 301
91 269
92 346
93 434
94 347
95 280
95 302
96 251
96 387
96 390
97 262
98 290
99 458
100 355
100 378
101 288
102 490
103 314
104 453
105 465
106 256
107 338
108 381
109 344
110 339
111 445
112 334
113 350
114 416
115 405
116 326
117 330
118 321
119 348
120 336
121 407
122 419
123 429
124 259
124 483
125 405
126 319
127 398
128 374
128 433
129 328
130 450
131 293
132 404
133 466
134 299
135 276
136 307
137 438
138 406
139 357
140 380
140 386
141 499
142 314
143 475
144 295
145 471
146 252
147 295
148 301
149 435
150 282
151 423
152 402
152 457
152 481
153 354
154 294
154 488
155 307
156 456
157 422
158 303
158 337
158 389
159 311
160 258
161 305
162 274
163 305
164 421
164 469
165 436
166 328
167 345
168 375
169 349
170 345
171 379
171 430
171 460
172 411
173 368
173 487
174 281
175 263
176 447
177 476
178 332
179 370
180 425
181 278
181 443
182 354
183 297
184 262
185 300
186 476
187 363
188 398
189 305
190 308
190 351
191 468
192 484
193 255
194 376
195 272
196 482
197 495
198 361
198 413
199 474
200 285
201 437
202 482
203 276
204 486
205 371
206 257
206 286
207 265
207 461
207 463
208 499
209 356
210 424
211 273
212 270
213 383
214 312
215 480
216 331
217 366
218 306
219 304
219 327
220 494
221 360
222 315
223 372
224 424
225 424
226 377
226 489
227 441
228 316
229 329
230 485
231 417
232 424
233 335
234 369
235 384
236 268
237 439
238 314
239 455
240 451
240 498
241 322
242 253
242 385
242 470
243 365
243 440
244 418
245 416
246 464
247 271
248 473
249 414
638.102863927
