482
0 450
1 430
2 450
3 371
4 489
5 320
6 438
7 371
8 264
9 445
10 430
11 470
12 450
13 264
14 489
15 445
16 445
17 391
18 430
19 460
20 445
21 460
22 371
23 379
24 264
25 445
26 430
27 460
28 430
29 385
30 460
31 430
32 450
33 445
34 379
35 371
36 264
37 450
38 264
39 438
40 460
41 264
42 470
43 379
44 430
45 264
46 438
47 460
48 320
49 460
50 460
51 385
52 430
53 371
54 313
55 430
56 385
57 430
58 430
59 264
60 264
61 446
62 460
63 445
64 438
65 450
66 450
67 320
68 379
69 264
70 430
71 385
72 371
73 371
74 371
75 460
76 450
77 430
78 385
79 385
80 438
81 430
82 264
83 450
84 445
85 385
86 264
87 371
88 430
89 450
90 446
91 438
92 263
93 264
94 264
95 470
96 445
97 264
98 379
99 430
100 460
101 371
102 430
103 460
104 264
105 445
106 445
107 460
108 446
109 438
110 489
111 445
112 264
113 379
114 460
115 371
116 489
117 489
118 430
119 264
120 379
121 379
122 460
123 438
124 460
125 371
126 460
127 445
128 379
129 379
130 460
131 264
132 320
133 438
134 385
135 385
136 430
137 445
138 445
139 445
140 450
141 264
142 460
143 445
144 460
145 430
146 385
147 460
148 446
149 371
150 471
151 438
152 450
153 430
154 460
155 430
156 446
157 445
158 273
159 471
160 264
161 446
162 446
163 450
164 445
165 460
166 379
167 379
168 430
169 371
170 379
171 430
172 445
173 371
174 460
175 445
176 264
177 379
178 460
179 264
180 371
181 470
182 430
183 460
184 264
185 430
186 379
187 445
188 445
189 446
190 450
191 371
192 450
193 460
194 385
195 385
196 450
197 445
198 430
199 446
200 470
201 445
202 450
203 385
204 264
205 430
206 371
207 445
208 264
209 430
210 445
211 379
212 371
213 445
214 371
215 471
216 385
217 445
218 438
219 445
220 460
221 460
222 430
223 371
224 445
225 445
226 460
227 471
228 460
229 371
230 371
231 460
232 445
233 371
234 430
235 264
236 371
237 385
238 489
239 450
240 430
241 460
242 445
243 445
244 371
245 460
246 264
247 385
248 371
249 438
250 6
251 207
252 78
253 207
254 47
255 47
256 105
257 115
258 208
259 60
260 6
261 6
262 208
265 181
266 105
267 47
268 115
269 6
270 115
271 181
272 56
274 17
275 6
276 78
277 78
278 181
279 56
280 181
281 60
282 208
283 17
284 115
285 78
286 115
287 17
288 115
289 47
290 115
291 17
292 223
293 208
294 47
295 47
296 17
297 60
298 185
299 56
300 185
301 17
302 181
303 52
304 207
305 17
306 105
307 185
308 17
309 208
310 115
311 208
312 6
314 178
315 185
316 47
317 208
318 233
319 47
321 223
322 47
323 60
324 105
325 185
326 17
327 207
328 115
329 115
330 178
331 78
332 47
333 208
334 208
335 115
336 115
337 52
338 47
339 17
340 78
341 17
342 47
343 115
344 6
345 115
346 105
347 208
348 47
349 115
350 115
351 17
352 185
353 47
354 52
355 47
356 185
357 6
358 6
359 208
360 47
361 185
362 208
363 105
364 185
365 181
366 78
367 208
368 115
369 185
370 208
372 115
373 185
374 115
375 185
376 181
377 60
378 47
380 17
381 17
382 207
383 105
384 60
386 17
387 207
388 47
389 115
390 207
392 56
393 6
394 78
395 115
396 115
397 17
398 105
399 60
400 56
401 115
402 56
403 17
404 185
405 115
406 6
407 115
408 208
409 56
410 56
411 181
412 56
413 115
414 6
415 47
416 47
417 47
418 115
419 47
420 47
421 181
422 181
423 115
424 181
425 115
426 208
427 115
428 181
429 6
431 17
432 208
433 115
434 208
435 115
436 208
437 105
439 56
440 181
441 208
442 47
443 181
444 185
447 208
448 105
449 181
451 185
452 115
453 208
454 6
455 17
456 17
457 56
458 185
459 6
461 207
462 56
463 181
464 208
465 105
466 6
467 6
468 6
469 181
472 185
473 6
474 17
475 207
476 115
477 115
478 115
479 185
480 208
481 56
482 17
483 60
484 17
485 115
486 60
487 6
488 47
490 185
491 181
492 185
493 181
494 60
495 207
496 47
497 47
498 185
499 208
14048.373643515
