590
0 670
0 867
1 660
2 829
3 535
4 603
5 689
6 855
7 636
8 767
8 805
9 922
10 995
11 983
12 526
13 522
14 810
15 605
16 852
17 787
18 622
19 833
20 784
21 883
22 541
23 594
24 804
25 754
26 864
27 515
28 719
29 621
29 956
30 997
31 819
32 873
33 769
34 905
35 543
35 589
36 557
37 865
38 994
39 806
39 936
40 656
41 613
42 517
43 551
44 724
45 748
46 996
47 532
48 500
49 688
50 641
51 827
52 624
52 986
53 514
54 897
55 836
56 988
57 585
58 933
59 757
60 625
60 662
60 891
60 907
61 733
62 684
63 598
64 996
65 611
66 655
67 861
68 551
69 857
70 709
71 661
72 870
73 999
74 957
75 918
76 797
77 710
78 591
79 862
80 730
81 585
82 738
83 582
84 888
85 953
86 659
87 860
88 657
89 702
90 614
90 690
91 996
92 507
92 920
93 783
94 622
95 858
95 958
96 704
96 923
97 590
98 504
99 799
100 718
101 877
102 524
103 538
104 875
105 559
106 545
106 570
106 736
106 786
106 821
106 874
107 708
108 766
109 694
110 927
111 763
111 793
111 947
111 955
112 637
113 779
114 574
115 999
116 744
117 785
118 846
119 948
120 987
121 638
122 930
123 996
124 898
125 999
126 536
126 742
127 788
128 954
129 959
130 747
131 632
132 695
133 623
134 901
135 800
136 564
137 540
138 619
139 788
140 732
141 791
141 796
141 886
142 723
143 934
144 502
145 826
145 964
146 680
147 502
148 685
149 636
150 991
151 972
152 949
153 913
154 919
155 575
155 666
156 882
157 607
157 755
158 696
158 803
159 522
160 875
161 563
162 679
163 869
164 971
165 505
165 616
165 830
165 895
166 851
167 615
168 725
168 739
168 790
168 822
169 527
170 588
171 573
172 577
173 893
174 656
175 776
176 917
177 653
178 502
179 580
180 975
181 892
182 617
183 593
184 984
185 530
186 974
187 881
188 518
189 752
190 707
191 859
192 761
193 774
194 648
195 646
196 640
197 896
198 671
199 542
200 571
201 838
202 705
203 731
204 875
205 825
206 627
207 579
207 940
208 529
209 520
210 931
211 701
212 693
213 510
214 815
215 926
216 983
217 664
218 922
219 976
220 656
221 643
221 692
222 854
223 999
224 931
225 658
226 880
227 522
228 906
229 513
229 937
230 565
231 667
232 931
233 734
234 634
235 875
236 644
236 674
236 676
236 978
237 963
238 523
239 749
240 516
241 762
241 872
242 782
243 519
244 693
245 979
246 555
247 691
247 727
248 924
249 842
250 645
251 951
252 764
253 768
254 845
255 890
256 677
257 743
258 943
259 898
260 840
261 811
262 509
263 802
264 717
265 989
266 781
267 900
268 792
269 996
270 916
271 929
272 596
273 980
274 868
275 511
276 703
277 832
278 560
278 630
279 576
280 714
281 943
282 824
283 722
284 669
285 952
286 962
287 539
287 697
288 673
289 973
290 552
290 629
291 751
292 819
293 632
294 943
295 992
296 556
297 546
297 795
298 671
299 726
300 746
301 685
302 721
302 945
303 606
303 639
304 998
305 787
306 922
307 756
308 949
309 586
310 935
311 586
312 835
313 905
314 810
315 585
316 628
317 580
318 521
319 533
320 711
321 909
322 894
323 943
324 566
324 698
325 524
326 970
327 635
327 651
328 959
329 789
330 785
331 642
332 682
333 595
334 652
335 508
335 741
336 565
337 740
337 985
338 534
339 735
340 901
341 554
342 502
343 910
344 848
345 716
346 578
346 961
347 780
348 939
349 527
350 779
351 550
352 745
353 675
354 567
355 641
356 746
357 612
357 904
357 912
358 687
359 889
360 863
361 506
362 622
363 812
364 834
364 844
365 519
366 903
367 746
368 610
368 938
369 759
370 889
371 531
371 699
372 999
373 745
374 587
375 946
376 569
377 942
378 649
379 713
380 818
381 970
382 879
383 866
384 943
385 654
386 592
387 950
388 773
389 775
389 843
390 549
391 572
392 932
393 847
394 813
395 541
396 916
397 528
398 788
399 898
400 808
401 944
402 715
402 831
403 966
404 695
405 999
406 678
407 853
408 580
409 726
410 729
410 809
411 561
411 750
411 772
411 908
411 925
412 583
412 990
413 512
414 758
415 968
416 979
417 941
418 811
419 728
419 801
420 807
421 971
422 823
422 871
422 887
423 599
424 770
425 626
426 700
427 849
428 765
429 558
430 573
431 501
431 537
431 633
431 837
431 921
432 861
433 856
434 568
435 856
436 568
437 776
438 915
439 828
440 928
441 522
442 602
442 737
442 771
443 597
443 609
443 620
443 631
443 814
443 981
444 993
445 720
445 902
446 548
447 917
448 681
449 604
449 683
449 777
449 884
449 914
450 753
451 689
452 600
453 584
454 820
455 608
456 650
457 850
458 503
458 876
459 811
460 839
461 547
462 647
463 778
463 794
463 841
464 618
465 665
465 760
466 899
467 686
468 911
469 965
470 817
471 977
472 798
473 562
474 868
475 960
476 816
477 982
478 551
479 525
480 632
481 967
482 581
482 668
483 885
484 663
485 565
486 943
487 712
488 969
489 672
490 689
491 569
492 993
493 601
494 917
495 706
496 878
497 553
498 689
499 544
1264.551801749
