500
0 572
1 562
2 611
3 541
4 603
5 824
6 996
7 741
8 738
9 881
10 740
11 914
12 949
13 857
14 573
15 750
16 852
17 702
18 634
19 553
20 884
21 537
22 815
23 954
24 997
25 765
26 671
27 682
28 909
29 591
30 688
31 819
32 797
33 817
34 866
35 676
36 805
37 955
38 622
39 645
40 718
41 659
42 871
43 588
44 863
45 568
46 806
47 969
48 500
49 641
50 880
51 827
52 849
53 792
54 713
55 986
56 862
57 520
58 864
59 780
60 977
61 526
62 883
63 786
64 842
65 932
66 655
67 586
68 594
69 724
70 888
71 988
72 644
73 514
74 743
75 684
76 550
77 564
78 731
79 621
80 936
81 575
82 580
83 581
84 781
85 784
86 895
87 935
88 931
89 882
90 733
91 619
92 545
93 613
94 632
95 560
96 934
97 885
98 716
99 846
100 833
101 674
102 790
103 810
104 700
105 510
106 720
107 918
108 966
109 847
110 735
111 770
112 637
113 957
114 672
115 610
116 927
117 747
118 985
119 942
120 987
121 673
122 766
123 912
124 795
125 565
126 979
127 507
128 779
129 653
130 596
131 717
132 746
133 802
134 901
135 800
136 844
137 879
138 736
139 874
140 592
141 791
142 523
143 902
144 968
145 751
146 793
147 742
148 868
149 789
150 522
151 893
152 829
153 617
154 532
155 822
156 818
157 519
158 606
159 557
160 907
161 548
162 837
163 867
164 755
165 505
166 974
167 959
168 946
169 589
170 638
171 887
172 945
173 730
174 845
175 658
176 692
177 851
178 900
179 875
180 521
181 892
182 876
183 807
184 891
185 725
186 669
187 578
188 838
189 752
190 990
191 835
192 753
193 502
194 777
195 707
196 542
197 704
198 709
199 582
200 958
201 928
202 873
203 642
204 616
205 794
206 527
207 754
208 748
209 524
210 577
211 681
212 543
213 812
214 924
215 652
216 691
217 956
218 788
219 782
220 708
221 804
222 660
223 701
224 620
225 965
226 947
227 854
228 941
229 558
230 627
231 675
232 772
233 508
234 525
235 964
236 513
237 646
238 970
239 865
240 516
241 593
242 609
243 778
244 626
245 574
246 757
247 813
248 915
249 566
250 820
251 951
252 764
253 547
254 744
255 667
256 635
257 734
258 830
259 762
260 511
261 825
262 662
263 651
264 571
265 896
266 768
267 919
268 972
269 698
270 916
271 630
272 828
273 677
274 679
275 623
276 983
277 952
278 929
279 647
280 971
281 872
282 695
283 663
284 856
285 703
286 938
287 640
288 905
289 538
290 816
291 787
292 775
293 555
294 890
295 992
296 715
297 826
298 803
299 808
300 585
301 528
302 517
303 639
304 579
305 668
306 922
307 624
308 761
309 861
310 693
311 991
312 978
313 904
314 633
315 834
316 628
317 590
318 911
319 515
320 503
321 843
322 774
323 546
324 821
325 745
326 697
327 940
328 615
329 840
330 539
331 648
332 839
333 544
334 767
335 859
336 587
337 799
338 894
339 690
340 726
341 608
342 773
343 937
344 848
345 853
346 559
347 595
348 930
349 636
350 877
351 554
352 567
353 533
354 719
355 534
356 689
357 920
358 540
359 917
360 939
361 696
362 759
363 776
364 710
365 925
366 832
367 509
368 699
369 993
370 783
371 769
372 551
373 933
374 504
375 739
376 858
377 785
378 906
379 597
380 563
381 501
382 998
383 760
384 649
385 953
386 732
387 923
388 656
389 552
390 549
391 556
392 809
393 855
394 683
395 910
396 870
397 705
398 570
399 643
400 850
401 860
402 583
403 921
404 506
405 962
406 961
407 512
408 529
409 661
410 963
411 631
412 729
413 599
414 899
415 728
416 737
417 973
418 811
419 723
420 878
421 561
422 714
423 897
424 908
425 531
426 984
427 980
428 607
429 678
430 604
431 685
432 926
433 999
434 584
435 975
436 886
437 950
438 598
439 680
440 841
441 994
442 602
443 814
444 995
445 823
446 650
447 796
448 665
449 569
450 903
451 666
452 629
453 625
454 687
455 831
456 722
457 576
458 913
459 712
460 727
461 989
462 664
463 981
464 618
465 706
466 758
467 612
468 694
469 654
470 605
471 614
472 798
473 686
474 670
475 976
476 600
477 535
478 944
479 836
480 711
481 967
482 869
483 948
484 749
485 982
486 943
487 518
488 536
489 763
490 657
491 601
492 756
493 721
494 898
495 960
496 801
497 771
498 530
499 889
22096.699419769
