979
999 115
998 207
997 60
996 358
995 364
994 334
993 356
992 47
991 356
990 456
989 443
988 78
987 115
986 364
985 364
984 208
983 78
982 115
981 443
980 405
979 332
978 335
977 60
976 443
975 335
974 405
973 332
972 335
971 181
970 332
969 47
968 47
967 56
966 17
965 181
964 208
963 56
962 115
961 358
960 443
959 405
958 181
957 115
956 78
955 456
954 115
953 181
952 181
951 443
950 207
949 456
948 60
947 17
946 364
945 181
944 115
943 60
942 60
941 332
940 207
939 47
938 115
937 335
936 358
935 115
934 443
933 364
932 56
931 181
930 332
929 181
928 443
927 17
926 334
925 443
924 335
923 443
922 358
921 17
920 358
919 47
918 47
917 208
916 335
915 358
914 181
913 364
912 358
911 335
910 335
909 389
908 181
907 60
906 47
905 115
904 358
903 78
902 443
901 78
900 47
899 358
898 60
897 335
896 443
895 60
894 47
893 250
892 181
891 60
890 47
889 208
888 250
887 181
886 208
885 60
884 181
883 332
882 17
881 358
880 47
879 105
878 332
877 115
876 364
875 208
874 358
873 17
872 47
871 181
870 335
869 17
868 17
867 17
866 358
865 456
864 364
863 60
862 78
861 356
860 115
859 335
858 181
857 334
856 115
855 250
854 334
853 115
852 105
851 405
850 78
849 364
848 250
847 250
846 389
845 47
844 364
843 389
842 358
841 443
840 335
839 332
838 105
837 17
836 356
835 335
834 364
833 47
832 181
831 456
830 60
829 56
828 56
827 56
826 47
825 335
824 356
823 181
822 356
821 358
820 358
819 389
818 17
817 443
816 405
815 335
814 181
813 181
812 105
811 335
810 332
809 56
808 56
807 47
806 358
805 208
804 60
803 389
802 358
801 332
800 78
799 389
798 364
797 17
796 208
795 47
794 443
793 56
792 115
791 208
790 356
789 335
788 358
787 17
786 105
785 332
784 181
783 208
782 207
781 358
780 208
779 115
778 443
777 181
776 105
775 389
774 47
773 47
772 443
771 332
770 181
769 443
768 105
767 208
766 332
765 443
764 78
763 17
762 47
761 456
760 105
759 356
758 358
757 208
756 364
755 181
754 207
753 456
752 17
751 17
750 181
749 456
748 208
747 332
746 356
745 356
744 17
743 115
742 47
741 335
740 364
739 356
738 208
737 332
736 358
735 17
734 335
733 17
732 17
731 78
730 358
729 56
728 332
727 181
726 78
725 356
724 334
723 332
722 17
721 181
720 105
719 389
718 47
717 208
716 405
715 456
714 181
713 335
712 335
711 334
710 364
709 389
708 47
707 56
706 105
705 17
704 443
703 78
702 17
701 115
700 208
699 250
698 358
697 17
696 364
695 356
694 250
693 335
692 208
691 181
690 17
689 356
688 47
687 358
686 358
685 17
684 47
683 181
682 332
681 105
680 56
679 17
678 358
677 105
676 335
675 332
674 335
673 115
672 332
671 364
670 17
669 115
668 17
667 47
666 356
665 105
664 78
663 456
662 60
661 56
660 356
659 208
658 443
657 356
656 47
655 56
654 181
653 405
652 334
651 207
650 456
649 47
648 181
647 56
646 56
645 358
644 335
643 60
642 78
641 47
640 17
639 389
638 115
637 208
636 335
635 207
634 356
633 332
632 334
631 443
630 181
629 405
628 47
627 115
626 335
625 60
624 364
623 358
622 334
621 78
620 181
619 358
618 208
617 364
616 60
615 405
614 17
613 208
612 358
611 56
610 115
609 443
608 456
607 181
606 389
605 181
604 181
603 332
602 332
601 181
600 115
599 335
598 105
597 181
596 56
595 208
594 115
593 47
592 17
591 78
590 208
589 335
588 115
587 115
586 356
585 356
584 208
583 56
582 17
581 17
580 208
579 443
578 105
577 181
576 56
575 356
574 332
573 17
572 17
571 181
570 358
569 181
568 208
567 364
566 358
565 115
564 364
563 17
562 250
561 181
560 181
559 105
558 250
557 334
556 456
555 208
554 456
553 47
552 389
551 115
550 456
549 443
548 17
547 443
546 60
545 105
544 208
543 335
542 17
541 335
540 358
539 332
538 332
537 332
536 47
535 115
534 47
533 332
532 47
531 335
530 356
529 208
528 17
527 115
526 17
525 356
524 356
523 332
522 356
521 335
520 356
519 181
518 105
517 181
516 356
515 332
514 115
513 250
512 115
511 250
510 105
509 356
508 335
507 358
506 356
505 60
504 405
503 364
502 47
501 17
500 356
499 717
498 657
497 839
496 839
495 902
494 964
493 793
492 657
491 654
490 657
489 573
488 839
487 531
486 964
485 701
484 955
483 826
482 947
481 793
480 717
479 657
478 701
477 701
476 980
475 902
474 573
473 699
472 657
471 717
470 793
469 654
468 531
467 699
466 699
465 720
464 717
463 902
462 793
461 902
460 573
459 531
458 657
457 793
455 955
454 699
453 964
452 980
451 657
450 573
449 793
448 720
447 717
446 573
445 573
444 657
442 839
441 717
440 902
439 793
438 531
437 720
436 964
435 701
434 717
433 980
432 717
431 573
430 573
429 699
428 902
427 980
426 717
425 531
424 902
423 531
422 902
421 902
420 839
419 839
418 531
417 839
416 839
415 839
414 699
413 980
412 955
411 902
410 793
409 793
408 717
407 980
406 699
404 660
403 573
402 793
401 701
400 793
399 964
398 768
397 947
396 531
395 531
394 793
393 699
392 793
391 573
390 902
388 839
387 902
386 947
385 793
384 826
383 720
382 720
381 573
380 947
379 573
378 826
377 839
376 793
375 657
374 980
373 657
372 701
371 531
370 717
369 657
368 531
367 660
366 793
365 902
363 720
362 717
361 657
360 826
359 717
357 699
355 826
354 980
353 839
352 657
351 955
350 701
349 701
348 839
347 717
346 768
345 980
344 699
343 531
342 839
341 947
340 793
339 573
338 826
337 980
336 701
333 717
331 793
330 573
329 531
328 980
327 720
326 573
325 657
324 540
323 964
322 826
321 980
320 717
319 839
318 531
317 717
316 839
315 657
314 839
313 531
312 531
311 717
310 701
309 717
308 955
307 657
306 768
305 947
304 902
303 980
302 654
301 573
300 660
299 793
298 657
297 826
296 955
295 839
294 826
293 717
292 980
291 947
290 980
289 839
288 701
287 573
286 701
285 793
284 980
283 947
282 717
281 826
280 902
279 793
278 654
277 793
276 793
275 699
274 573
273 980
272 793
271 654
270 701
269 699
268 531
267 826
266 699
265 902
264 717
263 699
262 717
261 531
260 531
259 826
258 717
257 701
256 720
255 839
254 839
253 902
252 793
251 720
249 699
248 531
247 793
246 717
245 839
244 531
243 902
242 902
241 826
240 657
239 955
238 573
237 793
236 531
235 717
234 717
233 531
232 902
231 839
230 701
229 531
228 839
227 717
226 839
225 902
224 902
223 701
222 717
221 826
220 826
219 720
218 540
217 793
216 793
215 717
214 531
213 720
212 531
211 531
210 902
209 657
206 701
205 531
204 964
203 793
202 947
201 720
200 654
199 573
198 980
197 902
196 947
195 793
194 793
193 839
192 955
191 531
190 955
189 947
188 768
187 768
186 980
185 657
184 717
183 839
182 657
180 531
179 717
178 839
177 980
176 717
175 720
174 826
173 531
172 654
171 573
170 980
169 701
168 657
167 980
166 980
165 964
164 902
163 947
162 573
161 947
160 717
159 717
158 980
157 902
156 947
155 657
154 839
153 657
152 955
151 531
150 717
149 531
148 573
147 839
146 793
145 717
144 839
143 902
142 839
141 964
140 947
139 699
138 699
137 531
136 657
135 793
134 793
133 699
132 717
131 717
130 573
129 980
128 980
127 540
126 839
125 701
124 826
123 699
122 839
121 701
120 701
119 717
118 980
117 573
116 573
114 839
113 701
112 717
111 573
110 573
109 699
108 573
107 826
106 720
104 717
103 839
102 657
101 531
100 826
99 980
98 980
97 717
96 902
95 654
94 717
93 717
92 768
91 699
90 573
89 947
88 717
87 701
86 964
85 793
84 531
83 573
82 717
81 717
80 699
79 793
77 657
76 947
75 826
74 701
73 701
72 531
71 793
70 657
69 717
68 980
67 717
66 955
65 793
64 699
63 768
62 839
61 573
59 717
58 657
57 657
55 657
54 531
53 701
52 657
51 793
50 826
49 826
48 660
46 699
45 717
44 717
43 980
42 654
41 964
40 826
39 699
38 717
37 573
36 717
35 531
34 531
33 902
32 947
31 980
30 826
29 793
28 980
27 839
26 657
25 902
24 717
23 980
22 531
21 839
20 793
19 839
18 717
16 720
15 902
14 573
13 717
12 573
11 654
10 657
9 768
8 717
7 701
6 699
5 717
4 839
3 531
2 955
1 657
0 573
41753.817328099
