707
0 867
1 745
2 829
3 535
4 878
5 689
6 645
7 636
8 767
9 922
10 995
11 956
12 865
13 522
14 868
15 754
16 598
17 766
18 622
19 833
20 664
21 807
22 541
23 816
24 984
25 754
26 849
27 992
28 567
29 956
30 662
31 864
32 722
33 769
34 905
35 589
36 557
37 572
38 857
39 855
40 656
41 568
42 517
43 653
44 724
45 748
46 996
47 532
48 500
49 643
50 641
51 901
52 756
53 535
54 694
55 671
56 988
57 857
58 710
59 748
60 662
61 751
62 845
63 598
64 972
65 608
66 829
67 516
68 974
69 857
70 709
71 703
72 870
73 999
74 627
75 894
76 722
77 719
78 988
79 850
80 911
81 622
82 738
83 582
84 888
85 591
86 584
87 860
88 660
89 752
90 690
91 911
92 566
93 783
94 622
95 929
96 923
97 590
98 504
99 799
100 718
101 877
102 524
103 810
104 875
105 920
106 879
107 863
108 737
109 835
110 927
111 955
112 637
113 535
114 979
115 999
116 785
117 785
118 629
119 780
120 565
121 638
122 930
123 996
124 898
125 589
126 536
127 788
128 856
129 959
130 947
131 783
132 695
133 899
134 901
135 800
136 564
137 540
138 619
139 788
140 818
141 886
142 810
143 960
144 534
145 964
146 680
147 534
148 818
149 636
150 632
151 599
152 949
153 790
154 807
155 666
156 766
157 607
158 803
159 522
160 875
161 970
162 679
163 766
164 971
165 688
166 851
167 615
168 790
169 565
170 588
171 793
172 517
173 893
174 656
175 776
176 857
177 653
178 532
179 568
180 935
181 892
182 617
183 667
184 780
185 500
186 653
187 881
188 899
189 702
190 596
191 859
192 663
193 774
194 569
195 596
196 640
197 896
198 671
199 705
200 517
201 754
202 705
203 731
204 875
205 980
206 627
207 940
208 907
209 500
210 931
211 701
212 693
213 510
214 835
215 632
216 901
217 784
218 922
219 923
220 656
221 643
222 854
223 999
224 931
225 769
226 880
227 522
228 628
229 937
230 565
231 667
232 931
233 734
234 634
235 875
236 674
237 726
238 538
239 608
240 516
241 872
242 782
243 519
244 811
245 574
246 555
247 727
248 924
249 758
250 698
251 951
252 764
253 782
254 845
255 890
256 879
257 743
258 943
259 593
260 840
261 811
262 590
263 802
264 717
265 714
266 802
267 872
268 792
269 996
270 734
271 727
272 596
273 709
274 810
275 911
276 703
277 884
278 630
279 731
280 714
281 919
282 695
283 722
284 856
285 642
286 944
287 697
288 673
289 973
290 653
291 733
292 819
293 632
294 943
295 992
296 829
297 546
298 671
299 828
300 746
301 818
302 714
303 985
304 998
305 766
306 681
307 986
308 949
309 586
310 935
311 525
312 842
313 905
314 810
315 585
316 628
317 522
318 734
319 533
320 660
321 909
322 894
323 943
324 920
325 525
326 785
327 950
328 816
329 789
330 744
331 517
332 532
333 595
334 746
335 741
336 565
337 985
338 534
339 744
340 828
341 722
342 532
343 910
344 842
345 588
346 961
347 780
348 939
349 527
350 860
351 550
352 745
353 515
354 567
355 641
356 746
357 912
358 698
359 889
360 643
361 745
362 622
363 923
364 844
365 960
366 903
367 746
368 712
369 759
370 700
371 701
372 716
373 745
374 600
375 617
376 569
377 942
378 546
379 980
380 818
381 970
382 879
383 510
384 943
385 903
386 809
387 651
388 833
389 985
390 635
391 548
392 932
393 855
394 591
395 743
396 916
397 685
398 788
399 898
400 621
401 957
402 715
403 966
404 695
405 999
406 619
407 853
408 568
409 726
410 809
411 561
412 583
413 512
414 758
415 968
416 979
417 941
418 811
419 801
420 807
421 971
422 823
423 599
424 770
425 626
426 584
427 600
428 934
429 996
430 657
431 633
432 861
433 856
434 568
435 636
436 568
437 776
438 915
439 828
440 960
441 586
442 502
443 620
444 993
445 902
446 548
447 854
448 681
449 914
450 753
451 689
452 600
453 584
454 820
455 608
456 766
457 850
458 624
459 811
460 826
461 547
462 647
463 714
464 805
465 579
466 598
467 936
468 859
469 965
470 654
471 711
472 798
473 562
474 868
475 960
476 816
477 962
478 551
479 525
480 695
481 967
482 640
483 885
484 563
485 527
486 943
487 915
488 969
489 672
490 689
491 956
492 689
493 601
494 917
495 896
496 973
497 845
498 689
499 544
501 431
503 458
505 165
506 320
507 454
508 335
509 320
511 473
513 229
514 3
518 398
520 155
521 335
523 103
526 0
528 89
529 499
530 155
531 34
537 431
539 287
542 403
543 35
545 106
549 387
552 290
553 62
554 402
556 66
558 123
559 454
560 394
570 106
571 285
573 130
575 155
576 71
577 411
578 327
580 359
581 66
587 374
592 66
594 166
597 443
602 332
603 332
604 449
605 157
606 389
609 443
610 368
611 71
612 357
613 359
614 90
616 165
618 246
623 473
625 141
631 443
639 303
644 248
646 412
648 469
649 267
650 56
652 48
655 66
658 225
659 86
661 71
665 461
668 412
669 121
670 0
675 19
676 236
677 106
678 138
682 353
683 449
684 62
686 459
687 39
691 247
692 221
696 158
699 438
704 96
706 16
707 272
708 193
713 438
720 242
721 394
723 103
725 168
728 419
729 410
730 473
732 192
735 339
736 106
739 168
740 337
742 126
747 489
749 56
750 411
755 157
757 36
760 461
761 192
762 255
763 130
765 96
768 242
771 332
772 172
773 193
775 389
777 79
778 207
779 310
781 266
786 106
787 56
791 464
794 207
795 267
796 246
797 76
804 24
806 6
808 29
812 304
813 394
814 443
815 214
817 253
821 106
822 168
824 150
825 438
827 51
830 436
831 402
832 79
834 300
836 55
837 431
838 106
839 226
841 207
843 303
846 321
847 39
848 467
852 16
858 276
862 277
866 357
869 239
871 422
873 474
874 106
876 99
882 239
883 420
887 422
891 60
895 165
897 109
900 255
904 236
906 228
908 411
913 153
918 255
921 431
925 411
926 8
928 243
933 444
938 368
945 95
946 102
948 62
952 285
953 394
954 128
958 95
963 439
975 214
976 251
977 377
978 236
981 443
982 87
983 216
987 230
989 207
990 412
991 215
994 69
997 60
1777.849093435
