500
0 563
1 630
2 646
3 541
4 747
5 748
6 713
7 811
8 854
9 518
10 844
11 648
12 608
13 580
14 927
15 750
16 951
17 787
18 637
19 968
20 691
21 735
22 835
23 860
24 534
25 635
26 986
27 628
28 913
29 569
30 942
31 799
32 663
33 731
34 645
35 888
36 585
37 800
38 926
39 802
40 826
41 593
42 604
43 959
44 717
45 875
46 899
47 532
48 857
49 919
50 762
51 862
52 849
53 743
54 674
55 606
56 576
57 624
58 629
59 659
60 997
61 679
62 502
63 681
64 562
65 715
66 990
67 595
68 962
69 805
70 620
71 664
72 897
73 610
74 987
75 969
76 528
77 564
78 988
79 901
80 922
81 500
82 767
83 752
84 507
85 770
86 872
87 626
88 597
89 797
90 705
91 911
92 678
93 885
94 529
95 871
96 510
97 907
98 594
99 864
100 536
101 916
102 946
103 751
104 830
105 665
106 950
107 906
108 548
109 612
110 501
111 841
112 590
113 944
114 810
115 999
116 670
117 537
118 710
119 625
120 856
121 565
122 744
123 623
124 918
125 792
126 723
127 540
128 639
129 709
130 989
131 586
132 525
133 972
134 707
135 658
136 993
137 566
138 760
139 812
140 868
141 622
142 979
143 519
144 553
145 814
146 764
147 939
148 542
149 693
150 861
151 730
152 955
153 719
154 675
155 836
156 526
157 577
158 938
159 524
160 505
161 539
162 538
163 763
164 765
165 943
166 552
167 638
168 617
169 636
170 669
171 778
172 914
173 687
174 682
175 720
176 618
177 957
178 845
179 994
180 859
181 892
182 739
183 900
184 662
185 506
186 816
187 866
188 704
189 865
190 729
191 599
192 722
193 930
194 621
195 808
196 581
197 517
198 734
199 733
200 832
201 651
202 592
203 887
204 895
205 531
206 504
207 940
208 544
209 509
210 547
211 920
212 877
213 998
214 912
215 759
216 683
217 727
218 598
219 786
220 992
221 917
222 530
223 512
224 561
225 929
226 650
227 522
228 970
229 686
230 853
231 574
232 908
233 789
234 520
235 616
236 842
237 903
238 523
239 572
240 557
241 641
242 902
243 976
244 676
245 883
246 780
247 755
248 694
249 821
250 855
251 896
252 680
253 579
254 602
255 807
256 925
257 551
258 643
259 894
260 712
261 825
262 891
263 699
264 813
265 769
266 559
267 941
268 820
269 788
270 905
271 607
272 809
273 980
274 690
275 996
276 647
277 983
278 784
279 932
280 605
281 515
282 516
283 761
284 803
285 850
286 535
287 882
288 588
289 801
290 851
291 640
292 843
293 634
294 833
295 684
296 583
297 546
298 521
299 967
300 995
301 966
302 931
303 819
304 677
305 753
306 852
307 671
308 732
309 824
310 935
311 695
312 978
313 806
314 614
315 756
316 878
317 889
318 915
319 742
320 631
321 933
322 667
323 796
324 644
325 725
326 921
327 736
328 653
329 848
330 837
331 884
332 766
333 738
334 652
335 741
336 673
337 745
338 804
339 633
340 777
341 947
342 880
343 815
344 904
345 954
346 570
347 863
348 603
349 924
350 779
351 829
352 609
353 656
354 567
355 890
356 746
357 578
358 698
359 613
360 977
361 508
362 886
363 545
364 834
365 934
366 703
367 711
368 840
369 876
370 568
371 560
372 600
373 657
374 543
375 790
376 754
377 839
378 718
379 591
380 873
381 697
382 549
383 772
384 791
385 793
386 550
387 879
388 948
389 775
390 782
391 661
392 726
393 893
394 601
395 975
396 587
397 582
398 768
399 688
400 655
401 527
402 642
403 685
404 660
405 716
406 961
407 615
408 584
409 831
410 596
411 823
412 556
413 589
414 874
415 973
416 533
417 708
418 937
419 785
420 773
421 956
422 571
423 910
424 945
425 514
426 783
427 985
428 971
429 511
430 953
431 702
432 757
433 696
434 700
435 701
436 898
437 958
438 847
439 949
440 960
441 632
442 672
443 981
444 846
445 794
446 611
447 555
448 706
449 827
450 721
451 666
452 740
453 649
454 781
455 554
456 749
457 963
458 798
459 513
460 573
461 776
462 952
463 817
464 724
465 838
466 881
467 619
468 558
469 654
470 858
471 771
472 503
473 758
474 818
475 928
476 974
477 982
478 627
479 822
480 689
481 828
482 668
483 795
484 867
485 870
486 692
487 936
488 774
489 869
490 575
491 965
492 909
493 714
494 964
495 923
496 728
497 737
498 991
499 984
22112.549944504
