594
0 526
0 670
0 867
1 745
2 809
3 514
4 878
5 689
6 645
7 636
8 557
8 767
8 805
8 926
9 922
10 995
11 983
12 865
13 522
14 542
15 605
16 852
17 766
18 622
19 675
20 664
21 807
22 541
23 816
24 804
25 754
26 849
27 682
28 567
29 956
30 891
31 669
32 722
33 769
34 531
35 589
36 757
37 572
38 857
39 687
39 847
40 656
41 889
42 517
43 653
44 724
45 895
46 996
47 997
48 652
49 505
50 641
51 827
52 756
53 535
54 694
55 836
56 650
56 749
56 787
56 988
57 994
58 710
59 748
60 662
61 751
62 553
62 684
63 598
64 972
65 608
66 556
66 655
66 829
67 516
68 974
69 857
70 709
71 576
71 661
72 870
73 999
74 594
75 890
76 797
77 719
78 813
79 777
79 832
80 911
81 585
82 738
83 582
84 888
85 591
86 659
87 860
88 660
89 528
89 752
90 690
91 911
92 566
93 616
94 622
95 929
95 958
96 765
97 590
98 504
99 799
99 876
100 718
101 877
102 946
103 523
104 875
105 920
106 545
106 570
106 736
106 786
106 821
106 874
107 863
108 602
109 835
110 927
111 955
112 637
113 535
114 614
115 999
116 785
117 785
118 629
119 780
120 565
121 638
122 930
123 996
124 898
125 543
126 536
126 742
127 518
128 954
129 959
130 573
130 763
130 947
131 783
132 524
133 730
134 577
135 800
136 564
137 540
138 619
139 912
140 818
141 625
141 886
142 723
143 960
144 534
145 964
146 680
147 534
148 818
149 636
150 824
151 599
152 949
153 822
154 807
155 520
155 575
155 666
156 766
157 607
157 755
158 696
158 803
159 522
160 875
161 970
162 679
163 766
164 971
165 688
166 851
167 615
168 739
168 790
169 565
170 588
171 793
172 772
173 712
174 656
175 768
176 857
177 653
178 737
179 580
180 935
181 892
182 617
183 667
184 984
185 530
186 653
187 881
188 899
189 702
190 707
191 859
192 732
192 761
193 708
193 773
193 774
194 569
195 596
196 640
197 604
198 671
199 873
200 517
201 838
202 705
203 731
204 875
205 980
206 627
207 778
207 794
207 841
207 940
207 989
208 907
209 500
210 931
211 701
212 693
213 510
214 815
214 975
215 991
216 901
217 784
218 922
219 923
220 656
221 692
222 854
223 999
224 931
225 658
226 839
227 522
228 628
229 513
229 937
230 987
231 667
232 931
233 521
234 634
235 875
236 674
236 676
236 904
236 978
237 726
238 538
239 869
239 882
240 516
241 872
242 720
242 782
243 928
244 811
245 574
246 555
246 618
246 796
247 727
248 644
248 924
249 758
250 698
251 934
251 951
252 764
253 817
254 845
255 762
255 900
255 918
256 677
257 743
258 943
259 593
260 840
261 848
262 509
263 802
264 717
265 665
266 781
267 649
268 792
269 996
270 734
271 945
272 596
273 709
274 810
275 911
276 703
277 862
278 630
279 611
280 714
281 919
282 695
283 722
284 856
285 952
286 944
287 539
287 697
288 673
289 973
290 552
291 733
292 819
293 632
294 943
295 992
296 581
297 546
298 671
299 691
300 834
301 818
302 858
303 639
303 843
304 812
304 998
305 603
306 681
307 986
308 949
309 586
310 779
311 525
312 897
313 905
314 810
315 864
316 906
317 522
318 734
319 533
320 506
321 846
321 909
322 894
323 943
324 806
325 525
326 785
327 578
327 651
327 950
328 816
329 789
330 744
331 571
332 771
333 595
334 746
335 508
335 741
336 565
337 740
337 985
338 534
339 735
340 963
341 554
342 532
343 910
344 842
345 588
346 961
347 780
348 880
348 939
349 527
350 982
351 550
352 745
353 515
354 567
355 641
356 746
357 612
358 698
359 613
360 643
361 745
362 622
363 704
364 844
365 960
366 903
367 746
368 610
368 938
369 759
370 700
371 701
372 716
373 745
374 587
375 617
376 569
377 942
377 977
378 795
379 980
380 818
381 970
382 879
383 866
384 943
385 903
386 592
387 549
388 833
389 606
390 635
391 548
392 932
393 855
394 560
394 721
394 953
395 743
396 916
397 685
398 788
399 898
400 621
401 957
402 715
402 831
403 966
404 725
405 775
406 678
407 853
408 568
409 642
410 729
411 561
411 750
411 908
411 925
412 583
412 646
412 668
412 990
413 512
414 758
415 968
416 979
417 941
418 811
419 728
419 801
420 883
421 519
422 823
422 871
422 887
423 599
424 770
425 511
426 584
427 600
428 976
429 558
430 657
431 501
431 537
431 633
431 837
431 921
432 861
433 856
434 568
435 636
436 830
437 776
438 699
438 713
438 825
438 915
439 828
440 960
441 586
442 502
443 597
443 609
443 620
443 631
443 814
443 981
444 993
445 902
446 747
447 854
448 681
449 683
449 884
449 914
450 753
451 689
452 600
453 584
454 507
454 559
454 820
455 563
456 766
457 850
458 503
458 624
459 686
460 826
461 547
462 647
463 760
464 791
465 579
466 706
467 936
468 626
469 648
469 965
470 654
471 711
472 933
473 562
473 623
474 868
475 960
476 913
477 962
478 551
479 525
480 695
481 967
482 640
483 885
484 663
485 527
486 943
487 893
488 969
489 672
490 689
491 808
492 798
493 601
494 917
495 896
496 973
497 948
498 689
499 529
499 544
1597.005638077
