500
0 563
1 508
2 611
3 975
4 537
5 506
6 612
7 734
8 500
9 545
10 913
11 887
12 715
13 590
14 614
15 561
16 879
17 867
18 637
19 969
20 577
21 771
22 644
23 974
24 833
25 549
26 756
27 885
28 799
29 726
30 762
31 567
32 663
33 794
34 855
35 541
36 711
37 608
38 746
39 686
40 718
41 659
42 945
43 954
44 844
45 964
46 806
47 656
48 759
49 641
50 795
51 850
52 849
53 860
54 897
55 639
56 903
57 520
58 617
59 875
60 863
61 679
62 801
63 518
64 912
65 596
66 829
67 926
68 512
69 757
70 521
71 770
72 859
73 792
74 610
75 628
76 732
77 564
78 642
79 591
80 566
81 530
82 717
83 752
84 920
85 784
86 616
87 743
88 981
89 572
90 582
91 936
92 578
93 700
94 505
95 777
96 658
97 891
98 653
99 819
100 845
101 924
102 790
103 735
104 568
105 838
106 812
107 872
108 837
109 904
110 633
111 813
112 622
113 673
114 930
115 957
116 744
117 539
118 985
119 997
120 669
121 962
122 573
123 678
124 943
125 856
126 907
127 507
128 565
129 980
130 963
131 857
132 586
133 802
134 956
135 764
136 739
137 760
138 736
139 788
140 581
141 613
142 785
143 765
144 839
145 528
146 988
147 919
148 966
149 511
150 993
151 972
152 655
153 798
154 773
155 689
156 548
157 750
158 719
159 652
160 918
161 763
162 733
163 542
164 965
165 977
166 629
167 959
168 822
169 693
170 638
171 721
172 654
173 996
174 534
175 651
176 625
177 588
178 968
179 529
180 674
181 605
182 876
183 742
184 892
185 657
186 504
187 755
188 677
189 526
190 831
191 937
192 949
193 536
194 691
195 646
196 787
197 704
198 775
199 670
200 569
201 950
202 869
203 683
204 895
205 989
206 982
207 951
208 618
209 780
210 714
211 645
212 935
213 776
214 835
215 557
216 884
217 727
218 874
219 754
220 894
221 804
222 767
223 877
224 814
225 631
226 690
227 522
228 515
229 513
230 514
231 900
232 778
233 623
234 634
235 584
236 694
237 967
238 523
239 753
240 585
241 939
242 923
243 841
244 676
245 672
246 724
247 858
248 842
249 781
250 899
251 635
252 648
253 609
254 927
255 533
256 665
257 510
258 662
259 948
260 825
261 978
262 834
263 940
264 685
265 902
266 786
267 774
268 811
269 820
270 905
271 958
272 809
273 840
274 640
275 888
276 621
277 952
278 871
279 647
280 817
281 708
282 660
283 592
284 551
285 901
286 999
287 818
288 543
289 737
290 709
291 702
292 803
293 555
294 890
295 992
296 955
297 649
298 606
299 793
300 516
301 947
302 607
303 933
304 928
305 873
306 922
307 671
308 556
309 854
310 527
311 991
312 893
313 847
314 603
315 615
316 502
317 580
318 712
319 979
320 532
321 552
322 684
323 546
324 619
325 995
326 747
327 706
328 816
329 558
330 810
331 983
332 941
333 783
334 738
335 910
336 779
337 846
338 880
339 697
340 862
341 650
342 807
343 531
344 713
345 851
346 559
347 796
348 973
349 916
350 587
351 761
352 624
353 723
354 696
355 593
356 836
357 758
358 687
359 791
360 826
361 986
362 575
363 768
364 503
365 925
366 731
367 509
368 848
369 824
370 544
371 579
372 853
373 740
374 589
375 946
376 914
377 766
378 906
379 630
380 797
381 501
382 998
383 598
384 688
385 560
386 550
387 976
388 553
389 843
390 782
391 576
392 990
393 699
394 832
395 626
396 636
397 705
398 881
399 942
400 661
401 938
402 808
403 800
404 861
405 600
406 961
407 944
408 984
409 680
410 932
411 772
412 729
413 815
414 540
415 883
416 538
417 675
418 870
419 664
420 574
421 601
422 823
423 599
424 597
425 789
426 748
427 909
428 769
429 915
430 517
431 868
432 805
433 987
434 595
435 741
436 692
437 852
438 681
439 707
440 547
441 632
442 602
443 519
444 695
445 620
446 882
447 886
448 931
449 953
450 703
451 666
452 716
453 830
454 821
455 554
456 722
457 583
458 864
459 911
460 749
461 604
462 827
463 896
464 889
465 720
466 866
467 570
468 562
469 971
470 929
471 970
472 710
473 730
474 921
475 934
476 594
477 535
478 701
479 525
480 994
481 828
482 668
483 898
484 865
485 627
486 643
487 698
488 667
489 751
490 524
491 908
492 725
493 571
494 682
495 960
496 728
497 878
498 745
499 917
22104.188052560
