989
0 573
1 657
2 955
3 531
4 839
5 717
6 699
7 701
8 717
9 768
10 657
11 654
12 573
13 717
14 573
15 902
16 720
17 947
18 717
19 839
20 793
21 839
22 531
23 980
24 717
25 902
26 657
27 839
28 980
29 793
30 826
31 980
32 947
33 902
34 531
35 531
36 717
37 573
38 717
39 699
40 826
41 964
42 654
43 980
44 717
45 717
46 699
47 839
48 660
49 826
50 826
51 793
52 657
53 701
54 531
55 657
56 793
57 657
58 657
59 717
60 964
61 573
62 839
63 768
64 699
65 793
66 955
67 717
68 980
69 717
70 657
71 793
72 531
73 701
74 701
75 826
76 947
77 657
78 793
79 793
80 699
81 717
82 717
83 573
84 531
85 793
86 964
87 701
88 717
89 947
90 573
91 699
92 768
93 717
94 717
95 654
96 902
97 717
98 980
99 980
100 826
101 531
102 657
103 839
104 717
105 768
106 720
107 826
108 573
109 699
110 573
111 573
112 717
113 701
114 839
115 701
116 573
117 573
118 980
119 717
120 701
121 701
122 839
123 699
124 826
125 701
126 839
127 540
128 980
129 980
130 573
131 717
132 717
133 699
134 793
135 793
136 657
137 531
138 699
139 699
140 947
141 964
142 839
143 902
144 839
145 717
146 793
147 839
148 573
149 531
150 717
151 531
152 955
153 657
154 839
155 657
156 947
157 902
158 980
159 717
160 717
161 947
162 573
163 947
164 902
165 964
166 980
167 980
168 657
169 701
170 980
171 573
172 654
173 531
174 826
175 720
176 717
177 980
178 839
179 717
180 531
181 654
182 657
183 839
184 717
185 657
186 980
187 768
188 768
189 947
190 955
191 531
192 955
193 839
194 793
195 793
196 947
197 902
198 980
199 573
200 654
201 720
202 947
203 793
204 964
205 531
206 701
207 720
208 717
209 657
210 902
211 531
212 531
213 720
214 531
215 717
216 793
217 793
218 540
219 720
220 826
221 826
222 717
223 701
224 902
225 902
226 839
227 717
228 839
229 531
230 701
231 839
232 902
233 531
234 717
235 717
236 531
237 793
238 573
239 955
240 657
241 826
242 902
243 902
244 531
245 839
246 717
247 793
248 531
249 699
250 699
251 720
252 793
253 902
254 839
255 839
256 720
257 701
258 717
259 826
260 531
261 531
262 717
263 699
264 717
265 902
266 699
267 826
268 531
269 699
270 701
271 654
272 793
273 980
274 573
275 699
276 793
277 793
278 654
279 793
280 902
281 826
282 717
283 947
284 980
285 793
286 701
287 573
288 701
289 839
290 980
291 947
292 980
293 717
294 826
295 839
296 955
297 826
298 657
299 793
300 660
301 573
302 654
303 980
304 902
305 947
306 768
307 657
308 955
309 717
310 701
311 717
312 531
313 531
314 839
315 657
316 839
317 717
318 531
319 839
320 717
321 980
322 826
323 964
324 540
325 657
326 573
327 720
328 980
329 531
330 573
331 793
332 839
333 717
334 717
335 531
336 701
337 980
338 826
339 573
340 793
341 947
342 839
343 531
344 699
345 980
346 768
347 717
348 839
349 701
350 701
351 955
352 657
353 839
354 980
355 826
356 660
357 699
358 699
359 717
360 826
361 657
362 717
363 720
364 657
365 902
366 793
367 660
368 531
369 657
370 717
371 531
372 701
373 657
374 980
375 657
376 793
377 839
378 826
379 573
380 947
381 573
382 720
383 720
384 826
385 793
386 947
387 902
388 839
389 980
390 902
391 573
392 793
393 699
394 793
395 531
396 531
397 947
398 768
399 964
400 793
401 701
402 793
403 573
404 660
405 701
406 699
407 980
408 717
409 793
410 793
411 902
412 955
413 980
414 699
415 839
416 839
417 839
418 531
419 839
420 839
421 902
422 902
423 531
424 902
425 531
426 717
427 980
428 902
429 699
430 573
431 573
432 717
433 980
434 717
435 701
436 964
437 720
438 531
439 793
440 902
441 717
442 839
443 902
444 657
445 573
446 573
447 717
448 720
449 793
450 573
451 657
452 980
453 964
454 699
455 955
456 947
457 793
458 657
459 531
460 573
461 902
462 793
463 902
464 717
465 720
466 699
467 699
468 531
469 654
470 793
471 717
472 657
473 699
474 573
475 902
476 980
477 701
478 701
479 657
480 717
481 793
482 947
483 826
484 955
485 701
486 964
487 531
488 839
489 573
490 657
491 654
492 657
493 793
494 964
495 902
496 839
497 839
498 657
499 717
500 356
501 17
502 47
503 364
504 405
505 60
506 356
507 358
508 335
509 356
510 105
511 250
512 115
513 250
514 115
515 332
516 356
517 181
518 105
519 181
520 356
521 335
522 356
523 332
524 356
525 356
526 17
527 115
528 17
529 208
530 356
532 47
533 332
534 47
535 115
536 47
537 332
538 332
539 332
540 358
541 335
542 17
543 335
544 208
545 105
546 60
547 443
548 17
549 443
550 456
551 115
552 389
553 47
554 456
555 208
556 456
557 334
558 250
559 105
560 181
561 181
562 250
563 17
564 364
565 115
566 358
567 364
568 208
569 181
570 358
571 181
572 17
573 17
574 332
575 356
576 56
577 181
578 105
579 443
580 208
581 17
582 17
583 56
584 208
585 356
586 356
587 115
588 115
589 335
590 208
591 78
592 17
593 47
594 115
595 208
596 56
597 181
598 105
599 335
600 115
601 181
602 332
603 332
604 181
605 181
606 389
607 181
608 456
609 443
610 115
611 56
612 358
613 208
614 17
615 405
616 60
617 364
618 208
619 358
620 181
621 78
622 334
623 358
624 364
625 60
626 335
627 115
628 47
629 405
630 181
631 443
632 334
633 332
634 356
635 207
636 335
637 208
638 115
639 389
640 17
641 47
642 78
643 60
644 335
645 358
646 56
647 56
648 181
649 47
650 456
651 207
652 334
653 405
655 56
656 47
657 356
658 443
659 208
661 56
662 60
663 456
664 78
665 105
666 356
667 47
668 17
669 115
670 17
671 364
672 332
673 115
674 335
675 332
676 335
677 105
678 358
679 17
680 56
681 105
682 332
683 181
684 47
685 17
686 358
687 358
688 47
689 356
690 17
691 181
692 208
693 335
694 250
695 356
696 364
697 17
698 358
700 208
702 17
703 78
704 443
705 17
706 105
707 56
708 47
709 389
710 364
711 334
712 335
713 335
714 181
715 456
716 405
718 47
719 389
720 105
721 181
722 17
723 332
724 334
725 356
726 78
727 181
728 332
729 56
730 358
731 78
732 17
733 17
734 335
735 17
736 358
737 332
738 208
739 356
740 364
741 335
742 47
743 115
744 17
745 356
746 356
747 332
748 208
749 456
750 181
751 17
752 17
753 456
754 207
755 181
756 364
757 208
758 358
759 356
760 105
761 456
762 47
763 17
764 78
765 443
766 332
767 208
769 443
770 181
771 332
772 443
773 47
774 47
775 389
776 105
777 181
778 443
779 115
780 208
781 358
782 207
783 208
784 181
785 332
786 105
787 17
788 358
789 335
790 356
791 208
792 115
794 443
795 47
796 208
797 17
798 364
799 389
800 78
801 332
802 358
803 389
804 60
805 208
806 358
807 47
808 56
809 56
810 332
811 335
812 105
813 181
814 181
815 335
816 405
817 443
818 17
819 389
820 358
821 358
822 356
823 181
824 356
825 335
826 47
827 56
828 56
829 56
830 60
831 456
832 181
833 47
834 364
835 335
836 356
837 17
838 105
840 335
841 443
842 358
843 389
844 364
845 47
846 389
847 250
848 250
849 364
850 78
851 405
852 105
853 115
854 334
855 250
856 115
857 334
858 181
859 335
860 115
861 356
862 78
863 60
864 364
865 456
866 358
867 17
868 17
869 17
870 335
871 181
872 47
873 17
874 358
875 208
876 364
877 115
878 332
879 105
880 47
881 358
882 17
883 332
884 181
885 60
886 208
887 181
888 250
889 208
890 47
891 60
892 181
893 250
894 47
895 60
896 443
897 335
898 60
899 358
900 47
901 78
903 78
904 358
905 115
906 47
907 60
908 181
909 389
910 335
911 335
912 358
913 364
914 181
915 358
916 335
917 208
918 47
919 47
920 358
921 17
922 358
923 443
924 335
925 443
926 334
927 17
928 443
929 181
930 332
931 181
932 56
933 364
934 443
935 115
936 358
937 335
938 115
939 47
940 207
941 332
942 60
943 60
944 115
945 181
946 364
948 60
949 456
950 207
951 443
952 181
953 181
954 115
955 456
956 78
957 115
958 181
959 405
960 443
961 358
962 115
963 56
964 208
965 181
966 17
967 56
968 47
969 47
970 332
971 181
972 335
973 332
974 405
975 335
976 443
977 60
978 335
979 332
980 405
981 443
982 115
983 78
984 208
985 364
986 364
987 115
988 78
989 443
990 456
991 356
992 47
993 356
994 334
995 364
996 358
997 60
998 207
999 115
42164.633229082
