590
0 867
1 660
2 729
3 535
4 603
5 689
6 855
7 636
8 767
9 922
10 995
11 983
12 526
13 522
14 810
15 605
16 852
17 787
18 622
19 774
20 664
21 883
22 541
23 594
24 948
25 754
26 849
27 515
28 719
29 621
30 997
31 864
32 873
33 769
34 905
35 543
36 557
37 865
38 994
39 806
40 656
41 613
42 517
43 551
44 724
45 595
46 996
47 532
48 500
49 688
50 641
51 827
52 624
53 860
54 897
55 836
56 988
57 585
58 933
59 748
60 625
61 733
62 684
63 598
64 996
65 611
66 655
67 861
68 551
69 857
70 709
71 661
72 870
73 999
74 957
75 918
76 797
77 710
78 813
79 850
80 730
81 585
82 738
83 582
84 888
85 591
86 659
87 982
88 657
89 702
90 614
91 996
92 507
93 783
94 622
95 958
96 704
97 590
98 504
99 799
100 718
101 877
102 739
103 723
104 875
105 559
106 570
107 762
108 766
109 694
110 927
111 793
112 637
113 779
114 574
115 999
116 744
117 785
118 846
119 804
120 987
121 638
122 930
123 996
124 898
125 999
126 536
127 788
128 954
129 959
130 747
131 632
132 695
133 899
134 901
135 800
136 564
137 540
138 619
139 788
140 581
141 791
142 538
143 934
144 502
145 826
146 680
147 502
148 685
149 636
150 991
151 972
152 949
153 913
154 919
155 575
156 882
157 755
158 696
159 522
160 875
161 528
162 679
163 787
164 971
165 616
166 851
167 615
168 790
169 527
170 588
171 573
172 577
173 610
174 656
175 776
176 917
177 653
178 502
179 580
180 599
181 892
182 617
183 667
184 984
185 530
186 653
187 881
188 518
189 752
190 583
191 859
192 663
193 900
194 648
195 646
196 640
197 896
198 506
199 542
200 571
201 838
202 705
203 731
204 875
205 825
206 627
207 579
208 529
209 520
210 931
211 701
212 693
213 510
214 815
215 926
216 983
217 784
218 922
219 976
220 656
221 643
222 854
223 999
224 931
225 658
226 880
227 522
228 628
229 513
230 565
231 667
232 931
233 734
234 634
235 875
236 674
237 828
238 523
239 749
240 516
241 872
242 782
243 519
244 693
245 979
246 555
247 727
248 924
249 758
250 645
251 951
252 764
253 817
254 845
255 708
256 677
257 743
258 943
259 898
260 840
261 811
262 509
263 802
264 717
265 989
266 781
267 890
268 792
269 996
270 916
271 929
272 596
273 980
274 868
275 511
276 703
277 832
278 560
279 576
280 714
281 943
282 824
283 722
284 669
285 642
286 957
287 539
288 673
289 973
290 629
291 751
292 819
293 632
294 943
295 992
296 556
297 546
298 671
299 726
300 746
301 685
302 945
303 606
304 998
305 869
306 922
307 756
308 949
309 586
310 935
311 586
312 835
313 905
314 810
315 585
316 906
317 580
318 521
319 533
320 711
321 909
322 894
323 943
324 566
325 524
326 970
327 635
328 816
329 789
330 785
331 952
332 771
333 757
334 652
335 741
336 565
337 740
338 534
339 735
340 901
341 554
342 502
343 910
344 848
345 588
346 961
347 780
348 939
349 527
350 779
351 550
352 745
353 675
354 567
355 593
356 746
357 612
358 698
359 889
360 863
361 745
362 622
363 812
364 834
365 519
366 903
367 746
368 712
369 759
370 889
371 699
372 716
373 745
374 587
375 946
376 569
377 942
378 649
379 531
380 732
381 970
382 879
383 866
384 943
385 955
386 592
387 950
388 833
389 775
390 549
391 572
392 932
393 847
394 953
395 541
396 916
397 818
398 788
399 898
400 808
401 944
402 715
403 966
404 695
405 999
406 821
407 853
408 580
409 726
410 809
411 561
412 990
413 512
414 842
415 968
416 979
417 941
418 811
419 728
420 807
421 971
422 823
423 975
424 770
425 626
426 700
427 600
428 772
429 558
430 573
431 537
432 861
433 856
434 568
435 856
436 568
437 776
438 915
439 963
440 928
441 522
442 737
443 609
444 993
445 720
446 548
447 917
448 681
449 777
450 753
451 689
452 600
453 584
454 687
455 761
456 650
457 707
458 503
459 811
460 839
461 547
462 647
463 778
464 618
465 665
466 899
467 686
468 911
469 965
470 654
471 977
472 798
473 562
474 868
475 960
476 974
477 962
478 514
479 525
480 632
481 967
482 668
483 885
484 563
485 565
486 943
487 893
488 969
489 672
490 689
491 569
492 993
493 601
494 917
495 706
496 878
497 553
498 689
499 544
501 431
505 165
508 335
545 106
552 290
578 346
589 35
597 443
602 442
604 449
607 157
608 239
620 443
623 473
630 278
631 443
633 431
639 303
644 236
651 327
662 60
666 155
670 0
676 236
678 138
682 27
683 449
690 90
691 247
692 221
697 287
713 371
721 302
725 168
736 106
742 126
750 411
760 465
763 111
765 96
768 445
773 353
786 106
794 463
795 297
796 141
801 419
803 158
805 8
814 443
820 454
822 168
829 66
830 165
831 402
837 431
841 463
843 389
844 364
858 95
862 79
871 422
874 106
876 458
884 449
886 141
887 422
891 60
895 165
902 445
904 357
907 60
908 411
912 357
914 449
920 92
921 431
923 96
925 411
936 39
937 229
938 368
940 207
947 111
956 29
964 145
978 236
981 443
985 337
986 52
1243.581547507
