751
0 867
1 660
2 829
3 535
4 785
5 689
6 855
7 636
8 767
9 922
10 995
11 983
12 867
13 522
14 810
15 754
16 598
17 787
18 622
19 833
20 784
21 883
22 541
23 959
24 984
25 754
26 849
27 515
28 719
29 956
30 997
31 819
32 722
33 769
34 905
35 589
36 805
37 572
38 857
39 806
40 656
41 568
42 517
43 551
44 724
45 595
46 996
47 532
48 500
49 688
50 641
51 827
52 986
53 514
54 897
55 671
56 988
57 585
58 710
59 748
60 662
61 679
62 845
63 598
64 996
65 611
66 829
67 861
68 551
69 857
70 709
71 661
72 870
73 999
74 957
75 894
76 722
77 710
78 591
79 850
80 730
81 585
82 738
83 582
84 893
85 591
86 584
87 982
88 717
89 702
90 690
91 996
92 507
93 568
94 622
95 958
96 923
97 590
98 504
99 799
100 718
101 877
102 524
103 723
104 875
105 559
106 879
107 833
108 970
109 694
110 927
111 793
112 637
113 779
114 574
115 999
116 970
117 785
118 846
119 780
120 588
121 638
122 930
123 996
124 898
125 999
126 536
127 788
128 856
129 959
130 753
131 632
132 695
133 899
134 901
135 800
136 564
137 915
138 619
139 788
140 818
141 796
142 723
143 960
144 502
145 964
146 680
147 502
148 685
149 636
150 632
151 599
152 949
153 913
154 919
155 666
156 787
157 607
158 803
159 522
160 875
161 528
162 679
163 787
164 971
165 895
166 959
167 615
168 790
169 527
170 588
171 573
172 517
173 905
174 656
175 776
176 917
177 653
178 502
179 580
180 626
181 892
182 617
183 667
184 780
185 530
186 653
187 881
188 788
189 702
190 550
191 859
192 663
193 774
194 569
195 596
196 640
197 896
198 671
199 868
200 517
201 754
202 705
203 731
204 875
205 531
206 627
207 940
208 544
209 520
210 931
211 701
212 693
213 510
214 835
215 632
216 983
217 784
218 922
219 812
220 656
221 643
222 854
223 999
224 931
225 769
226 880
227 522
228 628
229 937
230 565
231 667
232 931
233 734
234 634
235 875
236 674
237 828
238 723
239 608
240 516
241 890
242 782
243 519
244 693
245 979
246 555
247 727
248 924
249 842
250 645
251 951
252 764
253 782
254 845
255 894
256 879
257 743
258 943
259 898
260 840
261 811
262 509
263 802
264 717
265 547
266 781
267 894
268 792
269 996
270 916
271 958
272 596
273 709
274 868
275 911
276 703
277 884
278 630
279 661
280 714
281 943
282 695
283 722
284 856
285 642
286 957
287 697
288 673
289 973
290 629
291 751
292 819
293 632
294 943
295 992
296 829
297 546
298 671
299 726
300 746
301 685
302 945
303 639
304 998
305 787
306 922
307 756
308 949
309 586
310 935
311 586
312 811
313 905
314 810
315 585
316 628
317 580
318 521
319 533
320 660
321 909
322 894
323 943
324 566
325 524
326 970
327 651
328 959
329 789
330 785
331 901
332 502
333 595
334 637
335 741
336 565
337 985
338 534
339 735
340 901
341 722
342 502
343 910
344 694
345 588
346 961
347 780
348 939
349 527
350 779
351 550
352 745
353 992
354 567
355 641
356 746
357 912
358 645
359 889
360 643
361 745
362 622
363 812
364 844
365 519
366 903
367 746
368 893
369 759
370 889
371 531
372 999
373 745
374 600
375 946
376 569
377 880
378 795
379 573
380 818
381 970
382 879
383 510
384 943
385 654
386 592
387 549
388 833
389 843
390 549
391 572
392 932
393 855
394 591
395 541
396 916
397 818
398 788
399 898
400 621
401 957
402 715
403 966
404 695
405 999
406 619
407 853
408 580
409 726
410 809
411 750
412 990
413 512
414 996
415 968
416 979
417 941
418 811
419 801
420 807
421 971
422 823
423 599
424 770
425 626
426 584
427 600
428 519
429 996
430 573
431 837
432 861
433 856
434 568
435 856
436 568
437 776
438 915
439 828
440 960
441 522
442 737
443 814
444 993
445 573
446 572
447 917
448 681
449 914
450 753
451 689
452 600
453 584
454 820
455 608
456 787
457 967
458 876
459 811
460 839
461 547
462 647
463 547
464 618
465 940
466 899
467 936
468 911
469 965
470 817
471 660
472 798
473 623
474 868
475 960
476 816
477 944
478 551
479 525
480 632
481 967
482 640
483 885
484 663
485 565
486 943
487 802
488 969
489 672
490 689
491 569
492 993
493 601
494 917
495 896
496 878
497 845
498 689
499 544
501 431
503 458
505 165
506 352
508 335
509 97
511 473
513 229
514 87
518 188
519 421
523 238
526 0
528 397
529 464
530 155
533 417
537 431
538 142
539 287
540 137
542 202
543 35
545 106
548 446
552 290
553 62
554 402
556 412
557 36
558 429
559 346
560 278
561 411
562 473
563 89
570 106
571 42
575 155
576 65
577 172
578 346
579 207
581 482
583 412
587 374
593 100
594 407
597 443
602 442
603 442
604 449
605 157
606 303
609 443
610 368
612 357
613 41
614 90
616 165
620 443
621 29
624 52
625 60
626 191
631 443
633 431
635 327
644 236
645 39
646 195
648 449
649 378
650 239
652 8
653 290
655 66
656 316
657 88
658 225
659 86
664 462
665 465
668 482
669 121
670 0
675 353
676 236
677 106
678 138
682 27
683 449
684 62
686 467
687 454
691 247
692 221
696 158
698 324
699 371
700 86
704 96
706 16
707 195
708 255
711 145
712 368
713 371
714 302
716 389
719 354
720 445
721 302
725 168
726 285
728 419
729 410
730 473
732 140
733 61
736 106
739 168
740 337
742 126
744 339
747 130
748 45
749 239
751 61
752 89
755 157
757 333
758 346
759 234
760 465
761 192
762 241
763 111
765 96
766 381
768 445
771 442
772 411
773 353
775 389
777 449
778 463
779 477
783 93
786 106
791 141
792 329
794 463
795 297
797 83
802 266
804 24
805 8
808 400
810 103
813 278
815 214
816 328
817 242
821 106
822 168
824 282
825 371
826 145
828 410
830 165
831 402
832 277
834 364
836 55
838 106
841 463
842 344
846 99
847 393
848 467
849 10
851 166
852 16
854 94
858 95
860 87
862 79
863 221
864 292
865 37
866 357
869 305
871 422
872 241
873 32
874 106
875 82
882 305
884 449
886 141
887 422
888 84
891 60
897 214
900 193
902 445
904 357
906 228
907 60
908 411
917 119
918 241
920 92
921 431
925 411
926 36
928 475
929 95
933 58
934 251
936 39
938 368
942 377
944 401
946 102
947 111
948 62
950 327
952 247
953 278
954 128
955 111
962 286
963 410
965 164
966 474
972 151
973 496
974 290
975 423
976 96
977 145
978 236
980 205
981 443
982 310
987 120
989 265
991 282
994 69
1488.883413627
