591
0 526
1 745
2 829
3 975
4 878
5 689
6 806
7 636
8 767
9 922
10 995
11 983
12 865
13 522
14 542
15 605
16 852
17 766
18 622
19 675
20 664
21 807
22 541
23 816
24 948
25 658
26 864
27 992
28 567
29 956
30 891
31 669
32 722
33 817
34 531
35 589
36 757
37 572
38 857
39 687
40 656
41 889
42 517
43 653
44 724
45 895
46 996
47 997
48 652
49 505
50 641
51 827
52 756
53 535
54 897
55 671
56 787
57 994
58 933
59 748
60 662
61 751
62 684
63 598
64 972
65 611
66 655
67 516
68 974
69 857
70 709
71 576
72 870
73 999
74 594
75 890
76 797
77 719
78 988
79 777
80 511
81 622
82 738
83 582
84 893
85 591
86 659
87 860
88 660
89 752
90 690
91 911
92 566
93 616
94 622
95 929
96 923
97 590
98 504
99 876
100 718
101 877
102 524
103 523
104 875
105 940
106 570
107 863
108 737
109 835
110 927
111 955
112 637
113 514
114 614
115 999
116 785
117 785
118 629
119 804
120 565
121 638
122 930
123 996
124 898
125 543
126 536
127 788
128 954
129 959
130 763
131 783
132 695
133 730
134 729
135 800
136 564
137 540
138 619
139 518
140 818
141 886
142 723
143 934
144 534
145 964
146 680
147 534
148 818
149 636
150 824
151 599
152 949
153 913
154 807
155 520
156 603
157 755
158 803
159 522
160 875
161 970
162 679
163 766
164 965
165 688
166 851
167 615
168 739
169 565
170 588
171 793
172 772
173 825
174 656
175 776
176 857
177 653
178 532
179 568
180 935
181 892
182 617
183 667
184 984
185 530
186 653
187 881
188 706
189 702
190 707
191 859
192 761
193 708
194 569
195 596
196 640
197 604
198 671
199 873
200 577
201 754
202 705
203 731
204 875
205 980
206 627
207 794
208 907
209 500
210 931
211 701
212 693
213 510
214 815
215 991
216 901
217 784
218 922
219 812
220 656
221 692
222 854
223 999
224 931
225 769
226 839
227 580
228 628
229 513
230 987
231 667
232 931
233 734
234 634
235 875
236 674
237 726
238 538
239 869
240 516
241 872
242 782
243 519
244 811
245 574
246 618
247 727
248 644
249 694
250 645
251 951
252 764
253 720
254 845
255 900
256 677
257 743
258 943
259 593
260 840
261 848
262 509
263 768
264 717
265 665
266 781
267 649
268 792
269 996
270 734
271 908
272 596
273 709
274 810
275 911
276 703
277 862
278 630
279 661
280 721
281 919
282 695
283 722
284 856
285 952
286 944
287 539
288 673
289 973
290 552
291 733
292 819
293 632
294 943
295 992
296 581
297 546
298 671
299 642
300 834
301 818
302 858
303 639
304 998
305 602
306 681
307 986
308 949
309 586
310 935
311 525
312 686
313 905
314 810
315 585
316 906
317 522
318 521
319 533
320 506
321 846
322 894
323 943
324 920
325 525
326 785
327 578
328 816
329 789
330 744
331 571
332 771
333 595
334 746
335 508
336 565
337 985
338 534
339 735
340 963
341 554
342 532
343 910
344 842
345 588
346 961
347 780
348 880
349 527
350 982
351 550
352 745
353 515
354 567
355 641
356 746
357 612
358 698
359 613
360 643
361 745
362 836
363 704
364 844
365 928
366 903
367 746
368 712
369 759
370 700
371 701
372 716
373 745
374 587
375 946
376 569
377 977
378 795
379 980
380 818
381 970
382 879
383 866
384 943
385 903
386 592
387 549
388 833
389 606
390 635
391 573
392 932
393 855
394 560
395 743
396 916
397 685
398 788
399 898
400 621
401 957
402 715
403 966
404 725
405 775
406 678
407 853
408 568
409 691
410 809
411 561
412 668
413 512
414 758
415 968
416 979
417 941
418 811
419 728
420 883
421 971
422 823
423 599
424 770
425 626
426 584
427 849
428 976
429 558
430 657
431 633
432 861
433 856
434 568
435 636
436 830
437 776
438 699
439 828
440 960
441 586
442 502
443 981
444 993
445 902
446 548
447 854
448 681
449 914
450 753
451 689
452 600
453 584
454 820
455 608
456 766
457 850
458 503
459 811
460 826
461 760
462 647
463 714
464 791
465 579
466 899
467 936
468 859
469 648
470 654
471 711
472 798
473 562
474 868
475 960
476 779
477 962
478 551
479 525
480 695
481 967
482 640
483 885
484 563
485 527
486 943
487 915
488 969
489 672
490 689
491 808
492 710
493 601
494 917
495 896
496 682
497 553
498 689
499 529
501 431
507 454
528 89
537 431
544 499
545 106
547 461
555 246
556 66
557 8
559 454
575 155
583 412
597 443
607 157
609 443
610 368
620 443
623 473
624 458
625 141
631 443
646 412
650 56
651 327
663 192
666 155
670 0
676 236
683 449
696 158
697 287
713 438
732 192
736 106
740 337
741 335
742 126
747 489
749 56
750 411
762 255
765 96
773 193
774 193
778 207
786 106
790 168
796 246
799 99
801 419
802 266
805 8
813 394
814 443
821 106
822 168
831 402
832 79
837 431
838 106
841 207
843 303
847 39
867 0
871 422
874 106
882 239
884 449
887 422
888 84
904 236
909 321
912 248
918 255
921 431
924 248
925 411
926 8
937 229
938 368
939 348
942 377
945 95
947 130
950 327
953 394
958 95
978 236
989 207
990 412
1572.357989991
