96
0 62
1 88
2 83
3 84
4 62
5 88
6 84
7 70
8 88
9 84
10 88
11 79
12 83
13 88
14 62
15 84
16 84
17 83
18 88
19 62
20 84
21 62
22 84
23 70
24 88
25 84
26 88
27 62
28 70
29 79
30 62
31 70
32 83
33 84
34 88
35 84
36 88
37 88
38 88
39 84
40 62
41 97
42 79
43 70
44 88
45 97
46 84
47 62
48 88
49 62
50 47
51 17
52 48
53 35
54 6
55 48
56 17
57 48
58 48
59 30
60 30
61 17
63 39
64 6
65 17
66 17
67 48
68 35
69 48
70 48
71 17
72 35
73 35
74 35
75 47
76 17
77 48
78 42
79 17
80 6
81 48
82 48
85 42
86 30
87 35
89 17
90 17
91 6
92 39
93 30
94 48
95 42
96 39
97 48
98 35
99 48
1131.531037160
