92
99 48
98 35
97 48
96 39
95 42
94 48
93 30
92 39
91 6
90 17
89 17
88 48
87 35
86 30
85 42
84 6
83 17
82 48
81 48
80 6
79 17
78 42
77 48
76 17
75 47
74 35
73 35
72 35
71 17
70 48
69 48
68 35
67 48
66 17
65 17
64 6
63 39
62 47
61 17
60 30
59 30
58 48
57 48
56 17
55 48
54 6
53 35
52 48
51 17
50 47
49 62
46 84
45 97
44 88
43 70
41 97
40 62
38 88
37 88
36 88
34 88
33 84
32 83
31 70
29 79
28 70
27 62
26 88
25 84
24 88
23 70
22 84
21 62
20 84
19 62
18 88
16 84
15 84
14 62
13 88
12 83
11 79
10 88
9 84
8 88
7 70
5 88
4 62
3 84
2 83
1 88
0 62
1087.774682007
